502815 161174 258
231588 740995 509
70139 638391 509
93121 807265 509
479647 354650 170
752695 883490 525
387108 284976 100
887610 381396 96
182815 148337 117
440527 662569 509
651998 78911 155
75004 827637 509
856317 96470 158
177799 660946 509
417772 664754 509
342802 341569 53
536438 636813 509
419469 131410 113
54361 509916 449
84767 545956 470
682507 684329 380
831893 496429 176
568713 479340 178
342927 103190 53
846303 305067 238
795592 95107 101
218343 284455 443
798181 327728 194
797812 111124 119
793962 298079 75
430525 887618 525
634430 600733 103
614661 328554 204
296472 700695 509
828662 826770 114
691145 775057 504
366682 860512 525
735223 899213 525
487166 633095 509
519446 103247 152
545862 391182 85
135103 833079 509
504466 582793 470
222649 285393 443
185905 452983 449
102826 77880 28
126233 621069 470
444647 557908 470
187359 211515 373
800056 286781 57
587976 583633 147
828509 704111 114
530609 326650 103
325468 154941 123
838798 627405 145
199832 533641 470
206878 220380 386
240496 570414 470
424471 670723 509
156976 321494 443
811196 860424 525
824048 606088 114
614989 480579 85
710743 239075 106
62068 464042 449
712111 402502 199
230147 603546 470
897285 613135 96
138803 135393 163
189386 276452 443
853863 255657 238
600671 464313 90
677478 79963 111
135901 105884 114
289415 697171 509
456079 278223 56
174695 741448 509
666594 204638 261
882563 593907 127
749989 551743 111
567243 325269 116
786665 718194 132
872871 877706 432
856107 651138 57
118652 133155 344
711913 599833 168
294975 159816 97
880414 130816 189
191975 95886 99
448045 468431 444
486519 427435 245
748638 648674 256
462409 450546 188
124693 836928 509
748577 874446 525
705617 394889 80
895097 206806 189
166445 602642 470
582658 509402 191
411205 414520 374
251287 431517 449
569010 73999 103
826361 249219 176
425439 644386 509
326675 521715 470
613680 482925 204
866173 367684 158
497935 542154 470
416823 119410 113
213503 334792 443
871244 701680 96
849134 760674 83
590018 549212 235
424841 515786 470
227526 663628 509
512220 742133 509
307631 474187 449
78606 343062 443
347866 240243 167
738838 663153 62
157249 594099 470
654344 167891 199
800879 771486 238
291147 829020 509
117984 123524 336
722518 625791 150
339732 51852 35
757214 656852 119
265567 674733 509
732641 557339 119
159306 777073 509
768502 462812 225
185755 863949 525
224112 847467 525
510968 772269 509
304214 473177 449
249166 602511 470
208511 166755 161
138036 57935 57
681563 299535 106
698590 425902 168
468573 487364 413
330400 780024 509
506305 419593 82
529367 862637 525
182455 837916 525
368946 768166 509
443484 249070 95
249385 330587 407
185601 95070 210
192938 347837 443
641672 285483 279
237414 172175 138
521142 206178 108
709866 462406 62
437947 551867 470
292135 873472 525
326041 472218 449
153116 827295 509
352372 535378 470
597261 671237 509
209582 504597 449
856711 210385 127
559100 626564 509
873788 451090 127
373451 844001 525
532773 572603 452
127276 114410 101
672974 84942 230
461506 149506 232
303093 843883 525
211617 134039 143
876455 491170 189
741462 837801 525
413800 678276 509
465806 755143 509
330079 844990 525
676022 524459 93
880661 50047 158
295192 447653 449
83827 105909 341
387706 205514 74
826602 169514 176
897560 635717 114
464044 53663 126
137129 865156 525
543519 319570 209
673171 455836 155
219666 113776 68
603964 385960 116
51798 770880 509
767101 271148 57
113819 352029 443
576751 644959 509
487574 487989 338
766579 787440 468
495341 255148 165
594206 841234 525
885985 106683 171
567533 360593 178
519307 214042 165
434385 328438 43
826178 739328 83
303467 178191 115
800102 744373 93
280179 443202 449
405477 833489 509
369748 210434 149
534249 748315 509
100271 261022 443
545444 185973 209
681123 115902 106
863670 277113 101
162429 377063 443
811309 897664 525
155861 102663 140
820060 565139 83
211228 356465 443
494495 196124 95
344923 443868 449
588805 509197 160
67966 577090 470
222418 867652 525
235934 385286 441
847061 334000 52
518116 597700 452
350296 385991 423
726887 434364 150
82502 564894 470
812229 370790 62
833106 400976 282
604397 436546 67
386090 765648 509
510602 605513 470
636748 265186 80
274028 760223 509
306350 819380 509
516294 485639 196
603249 714684 509
718679 676414 212
85931 669424 509
267485 290383 407
766842 524544 101
444429 209232 113
430370 529238 470
788696 632526 225
316498 60034 110
714856 329168 168
325038 406356 441
898578 575146 264
774482 370673 163
206927 669026 509
262078 82567 226
163750 128943 184
284988 898659 525
626040 481136 54
484705 629865 509
635016 716703 504
863777 799434 96
406482 714068 509
690359 58531 186
752327 253808 88
775764 484845 150
476585 716141 509
539448 138349 196
348657 697612 509
650554 626795 230
802731 768069 119
896240 580955 189
112146 545396 470
779471 140483 194
647410 528382 217
490456 606561 470
836957 481331 137
675421 107782 111
154012 323819 443
500868 234356 59
459217 161920 113
528616 198358 72
203409 530630 470
180675 888788 525
201356 164545 112
843575 157893 132
135980 82457 88
180692 635120 509
437140 456709 400
625957 663660 509
573248 623889 447
614469 292169 173
578457 67439 72
310743 187890 66
875447 435406 127
485945 263557 214
243211 364356 441
458402 151648 139
185465 213806 373
215461 86287 55
443187 319989 95
537642 235564 165
103899 429753 449
78140 688770 509
820586 745368 132
54821 362938 443
375641 521289 470
287240 396174 441
110786 267186 443
545210 774711 509
658467 180072 93
705333 550666 150
171784 251127 443
435625 507302 444
793940 469678 163
361719 599516 470
479965 308657 201
261531 772160 509
477833 559502 470
851483 275932 344
559418 686302 509
81616 382862 443
619061 211729 67
504938 248019 108
728681 414018 150
259233 726454 509
245792 423780 449
803277 352754 70
565668 422087 129
657115 886999 525
640292 469229 72
427101 242781 113
806306 720372 132
714060 819391 468
227322 448992 449
543918 59196 90
177275 55000 153
453373 647723 509
213104 217414 386
698955 485913 168
394474 506743 449
711434 261186 98
718148 893947 525
357698 146013 123
64097 415217 449
628704 156478 111
162417 419336 449
105952 162983 383
514085 757606 509
898942 596926 88
249790 430888 449
70783 212880 383
408146 853455 525
255877 376767 441
263513 187776 58
90657 292139 443
480588 394115 289
406202 118891 113
382688 874785 525
124499 483830 449
508582 51546 227
709768 157351 106
148943 691803 509
447349 855564 525
158125 640051 509
312791 574967 470
785313 69450 132
560694 60687 315
577383 855561 525
887488 166776 158
633952 816470 504
259841 679964 509
821348 76771 57
336622 291603 229
684683 794354 504
260572 77871 164
357120 229394 136
526294 358815 165
832257 483527 207
68523 589342 470
796352 65112 101
552395 368357 116
882253 577586 189
842657 586329 70
134410 417354 449
766950 354937 194
382043 586156 470
662438 79149 142
258757 766216 509
322447 381496 441
824756 90558 145
758067 250449 181
732077 340578 181
188142 597897 470
78792 264062 443
386118 885394 525
686513 849010 525
72510 648311 509
223097 607381 470
867452 327203 295
474482 476410 351
198363 504622 449
496604 281415 90
678960 292971 111
108295 491556 449
784464 892794 525
655892 612408 67
132520 544432 470
199156 839989 525
496946 204449 165
333931 61940 216
507705 796204 509
397726 495187 449
257518 685011 509
62364 599905 470
716544 342209 75
874758 257985 70
453262 847418 525
314627 118165 141
187389 366520 443
700862 678274 106
846591 640152 132
852550 263372 212
328958 421686 449
776300 125978 132
671618 186639 93
199957 688783 509
67689 287778 443
544154 221177 134
397241 103477 100
100522 722019 509
83916 155087 375
774313 694992 256
153406 219768 386
387557 372604 162
416476 876103 525
329252 267989 123
663728 568966 93
308100 295338 97
107840 103414 49
231991 753857 509
604274 143422 111
583527 744255 509
340703 735125 509
220007 134350 94
416429 212845 162
836651 335706 114
63685 343638 443
147862 542769 470
570446 848115 525
140331 769624 509
781244 658768 132
543163 790299 509
215022 312770 443
166049 407506 443
318356 828690 509
80374 639992 509
329879 619679 470
157766 503059 449
748744 333232 212
127766 870361 525
771428 439086 132
679173 720205 504
548506 599325 434
871926 371888 158
179614 685034 509
51376 368505 443
630896 258760 111
123995 787699 509
678754 899622 525
546005 179403 178
800773 553591 238
737451 580830 106
599256 351092 116
326391 377616 441
898974 206186 88
288593 805179 509
471567 500907 426
528083 441452 77
132415 456280 449
599539 795947 509
726620 881913 525
796867 201965 145
575647 811006 509
227911 884793 525
161132 202060 365
305482 319308 384
78761 465402 449
483548 411322 183
503723 684597 509
460609 739284 509
84986 393393 443
473530 62040 214
219024 455271 449
558191 549877 116
283632 808949 509
293129 890595 525
330530 809955 509
366269 391881 436
88924 69421 165
229536 510767 449
159505 601033 470
219296 183418 37
375906 832476 509
763532 146753 132
124970 770009 509
747599 482917 225
686156 565078 106
548093 170132 90
225136 553638 470
611812 308973 204
129851 420702 449
75983 469448 449
531996 68172 121
499457 707920 509
368740 640802 509
459438 163006 170
176864 238200 443
891638 314356 96
862798 790135 220
115488 472913 449
865626 115791 127
433199 475470 444
299740 826148 509
221625 77272 81
705607 621541 199
892434 420835 171
444269 793103 509
84936 183866 383
180263 130924 122
695245 266974 80
323707 373863 441
348190 276654 74
107909 833245 509
693783 365948 106
806121 211711 119
807980 457569 119
647624 423522 98
675033 96860 186
120536 702503 509
392730 611330 470
572635 215225 129
69100 190176 383
630434 166488 129
790793 226047 150
678013 266376 111
842142 101906 132
495962 848240 525
383762 658302 509
127009 346985 443
551731 784414 509
239160 537910 470
511445 831776 509
76135 622788 470
801546 365204 75
184357 146038 179
406617 612642 470
571291 429343 129
706715 319330 106
355920 447706 449
85650 153944 375
300089 227796 89
790597 547880 150
462270 599406 470
258976 215445 164
166245 887794 525
170647 782424 509
140634 506385 449
136960 357976 443
742020 815942 468
297237 865743 525
875656 869803 70
199481 805683 509
55798 197117 383
439948 740505 509
259476 662735 509
394048 749215 509
746150 72124 256
574493 448345 160
223735 476073 449
142112 539182 470
448207 399170 232
169216 604288 470
229475 653785 509
54350 568043 470
694572 822664 504
426526 865610 525
188897 896063 525
382651 219858 149
59865 695064 509
194949 343734 443
286171 163691 84
649740 103723 142
793481 393132 101
510602 440566 152
246397 263569 407
143032 625086 470
223057 810674 509
493458 187120 183
308260 282785 172
667905 161707 93
714224 897575 525
747336 710504 212
831543 522997 163
654690 700758 442
331051 463459 449
253023 124039 89
473196 722956 509
656417 368113 261
633312 67782 129
256737 638391 509
235929 188273 151
766053 823384 468
781003 55300 132
876266 737506 158
103664 711517 509
77768 664904 509
562794 770734 509
206183 313458 443
247273 60544 120
562526 820965 509
170362 527461 470
690870 736882 504
230784 76357 50
867995 753594 127
155674 266209 443
586212 783084 509
431352 485515 444
641583 580503 204
740295 382978 331
797424 881713 525
82803 795117 509
462363 80276 82
426176 616505 470
700827 560977 106
400812 491519 449
776022 742207 88
726012 562729 119
875187 257903 70
497197 681027 509
285922 781138 509
373979 864527 525
160245 882954 525
221881 710738 509
395950 299818 100
203842 641917 509
412582 821406 509
587532 695701 509
238180 134766 120
443320 245180 95
653492 685214 442
663800 504262 292
731012 158531 62
681007 858687 525
283401 532039 470
830946 148168 176
109749 207307 383
289056 348453 441
483253 164447 214
381411 513588 470
520894 369240 103
145536 302217 443
817776 171063 207
132054 171224 383
497865 275499 64
359182 211183 167
378536 594408 470
343489 794489 509
778302 448762 194
607381 132962 59
436177 265909 69
618513 227758 173
329079 299013 141
360250 256190 74
101709 499353 449
406536 204100 87
161686 659661 509
271361 468935 449
772410 114257 194
528132 440433 77
96522 392451 443
630391 327527 129
372614 784746 509
877327 675818 176
844007 590653 207
601341 234958 142
499966 539765 470
327867 352267 441
554563 772687 509
358688 280869 74
447563 222528 64
437282 704113 509
541596 807100 509
533382 380211 315
363021 819855 509
729459 822248 468
528996 457992 196
125339 561353 470
812061 528095 163
512524 726979 509
666034 532335 155
109728 755326 509
256969 365956 441
683193 150268 261
799783 312094 194
641884 453547 124
318677 637675 509
872597 159704 189
686496 498615 54
413161 299914 144
747764 733473 75
155868 457360 449
581878 571216 147
241513 479795 449
765259 104048 181
300901 96481 66
841594 674311 207
132726 496720 449
673790 490093 230
492635 413390 214
682233 415521 106
72420 647271 509
249839 395041 441
273517 513390 470
849067 90391 83
720024 671681 67
423640 240100 157
387128 387299 255
302151 235286 141
286501 108221 102
716139 705793 119
871289 599503 176
854111 506894 212
111281 345806 443
485293 366620 183
129525 255419 443
588820 731239 509
577429 817574 509
645245 757134 504
324960 327543 340
284014 408611 441
822054 338102 57
765382 183781 62
831279 670823 176
203729 614019 470
265977 462633 449
248228 709582 509
66989 887842 525
263172 625268 470
119949 75838 67
837439 310557 158
871224 609990 158
88073 784891 509
264046 121030 76
833673 172121 176
342546 250079 198
246762 373235 441
836813 599964 114
297298 804002 509
836832 462118 114
375278 265130 136
286821 50874 97
72266 593123 470
135948 671691 509
330440 891343 525
82109 824839 509
103369 883771 525
163978 472772 449
177280 543586 470
155693 696598 509
797907 444392 269
839941 634120 145
384845 723670 509
410854 81811 87
87338 62510 165
196958 862986 525
828679 97637 238
644642 453509 98
456767 553579 470
368659 861535 525
879361 322473 101
749217 528661 331
519032 869836 525
364643 111269 180
360933 753487 509
351652 497891 449
429660 876871 525
227901 500003 449
858338 809559 52
135928 855839 525
831330 847819 525
77234 615616 470
241494 426038 449
856602 591943 75
736927 695756 212
831591 692941 137
208549 627304 509
774796 730859 106
413492 892863 525
360510 547145 470
365438 494776 449
239949 693834 509
646255 448984 173
203983 147937 112
575145 99434 147
871665 459420 101
507392 576234 470
165888 676873 509
825636 756489 83
755111 145505 93
364264 359476 180
117862 760215 509
557176 478155 178
541203 714871 509
206217 482420 449
587986 433811 191
836302 859451 525
240186 510934 449
482225 282351 69
779951 887235 525
312118 854683 525
738719 490072 256
397729 123857 105
828058 500412 70
489225 78982 170
295851 423227 449
750955 98912 181
512628 131886 51
205515 785838 509
843705 895402 445
780474 280740 75
530844 399104 147
823895 83483 238
52928 53066 278
667516 152885 186
888472 72310 189
492702 218419 214
326775 216973 92
373141 325807 61
95848 347743 443
586342 174591 160
70122 281390 443
634554 59036 80
696537 663315 137
788614 678278 238
636103 568207 129
181803 293615 443
343358 445219 449
698972 192607 168
569220 686565 509
170082 810931 509
623634 733940 509
469068 492967 426
480586 480006 289
218451 223834 355
206893 693171 509
189176 808578 509
462766 200484 139
423791 852946 525
171084 336674 443
50433 522421 470
57318 508076 449
192571 75394 47
691961 563377 160
643729 659595 429
423427 230047 126
338489 652818 509
609436 174630 266
125260 435247 449
71786 219899 386
728075 56786 181
111385 286056 443
598893 451001 129
792800 827289 468
669792 485048 137
51550 476803 449
194624 791420 509
690721 647129 199
260529 762350 509
541768 434593 209
743036 492261 168
844167 403507 83
845958 195199 83
51828 132062 354
545180 821288 509
132565 89915 132
322749 839603 525
377423 381222 379
822159 444429 114
708225 826475 468
224893 756025 509
677613 471771 155
522825 71204 196
282512 355081 441
596667 404838 103
515612 535828 439
214230 628510 509
96032 710148 509
523811 262653 77
533334 765656 509
129751 155953 375
279733 60111 53
649818 183136 142
293118 883316 525
249654 162936 182
61151 385008 443
315646 464575 449
572387 297380 160
595383 216439 191
492403 224195 183
811471 380615 176
437166 780365 509
898064 79599 65
142482 540472 470
460990 501460 444
128218 163357 383
691039 520504 155
563951 181667 271
492672 572103 470
273986 469193 449
65259 634382 509
321073 605739 470
259064 787556 509
216362 706432 509
816913 409194 207
330388 750789 509
173932 480997 449
743133 600342 212
753766 231157 62
484540 598699 470
314276 69015 115
591878 76574 160
802709 68867 70
202514 363710 443
666525 875954 525
287039 611036 470
327067 792080 509
763807 703696 132
602950 245385 98
290578 88432 159
324961 294790 141
715500 713872 119
474481 58389 126
489314 383606 77
708739 876608 525
788610 750812 238
405342 588249 470
814019 286256 62
520191 718724 509
878273 817246 127
642568 106253 72
708471 128917 124
741382 588310 62
528636 708083 509
457669 751269 509
365847 175279 136
150735 556764 470
366418 607789 470
469245 591752 470
445971 78666 170
498982 505629 426
625174 155195 111
286058 585763 470
456362 191091 56
348550 715356 509
735261 59508 75
694106 891415 525
349975 281823 229
706922 696437 137
675896 135202 111
413022 853734 525
884476 363922 158
720801 803838 468
169468 130743 83
301644 861021 525
577539 458051 160
712567 461445 75
637390 755944 504
593108 80843 116
257754 622976 470
693537 94368 75
291342 764596 509
213016 369150 443
470228 585418 470
353950 686949 509
91872 372440 443
86295 857843 525
338732 657739 509
625938 809013 509
290746 495996 449
871778 186540 189
375470 459844 449
216674 752460 509
829755 421901 114
238899 650086 509
796264 641859 145
271568 703126 509
355511 109186 136
635924 146811 49
771077 765064 88
252776 576106 470
833145 201678 114
103597 685029 509
