556170 605514 434
7741 686765 509
249129 471793 449
893116 630518 525
812848 882147 525
108005 135937 349
739174 206220 509
202116 168385 365
365824 119614 443
658739 69225 509
696021 112171 509
128289 155609 375
529859 757718 509
994230 101047 525
368850 526329 470
733330 179059 509
438906 217982 449
306578 265699 407
92039 675608 509
122812 91446 354
793345 295874 509
953986 608959 525
877400 997631 507
549174 500409 470
266953 730840 509
593823 786566 509
386859 312850 441
91448 219570 386
577503 364293 470
206846 642266 509
414453 383436 449
103099 779228 509
474916 545694 470
329022 988066 525
256600 644105 509
869411 344334 525
150849 696915 509
57324 59346 273
599497 140044 470
165807 637411 509
823640 195012 509
645918 367502 509
802586 957072 525
658506 714076 504
502521 983572 525
759166 922761 525
706980 679226 504
338954 688822 509
184986 572808 470
697814 49837 509
347762 658880 509
433395 758699 509
991236 338521 525
164802 269067 443
199050 134614 383
479011 122585 449
989612 280131 525
387094 965707 525
830763 481924 509
508042 643656 509
716899 647889 504
659929 820022 504
105955 131991 354
531273 352767 470
647426 99463 509
629904 220838 509
297654 943613 525
762307 140342 509
114875 296023 443
883288 135208 525
754103 63496 509
274035 234478 407
440672 98016 449
655990 156859 509
991305 560029 525
28691 312891 443
272913 770743 509
731565 706052 411
341780 365727 441
472918 346367 449
389685 859945 525
843683 603540 525
538443 313478 470
139241 521383 470
470727 647506 509
149462 491260 449
862512 301757 525
945352 839534 507
591305 347463 470
590053 822422 509
734341 873964 525
132619 241452 443
442235 452468 387
204925 393653 443
876098 747049 525
35218 352841 443
529938 890854 525
716206 641853 504
425181 74559 449
121309 200306 383
860450 904466 445
949528 178410 525
627291 479287 509
997639 494630 525
861281 807412 525
907753 283441 525
988058 140675 525
319002 329145 384
545035 35893 470
564008 332716 470
12137 472104 449
793941 390857 509
168698 149263 383
690418 379905 509
908656 173262 525
728120 31995 509
892500 692482 525
288959 366824 441
891968 692719 525
796752 799614 375
192255 80111 383
440817 684330 509
956560 385885 525
987504 270941 525
29078 912007 525
640685 56510 509
255062 903484 525
905275 292079 525
30411 380882 443
932382 970838 507
458246 595732 470
880260 967771 507
186230 681872 509
412209 126946 449
725937 967336 525
570704 999848 525
814365 584277 509
916451 626657 525
167713 468513 449
1752 222024 386
798830 575625 509
959430 877970 507
922329 157147 525
231802 428700 449
355062 238228 441
238507 435599 449
234771 17269 443
87764 845438 525
825992 768362 468
272450 250776 407
159806 968992 525
660637 838743 525
262844 798263 509
989573 52941 525
770998 855087 525
502808 712823 509
794558 931051 525
332043 835989 509
4041 939319 525
718471 690985 504
39775 648781 509
192771 671721 509
513340 701732 509
388593 429315 449
65243 503750 449
251292 323168 407
170751 966021 525
21806 660300 509
644606 753222 504
525030 380431 470
85370 644160 509
972651 814056 525
821431 847740 525
702374 891702 525
273285 633420 509
18584 714806 509
30412 433157 449
573951 712120 509
356208 650966 509
537116 700275 509
280640 776564 509
128511 43116 354
917867 41155 525
974548 761649 525
154864 776270 509
129833 884904 525
397096 840717 525
547657 551767 377
628623 965965 525
241058 374782 441
646500 636971 416
369762 359186 410
963179 173263 525
12848 233881 443
535625 4207 470
442579 395790 449
176147 742737 509
301776 795039 509
227522 553431 470
205268 995587 525
843717 483649 525
935378 334450 525
7621 880599 525
582065 572363 390
238412 752480 509
690233 679721 398
793819 948509 525
719928 433833 509
56229 330468 443
899511 317043 525
706687 687499 504
857586 799966 525
237133 6263 443
256380 470079 449
328701 850115 525
17403 623121 470
632765 23895 509
629679 873258 525
531406 404910 470
461462 57657 449
525283 806184 509
958271 212126 525
999422 4506 525
103285 676682 509
251251 613763 470
540470 453397 470
830190 313110 509
316576 783582 509
434477 49858 449
284956 537378 470
838368 228612 525
832407 416000 509
581698 570995 390
739586 155414 509
443793 284431 449
666255 889905 525
45032 413783 449
964505 585004 525
271892 766272 509
266285 981434 525
605089 597928 403
565958 805266 509
845478 328942 525
324296 94132 443
178665 915635 525
457215 365380 449
996810 148373 525
940729 9261 525
404907 67561 443
163019 728679 509
878843 894039 445
85153 66847 351
113863 355459 443
733952 65054 509
704558 56885 509
543613 875096 525
931330 591694 525
587136 714302 509
593297 417947 470
794281 895856 525
523896 135763 470
839665 793110 525
152992 692820 509
502786 503762 289
238080 217985 443
951190 668289 525
677199 637118 442
578637 366739 470
137495 960528 525
742043 268951 509
85857 148089 375
984159 245517 525
691916 755906 504
103324 460269 449
988648 147544 525
737330 559794 509
622180 913122 525
965340 951469 414
499905 281256 449
799935 318728 509
654806 731608 504
340832 460735 449
683932 719972 504
792440 263405 509
190256 413111 449
509348 109643 449
759675 597218 509
726998 318928 509
138735 471692 449
659223 269832 509
443634 869027 525
199981 703807 509
427444 551985 470
553529 334521 470
59923 630774 509
735460 294285 509
933177 815883 525
36424 137556 354
296392 176242 443
221026 91262 386
844191 307791 525
446303 992631 525
735710 334109 509
627363 887482 525
705230 958619 525
252149 575352 470
540316 866986 525
452988 482631 444
649626 138666 509
479496 120781 449
920149 968179 507
585540 43998 470
572389 919537 525
742419 659129 504
262062 141317 443
521059 460368 470
248166 455281 449
947936 262267 525
49812 998011 525
132626 786795 509
647999 142868 509
989248 523671 525
953561 758714 525
429799 127908 449
958787 472191 525
994214 744503 525
717773 491898 509
231 557415 470
59342 725739 509
945470 548458 525
726407 376749 509
74888 921461 525
456956 938088 525
738595 898035 525
374341 524507 470
408268 623481 470
938395 775386 525
994735 734898 525
623898 143628 470
415031 738226 509
439203 244965 449
194088 716976 509
375415 83894 443
254437 52604 443
885241 395261 525
946656 774958 525
530731 44669 470
804018 880992 525
10365 416178 449
466673 460845 444
878519 982419 507
713863 752694 424
404131 800059 509
567112 311206 470
180364 502673 449
982946 319162 525
293472 473428 449
740680 697806 504
86485 271579 443
748893 78687 509
812204 59643 509
143709 888253 525
760020 732200 424
232591 766170 509
762309 682634 504
549334 289322 470
338782 660729 509
29051 505665 449
120875 971873 525
586396 95613 470
613361 347752 470
185934 73317 383
796613 178726 509
830440 816206 450
550527 439731 470
761138 868389 525
389857 564355 470
563239 401956 470
540802 725868 509
800855 439999 509
959936 469329 525
267243 946091 525
499124 405491 449
929510 667242 525
53860 725078 509
171350 180777 365
197503 621123 470
992976 940354 458
500170 317372 449
414427 242289 449
458579 292409 449
446489 940568 525
721934 461968 509
642966 427464 509
88993 536023 470
428653 866313 525
572714 502584 470
109288 914072 525
681459 206742 509
712944 203431 509
949476 291351 525
586703 667780 509
664470 344825 509
978135 387045 525
686311 961910 525
668041 8352 509
228517 564861 470
89025 952760 525
482886 255309 449
263940 557745 470
7749 671244 509
328884 24826 443
871534 808832 525
367310 542765 470
645965 35423 509
775048 238931 509
476884 67961 449
400383 674924 509
625860 520085 452
259026 447299 449
71932 731583 509
710746 80168 509
990409 985444 396
602553 803715 509
184479 890630 525
32770 1127 308
835320 662762 504
70993 76156 325
257821 270287 407
980828 244538 525
701440 930285 525
235492 284676 407
619603 235935 470
890738 596511 525
246041 276739 407
685289 12209 509
762754 472989 509
575798 678276 509
821872 487536 509
281597 985935 525
692392 500773 509
813850 965087 525
842904 338867 525
894439 776879 525
342624 430602 449
631767 940920 525
65652 334810 443
813891 715374 468
317126 628219 509
703768 611639 509
164997 272636 443
277074 370088 441
457433 190752 449
429971 849267 525
233412 671448 509
802363 188219 509
992824 398330 525
511591 290042 449
82490 349326 443
272181 144557 443
275723 550537 470
89183 758890 509
475687 684120 509
955790 497046 525
356507 847845 525
760345 442991 509
671186 343064 509
913509 996509 507
901651 228185 525
43284 287076 443
903785 516343 525
473726 148192 449
209094 318811 443
102637 333135 443
684716 939795 525
724139 372783 509
324733 913622 525
803988 977160 525
48310 241894 443
208635 164563 373
513977 636091 509
413447 365618 449
124393 400154 443
271186 594345 470
592229 697950 509
508726 404269 449
665347 342144 509
738195 754855 424
868238 913805 476
918100 102025 525
406722 976238 525
880687 996216 507
704201 381822 509
753681 222471 509
390305 187281 443
847747 49186 525
946533 490650 525
855377 465734 525
628572 582300 509
12626 383804 443
731216 162730 509
211986 653332 509
739404 21453 509
922901 401118 525
417620 494148 444
175788 638677 509
429995 219333 449
796120 305628 509
654709 201198 509
537072 915878 525
958835 951812 414
752307 756107 424
833550 533789 509
774997 149504 509
954706 653571 525
224766 642472 509
430002 565882 470
51177 97963 351
221563 441464 449
240568 586339 470
991522 23083 525
762418 653153 504
408225 848891 525
512134 12930 470
771977 57574 509
719008 969041 525
671791 806321 504
531324 891986 525
268376 630517 509
264948 901830 525
713659 653124 504
107430 495353 449
163413 412111 449
906561 234356 525
817083 215874 509
40486 768864 509
427757 359425 449
265863 407395 441
765159 238271 509
871300 166222 525
585963 382199 470
425100 730516 509
768141 697850 504
899617 42493 525
399932 756749 509
978879 295146 525
779020 794621 437
911806 954903 507
473812 198131 449
360282 62497 443
826233 646800 504
309494 468569 449
534261 750726 509
257361 849020 525
242445 978789 525
580544 314829 470
389964 907416 525
186451 182037 334
918286 336570 525
303791 999840 525
824322 617466 509
538679 248198 470
959961 615641 525
128927 211074 383
925206 93324 525
666082 407445 509
379633 936693 525
422955 619392 470
605700 576442 434
823748 995106 525
697491 154141 509
524620 924340 525
319720 472318 449
34381 384811 443
584409 532689 452
798209 240330 509
226427 514885 470
191693 534842 470
924087 377094 525
928138 171350 525
307345 870412 525
969039 490627 525
923613 650254 525
145732 171880 383
190073 341088 443
349690 565984 470
151314 864805 525
329591 41645 443
682512 78420 509
845153 175808 525
630825 783375 504
170976 651886 509
271508 466616 449
717956 542829 509
370289 712636 509
845586 250788 525
89819 86118 333
775287 751125 468
955566 426340 525
883160 945722 507
105306 917413 525
549900 869021 525
86387 2468 351
176299 209976 373
536269 195315 470
934702 114045 525
184337 109660 383
319907 511600 449
746811 573833 509
587419 282594 470
451590 528081 470
722682 412055 509
126166 511825 449
671741 916966 525
9292 939887 525
182034 732293 509
705861 39557 509
751369 932415 525
994499 274428 525
863847 633945 525
518663 316346 470
903360 676878 525
744583 143359 509
878511 713263 525
953165 639434 525
367174 646044 509
448003 150819 449
894590 455470 525
607970 814248 509
295831 326410 384
890354 113822 525
481571 647189 509
399336 46216 443
425597 888984 525
174601 478016 449
123078 594588 470
926215 764266 525
730582 706294 411
544393 463986 470
91966 244910 443
346585 36206 443
378677 915352 525
689381 729226 504
628695 559040 509
268966 486096 449
555219 499238 470
161435 580971 470
114398 732767 509
413063 873809 525
970808 609950 525
780658 25009 509
180041 114395 383
43399 746903 509
119674 105194 354
160132 185664 370
943090 916356 507
429871 824989 509
604984 521741 452
728265 882081 525
813084 68502 509
839135 26732 525
97535 958043 525
877674 395982 525
557524 810686 509
810713 299639 509
744191 588733 509
119502 716040 509
569478 872354 525
721731 662822 504
92517 783683 509
372062 794041 509
528326 336739 470
894215 122843 525
847969 54273 525
762739 597978 509
895023 537357 525
748815 372838 509
30096 299520 443
572038 997233 525
933316 584444 525
758897 435059 509
344115 74738 443
198683 765017 509
198297 368995 443
208890 656991 509
834297 855366 525
274684 233206 407
683710 142053 509
10799 721202 509
135554 518642 470
309283 384741 441
69429 16918 340
82792 579084 470
889637 515752 525
490657 418750 444
760478 991919 525
43767 468634 449
142360 457143 449
524319 73536 470
659044 341420 509
227801 426447 449
788230 83630 509
637097 242597 509
860856 472691 525
272395 954054 525
378934 845960 525
125619 668837 509
717351 596337 509
784409 748789 468
862037 565500 525
78183 752115 509
955024 807905 525
837617 659308 504
66344 898692 525
148952 755289 509
793390 428345 509
305749 275955 389
289 577933 470
513345 943921 525
252928 700985 509
284969 816091 509
279807 651547 509
383567 444794 449
94445 192659 383
109668 214583 383
252044 195496 443
713140 858388 525
81261 496654 449
715487 579566 509
631348 219479 509
969393 910488 507
505598 85145 449
353474 423676 449
713927 740097 424
102771 678068 509
170612 408743 443
909283 330881 525
487596 243722 449
91895 174609 383
269451 590843 470
331324 969073 525
203001 11725 383
693276 330016 509
852755 314414 525
921761 608597 525
222746 30741 386
274581 650274 509
826001 748883 468
494276 556832 470
214811 460597 449
860365 92021 525
668104 614786 509
652497 169026 509
6679 882585 525
769173 937166 525
312669 733819 509
692995 345511 509
666575 800719 504
470915 702745 509
883319 661968 525
886771 675462 525
628227 118645 509
543428 371127 470
224486 253360 443
143116 637365 509
925540 564845 525
857122 475770 525
419077 252494 449
309766 516333 470
853613 288816 525
366621 827650 509
734435 262515 509
613260 948446 525
622484 100847 470
138308 917542 525
687983 687173 380
993399 252253 525
820024 78077 509
492675 279289 449
173959 494142 449
335714 957605 525
750380 509485 509
390386 349233 436
842660 897336 445
855845 191975 525
964364 402458 525
440961 606960 470
173601 305900 443
139759 834404 509
548219 23598 470
162983 32502 383
933971 137500 525
593677 597261 372
987141 196433 525
374740 165169 443
963830 343610 525
307657 445935 449
669982 328678 509
844208 299163 525
479417 744419 509
586694 16651 470
351530 391705 436
577271 601122 434
336004 521023 470
653296 942541 525
138776 324876 443
373098 184764 443
941679 462570 525
275388 248139 407
817577 587405 509
525572 427765 470
763490 815993 468
323493 222451 443
586117 830392 509
799693 66064 509
617322 836016 509
511073 430757 444
511569 911695 525
61837 850707 525
182952 383055 443
821943 775310 468
276379 726289 509
192795 802424 509
435652 166698 449
378670 765065 509
30556 574775 470
162505 349072 443
935780 482409 525
755840 404628 509
416395 42696 449
395355 881104 525
167734 539115 470
992145 362547 525
82027 613299 470
804997 510239 509
369694 725319 509
805139 329126 509
250209 486433 449
127546 66457 354
545559 411427 470
762614 723908 424
158750 326198 443
432100 618500 470
600477 135904 470
414484 162988 449
438996 910036 525
937465 53036 525
791375 272952 509
639084 346293 509
748760 901905 525
514005 497616 470
933898 529343 525
707790 275028 509
226127 222186 368
499511 622615 470
57170 868072 525
821871 959390 525
580509 736994 509
708010 107286 509
447762 706489 509
125479 26756 354
887396 239543 525
760406 805100 468
274308 486553 449
448666 890458 525
403168 946213 525
115873 393518 443
234132 964884 525
284373 389347 441
966404 979994 458
432884 543358 470
913331 820256 525
753250 58252 509
802086 563939 509
138822 892908 525
801702 426183 509
560249 439530 470
795094 897303 525
337024 361948 441
153910 886271 525
196880 95853 383
549413 937021 525
430223 590825 470
138331 679979 509
893038 234367 525
799448 557163 509
89248 539757 470
964947 516446 525
72317 102414 351
989863 809049 525
445908 533501 470
933724 244047 525
314695 564946 470
90338 254661 443
638974 286551 509
594852 913327 525
80523 523800 470
961653 596013 525
92147 694029 509
462283 340978 449
699709 88986 509
839527 73145 525
152924 423415 449
971951 772501 525
380002 662145 509
752579 353377 509
971286 592268 525
626095 491229 470
238288 342336 407
940846 884500 507
747082 67118 509
515074 471348 470
608806 314304 470
591264 934552 525
725045 168650 509
658100 422583 509
132184 129389 344
456499 790828 509
566325 818372 509
854283 824201 525
379197 39225 443
173553 840791 525
975460 411898 525
985394 795999 525
13179 792397 509
348545 507536 449
711688 954005 525
961762 903906 507
744955 554210 509
724067 262466 509
363492 240647 441
752700 247890 509
584236 859702 525
995533 187828 525
515307 123032 470
192868 429794 449
141359 760104 509
92917 811774 509
185282 138975 383
505991 248788 449
983292 572856 525
994286 188605 525
663000 46637 509
737325 222058 509
297808 895368 525
387559 446837 449
126076 45835 354
536275 278426 470
369721 792665 509
746847 277772 509
664519 722064 504
980590 222531 525
623111 319076 470
639834 87208 509
591792 998397 525
383524 817227 509
233436 784128 509
332578 782950 509
171447 630410 509
275368 581881 470
563423 422802 470
8133 420791 449
138257 29298 354
775 654190 509
926669 380289 525
165420 181594 365
642756 448326 509
623274 313204 470
432844 171432 449
14736 402160 443
498082 817789 509
78374 11192 351
918393 24987 525
936306 632515 525
858026 763618 525
766673 12020 509
216674 772865 509
318307 942286 525
705216 594802 509
28383 983688 525
271399 194523 443
340730 948817 525
778311 294772 509
190655 142689 383
847318 976632 507
521537 289677 470
817138 801912 406
129142 797832 509
842035 698223 525
91471 512229 470
254664 114358 443
535176 391217 470
452857 501414 444
513953 602907 452
734711 4212 509
329988 383979 441
702605 357918 509
716475 628850 504
84325 376370 443
917359 584482 525
