33701 56453 340
73479 92998 351
66192 54829 335
18124 96173 351
162774 164833 334
16581 44687 324
97566 38871 351
32310 96657 351
19416 12652 279
61095 56979 335
23763 100483 351
43744 13575 324
13634 25342 282
40047 59853 340
89321 40612 351
68461 48469 340
108245 13968 354
73184 99449 351
53485 96455 351
769530 765483 468
49060 61197 340
801565 799206 393
357577 345710 441
110890 40201 354
91523 73209 351
297078 298135 327
657066 659455 398
312571 317263 353
134201 116695 344
58515 95370 351
75044 62540 330
41456 22802 324
53780 73068 335
108091 34140 354
54481 46851 340
427 44850 324
8485 98916 351
24800 47260 324
157548 152457 383
2341 22126 279
98750 12206 351
40107 1431 324
128184 130886 344
329281 323449 384
55528 109156 354
42097 43144 288
333784 336253 366
54422 96155 351
664785 662216 367
252225 246383 350
79573 55777 351
58353 35031 340
96181 54011 351
66417 74955 325
86436 63635 351
45665 81188 351
876983 875888 370
41170 41844 257
19756 71930 340
58031 47579 340
29810 107332 354
442726 452660 387
989633 989574 352
53177 64341 335
37857 65606 340
66887 18457 340
49782 69648 340
39660 100842 351
27789 17628 308
26251 97071 351
38804 29402 324
866823 867182 295
90539 21165 351
87918 104035 341
158269 153691 383
115871 131789 344
46248 15962 324
476019 477281 307
22132 3676 279
112356 55454 354
967086 967042 215
248596 246753 350
21804 813 279
895915 892669 370
99204 96040 328
32267 9328 308
26557 84593 351
101977 76021 351
99599 30158 351
88331 21581 351
85076 43701 351
94919 59108 351
47500 12130 324
16682 71468 340
14560 28784 308
59788 42742 340
97307 50996 351
13782 62734 340
47429 72552 340
74783 112129 354
57424 31204 340
108754 111674 323
59770 29009 340
86960 58792 351
672490 672189 367
141703 145379 375
94601 55605 351
37184 93361 351
195161 198440 360
674452 673267 367
41684 344 324
69465 98072 351
21182 17063 279
662917 659417 354
155834 154330 326
106661 66032 354
452672 441947 387
197030 194238 360
49851 103528 351
95165 13816 351
37787 71512 340
26412 21749 282
54595 27671 340
249663 247884 350
29294 70632 340
20482 84743 351
217716 218773 324
88533 88564 240
282445 281040 358
93687 39636 351
96400 69877 351
6118 6962 262
536056 533607 346
90094 44191 351
82281 7273 351
90388 82363 333
76846 55964 335
49174 8155 324
28586 7062 308
37346 15445 324
130479 128401 344
120846 126492 336
952010 954125 414
49979 38033 314
162655 168823 352
43852 59105 340
76835 19232 340
70067 13776 340
49265 72476 340
9456 66478 340
16921 32404 308
770744 772592 362
774277 771773 393
355284 354842 379
14720 40838 324
602358 592440 403
59916 112486 354
747080 744577 349
98967 41893 351
26730 59306 340
3038 19 217
611402 608567 359
549505 549112 253
50373 39041 314
107554 11444 354
82900 53337 351
12404 106301 354
51639 5121 324
221624 213391 386
795720 789696 437
15970 43669 324
990286 985537 396
104820 69451 351
73857 3694 340
68138 57568 335
36845 102649 351
51929 64921 340
238709 235560 350
60356 101482 351
67568 53111 335
847547 845572 419
84476 94590 333
113097 46927 354
7282 49325 324
380711 380841 224
84076 56005 351
26647 78469 351
86751 64852 351
97272 48126 351
49167 62305 340
95006 45089 351
84670 23850 351
82429 65020 351
11248 93762 351
60812 107072 354
40991 80773 351
591877 593663 403
274015 270417 363
53350 37103 340
991176 990175 321
583598 585487 434
304202 304165 234
78289 55690 351
20258 51047 324
43660 65106 340
67620 45340 340
51150 94222 351
66089 58862 335
103040 92369 341
67367 49277 340
24414 66835 340
792879 794245 375
46706 93298 351
2354 53925 340
28561 71314 340
102066 15806 351
181941 174288 365
675766 670182 367
599160 595529 372
108828 7671 354
548480 545300 452
39819 18225 324
689899 690766 336
749984 748907 393
500538 500141 364
78498 62867 351
96876 12275 351
16012 50665 324
172180 181964 365
110586 67658 354
3631 60884 340
12935 41826 324
103826 71891 351
26843 89596 351
9003 110438 354
327326 332223 353
5920 11661 268
75485 50412 340
6438 111880 354
88154 96811 333
617121 620892 372
348390 349784 304
10784 29460 308
814201 811528 375
4549 18812 279
11324 92790 351
439839 444871 356
77586 8825 351
33323 30019 285
1455 86625 351
96842 93846 328
167142 165672 352
26593 102301 351
90652 4152 351
225272 217779 368
800 43090 324
43488 106064 351
32954 19938 308
70748 27142 340
38632 75794 340
80390 27136 351
30261 53079 340
3363 50617 324
117068 131917 344
61365 105508 351
64887 18495 340
1787 54818 340
247516 248468 319
30545 34921 311
10274 60089 340
443033 439625 356
8448 63582 340
71831 80360 351
80291 69484 351
97098 43635 351
69849 77238 351
35559 109506 354
47175 104864 351
49582 51040 278
65673 87817 351
117114 131998 344
27784 30148 272
28890 13844 308
38457 15589 324
121831 126778 336
922585 920717 445
375589 370821 361
22013 26569 282
8661 100320 351
52992 38563 340
68946 63632 312
68019 62338 330
128760 115151 349
492991 496995 395
556952 557066 222
34949 9630 311
58518 92448 351
100197 4962 351
51651 73295 340
12182 45186 324
62878 15189 340
325717 324643 340
801101 797631 375
265049 268682 345
84865 69522 351
219969 217521 355
14240 62442 340
108548 36570 354
13877 96212 351
110933 27952 354
52926 7811 340
45134 98525 351
687546 681963 398
33170 73117 340
21565 74193 340
441441 443797 356
91612 6124 351
305015 305749 265
88712 43510 351
48955 55843 340
1883 30343 308
20637 53770 340
85672 56299 351
77936 68525 351
18268 107148 354
103795 108554 354
350860 347740 366
107735 99644 354
47851 71829 340
67897 1656 340
91003 41412 351
9407 107415 354
47230 94880 351
232045 234463 381
76848 51461 340
941325 941103 339
687172 686071 398
623080 622904 248
22218 86637 351
493928 495103 351
102192 57319 351
563526 562763 359
709648 708548 349
60243 104172 351
901792 902627 401
96925 2774 351
546692 545864 452
333960 325759 353
9801 66512 340
74729 109041 354
102277 105400 341
443271 446893 338
9110 61901 340
4682 48775 324
385371 386446 348
28681 37111 324
268166 259070 407
107479 76631 354
313571 312804 340
42398 61273 340
110252 54859 354
47078 92547 351
661412 664649 367
80537 53494 351
108253 76491 354
253830 247168 350
299887 291711 371
19956 53513 340
83454 54025 351
547321 550258 377
417259 415176 387
108296 89573 354
67098 3214 340
64876 92716 351
81605 87908 333
904720 903619 339
55245 14159 340
94390 38515 351
272 5038 238
96454 13766 351
11742 31774 308
18339 98761 351
15718 34671 311
40659 21922 324
47903 78803 351
809399 810063 344
63033 27691 340
140334 140386 220
770964 774042 393
675756 678446 385
413480 409564 449
99659 1870 351
279049 277599 389
109233 7984 354
17927 89788 351
305728 305551 234
94542 98753 328
84833 35600 351
234775 235824 337
101402 79273 341
62605 50044 340
65831 32072 340
104851 43047 351
462114 465937 369
140879 141605 282
424885 422464 418
55389 87288 351
104708 29988 351
94678 70670 351
179053 183757 365
117346 123079 336
61852 76763 330
348196 348121 198
583870 588021 372
335143 325405 353
13563 88518 351
71395 20000 340
93718 36728 351
9335 72399 340
110374 22173 354
73113 22698 340
19665 68497 340
9472 46085 324
18171 70941 340
24800 28226 308
351565 352191 348
3161 81089 351
23877 24017 251
943636 941461 339
46445 52703 340
60484 17896 340
75234 40516 340
20885 26315 282
86129 66775 351
71686 47474 340
25283 103973 351
289726 290498 252
12641 103637 351
164210 164419 290
124212 127425 331
34858 86951 351
60464 105125 351
75618 1953 340
351049 352488 379
43356 91716 351
88387 23677 351
792249 791450 331
33161 53132 340
111397 110290 292
9848 74493 340
96539 82808 333
80021 98357 333
80818 18431 351
63437 46105 340
82490 58359 351
8087 113379 354
32281 43911 324
70197 18166 340
39726 8119 324
94573 29189 351
6653 108986 354
96934 17836 351
798168 798203 269
292273 294659 358
149883 144624 357
13941 84551 351
42845 24856 324
349680 346298 348
13214 87098 351
38123 40024 306
86871 40402 351
38649 35195 324
46855 103510 351
58221 21885 340
99209 58794 351
111304 80924 354
21240 85645 351
85866 35618 351
23471 32761 308
84048 77656 338
594462 602511 403
11475 73958 340
22717 57486 340
424772 422481 418
94490 31958 351
2052 20911 279
35824 107877 354
740468 741438 362
627804 629367 310
923944 923893 308
39857 112665 354
794793 791864 437
53371 101537 351
446857 438384 400
643980 640738 416
282328 281118 358
13097 32383 308
57209 45690 340
153175 154502 352
106956 83362 354
396792 397023 268
58489 72276 335
89401 34936 351
56064 39434 340
84978 49958 351
69931 96449 351
37084 67080 340
264429 262474 407
104098 26032 351
783122 784904 331
260103 266399 407
751875 753574 424
58143 81144 351
107388 86572 354
104205 101808 310
419790 418988 281
176881 170229 347
99309 14386 351
416025 418177 387
109095 18538 354
354221 340543 441
97358 83231 333
86854 39566 351
24467 22644 282
73708 58603 335
32601 112563 354
59760 81019 351
7426 44633 324
20024 85 279
64499 109405 354
110467 105278 354
657503 658572 398
141092 142467 326
20740 104967 351
838196 838916 344
48624 51078 296
32688 108853 354
28796 97682 351
88112 28502 351
109714 5713 354
78278 52604 351
67046 70504 312
54715 95265 351
48096 57235 340
109950 31058 354
49209 111471 354
106681 83873 354
18732 8569 279
49232 89092 351
76608 75940 307
73159 12416 340
67383 76979 325
509387 508724 377
38076 92727 351
133050 131241 331
6767 14823 276
10503 83871 351
52694 110365 354
1094 59855 340
534652 537119 377
3083 76222 340
1158 44736 324
63845 63828 224
62117 17530 340
111147 19268 354
109150 69421 354
24082 22755 282
38611 34661 324
326930 336843 366
123847 127581 331
92185 22505 351
44896 105718 351
180623 174804 365
962682 961963 383
38951 104381 351
44350 8635 324
17355 32213 308
181214 173347 365
28531 86670 351
79268 42365 351
63205 47741 340
77010 43895 340
453828 458644 356
76790 59440 335
12647 32511 308
147677 146167 357
254205 246935 350
970259 970493 321
16048 85008 351
12690 53874 340
30490 26213 308
14384 50943 324
90131 90613 315
659811 661995 323
82875 6250 351
26463 70367 340
64312 43653 340
328560 336054 353
86632 8884 351
69935 101750 351
65947 15853 340
46607 93143 351
37001 6402 324
4288 77878 351
110368 36179 354
85012 49361 351
36317 103914 351
210716 208751 342
71018 48199 340
72569 23960 340
102462 113085 354
648149 648325 248
26773 89009 351
5224 21908 279
72476 67113 325
147665 149757 326
151859 157206 383
66606 39485 340
114603 131542 349
274156 275231 332
75419 97847 351
2421 1692 183
66084 111997 354
98482 15269 351
66482 13791 340
1590 101286 351
587562 583719 434
672272 670296 336
325687 332692 353
26314 92466 351
2083 67667 340
53039 56972 322
573659 571971 372
73027 81914 351
48187 104002 351
78523 101860 341
61968 66695 330
72568 13201 340
72408 108018 354
106725 45211 354
21471 45482 324
569909 572682 377
82826 104853 341
343937 351064 441
225886 222123 368
73274 43291 340
334248 325804 353
48683 108600 354
111226 11309 354
86088 101245 341
80493 38694 351
20048 4498 279
307372 309172 371
85940 96135 333
31608 76842 340
92743 60043 351
102996 60296 351
56963 46699 340
102048 58996 351
732939 732991 243
410648 409161 449
601520 598159 403
846647 846099 313
957899 958480 339
60500 64819 335
30235 62750 340
222361 225324 368
13695 110960 354
39264 83600 351
173400 182854 365
339852 328207 366
103878 58897 351
213967 226195 386
519690 520560 364
70030 5144 340
69216 83025 351
156493 157295 308
9792 72770 340
40304 29318 324
83228 76870 351
58646 23191 340
75816 555 340
26693 42789 324
170550 170158 290
75818 35713 340
25128 58582 340
186070 184753 329
661384 658684 354
448482 442235 369
57641 77174 351
736990 737818 380
79357 29780 351
571339 570137 377
64557 2800 340
677961 676716 336
49477 54231 340
3867 16394 276
42283 186 324
12355 48391 324
99409 108220 354
200735 201195 298
672515 679718 385
125988 126556 318
65311 52514 340
35001 107679 354
16720 31919 308
31998 34599 311
210586 211057 355
40208 19082 324
492191 497138 426
78390 86832 338
46767 78969 351
103839 52265 351
41368 60966 340
37239 62743 340
39852 24414 324
603617 594130 403
49376 10191 324
2831 66386 340
35884 77689 351
174603 180015 347
18132 43785 324
347006 357100 379
69506 40888 340
32465 1608 308
79886 15494 351
50483 61531 340
656033 656231 354
91091 25813 351
12594 29836 308
28656 105620 351
172617 180417 347
86296 50271 351
215697 216470 386
879688 877825 357
234933 238949 350
30522 75645 340
598753 590991 403
717345 716750 349
11196 78760 351
44195 89271 351
95535 7556 351
61344 59933 335
23640 110448 354
37119 76428 340
111478 35429 354
70884 21385 340
40496 9649 324
156614 155225 383
37998 78228 351
65792 43122 340
869970 869463 388
112122 20925 354
299583 296312 371
44149 20643 324
905024 904480 383
19026 8611 279
337616 333286 366
647987 648963 323
56244 94867 351
58525 48821 340
75639 5541 340
554734 556951 390
834081 834414 313
63508 63029 330
55714 11356 340
37209 63137 340
299785 293493 371
112079 78005 354
14820 12693 276
65724 1248 340
111494 68457 354
24417 32737 308
36474 109711 354
67280 99322 351
131803 118470 344
211712 210083 355
477411 477104 276
78544 75746 351
104233 29759 351
42063 28485 324
52542 67860 335
23314 98135 351
91777 28214 351
106982 36051 354
336205 332704 366
388077 387843 330
346033 357182 379
268211 266003 345
69461 56737 335
126428 118262 336
895982 891770 370
69521 42745 340
54265 106305 354
82705 15710 351
222910 221136 355
108243 22408 354
103165 67598 351
171591 182390 365
100186 14085 351
237598 232962 381
84371 64129 351
441901 445090 356
445741 444508 338
154238 158143 383
65755 40378 340
123415 128323 331
70169 70669 312
49281 30781 324
75937 11838 340
150549 150122 339
201186 197934 342
89167 45840 351
402706 401732 268
110524 16068 354
2791 80181 351
223317 214983 386
60734 102794 351
42506 12512 324
3905 98440 351
68194 87283 351
18906 69511 340
36164 79183 351
161804 163674 339
221211 217454 355
92767 6732 351
447938 440578 356
6832 1454 262
447354 447071 263
111103 39407 354
50097 66405 340
69859 97380 351
104939 39110 351
82463 17832 351
61410 66590 330
613593 620257 447
50371 34181 324
54163 18554 340
165386 162494 339
363591 365274 361
25635 49570 324
83033 53312 351
437089 436777 294
74561 16006 340
136449 135790 313
68885 33584 340
253815 249554 332
90208 28950 351
798467 797846 300
58550 63262 335
3650 43292 324
97092 83070 333
223859 224012 262
97086 91206 333
107132 106777 323
284309 284480 283
739587 740383 393
25980 29732 308
72354 107240 354
105582 88979 341
108597 8850 354
232747 231457 337
440207 451976 387
27737 12021 308
796735 791751 468
596354 594811 328
598270 591136 403
393914 396050 405
24963 94691 351
24146 30865 308
96335 112971 354
469715 474589 382
77704 34835 351
1019 90585 351
7699 3633 262
30902 46038 324
758406 759717 362
96968 20479 351
570422 572710 372
355437 341070 441
83001 29399 351
91819 28294 351
222198 222842 293
35144 75769 340
75139 100011 351
180851 183308 334
34477 9742 311
142789 142678 295
721439 721698 243
107414 112160 323
100225 85028 341
53496 88997 351
290966 291279 327
20272 100010 351
87357 109761 354
675829 680006 385
82744 109363 354
376197 376145 317
22893 95527 351
86634 36831 351
22891 56852 340
29003 90005 351
3769 9682 262
104310 99375 341
15552 68335 340
24826 66665 340
84990 112131 354
124867 130459 344
376319 376631 423
48006 11293 324
403498 404646 343
18407 100457 351
261078 261859 332
99189 11255 351
55144 64457 335
89778 111033 354
23611 28096 308
110160 33440 354
44557 21683 324
81659 25130 351
16934 72386 340
593152 599088 372
11112 55048 340
467 42044 324
64048 91287 351
30617 32209 285
30144 100161 351
106900 62880 354
107595 77366 354
70094 91707 351
114286 117536 349
16792 44141 324
337086 338993 366
13009 11887 263
11923 24830 282
193665 197491 360
112757 68119 354
182627 177349 365
7424 47625 324
113345 839 354
60031 88019 351
30066 94885 351
553898 555789 421
192503 200913 360
20022 30410 308
99323 5492 351
15712 60100 340
327944 333427 353
149403 142908 357
28987 74301 340
13228 51459 324
741229 742650 349
39400 81523 351
13724 63186 340
677293 673015 385
74910 72778 325
401319 401831 299
68342 33806 340
124479 123343 331
104750 23344 351
92169 34943 351
57473 41758 340
63942 885 340
21511 52528 340
74394 16402 340
710886 713166 411
40293 112141 354
259881 264457 407
16957 28440 308
55656 53511 260
65257 25603 340
69952 83342 351
34750 75448 340
195309 194186 342
73793 21724 340
31074 97748 351
36099 27046 324
77835 20193 351
64633 44421 340
279216 279891 283
7762 74477 340
62011 66802 330
66973 38999 340
84454 38990 351
109131 90227 354
38134 9678 324
58828 23766 340
140925 147355 375
5128 93027 351
16177 84874 351
2402 65047 340
986662 989436 396
94357 20619 351
108127 24234 354
393520 402193 405
51131 51868 309
76492 79151 351
56887 20647 340
62599 107017 354
93661 25672 351
