16808 673 276
50074 66593 340
8931 33409 308
27545 65697 340
77924 1025 351
64441 1025 340
84493 33441 351
7988 67073 340
82328 1 351
78841 1 351
44304 513 324
17710 33281 308
29561 1697 308
93100 99457 328
51817 33793 324
99098 99457 297
13513 65569 340
23811 99329 351
80980 1537 351
36580 66209 340
11968 1057 268
1394 99969 351
25486 99361 351
25229 1025 282
40195 1057 324
35002 129 311
16709 1185 276
15669 673 276
88125 1697 351
9531 33313 308
27723 1153 308
28550 513 308
97802 32897 351
40978 66209 340
8229 33793 308
60299 98465 351
28636 98305 351
23866 33953 308
39064 67233 340
39426 1 324
24116 98465 351
75630 66721 325
46518 32929 324
30106 1185 308
19452 33441 308
82189 99457 333
99506 33441 351
6753 67233 340
36717 34465 324
54439 99969 351
51502 34337 324
83872 65569 351
11138 99329 351
53178 66209 335
22295 513 279
21610 1185 279
59746 99969 351
53636 99361 351
98143 65537 351
27969 99873 351
261 99329 351
41595 99969 351
16396 67073 340
19114 66721 340
71007 66209 312
97943 32929 351
42083 513 324
30768 33409 285
85696 1153 351
73672 98977 351
48591 34305 324
14739 32801 308
31617 1665 308
55641 32897 340
37336 99329 351
97973 66081 351
49096 99457 351
83455 99329 333
12290 1 268
48906 65665 340
36124 100001 351
45814 545 324
35239 129 311
96221 99969 328
12367 66081 340
25227 33793 308
41364 33793 324
7845 66721 340
36551 66177 340
8624 98817 351
97386 32897 351
95273 66049 351
99248 66049 351
13497 99361 351
40624 34465 324
28145 65665 340
35736 98945 351
61626 34465 340
46043 99489 351
54680 99841 351
75245 98305 351
78819 1057 351
87693 33 351
12992 34433 311
22670 33441 308
89554 67105 351
75826 1569 340
29663 513 308
33809 98337 351
22762 100001 351
37336 32897 324
77996 1153 351
62768 98337 351
29875 66209 340
40557 545 324
68873 129 340
20095 66561 340
13756 67105 340
51408 66209 340
30194 1057 308
15681 33793 308
16856 1185 276
70964 66689 312
86677 67201 351
63250 32897 340
77845 33921 351
60809 65537 335
28652 98433 351
45204 34465 324
96532 99873 328
95420 66081 351
42010 129 324
87930 99841 333
44055 98337 351
76738 33953 340
47318 65537 340
4201 98465 351
21565 66177 340
6649 98465 351
25551 99841 351
41977 34337 324
38555 33441 324
2505 32897 308
34749 1537 311
59379 1025 340
78210 32769 351
78554 34305 351
50448 1025 324
80774 641 351
64306 66593 268
70054 161 340
84631 545 351
5401 1153 238
95371 100001 328
83017 1057 351
8156 161 262
15558 65665 340
53179 99969 351
87358 1665 351
27879 98337 351
74820 1025 340
83134 33953 351
23721 65569 340
6634 66689 340
76032 1057 340
60590 98817 351
98878 34337 351
79359 1025 351
77255 34337 351
14916 34337 311
45481 34337 324
69956 65697 312
37108 98305 351
40001 66177 340
45036 98433 351
61114 66561 330
29594 98817 351
98355 545 351
25358 1697 282
13730 66721 340
76564 99873 351
60918 65665 335
19420 161 279
47748 99457 351
55396 66177 335
4474 33 238
11749 98945 351
5659 67073 340
45407 99457 351
39825 1 324
974 673 179
46898 33281 324
3951 66593 340
88481 34337 351
13901 67201 340
62534 67233 330
17004 99489 351
20951 98337 351
58781 32769 340
41833 1665 324
33550 34305 311
6250 34337 311
66311 32929 340
984 33921 308
92041 99489 328
73651 66209 325
53230 673 340
17747 65537 340
87231 98817 333
70777 33281 340
68245 32769 340
47697 33409 324
29065 65665 340
56599 129 340
69941 32769 340
89552 98465 333
27206 1665 308
80419 1569 351
59650 98945 351
83321 32801 351
22013 513 279
54789 673 340
24009 1537 282
65325 66177 268
51258 98849 351
35691 32769 324
62411 98817 351
90554 33281 351
90961 65665 351
51404 33281 324
7308 33409 308
44911 98305 351
92800 641 351
20172 67201 340
34415 32769 311
16642 66593 340
55349 513 340
14316 33793 308
81446 66209 351
72221 32769 340
9240 33441 308
41306 66177 340
82254 33921 351
15167 67201 340
59305 1025 340
45899 66049 340
1721 33281 308
51581 98465 351
49353 98337 351
78699 66593 351
60812 129 340
56892 98817 351
31729 66561 340
51662 32929 324
3121 1025 217
17159 98849 351
69628 1057 340
53712 129 340
29595 545 308
1728 66593 340
98796 545 351
37443 98305 351
85007 1185 351
66925 33441 340
27098 98433 351
67104 98817 351
80109 33793 351
2282 513 183
43711 1665 324
1906 98977 351
67782 33313 340
70792 66049 312
97866 34465 351
29537 98945 351
57126 641 340
80168 32801 351
477 99873 351
21577 32897 308
77468 100001 338
27385 32929 285
25211 513 282
28212 65537 340
19519 33409 308
21935 67201 340
80768 98433 333
49819 33313 324
11826 641 268
58029 98465 351
78035 1025 351
51241 99489 351
86541 34305 351
90936 99969 333
48049 129 324
87012 99329 333
53065 66049 335
17238 33313 308
70246 513 340
70416 98817 351
24711 34305 311
63038 99873 351
68448 66177 312
41694 67233 340
67130 34305 340
33980 98817 351
95526 1153 351
74959 66209 325
11801 99361 351
87671 1185 351
80847 1537 351
9544 34433 311
85937 1057 351
97720 673 351
91248 33825 351
28360 65665 340
45036 98977 351
83913 33793 351
45990 33409 324
63735 98817 351
520 33921 308
67046 1185 340
26662 99841 351
82820 33281 351
22904 67233 340
36799 98305 351
14005 99489 351
680 33281 308
7392 99489 351
64925 66721 268
57122 513 340
77107 1153 351
51704 33409 324
71033 66721 312
61655 33825 340
42218 99873 351
57290 33793 340
84748 66593 351
89880 32929 351
1517 65537 340
82763 1025 351
49040 98849 351
5904 33281 308
10762 33409 308
61467 32897 340
44558 1537 324
26956 99873 351
21495 66593 340
92222 33281 351
2294 99841 351
42233 99841 351
34792 33921 311
49153 99361 351
73571 99873 351
27440 33409 285
35800 32897 324
91836 66081 351
46044 32897 324
74087 33825 340
39151 1537 324
18624 161 279
9606 34465 311
37312 98849 351
77993 98337 338
38700 65537 340
80640 66721 351
25837 1537 282
82858 66209 351
83329 33 351
74411 66561 325
85177 99361 333
72092 161 340
84712 33793 351
91027 1697 351
10791 66209 340
59365 98817 351
24885 33793 308
41442 34465 324
16180 673 276
94538 65665 351
87562 32769 351
74166 33793 340
57733 673 340
47855 1057 324
9848 66561 340
40463 98945 351
43820 545 324
13378 1665 276
43837 33953 324
32300 67073 340
34760 33313 311
74391 67073 325
30049 66593 340
59045 33313 340
40151 99457 351
41296 161 324
95732 99841 328
28246 34433 311
46058 641 324
93929 66561 351
62174 34465 340
9670 65697 340
4504 99489 351
18676 66209 340
24301 513 282
40263 1 324
68264 99361 351
24890 34305 311
76736 98337 351
31365 65665 340
50964 99361 351
85653 99489 333
57317 65697 335
61421 1569 340
7451 99329 351
78742 1153 351
99197 98849 328
2502 1025 209
93129 66593 351
77449 33793 351
17254 65665 340
69330 33825 340
33720 66177 340
38821 66561 340
81080 66209 351
94411 98433 328
66114 99489 351
98139 65697 351
46045 34305 324
98394 34433 351
981 98945 351
45597 33825 324
67371 66081 268
6544 32897 308
62853 99841 351
76825 65697 325
82381 33793 351
71858 34465 340
59499 33313 340
52846 98817 351
68510 66177 312
96850 66209 351
19291 66689 340
85744 67073 351
36386 65665 340
86276 33281 351
11152 1025 268
75252 67105 325
32784 66209 340
66438 641 340
7699 33825 308
83138 1 351
45879 32769 324
70343 100001 351
45961 99329 351
35141 1153 311
43567 33281 324
563 99489 351
41970 99329 351
12624 65537 340
17314 33409 308
27011 66689 340
76979 67105 325
7395 99489 351
87657 33793 351
61787 34305 340
54545 32801 340
8777 98945 351
74253 67073 325
75515 34305 340
95020 1185 351
66672 99361 351
56664 33825 340
84025 513 351
16855 641 276
14982 67201 340
86289 1697 351
8360 98817 351
55380 99841 351
19462 1697 279
8354 67201 340
85789 66561 351
69881 33281 340
38284 1697 324
237 33313 308
98568 99841 328
47940 66721 340
69652 129 340
9267 1025 262
111 67201 340
86328 66081 351
25582 33409 308
7937 33441 308
45436 1537 324
66973 99873 351
19799 100001 351
74588 99841 351
69090 161 340
29091 66561 340
66613 1665 340
72113 33409 340
51952 1153 324
3322 66689 340
55129 33825 340
28601 673 308
49755 98945 351
55195 513 340
48633 32897 324
58778 641 340
18633 545 279
86384 67105 351
37154 33281 324
98522 67105 351
9819 67201 340
66901 99841 351
74121 33281 340
33600 1537 308
27145 34465 311
40871 33313 324
4600 65537 340
74619 513 340
79453 1 351
52801 98465 351
44841 67105 340
86386 65537 351
24516 66177 340
14879 32897 308
18562 1665 279
28049 1153 308
49441 129 324
18771 66177 340
40252 66593 340
5870 641 238
72470 34305 340
8173 99489 351
52126 99329 351
98851 32801 351
11244 98465 351
25870 65665 340
41395 66689 340
26393 33 282
9525 1153 262
39520 65697 340
81563 1537 351
3726 33409 308
5950 66177 340
37323 98465 351
60094 65569 335
85123 32897 351
26367 66177 340
71024 98945 351
66640 99841 351
8794 99841 351
59179 99457 351
56772 67233 335
51356 1153 324
68490 98433 351
67121 98305 351
10313 1025 262
33348 34337 311
32852 129 308
25812 99873 351
91737 98977 328
29608 99969 351
87867 1665 351
41413 99873 351
14041 98817 351
34258 545 311
88296 33953 351
42252 1569 324
92695 1569 351
51139 33953 324
19876 32801 308
94293 32929 351
14563 98817 351
93237 673 351
83874 32929 351
27485 545 308
54120 65665 335
99329 98945 328
263 33 128
5717 98945 351
92173 33409 351
44001 99489 351
61399 129 340
89546 66593 351
12301 99457 351
52193 1569 324
14784 99969 351
69802 98433 351
46222 67073 340
24514 1665 282
32532 98465 351
45820 98433 351
46857 66209 340
64255 99873 351
49815 98977 351
66538 98817 351
47298 100001 351
25761 98977 351
80192 66689 351
54175 33825 340
14878 545 276
94785 1665 351
6751 1057 262
45000 33793 324
99610 99489 235
55365 67233 335
32813 66689 340
24135 99873 351
93584 100001 328
14260 99329 351
754 65697 340
79322 98305 333
65254 32929 340
36097 1057 324
30662 1 308
27492 66721 340
42921 67073 340
81688 66561 351
55473 98817 351
55642 99841 351
82952 32769 351
58446 33313 340
49475 33281 324
96177 99361 328
25827 129 282
23345 66209 340
85980 33953 351
68130 65665 312
59849 32929 340
5618 33953 308
47839 98977 351
88930 32929 351
29969 33 308
25200 1025 282
59830 67201 335
3489 32897 308
2820 65537 340
91138 66593 351
80319 99489 333
80684 66209 351
91121 641 351
89962 33953 351
11019 33921 308
79947 99841 333
31479 33 308
25064 129 282
71507 66689 325
78969 99457 333
4120 34433 311
49678 33 324
78954 1057 351
51854 1025 324
8272 66593 340
40205 32929 324
28033 1537 308
83532 1 351
9469 99329 351
52611 32897 340
67271 67073 268
6266 33793 308
43280 33441 324
75328 98337 351
25364 99969 351
75767 1 340
3084 67233 340
26185 66177 340
44157 98817 351
63665 67233 299
57887 66081 335
44925 99873 351
195 513 144
36768 66049 340
6911 98817 351
56806 65665 335
79653 100001 333
73586 66689 325
97807 161 351
17961 32769 308
10404 33281 308
1086 66209 340
48586 99457 351
30485 1025 308
55201 641 340
80101 33793 351
28200 99969 351
4429 99457 351
93918 32769 351
87803 32929 351
56579 67233 335
20790 34433 311
60596 1057 340
42320 98465 351
20722 98465 351
98515 673 351
75707 67233 325
34627 98305 351
23802 65665 340
97645 1537 351
23259 99329 351
3132 34305 311
60721 100001 351
61025 1569 340
80509 65569 351
19398 33313 308
78315 65569 351
34000 1537 308
92534 32769 351
80540 34465 351
58822 65537 335
76537 67073 325
14663 99489 351
14494 99329 351
74989 33281 340
6839 99841 351
64892 33953 340
50561 98337 351
44093 161 324
89776 33409 351
30414 99361 351
16637 33281 308
23348 33 279
54833 66689 335
28929 1025 308
40880 673 324
39055 98305 351
32538 67105 340
4422 99841 351
51035 33409 324
19417 32897 308
81939 67105 351
35184 65569 340
81097 98433 333
70525 99329 351
60364 100001 351
73013 1057 340
72203 98977 351
61537 33921 340
2209 65537 340
8032 99329 351
32096 67233 340
13113 32929 308
29938 98945 351
15686 66209 340
84382 32801 351
99909 98817 328
99440 99969 328
96120 1 351
75000 100001 351
74516 98817 351
59923 33281 340
3981 513 238
26886 32897 285
56326 1 340
46995 32897 324
52603 33313 340
28481 33281 285
92835 67105 351
98882 66593 351
33459 67233 340
74993 32897 340
48652 66561 340
8543 1025 262
49636 129 324
21873 98977 351
47323 33281 324
78442 98465 338
85780 98945 333
47161 33313 324
64956 67073 268
29365 32801 285
19314 100001 351
34329 34337 112
19856 98945 351
3882 98305 351
99905 65697 351
77617 66689 351
48865 34305 324
32123 1057 308
4944 99489 351
85119 33409 351
52189 161 324
17640 34433 311
70344 99841 351
36220 66561 340
3318 99969 351
27783 1569 308
47860 99489 351
35591 129 311
44011 66721 340
53016 34433 340
28543 67201 340
48271 1697 324
3009 33825 308
31100 33921 285
38214 67105 340
42952 32769 324
3503 34465 311
14954 1153 276
17917 33921 308
11870 98305 351
23504 33313 308
74330 33953 340
13383 32769 308
9353 33825 308
32527 33825 267
78756 99361 338
2953 67105 340
67423 513 340
43787 99329 351
41880 99329 351
78891 99361 333
14687 673 276
68828 66561 312
199 129 125
70818 1153 340
73477 66561 325
31564 33409 285
6384 1665 262
29723 129 308
32792 32929 267
6143 99873 351
31554 98465 351
22381 33313 308
64916 33441 340
37111 1569 324
11559 66177 340
11434 34337 311
62660 1665 340
17563 32769 308
49755 99457 351
33527 66081 340
27596 98977 351
81178 32929 351
69159 66177 312
6021 98817 351
64728 33409 340
59463 33921 340
22938 32897 308
46058 67073 340
908 98817 351
94259 32897 351
17344 99969 351
22282 67105 340
81458 98305 333
90118 1185 351
85625 98337 333
61460 66721 330
42217 99329 351
96852 32769 351
92923 34337 351
38616 33 324
51362 98305 351
17232 641 276
26124 1665 282
87445 33825 351
96239 1697 351
59360 641 340
21266 65665 340
18388 33 279
63949 67201 299
15425 67073 340
42776 34433 324
34990 1057 311
90846 33409 351
57258 1537 340
13262 66721 340
57105 67073 335
57032 99361 351
84687 98977 333
38644 67073 340
5649 99361 351
97318 67233 351
70126 98433 351
7864 33313 308
46681 100001 351
60980 99841 351
86815 34465 351
72190 513 340
94906 99457 328
13615 33281 308
79309 67233 351
69450 33 340
56030 32769 340
87867 66177 351
58986 67105 335
77519 34465 351
70580 1 340
13384 98465 351
30560 1057 308
21175 66177 340
22676 34465 311
89437 99873 333
42916 33953 324
13014 65697 340
72493 66721 325
84084 67073 351
25848 99489 351
32707 34337 311
42307 98849 351
4115 33313 308
84471 98849 333
28618 99457 351
22305 99489 351
49664 98433 351
49899 545 324
48657 98337 351
53013 34465 340
96281 66081 351
79105 1 351
52074 66209 340
92980 66209 351
48270 66177 340
5632 34433 311
25634 32929 308
52521 1057 324
77598 98945 338
36872 33 324
93321 34337 351
28019 99457 351
20518 66593 340
12614 99329 351
91357 99361 333
88595 66721 351
35671 99969 351
21650 99329 351
76426 67233 325
91892 67105 351
81218 34465 351
42655 33441 324
63902 65537 299
96393 545 351
24971 100001 351
56188 65665 335
31566 65537 340
12972 34337 311
71161 99489 351
40776 161 324
69695 66689 312
31535 32769 285
34415 33825 311
40424 98305 351
73078 673 340
25628 33921 308
85575 1185 351
98840 98849 147
68184 98337 351
50531 66721 340
82607 33409 351
2013 33409 308
31939 99457 351
5322 32801 308
39228 67073 340
24461 32897 308
43488 98977 351
11582 34465 311
39195 98849 351
51296 99457 351
33420 100001 351
63444 98817 351
68707 1569 340
26594 32897 308
31227 1185 308
42734 33313 324
95297 1153 351
18062 98337 351
21378 33793 308
50523 66593 340
1053 99489 351
55181 1569 340
57152 33953 340
94974 33921 351
30418 98433 351
12466 99841 351
22740 1697 279
25008 66177 340
52431 99841 351
37826 34465 324
8328 1153 262
13498 67105 340
58226 98433 351
98823 161 351
32554 65697 340
69469 1 340
37425 66177 340
74278 32897 340
80501 33921 351
31602 66049 340
30699 33409 285
14550 129 276
77128 32801 351
60 66689 340
54671 32801 340
7225 66593 340
5021 99489 351
5220 66209 340
38696 34465 324
25665 33793 308
95119 33313 351
13724 33441 308
43755 99489 351
