758513 973146 525
432835 465378 444
245440 669724 509
258686 582776 470
5136 953118 525
70009 97274 351
541992 834012 509
794471 933680 525
583895 598479 403
487782 514205 470
595541 610218 403
621121 987777 525
244005 333367 407
62533 443235 449
389526 554497 470
697800 834574 504
424562 479598 444
729685 856484 525
457801 467938 444
157540 961372 525
82502 494342 449
198156 678679 509
300824 983816 525
206266 640799 509
486546 549066 470
538767 687742 509
172178 267545 443
318104 577352 470
678568 724872 504
116402 240227 443
450555 840770 525
11975 379516 443
388500 514664 470
361201 427849 449
311037 542307 470
527254 891245 525
394557 616945 470
730777 914704 525
609153 939032 525
52781 580062 470
24143 802424 509
48901 371280 443
942277 948718 383
59836 782761 509
805433 820019 450
402794 924696 525
44558 745173 509
472087 927237 525
359961 728473 509
86742 239006 443
355277 832366 509
94986 659536 509
208054 958320 525
139033 280136 443
440983 833742 509
149293 883026 525
215304 852548 525
70704 268527 443
199430 795265 509
246224 723728 509
114962 227679 386
326228 880922 525
307081 766997 509
14929 62686 340
713785 824252 468
375101 903884 525
460107 839828 525
554723 814504 509
693532 711096 504
541217 833743 509
308624 964196 525
624986 890699 525
421320 706758 509
182804 911735 525
480310 881208 525
177428 594737 470
579910 983550 525
544492 874354 525
455639 630486 509
532047 998989 525
113347 835377 509
297400 504560 449
826135 829900 419
223410 628532 509
322103 751744 509
24891 327785 443
142252 747150 509
202336 618287 470
464220 918021 525
227655 980623 525
541258 699370 509
381363 706670 509
43313 937655 525
751748 950145 525
293246 869202 525
28684 412635 449
416533 619799 470
637443 787538 504
657409 871766 525
844231 913989 476
719812 811605 468
831173 955364 525
146800 200861 383
285284 911168 525
369958 492157 449
321744 848813 525
570198 912342 525
228376 741275 509
25801 222422 386
529631 763695 509
249747 372574 441
714431 846972 525
17629 418539 449
252067 610047 470
65870 147012 375
138791 590186 470
711442 958474 525
7735 129068 354
152395 432538 449
26554 121713 354
107566 299071 443
727072 768982 468
353470 648551 509
340784 710760 509
206163 547511 470
159555 449984 449
8327 847293 525
761609 947964 525
496352 607050 470
636326 681490 442
298728 435152 449
451035 658605 509
350862 591650 470
877107 944303 507
277846 312752 389
117691 563385 470
584958 727347 509
55048 225619 386
277821 463153 449
643810 776009 504
137525 759025 509
459235 968690 525
234309 676392 509
607941 655658 509
304258 909197 525
9668 283913 443
494157 570819 470
123018 946260 525
306748 581594 470
653648 993972 525
263869 980099 525
214844 829102 509
607076 876491 525
338593 919556 525
268161 863169 525
83946 897352 525
251658 610594 470
229970 338548 443
252166 330132 407
240932 913946 525
51543 510852 449
919936 974643 507
307271 530676 470
291626 928123 525
480753 677161 509
197058 546592 470
192687 459484 449
300096 674047 509
394784 688421 509
552538 804208 509
96975 960965 525
148876 183783 383
387138 510602 449
279849 795786 509
324034 675379 509
47307 315270 443
159170 308151 443
307401 328897 384
770336 786104 437
204653 530186 470
162823 875670 525
334142 656183 509
408195 579855 470
78918 362349 443
287749 394983 441
80992 674850 509
97316 224147 386
173512 956068 525
89415 997513 525
934008 965505 507
756841 956361 525
220271 687499 509
60353 106407 354
301478 449700 449
497582 811270 509
229345 740058 509
713594 765896 424
45104 907601 525
342880 485172 449
912794 978606 507
98819 813966 509
495407 947193 525
723964 877298 525
347501 608376 470
286968 339107 389
416378 661574 509
505372 779500 509
622527 725051 509
16405 704645 509
199466 795796 509
77726 903502 525
286259 292242 389
804087 813767 406
347367 964372 525
250420 739694 509
203274 787967 509
273514 339994 389
376978 891623 525
199028 719256 509
99798 592846 470
274184 324983 389
699045 718909 504
677828 695738 442
778503 990812 525
162221 250521 443
36101 918728 525
983638 986509 427
418979 717569 509
162343 641120 509
181717 614181 470
314425 557136 470
219735 652514 509
172511 312436 443
714364 792119 468
139127 458837 449
90082 297315 443
463815 789505 509
143967 533403 470
474957 849302 525
597342 687279 509
79950 567026 470
373355 479682 449
126072 269547 443
401094 855353 525
247164 877351 525
717221 895594 525
549422 737566 509
82292 792494 509
337506 899935 525
189281 717302 509
218075 515032 470
777012 846202 525
814056 960108 525
337254 909275 525
625256 630388 509
331153 692458 509
439030 912854 525
191177 665386 509
224461 589507 470
477843 730888 509
202859 230058 386
689404 691525 336
126629 679529 509
842479 949774 507
336676 905334 525
6797 246782 443
526646 620134 452
616709 771160 509
600076 961154 525
51265 278623 443
193026 454997 449
651589 977420 525
431087 447889 400
896062 986185 507
82720 348006 443
329550 711157 509
61538 808141 509
73331 487795 449
293164 298724 358
34276 580954 470
817804 862947 525
532394 890737 525
915348 939857 507
473404 969579 525
254966 748386 509
209037 418632 449
695155 736049 504
546573 703717 509
196359 207170 373
431406 472322 444
26651 786875 509
389377 806215 509
391148 499151 449
189921 198453 360
836246 901696 525
197707 577918 470
481135 716085 509
127469 811049 509
453285 577361 470
529285 663871 509
369062 384981 423
128773 388729 443
649223 923156 525
477026 560800 470
193982 630998 509
120230 637854 509
322205 782782 509
703641 928014 525
284700 505459 449
82481 220891 386
342542 764382 509
48938 841867 525
488221 558610 470
34535 992746 525
118929 345373 443
214020 841095 525
537976 968924 525
750901 985161 525
500704 663326 509
300211 836805 509
422587 744729 509
588824 863655 525
131261 604351 470
490978 950384 525
757292 972620 525
205232 678951 509
672321 995839 525
401159 606582 470
301278 445964 449
265215 912648 525
700453 828746 504
546224 780622 509
329019 941964 525
18251 542461 470
387253 624555 470
555622 626817 509
142791 336673 443
145785 825013 509
647277 989394 525
288255 682254 509
42762 218114 386
61007 216875 386
38470 297127 443
135299 211852 383
321077 907670 525
62748 133505 354
733964 909113 525
753851 802890 468
49885 96327 351
561431 929713 525
203485 518942 470
336131 955852 525
54827 180854 383
716437 863853 525
356958 596139 470
93926 343445 443
415089 935333 525
215936 916251 525
471472 834221 509
700800 846835 525
681917 802748 504
99617 663001 509
359478 871807 525
609824 802917 509
6513 592245 470
438589 992428 525
544789 746770 509
759363 801635 468
16940 219009 386
67113 571093 470
540154 716221 509
262404 789430 509
57533 849832 525
124720 902387 525
98011 797290 509
90097 319721 443
15431 706305 509
233796 254161 381
414977 774688 509
513136 538331 439
415541 820886 509
571246 798356 509
544731 646983 509
409542 646878 509
168893 837466 509
27288 871157 525
99152 158281 383
231602 402940 441
152111 655246 509
27834 378751 443
162897 716671 509
440843 699650 509
374677 635827 509
474913 995813 525
173324 674125 509
169402 817966 509
156376 927685 525
225244 338173 443
271605 688539 509
97223 213710 383
848875 850633 357
408164 910025 525
219979 799549 509
235564 500472 449
113836 304435 443
49820 960309 525
555971 773848 509
443764 652995 509
45129 390582 443
47231 306260 443
707069 723080 411
534065 927797 525
624299 734621 509
411826 806049 509
410151 876573 525
557511 759577 509
721700 773183 468
393362 971182 525
700331 970815 525
399348 856545 525
704667 920934 525
10525 793935 509
147775 803679 509
437156 593007 470
323548 423145 449
11726 867839 525
324977 697468 509
133592 178880 383
96576 649498 509
773326 895590 525
737806 864040 525
481959 539499 470
692920 806339 504
3124 818064 509
269025 349859 441
708401 853468 525
547271 810575 509
586149 829001 509
370118 551710 470
242116 588721 470
726441 781316 468
212998 736647 509
97845 933230 525
611275 730695 509
208141 965658 525
429401 635252 509
193296 971014 525
114711 204065 383
165013 982070 525
31006 63995 340
507677 752668 509
538544 570492 452
633505 978397 525
387183 671083 509
454698 773459 509
287762 483884 449
319513 429076 449
34987 143469 375
205217 942511 525
73326 114190 354
297973 790988 509
117185 429829 449
269668 379546 441
269212 276858 407
419540 681331 509
259062 763649 509
328830 868198 525
128655 430273 449
242719 735735 509
985774 986230 321
110391 395004 443
378480 873842 525
432422 682208 509
386329 565064 470
189727 622209 470
232875 456927 449
350655 881755 525
266563 666814 509
73257 162585 383
716197 760614 424
3995 647594 509
266900 910638 525
181497 765720 509
652791 745888 504
750519 916847 525
515808 832526 509
73148 300983 443
345582 698024 509
583642 933832 525
45456 935700 525
468965 704993 509
820383 941803 525
64513 849859 525
442475 455740 387
550229 645331 509
322780 492266 449
708047 911010 525
220044 455784 449
231732 927143 525
181264 878895 525
496932 536139 470
801768 962877 525
354250 924230 525
453636 577755 470
621045 664214 509
597173 767224 509
712615 845066 525
155020 604819 470
18329 771506 509
705289 949449 525
156774 822929 509
71392 118156 354
218417 533909 470
738770 744928 424
356874 965655 525
126613 412511 449
695394 904568 525
170478 944895 525
49059 774909 509
652668 808191 504
114370 698683 509
265571 872789 525
541440 882060 525
401784 947101 525
307006 826937 509
215287 921238 525
241598 565868 470
44813 603134 470
811013 819067 450
517781 705892 509
372842 611325 470
667711 846636 525
740995 846787 525
197129 846527 525
133745 481687 449
97559 583067 470
106077 607171 470
535702 801812 509
2280 828936 509
157695 717839 509
661315 956072 525
224562 454615 449
284101 469695 449
40843 610034 470
269079 791940 509
663011 818321 504
718822 739303 424
177016 789752 509
265861 671156 509
50367 822598 509
175325 419576 449
469817 917062 525
228000 237951 443
268266 281937 407
536954 865967 525
242062 993174 525
70576 511219 449
208793 993156 525
54491 282789 443
695816 870298 525
377544 606708 470
797339 814603 406
480807 559171 470
366725 931900 525
41138 793144 509
476032 562717 470
109010 770484 509
485687 881833 525
755423 813950 468
414105 561177 470
3973 781923 509
617201 624607 372
47021 768098 509
928359 961032 507
188087 419953 449
813704 849015 525
253159 616529 470
408732 638374 509
773704 945727 525
366012 586590 470
107207 630511 509
97923 922148 525
457601 641706 509
337860 408441 441
348369 841850 525
410653 568103 470
202840 412654 449
1227 495356 449
856979 970054 507
646798 726194 504
198837 536780 470
659958 945216 525
153990 464439 449
355790 745606 509
610156 783053 509
602155 928813 525
80315 822062 509
156185 615071 470
4401 230901 443
207962 519009 470
444196 869885 525
313687 836743 509
105530 872505 525
315705 441845 449
625557 998761 525
75639 337182 443
238117 858751 525
216903 230625 368
428833 534322 470
287486 991515 525
749543 828406 468
22806 391907 443
585266 820350 509
178936 474589 449
75131 882071 525
320368 517045 470
504553 891275 525
914059 946476 507
623924 749770 509
65541 742949 509
243813 742438 509
378290 700874 509
347441 516414 470
410255 717278 509
522782 845738 525
244762 835597 509
296688 326402 384
911723 970973 507
706113 966371 525
72119 794520 509
672345 789034 504
744298 929487 525
629149 880846 525
323881 992497 525
270056 909341 525
30134 797987 509
492671 747332 509
11851 422314 449
242033 849700 525
169981 290807 443
647672 783865 504
356824 951984 525
166312 257450 443
345546 385235 441
521796 979322 525
536693 843846 525
389841 418905 449
34863 109798 354
473672 527502 470
285512 833472 509
76834 534870 470
610639 648599 509
720708 815316 468
85483 627989 509
640185 666459 442
187237 447641 449
858187 923790 476
89792 787427 509
758324 875356 525
55581 335397 443
765568 822561 468
437412 929573 525
179576 583068 470
419280 795894 509
708297 926111 525
464261 855471 525
264145 925560 525
75887 101966 351
173040 450395 449
307690 700179 509
796042 797562 468
383045 820473 509
645671 837079 504
183474 931163 525
514772 863261 525
218482 332102 443
184907 369086 443
141111 990089 525
399156 727582 509
72517 78634 351
479482 766094 509
127995 849000 525
756804 941103 525
508310 654022 509
4158 121257 354
123362 321563 443
550342 634055 509
197900 382785 443
86056 844246 525
713173 859754 525
108186 358184 443
299691 971632 525
58767 409681 443
201599 341907 443
729526 853378 525
548662 714597 509
16427 875361 525
230441 982346 525
185534 463596 449
812452 850092 525
83044 231559 443
252794 617835 470
156633 388831 443
167870 866897 525
304401 950605 525
18336 315070 443
47294 58206 340
743204 865285 525
70309 805563 509
176519 794451 509
159385 869736 525
173848 977295 525
100792 400981 443
276715 492679 449
109453 137939 349
110382 758609 509
549584 838890 525
219895 811139 509
2419 963375 525
537620 645083 509
526912 694635 509
171755 641741 509
543875 568500 452
15997 714089 509
154758 165929 383
119647 589395 470
487021 930341 525
636037 811529 504
239845 786429 509
22389 43635 324
191320 659482 509
301362 780601 509
538475 706262 509
462105 791790 509
141117 503698 449
298269 685851 509
111137 518180 470
472502 600848 470
13314 613672 470
766061 769904 468
682561 690182 398
94643 818548 509
282710 808769 509
276558 785996 509
369105 719326 509
120303 635142 509
4462 929990 525
685816 894845 525
35533 721198 509
100579 529732 470
471414 808870 509
540338 695133 509
311778 901029 525
73765 548740 470
49066 276179 443
274670 502298 449
461268 691440 509
400427 630129 509
61002 564105 470
92594 834938 509
527946 606233 452
354934 425686 449
636989 916313 525
278763 713588 509
239472 309330 407
332006 364360 441
184396 971780 525
242974 321213 407
152592 889401 525
809390 917125 525
333246 798642 509
245453 428616 449
41135 316323 443
290071 441506 449
2694 156844 383
387639 851824 525
186593 896043 525
342117 589236 470
481965 823117 509
325021 836479 509
420519 851186 525
179838 434929 449
770167 960413 525
64805 858001 525
667315 755414 504
1033 212563 383
93778 339575 443
133495 904018 525
382100 403374 436
539552 802089 509
606617 635007 509
13446 191550 383
26428 450062 449
408166 492765 449
367115 426054 449
610785 908131 525
14288 363704 443
247362 609128 470
42258 681323 509
12048 571071 470
552743 744397 509
38500 742762 509
305406 485278 449
225485 660472 509
524621 837605 509
384036 388683 348
313401 848262 525
310579 974021 525
357340 775055 509
846467 996293 507
68663 520823 470
49840 901051 525
68877 328524 443
627706 754711 504
293116 412045 449
36242 594066 470
221721 922286 525
62874 740098 509
390754 761653 509
153579 412032 449
103664 561903 470
352948 602063 470
389374 401915 405
463803 472906 413
581684 709679 509
24172 402835 443
722918 974473 525
226547 941791 525
179317 532927 470
10881 314092 443
413161 769921 509
109063 848029 525
147828 231334 443
671776 962989 525
235640 331792 407
620428 748950 509
465017 486103 413
264546 504038 449
79076 842287 525
226597 635261 509
618602 650542 509
10865 386380 443
666638 847929 525
125927 450008 449
50790 782017 509
329880 839894 525
475908 714869 509
30275 727585 509
461707 794173 509
463536 958367 525
573233 824706 509
716419 939576 525
749731 927943 525
533995 941016 525
504678 595190 470
132759 614067 470
225640 380991 443
777279 849807 525
643316 652598 385
747651 893614 525
18924 153805 375
164512 272751 443
423569 951676 525
238605 284214 407
600474 664790 509
7659 397853 443
428976 603293 470
618052 851124 525
551019 981550 525
85519 563497 470
154399 815391 509
144910 363871 443
48189 672048 509
217281 459547 449
503344 613092 470
305372 458582 449
494728 829671 509
374185 490169 449
197585 387354 443
40739 491388 449
426079 610560 470
731186 998035 525
122635 975179 525
115107 541640 470
152879 804214 509
279897 330212 389
520135 586884 452
40036 999375 525
318541 733756 509
110182 739911 509
580406 753730 509
49503 595312 470
217400 616948 470
438618 647449 509
49743 907913 525
56661 793381 509
834004 903940 525
750204 995600 525
369951 803958 509
528915 960875 525
363171 808696 509
87321 266912 443
470695 887538 525
630664 818411 504
215014 506437 449
367076 383392 423
711597 841308 525
316704 838283 525
497492 981142 525
181790 635383 509
699973 808455 504
31231 787825 509
412324 563797 470
21409 802412 509
142539 862184 525
313204 468583 449
333806 368430 441
475157 510243 426
93649 585144 470
67234 743701 509
820271 852768 525
537663 800481 509
102635 982776 525
706429 998647 525
328166 710076 509
65572 468263 449
599499 617915 447
169775 884263 525
297320 900182 525
201795 452461 449
604503 607645 341
227416 280338 443
538281 865383 525
256226 391106 441
207267 263360 443
697397 707705 504
357736 971753 525
493826 992733 525
263344 652648 509
125506 988790 525
37902 536559 470
661655 993594 525
741195 876596 525
963944 972431 458
255686 332523 407
262331 794829 509
252897 255792 363
447392 475993 444
314687 672433 509
294306 660798 509
87185 332946 443
489080 973696 525
105260 635447 509
301314 737726 509
251751 911793 525
164767 814839 509
464570 739717 509
61016 164261 383
17027 866612 525
636651 971463 525
61097 413437 449
591659 696635 509
701092 709266 504
70757 113438 354
499165 545307 470
66480 860302 525
182563 653484 509
484581 925801 525
509789 724684 509
131421 234016 443
98394 946023 525
747760 797099 468
17688 358120 443
438320 655778 509
70544 347297 443
70865 395233 443
82270 141068 354
363099 482665 449
532098 917463 525
501730 962925 525
259374 314503 407
200317 214750 373
15505 471860 449
109040 504678 449
121729 445094 449
470205 948568 525
28006 307293 443
337368 732565 509
262039 381556 441
94744 505101 449
87370 852595 525
243678 912432 525
269777 372656 441
384989 391673 436
31949 856043 525
713207 864130 525
40288 964878 525
58261 980670 525
330468 610740 470
102726 519364 470
