1000 1000 112
10000 1000 262
1000 10000 262
13484 46058 324
15496 75051 340
88352 97626 333
47360 62935 340
3143 17069 276
20328 76369 340
9487 77539 351
40339 65404 340
48425 93373 351
32976 83938 351
85736 89546 333
50494 97022 351
22174 94451 351
2915 64586 340
25661 48666 324
27615 48049 324
4940 6360 262
7783 99913 351
3709 59143 340
14338 98028 351
32246 43156 324
58445 95751 351
81747 87161 333
35053 44248 324
30477 76942 340
2451 13182 268
5892 94019 351
70583 99134 351
73309 74137 294
1081 27913 308
40519 62409 340
10710 71524 340
27166 89022 351
56224 73833 335
49045 50727 296
86563 86835 227
74813 94989 351
50230 89609 351
95311 96151 284
51213 84831 351
26266 63819 340
2380 96734 351
90 76458 340
70735 89740 351
86994 92587 333
42311 90705 351
4889 72967 340
13757 71736 340
87320 93772 333
20216 57552 340
36350 85819 351
97419 98912 297
25125 66036 340
21643 29911 308
12471 54912 340
7969 68520 340
13247 73791 340
2648 98940 351
42683 78988 351
26833 43692 324
42111 94558 351
39336 70055 340
5294 43878 324
1778 63055 340
35777 75454 340
39776 46536 314
9645 97118 351
4372 39049 324
9976 59779 340
52129 89209 351
27217 79198 351
43920 81827 351
8290 27070 308
71161 82036 351
20287 27396 308
59464 84150 351
46326 86305 351
52755 76063 335
53918 60944 322
29793 34389 311
44678 61002 340
37777 42371 306
37076 46252 314
46305 69815 340
1792 84611 351
33770 67613 340
47134 82467 351
42906 83006 351
41130 91358 351
13407 65220 340
32500 57169 340
3149 18223 279
46941 57739 340
43790 70227 340
71759 88340 351
49659 59736 340
19988 82877 351
8726 87620 351
3381 83068 351
19977 64986 340
57942 72524 335
47693 52522 309
52140 81411 351
22967 55472 340
15832 90885 351
69454 76286 325
38430 43724 306
30284 67920 340
31798 64532 340
37485 63368 340
47215 99276 351
3401 72226 340
37147 38933 306
5914 52306 324
67830 89448 351
16817 52625 340
29110 78750 351
72316 96508 351
26853 77841 351
47039 89495 351
18238 19476 261
21826 42385 324
15405 70453 340
32366 93802 351
2025 88374 351
8860 40611 324
68662 82688 351
2354 2369 121
1710 77277 351
28813 70149 340
35388 59906 340
79520 88382 333
4554 94507 351
48584 88211 351
23055 60480 340
10078 37447 324
29970 97049 351
3646 30507 308
81111 83344 320
24543 45320 324
13139 78885 351
18880 86553 351
8563 48380 324
31562 41036 324
6136 34994 311
61369 73899 330
8970 51089 324
6246 31169 308
28223 38892 324
29178 89265 351
82329 96589 333
65516 79745 351
19574 98980 351
72139 72620 263
1035 10301 262
1739 9564 262
78498 83164 338
45038 65806 340
15020 74732 340
12301 94320 351
28719 84721 351
31856 59126 340
26457 96519 351
28384 95277 351
51502 64143 340
3734 45216 324
3458 28820 308
13891 78586 351
29249 39886 324
4640 18287 279
29264 97094 351
23818 80990 351
39571 58534 340
31922 33565 267
30162 79569 351
15414 37583 324
3080 60665 340
72921 97796 351
77401 91649 338
53434 87384 351
29691 67168 340
76721 93765 351
61896 70006 330
26113 47079 324
18583 50394 324
60608 71289 335
68571 74038 325
4201 77681 351
6127 65352 340
53829 84129 351
15260 34304 311
1851 92301 351
26980 95292 351
26535 56963 340
50536 98105 351
14804 86637 351
32423 37135 324
1112 67243 340
8826 68360 340
4038 31044 308
47602 64600 340
58085 61800 335
50880 52281 309
13992 92109 351
28564 77694 351
53151 73650 335
35693 68231 340
38743 77365 351
29410 47753 324
31390 84998 351
86658 92564 333
32370 63972 340
10519 96622 351
24592 32528 308
22578 70317 340
9689 72179 340
22385 94960 351
21267 97444 351
9495 78338 351
18356 59633 340
19719 94553 351
10897 60735 340
72947 95783 351
29039 96840 351
22809 97168 351
23078 35046 311
20234 76912 340
45689 78791 351
27568 28049 259
39799 76938 340
46167 47248 283
40984 74712 340
10495 87370 351
38017 54418 340
36866 53077 340
23751 66155 340
13786 63925 340
49908 64372 340
58812 71592 335
41508 77332 351
51291 89908 351
6236 66512 340
75634 83754 351
76052 96785 351
55036 86576 351
25900 52791 340
34670 62348 340
6155 23366 279
13368 69283 340
63565 72426 325
50425 92644 351
64011 66917 299
35725 46411 314
36991 72926 340
13084 92044 351
42985 53137 340
15350 60399 340
26657 96584 351
4785 90532 351
72853 73452 294
32071 98302 351
24828 37297 324
30070 60044 340
65227 84263 351
15213 71319 340
24172 99645 351
25256 72553 340
20680 21053 256
7690 91795 351
24018 64173 340
36744 91363 351
32162 99823 351
33598 64892 340
61313 83844 351
35222 73225 340
65565 82001 351
2865 30916 308
63047 96926 351
54455 87059 351
37573 89751 351
62504 68277 330
20533 87954 351
13644 34886 311
43772 75707 340
22959 98122 351
75002 89356 351
3199 89622 351
293 90912 351
24175 45558 324
28952 41302 324
32620 95575 351
39472 67505 340
11638 56718 340
22725 52371 324
4288 62393 340
20708 61995 340
38566 75059 340
28606 40744 324
2694 7446 262
35886 36805 249
6494 34151 308
36874 63541 340
49551 90733 351
29032 67428 340
38975 91774 351
6765 93359 351
45578 66063 340
4396 58055 340
74144 89120 351
52794 53618 322
17722 24275 282
15794 79852 351
3991 26763 308
23593 87564 351
16739 28092 308
46536 79607 351
41037 46254 314
20001 96233 351
32731 65572 340
16550 29157 308
770 48503 324
41313 88520 351
41307 53977 340
18603 70738 340
48378 69949 340
17156 67875 340
83959 85051 320
1211 47682 324
68317 77510 351
45236 67455 340
12885 25965 282
16388 59348 340
32200 76349 340
73988 76707 325
4080 66658 340
14470 65097 340
51744 63270 340
25257 96291 351
2630 94171 351
33378 46947 324
25557 86475 351
72210 88175 351
21269 67432 340
27547 92745 351
55275 55704 260
29649 95762 351
31240 98003 351
7529 85864 351
15509 87853 351
25379 47438 324
29076 47680 324
2204 96505 351
11025 74138 340
30977 97195 351
74550 92255 351
79970 95310 333
3228 56302 340
8579 27783 308
9512 36227 324
31710 93470 351
47559 89774 351
26883 95192 351
83404 97221 333
6555 75369 340
22521 82578 351
18680 24212 282
64422 75667 325
36584 94648 351
11874 68024 340
70278 96699 351
4043 86557 351
16927 24252 282
33250 87409 351
25207 32233 308
4738 97998 351
27489 81275 351
27523 87978 351
9447 85929 351
33378 78555 351
28695 51232 324
27782 86780 351
26475 97142 351
2045 26248 282
22864 27185 308
47890 80005 351
44576 98658 351
664 39281 324
37621 64340 340
75084 82854 351
9817 35004 311
19559 84948 351
28013 60493 340
34484 51616 324
40083 66490 340
35405 37778 324
47919 68739 340
21647 61344 340
18169 23057 274
7213 34796 311
67878 72387 325
30602 31235 254
57985 65867 335
7946 66856 340
52391 66030 340
65005 79576 351
39262 43295 306
23069 69261 340
52441 94062 351
20592 39660 324
631 83497 351
84133 88095 333
38981 77937 351
7097 37980 324
4454 92176 351
69751 84462 351
58136 58431 242
24332 39582 324
16830 44172 324
40123 54982 340
46988 71100 340
29880 92625 351
18877 34815 311
30963 37234 324
19778 52097 324
12789 77308 351
24247 48088 324
65440 86077 351
65204 90733 351
20867 81097 351
5464 21071 279
7596 91887 351
29523 61079 340
6062 55280 340
65904 99854 351
11561 30946 308
30610 44502 324
20859 89476 351
45443 80945 351
21758 87324 351
72094 81049 351
29085 60216 340
14649 15306 271
53538 61316 335
74878 89380 351
59027 95234 351
43819 70773 340
30762 82487 351
41134 47226 314
21570 50292 324
32063 99664 351
71361 80790 351
63205 76942 330
77825 83590 338
30978 59083 340
37572 93617 351
50237 70375 340
8487 95071 351
84588 94259 333
27440 76711 340
24738 57875 340
85852 99197 333
67770 84747 351
44759 76296 340
47885 69675 340
38909 60342 340
53775 54904 260
62583 91828 351
38412 81819 351
73733 98083 351
51477 90035 351
16641 87575 351
1318 37440 324
52501 78604 351
35783 66818 340
62870 63322 317
4738 62076 340
25534 67353 340
9042 42188 324
78174 99642 338
89363 95665 333
82786 96045 333
57229 68954 335
6214 20451 279
23724 84943 351
42781 95556 351
54894 66170 335
50842 64767 340
57808 90799 351
28648 64578 340
2783 92390 351
31502 97883 351
51875 90756 351
10818 64004 340
15991 85995 351
24740 32336 308
5457 58627 340
25031 47944 324
71923 95317 351
46030 49016 314
23995 40916 324
10053 56472 340
41135 57552 340
16613 68212 340
7316 52802 340
12956 41802 324
6631 52886 340
6657 23866 282
25625 85053 351
11778 47618 324
40642 46866 314
16590 73676 340
35235 76690 340
7824 8791 252
10545 81369 351
11254 74943 340
16902 27553 308
45260 83408 351
31560 78579 351
40464 87118 351
41092 53475 340
44238 50368 314
21889 34326 311
36605 54940 340
16628 84662 351
91629 98023 328
939 42180 324
61573 94386 351
47453 89549 351
27012 85739 351
38897 72067 340
32418 96617 351
1686 77016 340
1439 70378 340
63826 79269 351
15511 54612 340
18580 58351 340
54010 72232 335
25008 77106 351
48494 97791 351
5798 73614 340
24824 31324 308
77522 90356 338
24140 94994 351
26818 89593 351
23444 54511 340
44488 64993 340
17703 88804 351
10004 94853 351
20063 55722 340
34796 38481 324
38490 74985 340
21298 56968 340
30748 37471 324
39013 79941 351
24244 52993 340
7017 92464 351
11936 68017 340
8800 76907 340
9558 10867 255
80358 82909 320
54259 83627 351
39974 80541 351
10837 46507 324
14606 31202 308
71132 90024 351
62570 88022 351
16752 30947 308
45741 62357 340
28861 35814 324
47019 84989 351
1685 40628 324
20137 90166 351
68021 77648 351
4541 51990 324
51635 63752 340
4198 39899 324
84862 87930 333
9953 38763 324
37911 89913 351
68869 71137 312
9120 38177 324
66735 68530 312
53718 62438 335
70569 86226 351
8816 47027 324
52 18654 279
23500 28096 308
47461 62485 340
29335 55094 340
51805 85601 351
75756 87995 351
54353 91862 351
20494 92524 351
17788 26169 282
83349 90178 333
38069 83280 351
20671 39690 324
39304 44662 306
39818 89943 351
31811 56151 340
24648 73913 340
15239 92035 351
39587 54514 340
56890 93722 351
42140 64768 340
39648 54002 340
26717 41962 324
4665 90439 351
15378 69140 340
59044 65930 335
50423 60669 340
73615 75452 325
28873 62423 340
92301 93645 315
40275 90964 351
81626 99187 333
51921 84853 351
5403 19962 279
19758 94775 351
9935 83591 351
2604 83727 351
8832 51151 324
77281 88745 338
49385 72421 340
32076 72281 340
62950 90045 351
34858 85120 351
5295 82307 351
37775 66080 340
10765 38410 324
53513 55874 260
39506 83054 351
6278 15766 276
5638 93055 351
18240 21801 274
24507 89313 351
23616 67863 340
25123 26530 277
30518 33078 285
34248 46053 324
52835 73390 335
57023 98353 351
95580 98638 297
49911 86584 351
29594 63007 340
60009 76455 335
69437 93894 351
21328 29465 308
91666 92398 284
47692 51970 309
61715 95270 351
21349 34060 308
23381 46320 324
39536 86035 351
55218 75183 335
34059 80828 351
3026 32911 308
4679 94553 351
70444 73738 325
23366 86893 351
32532 58387 340
22839 28769 308
49843 66937 340
72393 73473 294
68244 82910 351
69451 76554 325
38453 99229 351
49236 86647 351
16015 63902 340
31464 59982 340
40537 95374 351
18741 58826 340
35874 61078 340
47885 67183 340
11168 37161 324
2631 65645 340
64288 64728 255
83400 92114 333
14199 68090 340
74367 98911 351
29086 91695 351
10186 39223 324
2007 15165 276
35886 65496 340
84547 91079 333
7470 65446 340
6091 33238 308
19444 75985 340
67070 78798 351
1421 68993 340
72456 82511 351
25609 69059 340
59640 82300 351
69378 82953 351
4150 71363 340
86738 89314 333
37155 42903 306
54013 60143 322
34984 84988 351
58922 72560 335
65656 72265 325
33942 84737 351
45446 83382 351
11331 76700 340
62312 75629 330
41275 52184 314
45985 88027 351
43481 84705 351
41341 86232 351
55644 69944 335
20327 59140 340
52521 64604 340
4593 71663 340
87399 98351 333
37829 99007 351
7015 87063 351
78283 80204 338
5719 57909 340
37606 73221 340
50223 84560 351
53058 89526 351
15205 31478 308
8196 70551 340
49595 92495 351
65880 88778 351
49353 74975 340
28547 30234 272
34218 37509 324
67540 69771 312
2176 47376 324
58956 92558 351
15768 34500 311
77241 95371 338
17293 22691 279
11886 37349 324
27271 65058 340
92533 96349 328
70966 79519 351
19887 37686 324
20482 53552 340
6529 14258 276
26326 72910 340
57413 66550 335
3108 66653 340
68392 73938 325
30480 48932 324
51564 65938 340
25108 84123 351
10366 31837 308
12518 25913 282
58207 96513 351
27237 34694 311
78936 82157 320
73193 83631 351
3484 12293 268
8200 97746 351
8237 52186 324
27099 81672 351
69914 75736 325
34807 53386 340
60418 81685 351
45726 90578 351
1372 83440 351
12454 20662 279
29476 59305 340
59313 59926 304
776 23181 279
22636 84215 351
68139 76025 325
3112 69734 340
7981 19301 279
38547 55368 340
25124 77778 351
19099 36205 324
57905 60967 317
16781 76647 340
47837 81770 351
28310 88645 351
25313 51407 324
10687 81233 351
4279 72217 340
24035 49376 324
44662 84231 351
58181 61553 335
51334 67895 340
47768 86753 351
29589 66816 340
56323 91745 351
22826 57614 340
12568 58681 340
20312 56995 340
10956 22740 279
14091 46423 324
8471 44011 324
18760 97767 351
17934 50441 324
54437 90697 351
10920 22885 279
76881 79120 351
50022 89968 351
22113 87014 351
10414 19855 279
10940 98683 351
6644 55815 340
30938 55207 340
7272 47921 324
65819 91720 351
90170 91265 315
2260 21442 279
7654 49367 324
11990 92327 351
54561 58266 322
2119 91005 351
18064 18207 248
23066 72472 340
57386 63795 335
20221 53680 340
5503 69096 340
4038 33281 308
41369 53580 340
16499 65519 340
14645 43387 324
55511 57802 322
47464 78208 351
28423 33337 285
26564 99799 351
54826 88891 351
55202 92916 351
34494 76053 340
46605 84178 351
10704 70103 340
62408 85988 351
19645 36667 324
41969 89774 351
8423 77126 351
28002 69083 340
15030 41940 324
48514 70588 340
36074 43727 306
53302 61106 335
61767 79728 351
17561 69023 340
3646 15005 276
3207 21269 279
67206 94935 351
50626 91948 351
18871 58538 340
34265 71377 340
38472 38869 231
20808 68474 340
5185 92609 351
10886 83105 351
52571 82252 351
68091 84223 351
34388 53461 340
11168 35831 324
34811 39633 324
34952 57730 340
47091 73007 340
36758 87631 351
55338 64974 335
35412 47853 324
56102 66400 335
24068 69153 340
7947 73758 340
90750 91032 271
12900 93824 351
41609 72635 340
56429 75889 335
11073 71210 340
42705 85539 351
41154 75387 340
18109 69267 340
88252 88950 271
33021 89833 351
29325 88169 351
17146 30996 308
5192 6808 262
31463 82601 351
2457 92658 351
61387 71971 330
30632 33801 285
43272 92677 351
18506 51253 324
1245 65883 340
64512 65955 268
24725 41241 324
44809 57438 340
53800 89005 351
72489 76391 325
20770 91516 351
68563 96892 351
48187 84207 351
51207 95374 351
53883 96263 351
26615 69757 340
63 60935 340
52529 84143 351
53676 98104 351
20906 64768 340
49903 65954 340
58815 92476 351
27093 77357 351
48497 63344 340
32132 77365 351
7123 34141 308
6925 54165 340
20379 56474 340
13628 52893 340
44805 79787 351
40011 78116 351
70884 79597 351
65536 88046 351
35532 80285 351
10616 54375 340
15267 64961 340
51626 70433 340
58310 59978 304
26416 73424 340
81616 92313 333
87659 95314 333
44274 67082 340
75194 80856 351
40142 71918 340
4207 79467 351
3478 11068 268
64144 69836 312
28786 67976 340
36741 69087 340
80300 80412 245
28838 53728 340
39416 55232 340
76340 77897 351
78326 81902 338
35132 90117 351
80389 100000 333
2537 53487 340
23993 64249 340
20166 54630 340
13426 24700 282
13155 26556 282
36448 40557 306
238 31287 308
54302 73443 335
49337 64385 340
55049 90292 351
37988 71480 340
75178 97853 351
1288 12565 268
50320 96931 351
38088 46928 314
2547 76201 340
7601 31611 308
82081 89639 333
49950 62613 340
9732 23932 282
66199 80001 351
35790 39930 306
10359 91326 351
8649 97906 351
51449 68584 340
4746 77730 351
45876 54515 340
36363 55863 340
17914 75423 340
60534 66467 335
9449 69515 340
42794 71781 340
55442 75941 335
84417 96524 333
7418 51524 324
56158 87573 351
63557 89881 351
55742 83018 351
20843 60904 340
53806 80488 351
23921 85888 351
2753 94552 351
20946 40573 324
3594 38122 324
26256 57841 340
12196 98560 351
7089 9572 260
60636 63216 335
2264 37909 324
22238 30796 308
25419 99230 351
11552 73157 340
4426 79017 351
32541 37106 324
38078 56543 340
75096 92327 351
65665 90235 351
62688 88371 351
39972 62312 340
71198 82304 351
63829 70692 312
