68582 38209 340
66003 73198 325
83185 108131 354
11359 20369 279
31593 83925 351
62168 44611 340
199975 193546 360
26216 22518 282
20092 39057 324
13031 57544 340
122037 125128 331
84772 30746 351
63940 2038 340
6189 47911 324
76274 1065 340
109143 99757 354
641681 643528 416
58570 25370 340
357970 354720 379
80247 35890 351
69883 59142 335
72680 94063 351
66936 83 340
62812 97740 351
29538 82716 351
225217 224601 368
618440 619005 310
103212 66577 351
28362 4315 308
48363 42748 314
100785 111524 354
57904 83480 351
97420 76424 351
48333 72010 340
6147 36809 324
110539 6275 354
26992 108358 354
7275 16656 276
61220 50038 340
39922 38904 275
505905 508482 382
26772 13910 308
6128 105656 351
173155 183822 365
84534 78413 338
42508 57789 340
306537 307555 309
41458 66656 340
400156 399482 374
66025 20230 340
61431 111338 354
46738 56201 340
449080 449939 369
63130 44690 340
108662 80490 354
52322 45066 314
150220 147604 370
106706 9865 354
98760 60177 351
591770 601192 403
743849 743855 168
712489 713463 411
46086 71260 340
66452 46421 340
676250 678462 336
98197 102429 341
115071 131479 349
86215 6067 351
98662 51129 351
896155 892219 370
36583 111026 354
59452 41669 340
52750 9737 340
11528 113347 354
5404 85037 351
78093 14169 351
364988 366226 361
94499 108426 354
167271 166210 334
14212 17523 271
44405 51415 314
550291 546203 452
238007 233306 381
27988 112908 354
46122 59464 340
20719 59533 340
48746 9330 324
184250 177375 365
92236 53916 351
456320 453952 338
87732 30581 351
33935 79408 351
32422 94449 351
55476 43383 340
177842 180614 365
63752 66780 299
14327 97363 351
7775 87552 351
98416 69339 351
693434 693931 305
273435 273882 314
83226 53556 351
68523 49028 340
110496 71878 354
50027 87798 351
2185 110384 354
107513 7201 354
704401 703694 305
462109 466851 369
795409 793984 331
41132 19579 324
90302 55685 351
93010 12498 351
30544 41561 324
28610 46267 324
73613 63348 330
61353 27067 340
4685 41720 324
597456 603826 403
596938 600616 372
75553 72552 325
985785 991100 396
21270 27613 308
78827 61471 351
40418 18308 324
70692 60884 335
1746 110151 354
10338 79579 351
15903 83046 351
707388 708624 349
9403 66303 340
193 72490 340
674862 672624 367
327375 334896 353
101111 54435 351
398226 393567 405
36254 82031 351
13431 62910 340
768621 767698 468
26155 61291 340
399451 400123 374
11931 63402 340
99877 4209 351
69874 46818 340
166873 165557 352
88002 42530 351
34101 74840 340
56438 38776 340
111695 97696 354
12127 44295 324
103175 4501 351
37156 42335 306
4567 18218 279
24683 85283 351
87432 46502 351
324 22415 279
180477 171904 365
45518 98072 351
14830 54673 340
47774 112660 354
28946 71876 340
95003 62302 351
68495 78339 351
61224 68144 330
132341 131273 331
12372 100958 351
2736 76467 340
97377 106664 354
61069 39594 340
229270 235992 443
170205 175125 347
120391 117523 336
179339 179427 303
31807 32426 267
106154 99430 341
37667 50792 314
685585 681632 380
114661 122384 349
131374 124576 344
412483 414953 374
35663 30719 324
599507 592408 372
297859 290764 358
994707 995603 290
75902 45970 340
76749 97797 351
468937 473683 338
223188 215767 386
897432 896418 370
76535 66276 325
72508 78059 351
72898 97611 351
20357 19295 274
353370 357793 379
266725 268750 345
334855 334413 291
23729 63996 340
18836 12474 279
62904 25632 340
37253 9089 324
351061 345188 441
40040 42669 288
71165 112255 354
21454 44867 324
142268 144731 375
228157 230232 355
89090 44727 351
5254 33357 308
446435 451053 387
352090 345494 441
246404 249463 350
357767 344808 441
5696 4298 236
110910 23098 354
113513 131128 349
107525 6934 354
79056 7399 351
80903 20798 351
334275 325506 353
265251 262769 407
57739 38491 340
75119 15827 340
791264 790146 375
463201 464736 338
85151 39199 351
47512 33459 324
440369 453026 387
84618 50615 351
448255 438796 356
54326 47874 340
109909 109840 310
9876 104727 351
298030 292926 358
227757 229378 355
334842 327861 353
86808 107756 354
52158 54918 340
700286 699165 367
118598 122454 336
16662 27519 308
97539 101572 341
900723 898361 383
47377 103221 351
671907 671253 323
584363 586113 359
221221 225698 368
64877 87733 351
156614 157793 339
336 93244 351
30054 44560 324
214130 214121 293
41319 96578 351
54495 71321 335
41308 98756 351
335457 332541 335
78849 31324 351
101057 5514 351
66807 108154 354
82676 63345 351
469475 477091 382
98729 45625 351
108555 27955 354
74128 62650 330
678894 671928 385
76557 79888 351
342655 353499 441
55856 61420 335
739818 744457 393
90934 91552 333
596028 598258 372
42375 73827 340
704857 708629 380
84761 75949 351
100721 52223 351
591381 589764 359
174757 182136 365
30870 85637 351
351089 351838 379
21656 78288 351
82276 101697 341
335971 335953 198
59602 45463 340
925153 926962 370
58463 66406 335
865539 863842 388
594951 600255 372
83372 63721 351
41841 10722 324
88609 79767 333
349859 342613 441
89705 98718 333
35308 22213 311
111737 11244 354
111367 37012 354
95133 75316 351
15492 101178 351
112904 56105 354
59140 1441 340
758721 761132 380
443644 443349 232
58227 31723 340
20576 105352 351
15558 20808 279
114316 114890 274
944728 945192 352
27011 6717 308
87327 47306 351
793505 791643 437
127913 132213 344
954100 954772 277
78023 87749 338
94631 91828 315
368014 365555 348
46042 90989 351
31811 28199 285
39000 99573 351
89893 85056 333
86913 44114 351
709117 706704 349
84417 60832 351
441590 444582 356
19868 84944 351
79870 73919 351
28794 44345 324
78199 38023 351
79498 1531 351
107903 22012 354
98388 80176 333
103298 44174 351
10106 112234 354
60700 107269 354
1797 32823 308
157613 159029 321
6583 22393 279
977587 978057 321
528173 525596 408
96486 35312 351
15788 35750 324
101965 98503 341
9182 109903 354
31696 1853 308
780243 778177 437
705382 713141 411
99512 110410 354
72974 57002 335
292871 293270 358
948270 951061 414
439347 438048 400
674671 670548 367
24500 102695 351
49658 41624 314
381589 379151 379
49299 71117 340
984824 987556 427
75656 27891 340
112851 4808 354
40572 42289 288
14350 93331 351
526010 526079 258
79640 11801 351
33785 92653 351
36542 97640 351
85265 33975 351
70787 82334 351
67753 89949 351
100826 98402 341
82461 48312 351
107865 22837 354
15563 46730 324
671233 674333 367
633205 636515 416
5318 1226 238
550342 549687 315
310000 309540 340
23385 91401 351
61714 74659 330
38035 148 324
62135 26662 340
797513 798598 344
777842 779938 437
873034 873766 326
78088 89014 338
894768 894745 282
80767 64823 351
345194 357839 441
115758 117714 323
83042 74653 351
443428 439245 356
164621 163025 334
56128 4900 340
98453 105410 341
103248 112323 354
24124 13061 282
241819 239544 368
63045 31366 340
21702 5777 279
800397 803072 406
15877 87351 351
731955 731527 336
65887 88130 351
120252 122551 336
29842 99935 351
107673 54418 354
443636 438517 400
98165 37856 351
21671 92557 351
88928 20337 351
353036 343580 441
261666 266898 407
60948 102917 351
43746 89285 351
9177 78456 351
60225 25777 340
684813 682365 380
113294 4029 354
76816 46937 340
3578 79495 351
88183 86699 333
1415 20913 279
36675 80066 351
689950 692701 442
48565 103930 351
15835 387 276
339877 326293 366
40691 81477 351
968488 967998 321
116687 128019 336
47861 21032 324
100668 71689 351
342527 350739 441
15233 33371 308
275724 275143 345
635559 636843 310
6506 96009 351
702353 703963 380
409746 414306 449
91463 24961 351
224731 215714 386
66800 28457 340
343767 350781 441
95639 1534 351
12958 95894 351
24927 60299 340
741211 745059 349
30748 71222 340
17503 77105 351
31113 37817 324
36272 107557 354
340918 340855 229
15094 12694 276
83203 76591 351
25625 45348 324
17541 67523 340
314588 314910 278
71702 80047 351
96009 35334 351
19854 55886 340
18688 36788 324
102893 79898 341
900217 898085 370
570445 568387 377
17689 9532 279
55973 24437 340
238 45503 324
17731 29384 308
880401 878532 357
73904 25870 340
17539 58872 340
21540 69540 340
5122 63257 340
121806 122140 336
78542 68789 351
13541 88442 351
45414 109566 354
214484 225045 386
878860 875573 432
2644 4264 238
33508 62059 340
83470 42056 351
76504 68196 325
101509 95308 341
70706 84072 351
454479 456310 338
64457 105170 351
126968 126970 132
50886 44369 314
90168 74753 351
93625 54300 351
71395 86827 351
61949 52799 335
70196 99911 351
56912 58876 304
130167 132470 331
355538 357143 379
490120 490081 245
55649 71543 335
58795 14478 340
81639 104529 341
677206 670045 385
132820 117667 344
70729 82638 351
506601 506988 382
86489 16644 351
345613 352356 441
49452 48700 296
73822 2164 340
215064 221884 386
5435 78658 351
548546 549871 333
875724 881630 401
66444 26139 340
59460 39785 340
64356 83635 351
121786 121565 318
62209 67847 330
93883 21845 351
23618 51159 324
52035 105573 351
478 27468 308
71692 22492 340
192456 196506 360
266237 264887 332
252298 246058 350
325020 333863 353
986714 988633 396
110002 47124 354
530670 527826 377
14034 52986 340
70797 89098 351
775504 775472 194
38885 38578 244
65782 77025 325
563374 563062 328
102302 111691 354
14803 93009 351
147282 138938 375
33447 94392 351
102357 93651 341
73949 22990 340
903771 906157 383
400651 401499 387
310765 310200 371
12940 26364 282
9332 71914 340
55821 77674 351
98786 89888 333
105195 15186 351
95560 113101 354
33332 40536 324
86332 61820 351
86115 79477 320
497781 498400 351
144206 150971 370
46734 2146 324
143590 146496 326
87397 32122 351
702978 702938 305
79780 105560 341
990502 991009 321
30742 25116 308
2120 41751 324
109764 94327 354
107120 58678 354
9254 68627 340
66567 32818 340
59143 75820 335
220613 223239 355
72085 73048 263
49613 50252 265
36917 77323 351
34227 15383 308
693766 690436 442
131146 124246 344
12414 15910 276
33116 51498 324
6515 84954 351
29857 18135 308
68248 3096 340
50307 53734 340
105657 34322 351
52604 42019 340
21768 8685 279
220488 213662 386
78910 4851 351
472642 476502 382
104951 105400 341
41470 73950 340
34137 70211 340
45542 4983 324
179763 172894 347
19997 31250 308
86217 97263 333
80344 33040 351
15200 57578 340
315475 313545 340
21391 47263 324
66064 33391 340
94809 54754 351
301124 299261 371
82351 87669 333
108065 17786 354
104404 65268 351
39098 6285 324
161226 161027 215
104585 31183 351
21068 70775 340
335800 333470 335
85393 89445 333
57860 30604 340
758591 761188 380
98186 66995 351
382054 382408 361
92835 48918 351
71420 44482 340
170791 170813 259
60544 10255 340
50500 91887 351
174861 182504 365
269696 269639 270
53486 95707 351
85695 69724 351
58046 73134 335
43142 107573 354
91483 41397 351
83895 66425 351
83872 85835 320
53259 99399 351
20596 111424 354
993063 992361 352
74041 81234 351
71657 59169 335
604542 590764 403
593272 590343 403
22141 7298 279
990102 991697 321
422847 425266 418
182038 181569 316
366372 364677 361
85932 60573 351
960083 960897 352
302195 300521 309
2538 75243 340
62778 42496 340
67837 84194 351
32629 38203 324
112095 104168 354
125908 123426 318
83853 80708 320
44123 47486 314
12603 9821 268
80766 30890 351
904 57334 340
4308 76071 340
109496 36169 354
84634 108756 354
65263 3560 340
184348 178619 365
264473 260240 407
55914 50921 340
105973 59734 351
55746 32466 340
444850 440852 356
92223 77198 338
15923 87350 351
841530 841710 313
356565 345823 441
215710 222806 386
340827 346337 441
56477 68532 335
40081 79723 351
40292 40731 257
52487 50818 309
426632 429546 374
67238 6272 340
107659 69780 354
81558 63476 351
109277 101355 354
494342 496730 351
992104 997003 365
79910 26042 351
105472 50644 351
99917 56957 351
5276 90486 351
97259 70693 351
106709 104168 354
63451 84182 351
569966 572964 377
74443 10059 340
33098 18743 308
9540 106682 354
50348 94534 351
67338 56555 335
138219 135787 331
73489 101938 351
741999 739386 393
32272 70124 340
60212 108772 354
63 92513 351
268395 260876 407
107686 69676 354
29978 103858 351
47311 85804 351
224450 219153 355
462420 462507 232
100775 18039 351
260932 264192 407
43780 56208 340
446980 439489 356
85528 54560 351
172580 183067 365
66975 66412 268
18910 46005 324
196329 199734 329
790313 795568 437
62925 32123 340
63280 22675 340
47677 10275 324
109563 100857 354
72274 54287 335
843276 843833 282
745898 743018 349
12163 18262 279
107524 59423 354
859116 858140 370
745504 742650 318
41448 107461 354
68415 12231 340
889660 888423 370
36438 55932 340
216055 216990 386
169072 169323 272
97242 66310 351
633500 631839 385
76570 83369 351
740869 742688 362
28730 62132 340
89521 81110 333
263496 264384 332
72494 64374 325
530976 529639 346
66889 70167 312
862095 861902 326
16933 71167 340
31953 41668 324
128523 128058 331
54021 48636 340
45973 37377 314
28477 3863 308
714749 714909 274
86099 101173 341
105383 43742 351
48671 95472 351
721254 721319 212
22598 76354 340
149794 148963 326
61975 83884 351
6440 108592 354
110960 76639 354
338823 335702 366
762033 758696 380
58471 54692 322
41685 99509 351
108877 9678 354
11988 11899 250
57180 103860 351
66068 47334 340
73331 25633 340
59336 51732 340
111726 477 354
68924 111949 354
596636 592467 372
94775 37366 351
108410 47803 354
898755 898930 370
36991 18125 324
17678 84955 351
507050 504289 382
491744 491135 320
82511 33935 351
295749 295911 252
44734 50674 314
365 54548 340
51939 109833 354
275943 272305 358
86138 112962 354
133208 113514 349
49144 98134 351
705929 708240 349
90128 17524 351
97066 70444 351
4062 84091 351
738451 740235 424
16063 59400 340
29534 26008 308
105644 102926 341
50052 49434 296
15349 87650 351
87133 40174 351
87219 82356 333
995918 994697 290
38134 89164 351
65181 38998 340
8740 103714 351
76728 71119 325
315870 316649 353
16626 9527 276
19937 10057 279
89106 29075 351
373800 372424 348
78597 43553 351
105879 30323 351
723282 721505 411
50392 14774 324
41289 9842 324
464917 464114 338
68325 79820 351
469567 476190 382
8923 93847 351
80684 44733 351
76390 49610 340
657148 658590 398
61045 14122 340
796647 788970 468
458097 454413 356
7127 105407 351
483085 482121 351
45750 24527 324
840333 840505 357
107518 1756 354
324562 338289 366
302259 301380 296
56313 37443 340
18290 812 279
23766 105586 351
98713 92708 328
55750 21388 340
72329 20939 340
385246 382911 330
58628 69351 335
49050 77321 351
108558 56075 354
21592 39732 324
28381 53905 340
118909 129749 336
352496 349992 379
768341 768488 256
18708 71823 340
14658 10802 276
87554 24912 351
74759 49981 340
342823 351399 441
22156 71998 340
106954 109035 323
19141 62176 340
6795 25685 282
506637 509396 382
711246 704851 380
24001 32765 308
45879 17187 324
51695 54107 340
40592 107610 354
64191 58904 335
19420 93811 351
86649 82998 320
48128 113059 354
101420 100342 297
58756 107452 354
35754 107964 354
74927 59452 335
3476 99288 351
42908 20146 324
664283 664051 367
3739 84602 351
81081 93144 333
60307 49372 340
99894 16084 351
28800 62699 340
84344 53744 351
18321 42553 324
86934 22455 351
38309 110976 354
218752 221748 355
58253 103064 351
664151 660954 367
21371 8800 279
293993 290820 358
172045 174347 347
275189 272446 358
150603 148721 370
69914 36136 340
93331 67260 351
44300 66585 340
19547 65277 340
220999 220501 249
38251 67991 340
49048 43475 314
65878 35882 340
492087 497906 426
51059 13911 324
32134 98164 351
105050 33047 351
32887 24966 308
32689 69435 340
627201 626704 310
62256 6004 340
1306 46006 324
76073 34586 340
45720 27845 324
60533 107851 354
5071 96548 351
66245 11131 340
809113 808625 313
12896 2923 268
52633 103732 351
12881 105337 351
214139 223293 386
103708 92849 341
301977 294808 371
611024 611992 354
9209 22349 279
33816 77901 351
410343 408790 449
345748 341113 353
351807 352893 335
90345 66550 351
4732 4755 166
70303 111233 354
106848 56082 354
100985 14601 351
12398 20564 279
162750 169915 352
138187 134382 344
72023 27083 340
564693 561329 359
39880 24361 324
53276 93439 351
444214 442207 356
217532 217457 218
94841 33435 351
31286 34034 285
48483 4755 324
111677 61994 354
7862 77506 351
59449 30339 340
153998 152802 308
769134 768138 331
78222 101815 341
274 111140 354
533214 533359 271
180295 184356 365
82505 85334 320
712116 713533 411
33264 109353 354
108167 48416 354
682661 682744 292
89321 16539 351
22501 7788 279
77174 24747 351
19760 37961 324
45272 101234 351
45626 67 324
67836 44598 340
122767 130250 344
13277 91109 351
744514 739398 393
61631 68664 330
356564 342786 441
3081 83372 351
679316 674573 385
171604 183425 365
72286 23792 340
108441 95380 354
62970 98760 351
72496 97697 351
75185 1233 340
609075 608587 359
12307 64397 340
443671 446759 338
16206 6137 276
188708 186147 347
31876 87392 351
451825 443578 387
48393 14872 324
289858 289178 327
37895 95748 351
342014 356236 441
112960 94426 354
94197 100629 341
120565 121869 318
54416 45787 340
989196 991259 352
315926 318151 353
593192 589873 403
17905 52674 340
60572 3337 340
99508 68520 351
107829 82955 354
335701 324354 384
19076 57635 340
103571 65441 351
