91597 53257 351
22276 2288 279
31637 69988 340
95251 56438 351
83012 18395 351
73676 3194 340
82289 49518 351
56478 90219 351
29275 81179 351
66289 83445 351
79532 60197 351
78703 4480 351
76322 50175 340
59853 75258 335
11432 53054 340
22663 55886 340
58175 3029 340
89369 44939 351
17729 6164 279
24559 972 282
20518 17094 279
66612 14588 340
4807 19159 279
339 39443 324
22888 34083 308
10632 66628 340
71109 2420 340
52595 5687 340
80945 63783 351
16837 28801 308
84687 8729 351
28110 55852 340
791 59214 340
65378 17479 340
18451 34873 311
51967 6290 324
37230 38969 306
58129 18579 340
58022 58389 242
92472 58468 351
41448 97262 351
99682 19456 351
25143 28909 308
92693 68630 351
97431 6089 351
14818 25882 282
81735 98470 333
57685 42929 340
60408 98878 351
33751 39415 324
62057 95212 351
34181 85718 351
20650 99287 351
57677 8662 340
83482 78672 338
75935 66501 325
85958 24931 351
53840 91969 351
76951 11101 340
33542 46533 324
88768 74382 351
72853 48361 340
7642 70503 340
85733 30538 351
86305 84402 302
95966 19485 351
21555 48363 324
64002 30148 340
55162 42205 340
37230 21679 324
4533 38645 324
63576 29517 340
21486 6843 279
17944 33768 308
96654 98438 297
89172 67839 351
32552 85422 351
72277 62025 330
8915 40194 324
40948 58010 340
93847 11573 351
59936 36915 340
83415 15403 351
57608 23938 340
61970 38577 340
77222 11190 351
40707 82855 351
89698 57150 351
90919 78546 338
93336 23994 351
91833 87573 333
89347 82508 333
60886 24385 340
80931 61624 351
35986 86153 351
14078 21880 279
75147 29834 340
61589 74014 330
14305 58562 340
13491 35549 311
46740 92627 351
91834 7066 351
64216 87447 351
82345 81532 289
5526 71487 340
75412 75681 263
74542 97360 351
38097 64759 340
42735 51780 314
54285 19029 340
40909 78722 351
8556 68364 340
58730 16056 340
90970 70145 351
5694 89387 351
82014 4461 351
11527 68786 340
72586 90200 351
71732 92096 351
63583 54931 335
46965 77259 351
90971 55348 351
20107 21507 256
89639 29068 351
48097 62843 340
57917 60276 317
28640 5358 308
21414 66473 340
52970 3723 340
93110 28736 351
33198 75016 340
43803 91477 351
81677 61077 351
53173 16389 340
87672 53410 351
47021 33109 324
88457 34637 351
72496 54344 335
99764 24916 351
4111 62135 340
22412 47862 324
69572 62028 330
44853 67404 340
71127 7339 340
36075 14175 324
89192 64238 351
72067 69273 325
46703 49347 314
65736 53744 335
23506 99876 351
49337 53408 340
88046 70527 351
41223 54146 340
79063 76894 351
39030 40988 306
5202 99526 351
77907 77794 245
61550 74774 330
82113 22760 351
36936 32678 324
13268 34541 311
20166 42480 324
91827 85335 333
39079 66869 340
83098 57563 351
27323 78938 351
49465 32435 324
2934 31721 308
8616 7041 252
48029 98349 351
97875 63998 351
58144 53231 322
44357 75782 340
14895 19694 279
68724 42823 340
77364 68183 351
10663 81992 351
83679 13882 351
80752 18842 351
92757 39111 351
18049 80202 351
12637 20080 279
68154 83866 351
90907 15571 351
13920 76770 340
57120 38936 340
8519 28148 308
20282 15264 279
34958 69229 340
12052 35177 311
3360 20035 279
2027 5768 238
19650 30375 308
49217 2059 324
41170 16754 324
96956 41974 351
78407 75571 351
59437 25946 340
41517 46561 314
39683 50345 314
89281 71790 351
16290 96803 351
12067 14153 276
83382 36572 351
71750 63377 330
99764 95434 328
17554 91462 351
38190 1792 324
20203 37204 324
70311 3759 340
45734 61373 340
36944 67267 340
93213 40493 351
87054 12733 351
63078 51083 340
39225 43089 306
39892 68712 340
82865 55515 351
92087 68311 351
48040 82599 351
94385 80189 333
71652 47805 340
65949 11939 340
65495 26194 340
29953 86152 351
63877 35806 340
19426 92039 351
32532 17173 308
29906 12639 308
80074 35938 351
79027 9337 351
78049 19299 351
74814 18919 340
3582 77266 351
59865 66902 335
47091 51623 314
99428 54250 351
66189 35095 340
61289 65377 330
67881 48036 340
83843 91243 333
83282 48110 351
65283 3269 340
32260 32167 192
68105 11541 340
20878 12335 279
31634 47133 324
82404 98927 333
76193 22801 340
89703 85987 333
37610 52410 314
6660 53146 340
88242 53390 351
35119 89201 351
37238 65883 340
73478 3000 340
51110 37433 314
57054 73113 335
5280 32745 308
44286 5666 324
18001 89737 351
36870 65165 340
80444 65988 351
5141 35627 311
21614 72990 340
41752 11196 324
64342 75576 325
45318 48413 314
53966 68936 335
34820 80437 351
99789 7556 351
61341 8298 340
97763 67251 351
99996 34747 351
40414 3043 324
92781 60634 351
42151 74767 340
57107 46003 340
81630 38948 351
11938 62248 340
73444 19596 340
11524 70042 340
34807 54139 340
23075 56842 340
37279 88774 351
12682 74247 340
98898 53420 351
20671 74024 340
25123 96661 351
16057 37019 324
14006 65537 340
40305 8838 324
71193 56157 335
95105 13764 351
76013 69176 325
5124 23395 279
9790 65809 340
19948 16649 279
73491 44597 340
33371 43024 324
17271 27123 308
96895 62406 351
52782 16169 340
29183 17567 308
70938 77905 351
43443 45240 314
54078 84944 351
57454 100 340
13864 41623 324
27151 68911 340
8659 89877 351
72039 32276 340
48925 18449 324
63046 91987 351
35011 38768 324
82243 12770 351
75176 68635 325
1156 95491 351
29410 27958 272
5863 30339 308
75579 348 340
1645 49306 324
65758 46009 340
3985 75451 340
44362 79623 351
85852 31136 351
63412 69373 312
87822 57891 351
49879 28689 324
83810 50869 351
79991 1242 351
86229 82405 320
77896 55167 351
99477 87386 333
17725 7306 279
7655 5340 262
70999 9657 340
55666 25652 340
1103 36757 324
32732 59651 340
90788 45465 351
14839 18585 279
92828 70552 351
99242 19013 351
86234 59059 351
60302 99404 351
81809 66225 351
37744 46531 314
50269 59706 340
67012 37221 340
42562 67995 340
94004 91019 333
16671 29913 308
66670 49670 340
25674 34126 308
95944 15755 351
50692 32814 324
3366 27135 308
46148 43520 314
2580 18960 279
18364 32383 308
14960 79234 351
42117 16526 324
92584 52705 351
89926 92387 333
76734 59596 335
66968 48840 340
78753 70738 351
36760 99991 351
34118 61776 340
77531 78786 307
11600 46414 324
73549 44575 340
88095 31319 351
66631 19697 340
68432 7027 340
2613 1348 209
17874 83393 351
52450 44731 314
53470 10458 340
86406 42376 351
7569 30204 308
17294 69726 340
69718 86322 351
64450 54054 335
49193 20188 324
66602 58333 335
2908 60793 340
8464 40151 324
76200 7356 340
14383 75096 340
76444 44633 340
28026 33349 285
78080 10670 351
37480 80476 351
39204 31550 324
78106 23886 351
93613 46773 351
49448 95400 351
65806 79683 351
99871 30250 351
88584 14999 351
92145 82825 333
22976 91492 351
98848 609 351
92057 99176 328
60161 29584 340
62933 68501 330
95523 88187 333
85015 57365 351
5267 33003 308
56890 40572 340
3697 99725 351
11477 66855 340
46538 69497 340
99748 93635 328
8635 62761 340
45586 88332 351
96176 17132 351
34093 84914 351
442 11377 268
57313 26151 340
11004 60604 340
65143 36598 340
10315 6528 260
55883 66511 335
23435 15582 279
15307 29125 308
95980 27132 351
12982 43136 324
36771 58870 340
37983 12730 324
17414 61758 340
78890 99921 333
84835 29942 351
57671 29336 340
55487 1630 340
78586 14984 351
67934 82843 351
5723 60081 340
42944 78249 351
93831 61607 351
90732 66379 351
9864 25490 282
68626 86713 351
61935 22846 340
51928 5398 324
67156 99919 351
99840 85694 333
15636 62399 340
91735 1028 351
2658 73308 340
4644 63574 340
46417 97596 351
74029 72579 294
50828 52141 309
13748 16974 271
99705 61012 351
2854 20832 279
7545 9569 260
48767 71481 340
93231 85833 333
85752 17047 351
2741 76739 340
55490 85592 351
86620 18378 351
8038 63577 340
27151 5630 308
19578 12682 279
1613 89921 351
42062 93608 351
10582 52442 324
29806 72162 340
92994 10287 351
36209 32660 324
20493 16892 279
2725 1328 209
18376 30076 308
23168 4829 279
90421 21117 351
55847 78658 351
58588 93394 351
15376 63885 340
92920 85739 333
75660 34955 340
28563 94533 351
63327 34074 340
22588 55497 340
82136 93133 333
42146 31935 324
65179 34697 340
36026 78991 351
9068 67904 340
89085 70754 351
91871 48588 351
43598 79506 351
89252 64071 351
44308 2186 324
4278 4629 215
39584 37228 306
31762 96290 351
30365 84499 351
39996 11441 324
20927 69305 340
1240 38484 324
73182 63073 330
58416 66419 335
50675 9208 324
79962 83836 320
32424 39760 324
35619 88185 351
52256 92375 351
94561 24871 351
29500 96565 351
50145 98839 351
95130 85436 333
86287 98259 333
9701 41847 324
11152 42635 324
81120 30628 351
10053 12393 268
95164 54302 351
63510 84821 351
68658 45840 340
1952 59824 340
48009 17434 324
9809 37571 324
62443 16618 340
29535 4371 308
19562 8295 279
10084 79680 351
77940 31044 351
72891 96371 351
39007 3993 324
50973 396 324
29141 20127 308
74429 61026 330
62199 24305 340
86497 54291 351
14115 30857 308
48292 88450 351
26021 62124 340
95094 74453 351
78824 4816 351
13112 24629 282
20662 14739 279
62135 39548 340
35919 98602 351
2595 35027 311
51775 91278 351
27757 53568 340
30946 80916 351
21573 2186 279
72829 93145 351
40355 8071 324
12873 86944 351
65421 4999 340
79452 38894 351
60063 60515 317
1497 74629 340
89368 73175 351
29075 22159 308
20761 51503 324
2882 81346 351
72625 39708 340
9628 71009 340
51925 16734 324
18921 56926 340
66423 89851 351
14274 8102 276
95047 23130 351
28129 27147 259
66041 60468 335
37335 7582 324
98563 26104 351
15631 38832 324
60991 4283 340
55786 61058 335
42405 98104 351
54164 75021 335
46030 31382 324
48116 80144 351
53422 14308 340
20511 83389 351
91492 19846 351
59328 34785 340
61932 86539 351
63359 87458 351
11392 44325 324
86782 694 351
55879 9955 340
14238 18765 279
79824 16870 351
31327 86376 351
77749 22229 351
53611 1843 340
81988 40132 351
70792 1727 340
85117 51762 351
87960 91303 333
26088 76609 340
79500 47289 351
34747 88020 351
48697 42859 314
59905 62491 335
72446 35479 340
54245 15784 340
49007 3036 324
89412 34069 351
72650 80334 351
82177 83514 320
23646 26261 264
44340 80517 351
32280 94438 351
85741 29457 351
22418 20240 269
83881 28181 351
16201 1918 276
61129 34980 340
97471 81250 333
16730 21035 279
36819 86269 351
89305 70975 351
21396 85826 351
82512 95070 333
94936 94046 315
36659 81042 351
77911 18582 351
29372 80999 351
26809 10191 308
46784 15113 324
59646 65579 335
83850 47017 351
81998 92199 333
73449 44979 340
82366 79469 320
82091 90179 333
77506 35538 351
21364 87748 351
82818 98902 333
9300 20229 279
1271 94106 351
12688 45959 324
43311 79182 351
5726 42060 324
73525 86472 351
52051 68862 340
15879 33171 308
25370 52253 324
97233 97877 297
93699 98820 328
5351 95951 351
31489 75790 340
63538 82858 351
98112 69206 351
89435 62709 351
56815 23765 340
86076 7058 351
2592 85856 351
44268 29387 324
15859 24670 282
93532 34146 351
67317 84263 351
36516 25764 324
39993 9040 324
24212 50101 324
62405 50044 340
42186 45915 314
28773 93894 351
79452 22077 351
84786 43238 351
67003 85239 351
92297 57953 351
60161 53079 322
98819 11242 351
35912 4430 324
38576 31030 324
15293 45797 324
71561 22245 340
47637 68162 340
34615 11554 311
77951 88201 338
34117 97020 351
90915 20137 351
42214 79242 351
22480 70367 340
71959 43352 340
17658 5835 279
58915 64256 335
91850 77819 338
98601 74086 351
5116 27763 308
73560 37177 340
75775 36762 340
4924 61473 340
89379 39764 351
27966 39539 324
36560 67330 340
87468 78435 338
57677 43827 340
30546 46034 324
89387 80158 333
85993 2505 351
83114 7045 351
84864 61260 351
35346 74964 340
19079 83466 351
36995 40463 306
77225 92639 338
70464 29122 340
68887 98501 351
38040 59844 340
43526 13205 324
91640 90952 333
34779 30994 311
77029 49317 340
45827 81678 351
84183 82768 320
89813 48173 351
9433 67297 340
42262 91029 351
90847 61132 351
17947 61341 340
70333 44195 340
73317 11524 340
10025 40797 324
16993 58556 340
71761 64417 325
55370 60520 322
7866 79753 351
45423 6501 324
88179 1247 351
84015 91250 333
55775 72363 335
56012 90180 351
81210 81561 258
42693 14626 324
92320 72057 351
16252 76992 340
88516 62653 351
19802 5922 279
64478 98541 351
62958 36796 340
13668 52592 340
48697 34680 324
57534 21534 340
22782 94120 351
1723 45713 324
34428 6797 311
96978 57498 351
39059 90441 351
5067 94540 351
66597 81752 351
75096 13739 340
76392 99202 351
5124 63612 340
62153 12547 340
65695 85954 351
54898 41464 340
92496 79363 333
897 3596 217
97716 50030 351
12096 23679 282
46829 99439 351
73290 46524 340
53317 60159 322
54699 12349 340
10454 74737 340
88476 37648 351
36850 85550 351
49163 81221 351
93768 58326 351
60633 27668 340
85484 59463 351
38826 15531 324
19127 77981 351
44363 56075 340
96107 33196 351
48987 56459 340
19336 42936 324
19447 22277 274
34627 72653 340
47390 74146 340
11794 61433 340
46983 52219 314
33440 64997 340
23323 12498 279
40167 27208 324
3023 308 217
15840 42003 324
36336 58201 340
14276 51319 324
84515 80700 320
53511 10383 340
69671 49855 340
72132 72847 263
45501 89118 351
79616 23111 351
84544 9243 351
77814 91411 338
72760 47880 340
76730 11254 340
54814 96083 351
12744 16897 276
75253 57837 335
32390 28584 285
96255 11589 351
92289 46667 351
73402 97123 351
46978 45801 283
35000 59426 340
64896 19110 340
58574 96853 351
22449 44513 324
35924 59470 340
23702 263 282
11518 8684 268
21119 433 279
33682 82684 351
40522 50215 314
78799 8935 351
20525 89264 351
35931 91407 351
88530 29166 351
91319 25686 351
1464 35508 311
70970 26320 340
23173 66360 340
10873 45896 324
5367 45622 324
62238 63149 317
88185 29069 351
29502 73756 340
72792 25657 340
75872 63185 330
88472 13314 351
18931 71024 340
62431 8997 340
54516 54862 247
96900 50961 351
86469 45835 351
88507 98364 333
64725 73791 325
19688 28033 308
90007 91950 333
55100 25055 340
70476 52245 340
42353 43285 257
68942 99979 351
79516 15146 351
44812 44815 71
15839 67988 340
93338 63743 351
34958 78270 351
45583 47854 314
10041 31858 308
46575 32052 324
22195 98549 351
42934 11300 324
19602 41883 324
83290 32941 351
85187 74702 351
17988 53767 340
53746 43892 340
59038 3282 340
48097 49614 296
17602 3851 276
67594 80288 351
74910 27292 340
75146 2552 340
50763 20493 324
68897 1540 340
16441 97338 351
24990 91093 351
32976 59375 340
8668 44592 324
35647 16267 311
86386 10207 351
54100 69987 335
73269 56484 335
6098 13138 268
33341 37719 324
34359 40052 324
67345 936 340
19840 9270 279
29763 58843 340
60383 86955 351
645 15013 276
6106 76824 340
52551 41987 340
2932 55434 340
88053 61220 351
71427 38579 340
8566 74439 340
30923 25527 308
38666 98187 351
35906 53373 340
93426 72007 351
89295 70266 351
79536 77123 338
35966 25488 324
12443 25651 282
40664 12702 324
89526 29441 351
71428 63122 330
34909 58430 340
19650 74360 340
29291 22962 308
13754 91077 351
16605 54209 340
52397 44677 314
98051 71623 351
59982 88303 351
58569 7829 340
1304 49278 324
91118 54457 351
96461 37270 351
66324 19913 340
49354 53477 340
16600 72203 340
30633 37135 324
27847 51509 324
90823 50283 351
41360 57139 340
11348 4577 268
65607 74317 325
45940 63745 340
68401 80010 351
87839 22275 351
87905 43322 351
14132 89143 351
42765 79023 351
98936 10593 351
64070 9090 340
81293 64643 351
1778 97022 351
64883 11926 340
78561 29625 351
86764 72059 351
76636 19921 340
10591 14465 276
94562 42243 351
22253 56531 340
95158 62963 351
6286 26444 282
31939 83063 351
62086 20418 340
47363 91057 351
16499 77375 351
42018 27785 324
41160 97792 351
26070 60148 340
89773 6043 351
94454 20983 351
40904 92890 351
7355 71091 340
29686 67847 340
24379 18269 282
81233 68292 351
94736 35889 351
18953 3871 279
24289 43028 324
34085 97391 351
74766 88004 351
15789 50584 324
64728 33136 340
93284 56949 351
79345 7150 351
28133 99410 351
92300 73799 351
61242 85389 351
53237 16007 340
34276 90929 351
59221 93968 351
29857 15509 308
19380 70309 340
13337 48810 324
46202 60021 340
48025 47422 283
14358 37320 324
70457 80167 351
37116 79086 351
86236 80093 320
79503 32813 351
6613 30721 308
16111 88155 351
4162 67855 340
75136 69348 325
79668 54791 351
86652 34357 351
4667 9525 262
58336 22385 340
82406 34356 351
81779 20890 351
74562 46784 340
43303 96137 351
91576 45019 351
41465 80419 351
29585 94164 351
24886 37320 324
