887 384 179
916 778 179
336 794 171
493 387 142
422 650 145
28 363 144
60 691 145
927 764 179
427 541 142
737 173 171
369 212 144
430 568 142
531 783 171
124 863 171
136 68 122
803 930 179
59 23 113
168 70 122
457 394 134
43 12 112
374 230 144
920 422 179
538 785 171
325 199 131
371 316 144
527 414 142
981 92 179
874 957 174
171 863 171
282 997 179
926 306 179
328 85 144
506 337 142
730 847 153
858 314 171
896 125 179
546 583 137
368 815 171
365 435 134
751 44 171
809 88 171
179 277 128
585 789 171
652 404 145
400 755 171
61 933 179
369 677 145
13 740 171
587 227 144
540 95 144
571 796 171
379 435 134
602 468 142
903 98 179
493 318 144
757 653 171
281 302 118
442 287 144
690 866 171
620 445 142
730 441 171
118 32 119
772 98 171
676 482 145
928 710 179
857 568 171
354 498 142
966 587 179
684 307 145
625 220 144
872 529 179
830 733 153
20 504 144
369 271 144
716 709 65
150 341 144
724 797 153
246 619 144
452 847 171
556 922 179
489 380 142
229 765 171
351 842 171
501 194 144
765 35 171
915 125 179
857 988 179
492 744 171
366 228 144
937 860 179
552 433 142
229 438 144
408 276 144
122 475 144
396 859 171
238 30 128
794 236 171
429 819 171
12 144 122
530 929 179
405 777 171
764 444 171
539 614 137
841 607 171
819 905 179
689 129 145
918 370 179
997 918 174
744 325 171
184 471 144
500 491 142
726 773 153
591 645 132
140 506 144
787 955 179
83 670 145
465 543 142
508 198 144
805 356 171
612 349 142
829 623 171
344 300 144
569 747 171
423 341 134
811 312 171
802 606 171
731 662 171
306 879 179
737 321 171
627 445 142
466 523 142
417 709 171
259 283 123
638 925 179
625 63 144
37 601 144
900 453 179
551 380 142
72 469 144
132 974 179
931 882 148
895 934 130
164 661 145
982 200 179
997 900 174
774 960 179
669 814 171
96 191 125
467 927 179
341 85 144
685 91 145
543 377 142
108 937 179
757 446 171
419 180 144
413 888 179
173 349 144
10 660 145
211 337 144
588 343 142
302 207 128
373 714 171
256 322 131
600 820 171
905 722 179
812 940 179
668 941 179
229 706 171
151 128 122
659 985 179
225 921 179
270 423 144
82 397 144
85 631 144
973 293 179
851 673 171
386 626 142
300 223 128
43 641 144
714 899 179
191 299 128
591 525 137
582 210 144
337 820 171
156 733 171
5 995 179
770 380 171
777 274 171
256 851 171
143 861 171
885 580 179
206 994 179
568 622 132
614 505 137
755 962 179
260 327 144
203 945 179
507 203 144
22 785 171
869 843 148
190 529 144
909 873 148
499 959 179
809 37 171
249 754 171
334 304 144
649 134 145
755 891 179
747 568 171
530 369 142
47 501 144
798 789 122
991 250 179
34 304 128
498 364 142
893 254 179
126 687 145
997 153 179
189 976 179
730 158 171
461 437 129
922 415 179
305 461 144
28 29 19
749 51 171
903 557 179
698 795 171
44 700 145
3 40 112
404 429 134
682 501 145
539 648 137
152 160 86
135 536 144
693 340 145
128 216 125
630 505 137
965 50 179
430 286 144
336 344 126
901 178 179
972 239 179
290 950 179
989 368 179
796 293 171
145 744 171
391 830 171
341 683 145
570 542 137
233 827 171
43 262 128
118 361 144
762 24 171
310 82 128
426 191 144
368 997 179
235 678 145
627 691 145
58 525 144
169 615 144
359 206 144
387 313 144
347 101 144
995 727 179
553 917 179
530 579 137
291 947 179
971 648 179
81 52 116
594 632 132
628 858 171
887 313 179
356 215 144
91 513 144
480 413 134
970 611 179
275 190 128
642 356 142
434 621 142
889 988 174
567 339 142
285 771 171
418 857 171
261 607 144
238 850 171
60 206 125
519 218 144
784 946 179
459 874 179
638 874 179
484 290 144
479 608 142
315 758 171
730 472 171
460 101 144
439 619 142
389 26 144
234 75 128
682 158 145
359 494 142
700 271 145
840 418 171
364 570 142
795 623 171
848 174 171
463 432 129
391 683 145
792 293 171
116 58 119
158 522 144
492 575 137
952 948 37
22 232 128
741 538 171
31 55 113
326 99 131
517 82 144
3 517 144
140 232 128
405 797 171
581 339 142
22 219 125
863 971 179
380 813 171
686 978 179
905 537 179
484 177 144
760 208 171
745 858 153
912 500 179
951 128 179
561 237 144
106 819 171
50 564 144
712 245 171
935 806 179
376 292 144
615 956 179
769 590 171
919 994 174
883 806 179
983 823 179
31 718 171
575 94 144
594 127 144
254 487 144
75 544 144
714 815 153
378 180 144
776 763 153
920 89 179
733 711 140
18 295 128
236 347 144
692 138 145
944 154 179
329 574 142
292 926 179
19 711 171
837 218 171
56 964 179
859 91 171
905 131 179
662 572 145
686 634 145
74 790 171
852 605 171
251 806 171
504 869 171
7 486 144
640 196 144
121 950 179
227 968 179
678 764 171
982 597 179
561 866 171
956 37 179
519 771 171
343 212 144
197 533 144
322 380 144
985 271 179
428 173 144
41 235 128
73 284 128
831 399 171
348 64 144
31 951 179
715 574 171
523 60 144
925 48 179
436 83 144
205 233 128
444 955 179
487 899 179
279 641 144
263 160 128
684 263 145
849 42 171
325 724 171
123 273 128
336 155 144
458 822 171
748 366 171
777 172 171
219 270 128
704 702 171
934 654 179
960 908 174
807 729 153
721 798 153
309 85 128
699 335 145
377 992 179
716 899 179
172 53 125
560 190 144
11 507 144
225 17 125
540 110 144
379 1 144
54 110 119
115 82 119
990 339 179
68 427 144
224 148 125
232 788 171
123 533 144
876 282 179
180 851 171
255 591 144
132 351 144
858 814 135
182 495 144
604 82 144
434 721 171
182 983 179
416 488 142
826 297 171
723 405 171
552 893 179
33 298 128
182 135 125
416 507 142
709 58 171
1000 596 179
298 963 179
777 484 171
978 155 179
588 310 144
383 933 179
267 22 128
861 564 171
212 683 145
87 686 145
931 286 179
584 991 179
477 315 144
821 117 171
526 893 179
840 529 171
491 526 142
361 137 144
644 619 132
929 338 179
622 583 132
956 311 179
226 889 179
571 816 171
854 438 171
723 9 171
351 784 171
98 658 145
127 828 171
72 270 128
150 652 145
529 911 179
399 640 142
611 889 179
578 394 142
977 891 174
553 200 144
88 932 179
100 778 171
567 658 145
18 953 179
736 642 171
299 369 144
196 185 120
806 777 122
429 267 144
529 955 179
594 309 144
198 279 128
673 556 145
446 775 171
326 1 131
284 998 179
128 413 144
422 383 134
335 694 145
335 440 134
160 422 144
958 986 143
762 355 171
973 763 179
717 542 171
851 853 60
483 663 145
218 400 144
174 155 125
507 16 144
365 852 171
264 791 171
173 492 144
538 38 144
829 860 148
281 872 179
857 988 179
342 591 142
353 971 179
512 666 145
518 70 144
84 362 144
113 352 144
507 301 144
668 639 145
490 365 142
155 33 122
876 105 179
142 680 145
539 413 142
637 970 179
957 171 179
761 845 153
815 650 171
315 466 144
887 327 179
40 184 125
536 970 179
622 153 144
791 394 171
110 290 128
674 632 145
736 265 171
296 549 144
314 878 179
199 834 171
356 950 179
794 156 171
157 469 144
934 961 174
287 824 171
359 172 144
141 678 145
182 246 128
991 762 179
51 324 131
955 101 179
365 76 144
625 43 144
920 660 179
845 290 171
239 470 144
977 552 179
20 384 144
344 134 144
957 305 179
476 982 179
12 667 145
913 968 174
730 193 171
869 903 179
3 132 122
208 175 120
217 719 171
378 184 144
473 488 142
958 574 179
126 63 119
798 934 179
419 497 142
154 142 117
475 727 171
394 981 179
949 486 179
31 306 128
560 30 144
161 899 179
425 563 142
281 720 171
903 642 179
481 11 144
584 727 171
141 790 171
724 709 65
558 939 179
432 494 142
221 711 171
691 906 179
392 614 142
271 639 144
668 422 145
672 830 171
744 181 171
900 96 179
89 25 116
387 155 144
233 570 144
711 970 179
31 374 144
664 434 145
280 588 144
650 95 145
352 500 142
465 340 134
331 743 171
516 87 144
916 350 179
882 187 179
635 12 144
388 134 144
288 723 171
644 774 171
743 520 171
245 355 144
140 125 122
64 260 128
354 419 134
270 713 171
405 706 171
800 734 153
820 735 153
436 316 144
854 88 171
451 670 145
803 488 171
563 838 171
611 90 144
961 206 179
912 705 179
830 558 171
817 404 171
822 893 179
606 523 137
580 444 142
529 362 142
448 379 134
46 701 145
788 883 179
552 900 179
387 590 142
427 354 134
795 949 179
507 37 144
93 108 119
665 418 145
821 922 179
167 481 144
355 995 179
438 124 144
485 934 179
313 318 131
18 932 179
166 710 171
609 157 144
746 70 171
423 996 179
296 172 128
560 570 106
677 802 171
572 653 145
926 341 179
173 744 171
90 92 93
567 528 137
813 879 179
197 51 125
334 125 144
187 214 120
371 500 142
569 795 171
142 116 122
640 343 142
264 438 144
591 199 144
203 940 179
632 514 137
258 129 128
572 805 171
684 347 145
226 139 125
541 496 124
973 422 179
635 227 144
726 159 171
953 357 179
473 646 142
340 447 134
884 112 179
662 604 145
543 826 171
340 217 144
345 175 144
331 597 142
295 268 118
758 14 171
861 520 171
293 651 145
877 833 179
991 280 179
636 954 179
599 296 144
742 108 171
571 938 179
541 977 179
802 585 171
801 84 171
610 493 137
441 497 142
764 940 179
305 736 171
607 874 179
524 165 144
350 252 144
531 752 171
705 340 171
987 166 179
626 303 144
592 80 144
408 548 142
132 485 144
920 562 179
54 932 179
428 529 142
820 495 171
582 544 137
769 124 171
640 188 144
439 644 142
395 989 179
681 321 145
487 99 144
753 19 171
99 464 144
11 696 145
180 506 144
67 143 122
426 99 144
979 473 179
967 854 179
749 798 153
273 548 144
87 517 144
160 913 179
901 878 148
198 554 144
4 933 179
952 36 179
499 108 144
155 50 122
907 862 179
4 335 144
785 326 171
798 429 171
634 764 171
561 116 144
15 382 144
898 186 179
98 101 26
330 409 126
314 350 144
635 880 179
915 317 179
776 586 171
987 766 179
627 931 179
617 893 179
570 630 132
410 753 171
516 367 142
834 396 171
777 429 171
614 848 171
301 27 128
787 63 171
764 630 171
509 101 144
417 398 134
983 776 179
541 545 137
827 321 171
566 519 137
500 795 171
547 135 144
854 909 179
304 63 128
843 687 171
535 433 142
811 808 135
870 835 148
816 597 171
697 985 179
383 325 144
452 466 129
362 717 171
38 344 144
862 188 171
982 603 179
89 361 144
621 880 179
294 942 179
629 925 179
709 136 171
943 163 179
997 871 179
467 164 144
501 812 171
488 516 142
333 235 144
951 291 179
634 694 145
881 340 179
294 495 144
855 214 171
445 383 134
324 476 144
752 739 140
874 952 174
466 812 171
682 169 145
684 814 171
978 500 179
15 536 144
770 465 171
108 347 144
392 73 144
412 741 171
588 624 132
837 58 171
440 794 171
621 282 144
372 115 144
419 372 134
535 597 137
765 884 179
698 568 145
68 801 171
336 675 145
491 434 142
133 458 144
530 950 179
691 524 145
148 293 128
350 630 142
423 336 134
969 141 179
256 44 128
767 340 171
937 26 179
261 654 145
221 53 125
205 958 179
984 288 179
722 541 171
998 827 179
128 206 125
729 879 179
171 170 125
799 228 171
564 521 137
661 222 145
617 884 179
224 268 128
293 383 144
36 512 144
564 554 88
863 609 171
896 769 179
661 199 145
377 969 179
174 10 125
888 504 179
674 255 145
482 58 144
930 824 179
45 397 144
281 943 179
210 13 125
748 856 153
367 855 171
760 135 171
743 282 171
402 974 179
172 639 144
959 414 179
423 900 179
756 485 171
91 662 145
72 781 171
604 924 179
321 1 131
943 1 179
13 953 179
808 505 171
359 760 171
895 526 179
159 118 122
91 637 144
627 561 132
974 615 179
866 938 179
422 749 171
410 621 142
401 864 171
787 833 135
834 5 171
357 459 134
411 128 144
632 369 142
129 570 144
447 342 134
459 375 134
11 606 144
166 902 179
868 990 179
927 491 179
239 733 171
706 700 171
563 1 144
833 458 171
462 349 134
808 18 171
498 170 144
539 570 137
140 129 122
471 19 144
393 586 142
543 281 144
534 755 171
744 708 140
551 401 142
486 22 144
721 789 153
141 191 125
648 635 132
984 326 179
695 462 145
631 143 144
64 192 125
321 521 144
539 555 137
493 143 144
423 931 179
686 35 145
95 309 128
709 781 153
803 645 171
785 546 171
88 523 144
158 926 179
603 736 171
549 493 137
987 297 179
841 531 171
52 50 25
957 513 179
655 590 145
873 449 179
483 429 129
89 558 144
338 577 142
221 798 171
695 140 145
15 6 20
283 783 171
870 524 171
16 237 128
885 418 179
300 354 144
755 725 140
237 351 144
293 711 171
159 243 128
24 165 122
722 642 171
570 112 144
261 411 144
903 791 179
148 956 179
90 917 179
440 782 171
18 959 179
376 807 171
512 902 179
979 675 179
378 266 144
977 567 179
162 670 145
834 135 171
