672406 280931 470
511405 285218 449
550637 238257 470
702614 600417 447
252342 321904 407
690032 898233 468
764967 545724 452
843838 568956 468
583999 205114 470
474480 43103 449
934001 702167 476
852729 242897 470
488 824420 470
846502 881380 432
60666 470334 449
113737 572071 470
755552 664374 442
810329 409592 470
216216 14096 383
731497 133419 470
223069 372954 443
918679 826916 476
508418 454103 444
497207 917457 476
636491 301361 470
111779 636979 470
77207 958282 476
469784 137873 449
380041 583522 470
709944 87019 470
199321 471699 449
496611 415538 444
485795 179534 449
548958 708865 447
552488 532036 452
648327 422592 470
310378 108171 443
876696 293834 470
42495 325328 443
162717 678986 470
626690 274497 470
267390 703897 470
184204 737175 470
841771 564245 468
272123 503140 449
651265 471444 470
886983 412061 470
278836 387367 441
72351 831324 470
919403 720678 476
205342 181207 360
828849 33463 470
475042 871345 470
358792 637759 470
912256 769147 476
640805 47886 470
457748 434001 400
612132 729871 447
937142 214822 476
152741 863407 470
226893 592961 470
378517 299245 441
375711 249346 441
1019923 581053 476
430553 800198 470
614517 905595 468
622968 973309 476
494780 76150 449
910217 358461 476
845297 502447 470
406348 254471 441
936448 1018480 458
984342 825016 476
184728 88509 383
639848 498853 470
79659 866742 470
43239 458176 449
117412 418950 449
707522 88761 470
1000004 89501 476
888960 565946 468
995097 463354 476
490680 441302 444
539504 352322 470
799764 336227 470
854770 157537 470
590698 742644 447
127443 526466 470
519085 312172 470
614975 110359 470
811025 694635 468
977101 854265 476
104237 45939 351
224640 811760 470
134700 176070 383
901261 1023661 476
742016 847783 468
438440 184122 449
240511 977944 476
265597 342640 389
149238 856295 470
36709 276682 443
334187 555795 470
588854 949163 476
666154 351304 470
595223 594681 297
156994 699461 470
640621 381635 470
462646 775322 470
557706 315333 470
750408 251147 470
114542 140273 349
435269 355053 449
69643 971714 476
346754 335240 441
265780 495992 449
142961 302490 443
772674 477148 470
858285 312953 470
377737 475865 449
664258 972961 476
21971 821253 470
623847 662593 429
154314 37919 375
389340 712020 470
353252 91173 443
963167 467794 476
231446 349862 441
822847 301089 470
273002 121026 443
636330 538782 452
617019 779291 468
841272 341119 470
207865 650983 470
654072 585603 447
78273 269756 443
509989 100245 449
42434 85262 351
762838 196748 470
123181 103603 354
908769 476433 470
194777 823362 470
944227 426223 476
124650 718500 470
727313 397652 470
839527 315069 470
936435 407971 476
45786 729133 470
749090 253652 470
331541 354588 441
839255 409815 470
624344 300670 470
510061 666779 470
385932 224324 443
863528 509113 470
327928 723722 470
985547 522705 476
498509 881200 470
948929 623160 476
551125 627668 447
1020812 342077 476
942737 908673 476
750049 988524 476
589231 450565 470
193601 920773 476
805153 1032856 476
282014 380923 441
284951 792075 470
1016399 862655 476
131423 295753 443
537803 68395 470
818459 1036313 476
949595 718813 476
610898 452146 470
297907 583136 470
794224 192070 470
443234 495699 444
132019 1032466 476
946264 325620 476
904664 702843 468
309901 138103 443
35191 594853 470
930178 34319 476
217163 898003 470
896975 348586 470
145182 386203 443
416982 963641 476
373941 318003 441
633880 984840 476
770149 931787 476
519401 515799 439
75283 962635 476
1011498 207302 476
946526 909188 476
532922 802616 468
563456 842824 468
940720 598648 476
389103 822324 470
632967 606266 447
671752 481367 470
954853 816935 476
867571 323260 470
732001 192938 470
641263 317307 470
129203 362838 443
200520 648604 470
878637 275803 470
562665 841561 468
483105 460616 444
702174 1016028 476
214658 217056 386
810278 106803 470
815704 150806 470
929127 400097 476
757073 552305 447
881465 663351 468
320665 700461 470
986611 4092 476
893399 579300 468
321399 1022602 476
942138 521919 476
622632 772201 468
797722 136722 470
565188 232253 470
597339 218788 470
199706 811997 470
435844 1009984 476
918800 202974 476
112216 799353 470
603072 869289 468
303083 435962 449
484065 623748 470
87849 422102 449
627841 981249 476
1001402 949240 458
955277 894966 476
422585 529334 470
618592 171733 470
666056 135206 470
403986 214821 443
353994 603693 470
1026818 789839 476
565102 897044 468
992813 677319 476
647822 547311 447
498033 950905 476
983274 982099 383
526079 22548 470
355626 105345 443
1003797 308454 476
6011 910499 476
154846 428596 449
391259 773439 470
600329 8741 470
908645 1004316 476
223562 214064 386
559434 201806 470
1003903 75962 476
50275 948142 476
753281 698098 424
446878 202740 449
600429 381577 470
136264 77934 354
404125 491891 449
183280 359348 443
800346 189291 470
221273 955192 476
617887 612532 447
680056 169642 470
621274 540126 452
125383 844836 470
754191 684817 442
1046642 709519 476
760780 48343 470
609086 465486 470
746441 7390 470
668226 298296 470
388967 804491 470
376230 793093 470
247807 559510 470
748801 325140 470
954771 318114 476
937673 586253 476
487757 510372 426
77804 613141 470
306634 831995 470
249384 304701 407
492940 1010164 476
353045 53452 443
427075 50912 449
60842 46727 340
349208 449810 449
851218 725439 468
194329 50451 383
236374 298197 407
50030 985176 476
623337 1004802 476
254716 512436 470
542480 742473 452
1022809 620284 476
307040 280868 389
403705 556424 470
585570 896646 468
518013 938616 476
950098 945089 383
989528 1010941 427
991816 290162 476
412177 794460 470
1015601 606507 476
844911 203401 470
904704 894942 401
140002 479467 449
851169 394719 470
991903 345074 476
88618 966138 476
965359 395658 476
198431 320490 443
952082 784002 476
168561 421520 449
674043 70085 470
318034 614996 470
32452 261276 443
905158 444629 470
7161 872185 470
2562 852073 470
27011 907266 470
698440 167013 470
338158 501034 449
561732 281487 470
846109 650350 468
199050 762893 470
1046009 397481 476
34809 949516 476
132908 203370 383
322462 806951 470
273456 640497 470
373373 305908 441
901773 229957 470
750538 908934 468
53567 753100 470
712433 80578 470
611791 362298 470
247591 949950 476
863333 809324 450
182862 660867 470
411100 381912 449
375186 408534 436
779394 409995 470
309476 912303 476
613366 631938 447
670680 886822 468
223860 1044054 476
144156 77058 375
225436 894694 470
985993 279003 476
599219 649852 447
359581 162436 443
1012150 607173 476
63811 826908 470
367923 246673 441
439201 779023 470
628586 814388 468
138983 359406 443
175808 448459 449
223135 789175 470
31822 893815 470
627422 255682 470
889294 771578 468
332741 66156 443
617698 270160 470
345159 168342 443
920012 704741 476
330779 883588 470
263339 394590 441
661922 631263 429
641264 52548 470
361711 221276 443
866936 500694 470
580683 1042745 476
949153 803818 476
783346 980976 476
649058 362194 470
188084 489778 449
85198 520826 470
555934 702896 447
790987 901094 468
871239 662424 468
557260 153443 470
497438 820600 470
548034 110785 470
403288 140724 443
163333 765000 470
362000 1030270 476
217120 942683 476
1024441 117699 476
697927 759212 424
50100 298410 443
72831 238185 443
788189 158029 470
759011 295549 470
860926 501423 470
148069 683590 470
115273 705329 470
837033 612711 468
477355 336493 449
723497 880644 468
477217 886830 470
597069 839218 468
868526 814190 450
733327 844393 468
931889 382679 476
555030 981990 476
681090 627862 429
171600 420704 449
785891 930611 476
716254 598242 447
383460 864323 470
233258 498733 449
521078 21717 470
62870 998434 476
358210 786367 470
830503 835428 419
624623 378998 470
626071 444575 470
144613 310824 443
240393 27928 443
693503 795424 468
1009918 326018 476
374711 132943 443
746723 112028 470
14980 414403 449
710270 398440 470
230151 943529 476
897174 751230 468
965246 960045 414
701089 274881 470
697837 483018 470
61735 273886 443
862016 687806 468
718461 1006630 476
998631 958855 458
1034559 643559 476
705704 995902 476
969578 31840 476
80271 667726 470
143868 95252 375
33554 854139 470
493693 263706 449
749093 342292 470
1014936 665764 476
253762 667451 470
940646 951600 414
101894 1002381 476
176912 963911 476
641613 895373 468
921967 591669 476
805653 907951 450
186653 462782 449
855279 107657 470
494623 935550 476
775384 638491 468
1030802 808939 476
444055 475920 444
24070 144574 375
818213 1039007 476
810338 23401 470
657883 702410 442
975002 759778 476
656216 103339 470
675114 249255 470
998713 548506 476
840924 755792 468
407883 1027578 476
170000 214587 373
86660 664623 470
101563 862044 470
254540 83791 443
622408 698595 442
559712 646479 447
843170 329351 470
636911 604933 447
352752 246220 441
258769 279180 407
1005998 914985 458
382519 632538 470
115666 332657 443
132470 956590 476
39874 540353 470
935594 209875 476
754941 1022254 476
874498 856504 432
835724 80463 470
940296 409558 476
779059 451434 470
7462 573654 470
780785 644374 468
130013 84963 354
890595 388782 470
364143 848018 470
255193 746662 470
431982 370859 449
30745 564452 470
278875 70620 443
56230 165894 383
280495 811172 470
139574 106419 349
619102 975298 476
186882 510823 449
336282 965942 476
962257 343745 476
491021 694468 470
988120 621034 476
779431 830140 468
1009817 94999 476
629584 216435 470
841662 12991 470
587294 872408 468
577443 866169 468
943028 633674 476
1032064 174949 476
396271 123063 443
281369 1015374 476
49787 468251 449
477622 386069 449
385618 391305 436
729815 876640 468
37198 669360 470
449099 816630 470
450925 410342 418
911629 31934 476
626777 704717 442
44926 165497 383
528550 622369 452
1031667 423004 476
207469 1015156 476
597954 603741 403
89644 879323 470
570540 139432 470
299000 1048163 476
525502 684618 452
390894 206742 443
512684 428093 470
876102 961783 476
196148 278453 443
323551 59203 443
310388 950328 476
763920 355314 470
67251 243896 443
977684 50343 476
666900 136579 470
16925 216280 383
740320 106570 470
47028 262286 443
246002 346028 441
261874 771504 470
1030647 652769 476
978246 494756 476
32287 805774 470
407965 228435 443
35652 731516 470
287638 346040 441
633270 2984 470
701355 700521 305
246880 630464 470
750865 913781 476
767043 767791 318
81486 458789 449
874361 128514 470
721075 71788 470
474543 982950 476
843293 456616 470
587144 772965 468
951372 619431 476
530164 310763 470
847867 565817 468
1042280 86931 476
911857 626975 476
89915 564638 470
278922 336795 389
146527 1029788 476
202001 913571 476
749004 283488 470
323785 574790 470
412003 1044860 476
646579 886546 468
979236 441298 476
294587 517805 470
165688 197385 365
88662 695853 470
508149 936529 476
213095 501854 449
1023461 76378 476
80255 64801 351
641016 359178 470
401597 787544 470
340391 603599 470
652540 40821 470
887087 976325 476
615612 250515 470
972611 213616 476
88487 903272 470
654915 383075 470
372503 820604 470
580460 461165 470
467882 40034 449
349120 680978 470
541889 324006 470
757356 622144 442
388808 349797 423
981322 790405 476
88766 273139 443
345429 741307 470
313960 183942 443
669057 929572 476
434458 593094 470
94614 522945 470
447791 749529 470
906020 820294 432
521558 437906 470
232885 989441 476
477941 582005 470
621844 1019831 476
906011 330625 470
593400 246245 470
680423 526148 452
1036650 769190 476
799287 333505 470
461922 64672 449
517447 82405 470
994244 951906 458
675499 40284 470
426276 74715 449
789813 283722 470
895010 262797 470
721629 79320 470
203663 150996 383
661326 825507 468
122252 518763 470
107558 715653 470
765008 787982 468
193226 753083 470
508597 992513 476
38014 970520 476
8611 555462 470
4350 1002856 476
458793 679850 470
1043140 885070 476
754566 784378 468
120218 601002 470
1047176 841847 476
680322 202264 470
992844 293074 476
1027772 66521 476
811837 86756 470
782174 528270 468
874738 975400 476
232779 334761 407
919339 270794 476
256706 927950 476
826256 261057 470
882231 236474 470
940908 876797 476
72970 646899 470
612600 193188 470
199326 611202 470
1035036 879649 476
813466 979305 476
124148 792664 470
1045827 935986 471
879420 779426 468
415682 705584 470
706252 648462 442
1040345 577017 476
919256 248477 476
456393 696937 470
509535 290050 449
933412 401868 476
118272 1006382 476
193 730873 470
150996 199520 383
293500 137457 443
30595 58392 340
68188 154743 375
851056 65441 470
42155 681902 470
844868 457837 470
338911 502545 449
57724 330681 443
30988 976980 476
579159 487381 470
625343 40120 470
777431 510180 470
441988 895703 470
467988 442182 444
578002 618984 447
641702 871502 468
756442 672298 442
929894 824631 476
827041 732375 468
890072 869197 432
365703 686365 470
278459 704614 470
140336 336184 443
1035296 171324 476
264590 565880 470
658706 889933 468
606000 387562 470
351539 1047989 476
234691 819527 470
441597 812693 470
389936 34725 443
635621 97804 470
707023 516940 452
922435 485490 476
200741 763932 470
306112 566444 470
401722 584572 470
222484 542059 470
920757 209205 476
713383 136772 470
775086 323514 470
1026706 332512 476
711077 329670 470
331927 945769 476
100622 773524 470
709887 490559 470
808250 296934 470
588364 466698 470
813874 462224 470
952189 1014616 458
177581 209726 373
532486 579304 452
794299 754970 468
72788 666481 470
964175 786172 476
803253 690687 468
61112 781385 470
1023199 772189 476
62480 306551 443
669383 163103 470
31501 330696 443
653663 839752 468
627630 193452 470
257875 392930 441
655676 161490 470
358971 833258 470
371216 891458 470
363988 116941 443
597853 436777 470
783422 513454 468
174374 538101 470
155567 235487 443
270911 130191 443
1007677 333391 476
436743 628486 470
496495 468245 426
959182 101583 476
259422 538238 470
295035 517298 470
931169 950712 445
678788 241566 470
735396 1430 470
84449 50809 351
118371 682303 470
487586 901793 470
147182 661961 470
391319 302749 441
897448 662230 468
432941 856551 470
995622 869685 476
436462 443542 400
289355 347069 441
545126 548778 452
885308 840162 432
17501 767902 470
742299 696289 424
1009468 429120 476
697719 45343 470
479930 816091 470
727646 967516 476
669309 874828 468
580903 12054 470
129003 429777 449
674285 561945 447
237753 621333 470
383055 674215 470
16301 672411 470
1021285 561427 476
172614 858019 470
353015 190115 443
577346 46740 470
886405 538240 468
475860 535550 470
583583 955791 476
303067 262654 407
874733 972376 476
88908 407061 443
984431 217912 476
836839 610142 468
779857 26017 470
182900 114338 383
700233 199201 470
786749 672943 468
760629 959364 476
482387 65069 449
100905 11159 351
111809 987310 476
549400 587670 434
474286 84408 449
494886 777353 470
347063 321044 441
701155 435972 470
728106 637012 442
653885 516370 452
198579 385167 443
542388 381479 470
499506 194046 449
580680 237680 470
866990 292735 470
148469 300802 443
357804 249374 441
311962 469613 449
188110 861362 470
8709 662397 470
945771 503596 476
391176 244259 441
824641 43756 470
680232 504172 470
680768 285542 470
1020543 879347 476
670710 514357 452
212252 121641 383
708403 792933 468
359322 526818 470
37093 507792 449
827621 394897 470
757167 91008 470
864511 945277 476
952370 873221 476
559100 849566 468
328242 950276 476
45251 104308 351
994033 725483 476
608481 626226 447
1011026 580449 476
456999 633161 470
46231 669252 470
754803 754635 269
413610 65550 449
232879 450703 449
573343 11925 470
845601 281935 470
102934 661538 470
178638 6729 383
486184 737738 470
856296 814427 450
639439 901548 468
918735 584898 476
578457 478641 470
162549 540908 470
10516 619549 470
125495 56748 354
240226 880298 470
811384 653836 468
945849 1044263 471
55965 470617 449
7613 901566 470
752553 110547 470
514530 931191 476
117277 1000715 476
620355 973574 476
766567 211220 470
826547 636727 468
796118 356429 470
66794 958668 476
897338 77311 470
529643 1022833 476
134059 769869 470
854557 945443 476
375131 751831 470
941132 431097 476
173874 948745 476
284089 926428 476
10718 798619 470
809044 127995 470
750759 380825 470
52995 468751 449
592045 879542 468
56904 339588 443
187397 123698 383
249682 36160 443
201010 779325 470
10419 335069 443
500620 864976 470
231938 875751 470
568233 124496 470
258274 742107 470
24666 542363 470
619961 35385 470
292407 380430 441
163381 1043166 476
761256 216376 470
463343 304726 449
47343 520247 470
644315 234740 470
643946 893997 468
270901 844956 470
624747 281320 470
131451 76793 354
97721 363390 443
952544 665954 476
487886 162244 449
359487 512553 470
704607 979448 476
547938 997014 476
311304 711319 470
991606 23986 476
927695 406374 476
328712 975039 476
926622 973028 458
161205 521993 470
818451 432107 470
318375 394624 441
713427 449826 470
471417 811149 470
813217 375387 470
428529 252529 449
537631 788017 468
765082 193663 470
718891 264446 470
142102 1030196 476
975765 85134 476
5607 854886 470
491509 334320 449
781351 369556 470
258773 942556 476
891550 28649 470
326088 161351 443
423273 1039516 476
611177 894690 468
802090 375820 470
221503 182045 386
628349 759134 442
970062 344856 476
952797 640378 476
609303 46325 470
621999 536494 452
131459 627607 470
342805 622968 470
961927 75582 476
992525 172125 476
1018138 835501 476
200775 295652 443
996852 624049 476
286594 559455 470
470165 40109 449
935275 691668 476
222155 515050 470
402227 143642 443
859907 306450 470
784021 420635 470
352775 357446 379
957129 484235 476
985053 251360 476
58629 898405 470
326942 2579 443
21956 296506 443
838080 222732 470
592158 786357 468
846781 878752 432
297237 268371 389
918862 183938 476
960039 92443 476
698988 313692 470
236085 510320 449
620142 1020107 476
930955 972918 458
328979 839510 470
408578 265457 441
42295 467207 449
115288 369237 443
469786 137245 449
665743 259292 470
359977 209327 443
1045650 158183 476
39505 294313 443
426555 958368 476
478251 338020 449
2236 128665 354
651712 238322 470
638985 223280 470
209854 521366 470
147623 538833 470
312301 556201 470
804291 354596 470
1023409 919580 458
723834 444621 470
8250 341002 443
703913 368227 470
550330 700989 447
