97467 66601 351
573317 570492 372
298490 295499 327
103348 32172 351
741222 739299 393
66249 86990 351
40743 53144 340
14412 59479 340
110294 11017 354
110991 76376 354
59426 28067 340
80154 68977 351
897525 897490 326
755199 754552 318
80308 19593 351
18859 28828 308
86317 106312 354
36421 68972 340
382853 386966 348
22765 34986 311
33062 84303 351
98738 110751 354
55382 84292 351
51735 38602 314
728802 727208 318
46007 42772 314
58106 10946 340
410399 411305 374
111544 28656 354
561859 564350 359
15033 1842 276
40403 84506 351
17808 70847 340
61690 10947 340
717774 718116 318
59476 58976 273
491586 491953 320
91583 34190 351
743872 741933 349
617059 617320 279
122980 126381 331
23856 5510 282
88883 67764 351
438469 440610 400
11735 48628 324
547597 549373 377
90086 27710 351
78592 102296 341
58531 81198 351
69232 21743 340
86469 57911 351
130908 115381 349
400044 402260 387
24605 80261 351
39129 40072 306
356264 345318 441
221743 216242 386
681861 683403 336
62315 25496 340
112466 66343 354
826693 825604 344
46017 31600 324
24745 34596 311
294732 294815 265
106407 68339 354
720910 721894 367
66444 104712 351
32073 28806 285
35733 37545 306
100857 3296 351
71774 76077 325
108354 56791 354
26160 95022 351
99538 57602 351
95731 57229 351
46588 67183 340
525963 528136 408
226967 231367 443
52927 45042 340
53762 85739 351
47928 51019 296
17881 52630 340
31639 89965 351
87997 112818 354
116840 127369 336
82379 67609 351
104812 17630 351
233950 233336 275
66975 7619 340
744673 745105 243
44526 59720 340
46852 100161 351
34307 4251 311
95475 44353 351
170506 175400 347
97408 39758 351
57537 48410 340
991219 989960 321
113010 64317 354
594339 589799 403
27132 31984 285
58476 87092 351
45611 100013 351
37287 50500 314
899758 890075 370
73077 78111 351
36381 55389 340
7311 25014 282
45021 111985 354
451587 437372 400
46326 97107 351
65891 50415 340
98998 81283 333
677006 679784 380
264944 263121 332
108375 65039 354
74060 17516 340
103472 1914 351
105642 90210 341
291039 291747 327
10076 79917 351
30407 98543 351
40354 69113 340
51959 78317 351
110978 11521 354
94790 85212 333
333888 339042 366
21542 104178 351
10050 81244 351
111781 63429 354
3253 16623 276
36143 9905 324
29219 53912 340
34365 73005 340
99955 9051 351
568285 569560 359
393429 397543 405
119007 117422 336
74103 19720 340
49480 62372 340
51253 102609 351
3739 4845 215
142757 142894 220
895067 893007 370
413022 408507 449
99138 70689 351
6368 5895 262
93100 70398 351
156306 158061 339
86920 52921 351
68307 100736 351
542711 541094 364
598393 602030 403
36945 9949 324
48839 68815 340
13725 99231 351
604451 601833 372
367310 366202 348
118139 129451 336
15452 46758 324
130583 119446 344
5632 8328 262
20955 59940 340
56565 88276 351
274890 272062 358
170461 176316 347
351039 348729 366
30696 77941 351
55724 106377 354
917012 912950 370
42097 56704 340
400521 398185 374
339482 334586 366
20722 111883 354
598800 604293 403
599735 597359 372
22544 95512 351
129901 129940 300
111096 75388 354
900489 900138 313
89281 32889 351
783691 783325 300
102875 21934 351
95785 66648 351
896603 892347 370
51018 46952 314
3619 61092 340
71129 74543 325
191675 194081 347
75788 76485 307
938808 938255 308
53473 65626 335
66674 42201 340
42692 95127 351
96221 70846 351
99186 65571 351
55200 51113 340
122766 114880 349
73008 40816 340
60205 32764 340
62539 76129 330
91134 105001 341
321792 322250 260
88735 49726 351
763093 761011 362
61365 81532 351
92063 35683 351
78112 103851 341
338687 336905 366
629186 629124 173
303798 305589 340
8260 61198 340
8842 100449 351
2459 31241 308
64415 35909 340
49917 100115 351
675529 677146 385
109392 31425 354
620858 613805 447
327565 333348 353
42754 1544 324
98303 33949 351
706085 706918 305
23703 67599 340
35739 23217 324
498349 496193 351
226342 215184 386
99178 91087 333
469325 468672 351
50764 71179 340
112276 49657 354
685500 682426 380
2352 14294 276
65961 88551 351
73291 19633 340
105653 104393 341
51854 101526 351
89884 541 351
12073 66400 340
393209 400696 405
56729 78899 351
99732 39177 351
945 37679 324
75102 62316 330
74328 5744 340
112101 2149 354
801947 799500 406
83769 43890 351
357351 341093 441
458425 458436 232
71896 51990 340
35157 99628 351
91869 3289 351
54723 27239 340
80540 98250 333
434 77993 351
105581 361 351
76563 15475 340
33022 22776 308
34039 2144 308
692428 692304 261
788731 796729 468
568581 569808 359
110462 95570 354
110469 46654 354
295982 294594 358
60565 22205 340
73821 3884 340
109890 78348 354
48331 11482 324
191858 191337 329
46490 8207 324
438054 447673 400
109081 78461 354
22334 64779 340
23095 79871 351
28169 5286 308
224606 221420 337
768905 768726 331
236788 229039 443
78425 31671 351
65148 34356 340
400723 399625 374
128523 115872 336
881134 878456 357
11167 40325 324
50318 53979 340
209252 212039 355
72602 54256 335
96187 48304 351
99795 23427 351
9610 16290 276
50703 28824 324
301263 293584 371
109908 25872 354
410071 410664 312
306959 308314 371
48055 57255 340
501 42059 324
47613 6762 324
9649 8570 260
92018 24612 351
3001 97522 351
41078 39057 306
198051 195107 360
74209 47939 340
247834 246570 350
43481 64289 340
2997 21855 279
96427 11538 351
109573 97710 354
5333 91123 351
1960 69551 340
62759 41386 340
84926 85380 289
98889 25785 351
65083 56733 335
129338 131557 344
9724 19426 279
16159 41702 324
30102 99453 351
96639 53924 351
80745 46227 351
443168 438044 400
106820 56137 354
97615 30161 351
514028 511075 470
101942 73321 351
51265 71658 340
513 110863 354
390740 390153 317
22407 67523 340
354356 347824 379
328390 332290 353
88183 7563 351
221244 222027 355
13710 81244 351
250133 247778 350
107265 56588 354
130797 119131 344
104774 51199 351
53809 110829 354
531892 537358 377
528031 530140 377
22081 7878 279
134475 136492 344
82724 27117 351
102592 58423 351
53901 51943 340
42871 90000 351
55536 25068 340
21602 56149 340
27920 81562 351
525662 529227 408
108493 80332 354
21690 75670 340
92835 21102 351
65263 17823 340
47662 34219 324
106458 112871 323
78959 94315 333
44619 49969 314
6703 1369 262
17039 14740 271
70767 56244 335
60705 8697 340
2045 31656 308
951894 954921 414
24698 18007 282
33333 103626 351
73179 84563 351
529097 530306 333
828 102392 351
800400 802394 406
9553 1670 262
39848 107440 354
65384 96984 351
48672 47828 265
800515 801841 406
53539 14390 340
992915 995748 365
45529 13365 324
86974 19545 351
6347 100706 351
778174 777477 269
95722 70136 351
17288 65172 340
710730 710441 292
95947 27323 351
54324 77381 351
670916 676729 385
452066 444424 387
98648 73673 351
952150 953211 414
58465 31055 340
1262 4835 238
4294 51500 324
899020 891532 370
257561 257211 332
76263 19047 340
33791 88539 351
59643 54150 322
125738 118000 336
8294 74854 340
743430 745145 318
77422 105319 341
109481 42729 354
115774 122186 336
694238 694612 323
61946 107148 354
63109 4560 340
616332 619825 372
110979 5263 354
298222 297788 296
109257 83479 354
33377 43461 324
72860 42048 340
84755 63915 351
74045 12394 340
134462 136832 344
65213 10605 340
349166 348106 335
110685 48503 354
69409 7806 340
56354 28921 340
94832 25626 351
118579 128392 336
31444 89391 351
64035 36728 340
844764 846352 401
42802 30281 324
449771 449751 250
113651 125092 349
572862 572769 222
90319 12245 351
106622 75081 354
546 99121 351
75101 32300 340
22024 57563 340
17289 6500 276
29656 113038 354
178033 172851 347
14543 8157 276
5715 74515 340
75975 50243 340
20297 50541 324
176587 172947 347
104431 26915 351
425182 422695 418
129978 121091 336
16440 35678 324
847348 846319 313
86336 41397 351
104729 27143 351
68345 70600 312
76748 32947 340
49775 86843 351
868751 867308 357
348853 356798 379
16924 81661 351
984730 985191 427
2064 5478 238
127187 118718 336
110444 47310 354
575755 575195 315
65238 83066 351
492173 496148 426
38230 31341 324
112595 75739 354
31419 50323 324
7547 69687 340
616650 617684 328
52101 5863 324
109903 91193 354
50829 65659 340
602956 598950 403
336517 323345 384
536899 536579 271
438710 450648 369
235789 238208 350
86142 47270 351
83655 59271 351
33655 101078 351
46520 99321 351
47839 91254 351
4408 106709 354
48799 8984 324
37191 60591 340
894026 899180 370
122131 125416 331
2863 108271 354
20630 81151 351
491251 488493 351
96156 80398 333
56323 34144 340
72376 68111 325
56462 48895 340
71510 72760 263
746526 743764 349
17193 51643 324
53717 75142 335
109531 33427 354
82193 54367 351
15450 56313 340
451887 445163 387
4059 62206 340
41907 16615 324
426 8975 262
20670 5027 279
78369 69368 351
67875 26959 340
68704 106930 354
343378 355654 441
13872 82654 351
70348 61970 330
72916 109309 354
79710 29139 351
43707 7777 324
46756 22543 324
106781 106827 217
50406 38609 314
15889 109511 354
10869 51204 324
25 98798 351
108155 27826 354
18745 47027 324
78253 109138 354
52885 10982 340
82669 82351 320
35143 104880 351
24557 41750 324
32779 101634 351
39262 63878 340
277 96314 351
10170 26688 308
346935 354469 379
31113 107011 354
888 76101 340
558255 555818 346
76954 88226 351
31756 85907 351
70777 67617 312
102460 73758 351
43712 16194 324
10779 91124 351
12108 26663 308
16102 36665 324
78469 110175 354
85332 13134 351
37431 97119 351
22436 3444 279
59004 22581 340
20083 45030 324
16382 18163 279
58099 22550 340
351927 347842 379
445439 446790 325
896018 900752 401
3265 47248 324
440827 438096 400
37663 35964 306
99754 54674 351
601895 600265 403
51144 25839 324
8655 94520 351
58137 29920 340
70597 71349 325
10292 72366 340
226934 237790 443
41512 55005 340
669 92043 351
55606 67209 335
11082 76864 340
109376 90945 354
305733 302535 340
74668 81591 351
6215 45803 324
745548 739302 393
363238 362972 273
86103 12819 351
369320 371789 392
5700 5284 236
325687 331197 353
56591 13706 340
447794 439547 356
950645 947317 383
77956 48129 351
54181 20041 340
93485 87359 333
226562 217046 368
60629 4326 340
29626 60168 340
89098 107158 354
38290 23184 324
18215 99352 351
75890 113280 354
40287 2021 324
88799 50601 351
67030 41243 340
101748 27706 351
32171 34105 267
7745 47673 324
85829 87198 333
57130 60290 317
90162 18023 351
28406 71631 340
589637 599331 403
285136 286810 376
451118 450841 294
69276 876 340
68627 33067 340
32565 56018 340
59364 20783 340
135565 138360 331
400421 400486 237
71878 18980 340
111949 5169 354
990694 986223 396
37026 106765 354
80557 49658 351
39014 97760 351
56485 90955 351
51062 97057 351
80899 108066 354
63667 12267 340
68811 3518 340
61022 112701 354
52351 95283 351
106890 78670 354
7609 112713 354
106621 51857 354
267893 261720 407
937 2967 217
11396 33760 308
68199 103177 351
75826 103704 351
87595 103145 341
18350 89735 351
106659 40664 354
82808 110947 354
44423 76476 340
558190 559135 284
85919 56913 351
757961 761039 380
473238 474678 382
90630 19801 351
62346 91994 351
33514 169 308
23617 45525 324
14980 48053 324
59119 14583 340
68576 9768 340
599242 589786 403
586868 583902 372
602044 595027 403
26271 42780 324
30691 61531 340
25845 3208 282
28760 85311 351
2252 20799 279
49 81966 351
692387 693913 367
77368 42668 351
722616 722283 411
143879 150065 370
108789 41534 354
59495 46498 340
225318 214977 386
88110 12185 351
9841 49371 324
37980 41889 306
93628 59893 351
44196 84191 351
90156 86255 333
12094 5921 268
47563 36163 314
77711 73684 351
113398 132294 349
89911 52457 351
81765 99274 333
11884 39993 324
246724 253430 350
104248 49696 351
32201 66563 340
2712 109559 354
57590 100736 351
35085 91353 351
67691 83689 351
507887 507941 364
43398 83134 351
81757 40484 351
89786 44981 351
26353 58456 340
68800 91170 351
904 49941 324
25234 64923 340
75603 22582 340
28016 104559 351
57596 101734 351
80850 106305 354
95039 64538 351
570858 569883 377
90627 31363 351
433067 433570 268
83098 41907 351
18016 60007 340
97498 57997 351
105292 8003 351
604214 596978 403
94947 63876 351
590831 594999 403
99256 108213 354
116213 124065 336
81262 20932 351
79710 82670 320
9811 6693 260
96537 35578 351
587848 585638 359
104406 91636 341
26252 103882 351
34665 42621 324
494808 497041 320
446039 445735 325
224736 225642 368
710029 708027 349
7160 53981 340
197024 200488 342
512577 514456 351
55263 59022 322
996233 994110 365
57319 34771 340
50397 113332 354
332677 337292 366
847741 847559 326
109220 84639 354
104247 84384 341
84522 84152 302
51139 36385 314
30155 82272 351
1172 1643 177
43178 103316 351
112660 33773 354
109477 30963 354
594626 591248 403
45569 69359 340
85875 94537 333
30593 83522 351
34080 16654 308
93497 108751 354
36405 39480 306
115941 128286 336
42838 32554 324
6192 31422 308
39669 111411 354
81249 110853 354
78872 64301 351
174060 182881 365
798658 803692 406
37354 36247 262
233589 232897 368
110110 98154 354
74846 74434 325
891032 897317 370
102485 75465 351
16600 82132 351
145514 148062 357
334724 330509 353
22968 25748 282
16475 71334 340
597007 591234 403
356278 345430 441
46318 46136 239
681515 684762 380
75928 72456 325
880358 879074 357
176630 171092 347
890575 895522 370
149993 146738 326
120323 128946 336
548002 549390 333
445503 438741 356
98817 78181 338
142719 150804 370
798722 797980 300
100192 11310 351
4433 5888 236
65513 17036 340
328182 329640 353
74243 104486 351
61944 67574 330
32620 33741 267
84047 39642 351
77592 69 351
7322 25226 282
81887 102371 341
79834 15781 351
449087 452248 387
180001 173629 347
81788 80364 320
15200 109607 354
123987 120051 336
71460 20205 340
99522 68758 351
547573 545376 452
104396 48690 351
31409 67478 340
78311 100225 341
236922 230420 443
63147 53720 335
891923 893056 295
701237 701504 261
87733 20823 351
916487 912960 370
62312 3490 340
52989 27937 340
94978 66337 351
930577 930139 264
468356 474784 382
11340 41954 324
33773 5848 308
2102 28601 308
48098 107104 354
442626 445884 356
402030 398653 387
13041 28451 308
23941 63993 340
135107 135444 344
299828 291596 371
69640 4847 340
491613 488473 351
8221 88178 351
34065 40392 324
97883 18548 351
34675 83481 351
25915 93706 351
219012 224364 355
97016 95766 297
22829 58719 340
6145 20885 279
93724 87367 333
2710 59454 340
298 52812 340
154089 154413 326
68811 78723 351
50999 102237 351
91855 99919 328
43976 75823 340
164934 162783 334
346 30930 308
49559 98320 351
7744 7125 239
7219 36217 324
97221 4912 351
47040 1477 324
23891 4698 282
87264 58240 351
57130 60710 317
1725 59003 340
382098 381996 224
82776 17285 351
49210 105797 351
17339 84391 351
50946 108663 354
96581 49519 351
195149 191495 347
24035 46242 324
95140 81195 333
789771 793719 437
924197 923428 370
95230 16884 351
13240 63879 340
382830 385833 348
56548 29137 340
7648 110340 354
264701 266892 332
331532 328068 353
67131 26120 340
74840 15111 340
71190 24655 340
61421 38893 340
662910 656925 398
64572 75681 325
90960 101505 341
10604 74754 340
111517 55772 354
97667 69963 351
197895 193798 360
76577 40044 340
402521 399553 387
103 101209 351
45258 72995 340
106836 51622 354
146627 145818 357
814617 815694 357
71132 26520 340
98364 110537 354
354281 351891 335
26338 9325 282
11062 85110 351
101634 111272 354
106968 69125 354
92759 85913 333
439000 444459 356
86749 109152 354
676725 675565 385
31658 103633 351
50819 38668 314
186750 190703 360
328225 325588 322
283952 283706 252
200254 196337 329
58057 12210 340
39194 70037 340
72056 5922 340
43393 86025 351
42255 105494 351
39663 18120 324
470158 476737 382
352736 358308 379
691308 694683 442
53622 54158 247
43036 87102 351
68578 67148 312
16807 50055 324
367883 363965 361
71132 64288 312
345311 356497 441
926741 924960 370
46082 18384 324
23891 83160 351
802258 803390 388
57663 59407 273
88691 29265 351
96287 38450 351
318958 314586 353
10222 51056 324
13445 23801 282
49754 13027 324
746419 739315 393
79653 93378 333
105824 24114 351
77188 51635 351
49275 64586 340
105943 94677 341
53044 51537 340
106934 80117 354
551823 549198 377
59319 31864 340
166970 167739 321
93296 112668 354
492418 493989 426
941654 941925 308
673030 676074 385
624462 624410 235
111397 1956 354
799000 803397 406
188259 187741 316
42791 92638 351
84935 60283 351
461807 463945 369
11978 10757 268
66584 14893 340
16593 52023 324
59177 43783 340
102576 19537 351
122756 115822 336
353274 340929 441
15254 52092 324
95341 84119 333
95878 55021 351
36842 89373 351
68052 71628 325
31347 106361 354
685535 681236 380
352027 350035 379
135395 134690 344
344641 353792 441
46573 13605 324
69280 37417 340
407121 407429 268
330205 337263 366
101814 17387 351
24040 46529 324
10153 93483 351
65866 8445 340
32228 61272 340
54673 32758 340
40006 19725 324
46849 33194 324
40067 112312 354
102330 103515 310
11183 49305 324
60873 78084 351
90259 83094 333
1693 5113 238
20887 71854 340
1243 27269 308
21134 80459 351
83434 59937 351
41051 46207 314
