89384 30887 351
42778 136916 354
97794 38336 351
35387 60493 340
116650 141422 344
102363 40028 351
68691 20060 340
97764 113927 354
30541 33427 285
39173 105737 351
55212 45369 340
102568 6430 351
15783 21531 279
22863 115124 354
24068 103136 351
63930 29803 340
134023 23059 354
83070 148168 375
61394 118457 354
125012 28043 354
26230 77374 351
134422 94920 354
13785 148538 375
125199 44325 354
98316 14371 351
66414 3527 340
126092 18981 354
9957 141874 354
106863 99171 354
106997 47282 354
52306 20926 324
77085 36328 351
110337 76506 354
100847 21730 351
111314 75858 354
116125 53896 354
69583 100546 351
148815 83368 375
15435 40365 324
44044 113751 354
121088 26809 354
117277 97179 354
45789 43585 314
5404 2652 238
142755 112400 375
49933 45061 314
49677 43369 314
147740 10013 375
36227 98587 351
98095 147540 375
90796 130571 354
51435 10379 324
147468 116602 375
10098 12903 268
73318 120493 354
126653 110757 349
147302 10281 375
124287 109442 349
53866 129690 354
28445 46620 324
8441 144730 375
8032 58118 340
38098 5772 324
134482 140676 344
20710 148928 375
54568 27857 340
129498 22354 354
104587 126966 354
55307 114684 354
56220 128625 354
1529 32872 308
5733 148830 375
109504 130020 349
108271 13369 354
109709 136716 349
126341 118150 336
47797 50724 296
92619 2246 351
122847 143452 375
142922 143556 282
142380 47489 354
87765 38229 351
69842 42351 340
15194 41501 324
7035 137765 354
20125 74915 340
86988 25857 351
73744 46492 340
72228 98366 351
59860 31937 340
1433 102552 351
66438 49229 340
3276 75408 340
51475 126122 354
68859 44396 340
36030 61238 340
8236 123794 354
15819 144429 375
16144 31012 308
35929 89530 351
18777 122405 354
14444 105764 351
64614 4539 340
68607 136841 354
102905 44819 351
85129 20689 351
147370 67918 375
69918 66997 312
143325 37744 375
109471 62184 354
148491 145500 357
39773 6726 324
35645 55591 340
67506 118140 354
2955 19787 279
57670 88083 351
58543 138465 354
110198 39508 354
59356 28805 340
26349 78612 351
73623 27829 340
99300 137344 354
95747 85569 333
54341 5423 340
123312 13811 354
67606 121802 354
75662 23731 340
44879 111306 354
79321 28737 351
79445 148627 375
48523 53466 340
86709 23417 351
108283 113259 323
62925 17638 340
142063 5625 354
12601 132037 354
33453 111900 354
119380 45551 354
47469 90072 351
50974 87132 351
103882 34931 351
58934 95895 351
58661 20164 340
57200 137982 354
48900 52997 340
52960 13774 340
22814 139669 354
37191 131096 354
102927 16467 351
65085 11341 340
22091 77685 351
143377 55543 375
105937 29108 351
17446 69757 340
119180 68419 354
6888 139413 354
103349 132173 354
1660 12010 268
2337 125211 354
66343 117588 354
28207 119302 354
47714 117373 354
25322 1256 282
14820 44600 324
17722 79905 351
55940 39812 340
73941 115668 354
11706 96229 351
61128 29151 340
15985 96659 351
13921 89225 351
2423 117270 354
71397 4082 340
45631 140085 354
129293 111973 349
107673 73851 354
147626 5386 375
41223 89300 351
6641 56043 340
133899 90714 354
52299 106191 351
130525 42591 354
138210 58582 354
138820 49337 354
87733 71156 351
145995 18005 375
10380 64770 340
135274 81777 354
68851 97256 351
71861 48143 340
125580 95885 354
121994 123206 318
17622 79568 351
62505 90614 351
51962 112755 354
31327 104260 351
68945 78203 351
63203 123507 354
136785 52022 354
22843 140869 354
39529 85190 351
8873 49909 324
149959 60499 375
48037 68809 340
7754 36249 324
33304 133334 354
132134 71649 354
22891 149755 375
67568 1747 340
90369 119530 354
114501 38047 354
73789 99798 351
116250 136991 344
73304 103034 351
105364 12498 351
10254 144893 375
97687 19126 351
111153 13997 354
145976 9189 375
149158 3730 375
45437 32461 324
53415 93922 351
20461 76305 340
10029 88028 351
78051 16749 351
57557 108903 354
54795 47698 340
58700 21044 340
101040 132003 354
40429 56404 340
144501 50682 375
117648 8539 354
136160 145152 375
22536 132135 354
4340 21693 279
52216 116128 354
120505 105630 354
60050 140965 354
98286 136430 354
145344 26336 375
3178 52901 340
135239 57972 354
16950 110290 354
145368 117989 375
92293 35796 351
90744 3145 351
2830 58391 340
11683 55341 340
53542 100570 351
103827 124233 354
122262 6043 354
90361 9118 351
28024 66762 340
82 126310 354
53191 145426 375
68997 56368 335
114678 54235 354
30691 131627 354
14525 26058 282
99615 23169 351
128206 40359 354
26313 47387 324
15101 104347 351
102727 134995 354
54917 56553 322
25579 93530 351
128947 32291 354
102648 6971 351
99052 19081 351
49632 68594 340
80858 118628 354
41313 111887 354
89215 138356 354
93513 20091 351
14413 109480 354
109611 58970 354
66190 52275 340
106356 147642 375
6621 125434 354
48988 127889 354
98339 74567 351
137771 77285 354
106857 90418 354
607 122261 354
25850 50238 324
107206 23060 354
85218 148519 375
134946 90784 354
136874 78459 354
110874 67638 354
104290 70484 351
126608 20479 354
122758 149315 375
84472 45730 351
41101 133460 354
23619 139439 354
58026 11389 340
133075 81234 354
18158 133682 354
53494 110359 354
100271 10700 351
133418 101840 354
75570 118364 354
42623 128795 354
113174 69848 354
46432 67463 340
56683 89391 351
4293 95792 351
5058 5116 179
141522 46158 354
138575 81492 354
101948 112952 354
9232 85022 351
110538 93741 354
135055 14031 354
54099 85326 351
91082 37517 351
103517 83003 341
72232 146140 375
61797 35405 340
132339 24581 354
19219 39022 324
113971 89863 354
134813 35380 354
94978 42686 351
81537 149905 375
124177 33484 354
29208 49760 324
34858 139745 354
143500 19912 375
70128 113951 354
105237 77561 341
67819 125106 354
10564 140050 354
121245 138712 344
91806 19935 351
13292 27376 308
58956 43615 340
33590 43769 324
78994 44919 351
2806 76883 340
44823 126983 354
26718 74031 340
93094 61575 351
130127 86594 354
81487 50254 351
50544 103075 351
127815 34714 354
78180 138378 354
24763 115776 354
127089 32920 354
135711 56733 354
60295 111018 354
100347 10236 351
71138 95692 351
55154 73944 335
22574 16329 279
50926 49292 296
6711 144019 375
27218 136837 354
146964 25056 375
37091 113859 354
128131 14905 354
148572 122662 375
69634 89686 351
4790 113074 354
122605 56852 354
19806 99251 351
17869 36504 324
109486 89007 354
132196 14640 354
12950 71121 340
30968 130227 354
36764 37678 306
40597 63982 340
90866 37561 351
89037 127956 354
67771 133519 354
59212 66343 335
22533 45197 324
72380 27322 340
8271 44985 324
84173 94428 333
144235 102041 375
47284 20073 324
107399 95831 354
101064 120348 354
16951 132031 354
100574 53715 351
86060 57523 351
34048 26925 285
95083 39436 351
71233 79205 351
22955 130444 354
61899 45487 340
25641 134279 354
139160 100263 354
29263 139684 354
111042 89849 354
91724 8325 351
26273 49123 324
104155 127336 354
85822 37458 351
109366 102748 354
91172 111777 354
10270 125219 354
138702 21704 354
14654 59934 340
100908 103960 310
106729 12807 354
65798 48721 340
147085 121309 375
65335 92699 351
110992 26377 354
98899 52716 351
101053 125172 354
18190 121560 354
102507 104011 310
9017 128225 354
123110 16540 354
90001 133379 354
58110 145054 375
5082 139115 354
121339 105990 354
9427 78068 351
35148 75224 340
126788 32232 354
46533 42123 314
41282 73876 340
134851 140180 344
126591 2255 354
115351 61132 354
123814 67858 354
81495 49182 351
46082 54604 340
65721 52434 340
37983 40182 306
47488 109416 354
29297 18826 308
65405 38723 340
96893 100552 341
30298 140033 354
49135 143182 375
98507 90416 333
67058 149709 375
80596 110000 354
1963 112298 354
87484 125777 354
30155 18978 308
91310 142588 375
139933 73383 354
45022 94267 351
113564 8861 354
53683 59212 322
27686 119087 354
14286 40931 324
135991 44584 354
97315 101477 341
104117 45821 351
41893 87526 351
45529 38840 314
47526 47491 221
1137 51361 324
89619 97644 333
70338 30929 340
6583 126622 354
104311 117956 354
70889 134226 354
126816 124571 331
43438 70854 340
10009 57723 340
111784 62351 354
18658 59098 340
13828 39127 324
21270 122072 354
126652 133150 344
10911 90529 351
30640 78399 351
141889 36611 354
92394 128578 354
133891 98977 354
105200 4553 351
66932 26088 340
138778 110100 349
658 98567 351
30953 77018 340
72642 142736 375
139369 91299 354
118185 3196 354
46777 55806 340
125267 23429 354
38955 52529 340
30309 69594 340
47279 22198 324
22556 139673 354
775 6446 262
5001 22326 279
10998 138284 354
48413 66128 340
98383 115422 354
14694 129335 354
42440 87335 351
38422 98160 351
94986 72958 351
101355 141762 354
128763 142973 375
81542 17717 351
111853 111851 186
3663 75483 340
50400 26218 324
65155 51174 340
99016 136507 354
139852 26365 354
124791 38264 354
92492 73173 351
70038 23538 340
118860 28829 354
110872 7281 354
126988 55857 354
146591 78342 375
113971 125353 349
137666 45512 354
143070 99518 375
7362 63084 340
91352 124113 354
89301 6507 351
91639 104668 341
59365 81490 351
131033 34155 354
36105 139876 354
23680 106142 351
13413 142539 354
134970 40637 354
66171 111957 354
12845 62761 340
106650 126815 349
104466 94315 341
22327 13887 279
110184 96040 354
76970 51536 340
70153 82622 351
124394 11791 354
37290 100110 351
9632 84674 351
134265 45736 354
74549 74296 294
1878 4314 238
66834 53199 335
44950 49356 314
15156 57794 340
28469 38157 324
100961 132934 354
48824 123287 354
63172 75359 330
135678 140141 344
43246 122182 354
72762 83991 351
50324 110051 354
34101 59955 340
111076 18365 354
22043 35625 311
92660 23920 351
106290 75845 354
143470 1239 375
41552 74977 340
125384 70020 354
113134 76344 354
119305 11957 354
115982 32476 354
3667 18012 279
88968 46913 351
140193 11730 354
130903 106869 349
38132 15003 324
83175 149208 375
99719 105217 341
101184 42378 351
45488 57473 340
34574 38958 324
125063 76126 354
113934 16798 354
62497 143419 375
93142 98154 328
71727 125475 354
46981 75394 340
143486 135949 375
122306 50031 354
64030 19560 340
6899 102161 351
34563 6425 311
17720 134281 354
111642 118903 349
93011 73481 351
92727 127584 354
28790 134141 354
53709 142724 375
939 32558 308
52494 10432 324
130711 124221 344
135906 27691 354
49614 129392 354
13639 88271 351
29422 77668 351
107830 102672 354
96181 58744 351
109096 113900 323
43025 137089 354
149155 52387 375
60570 8233 340
29970 5711 308
142374 31 354
148434 59664 375
32588 117280 354
70095 79650 351
91500 122352 354
107340 57465 354
101743 37331 351
62087 47516 340
31350 19916 308
187 43882 324
145012 25635 375
74134 104388 351
12723 73288 340
6774 139644 354
81520 36743 351
145355 140245 375
103125 60140 351
116260 52064 354
27419 36354 324
131713 35270 354
8706 5405 262
92734 26800 351
42735 4820 324
74316 140436 354
91088 140854 354
100670 2451 351
16488 24803 282
106838 95563 354
98090 113611 354
85206 95961 333
66705 146912 375
2558 19830 279
123404 118817 336
71893 822 340
71523 53606 335
102444 146580 375
125362 111529 349
23379 84448 351
32701 14046 308
74883 123788 354
4900 25552 282
42590 21387 324
50354 149427 375
116949 64795 354
113037 118507 349
77108 96093 338
115418 79665 354
115922 88821 354
48481 104167 351
5995 36355 324
74124 108438 354
32934 49485 324
136318 56313 354
133932 19018 354
136710 125166 344
59157 141609 354
67070 101746 351
12996 117423 354
101172 46296 351
98570 130560 354
14802 25677 282
76653 46572 340
105341 108926 354
51744 70173 340
63092 124090 354
106528 53567 354
148879 55813 375
103051 135197 354
112125 3334 354
4214 15187 276
128500 63371 354
6795 45569 324
15116 86142 351
79343 32640 351
132438 94264 354
13199 63591 340
119940 6203 354
26514 141632 354
115129 78258 354
61805 94572 351
52347 84684 351
148139 51226 375
140496 17541 354
36422 18973 324
87227 40635 351
34159 65726 340
20357 40953 324
27646 35473 311
43447 23340 324
68112 25884 340
117604 147662 375
5826 87543 351
70217 32340 340
79175 35345 351
110597 57331 354
46268 79295 351
142014 110758 349
130520 48861 354
44651 83293 351
67833 131877 354
40280 101991 351
113954 60636 354
59296 141599 354
96108 102742 341
14938 80571 351
44977 132541 354
144585 50802 375
70084 64801 312
149493 65610 375
16497 26441 282
122940 62764 354
105736 31305 351
89874 2607 351
80165 134524 354
2252 64350 340
32752 42531 324
16340 146705 375
103166 141987 354
138303 115626 344
11080 69592 340
112548 122408 349
118485 107132 349
89562 104920 341
21932 89054 351
20529 38428 324
115495 59820 354
17544 137582 354
91124 23769 351
140188 87640 354
74644 142439 354
1989 107395 354
101321 84681 341
104099 54487 351
143019 8753 375
86464 4099 351
144696 49011 375
126506 113180 349
6143 66067 340
68099 94426 351
71473 4979 340
132854 36967 354
64798 66749 268
24548 72273 340
90517 81087 333
9913 15160 276
139878 11901 354
122554 91198 354
12933 143004 375
62036 5952 340
68108 148499 375
10050 129155 354
113862 52907 354
92335 120004 354
35326 76785 340
64429 106798 354
81764 113634 354
60116 146561 375
30382 1015 308
135186 120898 344
82101 145098 375
52409 138330 354
73350 91314 351
145880 2635 375
84317 57915 351
8586 68776 340
122766 84987 354
47931 86627 351
137893 56617 354
56630 89570 351
49753 37410 314
46367 131516 354
67396 22834 340
44429 97777 351
23848 29614 308
135027 22301 354
91063 103787 341
10630 80764 351
45101 6509 324
83398 129417 354
130776 91983 354
114545 103541 354
93321 78827 333
106519 147566 375
51795 79500 351
87135 101547 341
116909 49854 354
83063 34304 351
72687 43843 340
48433 96535 351
139808 99811 354
118835 80870 354
53597 45816 340
77985 98697 338
52325 11383 324
144466 99452 375
19717 25362 282
119344 113038 349
104188 75862 351
110603 5982 354
5361 114089 354
23880 38621 324
13942 23294 279
72925 86629 351
67136 37709 340
33163 56943 340
53871 1997 340
54164 107467 354
47812 48501 252
122516 16488 354
126235 33333 354
32291 145951 375
58694 1634 340
25340 12881 282
77495 52294 351
85214 82855 320
16383 25445 282
121476 30324 354
48739 110752 354
116952 115874 305
64812 66466 268
89169 118682 354
134814 59684 354
142500 98978 354
24536 115015 354
115465 770 354
148347 64108 375
63073 123392 354
65741 88412 351
52624 59588 322
57058 137837 354
58794 73440 335
13282 96621 351
20115 128372 354
57372 53419 322
10597 38535 324
119884 99765 354
73568 104698 351
75801 66068 325
53675 100336 351
97434 85491 333
17458 12133 276
65950 80530 351
135524 131691 344
85293 38148 351
107630 142350 349
92336 16423 351
132141 21969 354
113044 2256 354
340 86767 351
122026 10937 354
41654 8261 324
27053 115221 354
112958 19205 354
31288 82984 351
119541 128722 336
84827 136998 354
57206 67128 335
133879 42729 354
115170 69171 354
147228 72799 375
61521 89564 351
89222 43661 351
27884 118617 354
112268 28224 354
55383 84293 351
105512 97036 341
92554 132564 354
128609 121863 336
1769 9896 262
121199 37661 354
54969 122377 354
91010 112174 354
39504 74888 340
71255 4674 340
144058 68482 375
143824 121930 375
74397 83045 351
81943 102281 341
118013 44210 354
46856 89748 351
44855 2367 324
103135 53760 351
51282 81743 351
91974 119402 354
91639 63172 351
73414 62959 330
101900 14423 351
91485 57756 351
5662 79091 351
128781 66072 354
63924 122604 354
38001 138321 354
122001 119943 336
6953 90013 351
80505 53808 351
29760 125359 354
122526 132895 344
29118 90159 351
64637 121091 354
59561 72627 335
100615 132974 354
51938 118866 354
63749 143422 375
26621 69410 340
138864 5401 354
51833 52787 340
128005 89834 354
107459 16357 354
126128 114411 349
106369 56632 354
84570 136129 354
98342 123447 354
35375 127459 354
63606 100011 351
14902 123166 354
88990 31868 351
22491 140927 354
733 86239 351
50700 93706 351
72001 39563 340
15458 123833 354
92349 143462 375
130018 49808 354
76170 22498 340
80570 32539 351
79129 15140 351
85019 27471 351
138586 120393 344
71281 118543 354
136755 2534 354
91708 75744 351
34401 30551 311
133022 101486 354
116789 33721 354
45191 105141 351
139635 60648 354
145326 81984 375
120462 41695 354
48143 46631 314
64192 45064 340
145521 143321 326
126555 80539 354
87143 31493 351
50931 8423 324
35 37686 324
77309 8095 351
29781 111709 354
38645 12803 324
129546 71785 354
46523 91088 351
26926 36158 324
1736 88603 351
34493 38549 324
130297 148987 375
1531 110841 354
44050 147052 375
20513 86957 351
77590 107655 354
118449 44873 354
32429 118483 354
82558 26089 351
126577 112338 349
137798 15221 354
125140 33695 354
87006 88015 333
124783 30283 354
40524 42870 288
35237 75016 340
81418 81885 258
140354 149300 375
42725 100755 351
146351 63237 375
37711 140293 354
87243 6159 351
35165 36024 324
124642 117722 336
62112 17570 340
146411 116261 375
32791 37903 324
149956 36148 375
125917 41090 354
132782 16440 354
83959 18018 351
7807 15376 276
99902 64512 351
14675 58979 340
15266 77378 351
38567 52977 340
67670 42162 340
59135 102834 351