1 1 1
5 5 6
10 10 7
1 100 119
51 100 119
84 30886 308
36915 78 324
94 38335 324
60492 87 340
50 41421 324
90027 63 351
91 20059 279
13926 64 276
41 83426 351
55736 73 340
12 95368 351
56429 68 340
83 21530 279
65123 63 340
68 3135 217
79802 30 351
23 23058 279
98167 70 351
94 18456 279
78042 12 351
30 77373 351
44919 22 324
85 98537 351
94324 99 351
16 64370 340
3526 14 217
92 68980 340
41873 57 324
63 99170 351
97281 97 351
6 20925 279
36327 85 324
37 26505 282
21729 47 279
14 25857 282
53895 25 340
83 545 144
33367 15 308
35 90364 351
13750 44 276
88 26808 308
47178 77 324
89 93584 351
2651 4 209
55 12399 268
95060 33 351
77 93368 351
10012 40 262
27 98586 351
97539 95 351
96 80570 351
60378 35 340
68 66601 340
12902 98 268
18 70492 340
60756 53 340
2 60280 340
9441 87 262
66 29689 308
46619 45 324
41 44729 324
8117 32 262
98 5771 238
90675 82 351
10 98927 351
77856 68 351
98 72353 340
76965 87 340
7 64683 340
28624 20 308
29 32871 308
48829 33 324
4 30019 308
63368 71 340
9 86715 351
18149 41 279
97 723 171
2245 19 183
47 93451 351
43555 22 324
80 97488 351
88228 65 351
42 92350 351
41500 94 324
35 87764 351
24914 25 282
88 75856 340
46491 44 324
28 48365 324
81936 60 351
33 52551 340
99228 38 351
76 75407 340
76121 75 340
59 94395 351
61237 30 340
36 73793 340
94428 19 351
44 31011 308
39529 29 324
77 22404 279
55763 44 340
14 54538 340
36840 7 324
5 44818 324
70688 29 340
70 67917 340
66996 18 340
25 87743 351
12183 71 268
91 95499 351
6725 73 262
45 55590 340
68139 6 340
55 69786 340
38082 70 324
43 88464 351
39507 98 324
56 28804 308
78611 49 351
23 27828 308
87343 100 351
47 35568 311
55422 41 340
12 13810 276
21801 6 279
62 73730 340
11305 79 268
21 78736 351
48626 45 324
23 3465 217
73416 9 340
83 13258 276
67637 25 340
63 5624 238
32036 1 308
53 11899 268
45550 80 324
69 90071 351
87131 74 351
82 84930 351
45894 34 324
61 70163 340
87981 100 351
100 52996 340
13773 60 276
14 39668 324
81095 91 351
27 16466 276
11340 85 268
91 27684 308
55542 77 340
37 79107 351
19756 46 279
80 18418 279
89412 88 351
49 32172 308
62009 60 340
37 25210 282
67587 43 340
7 19301 279
67372 14 340
22 1255 182
44599 20 324
22 29904 308
39811 40 324
41 15667 276
46228 6 324
28 29150 308
96658 85 351
21 89224 351
67269 23 340
97 54081 340
40084 31 324
93 11972 268
73850 73 340
26 5385 238
39299 23 324
41 6042 238
40713 99 324
99 56190 340
42590 25 324
10 8581 262
99336 20 351
33 71155 340
18004 95 279
80 14769 276
81776 74 351
51 47255 324
48142 61 324
80 45884 324
23205 94 279
22 79567 351
90613 5 351
62 62754 340
54259 27 340
45 28202 308
23506 3 279
85 2021 182
90868 43 351
29 35189 311
49908 73 324
59 10498 262
18808 37 279
54 86248 351
33333 4 308
34 21648 279
99754 91 351
68 51746 324
19529 69 279
1 38046 324
49797 89 324
50 86990 351
3033 4 217
64 12497 268
94892 54 351
87 19125 279
13996 53 276
76 9188 262
3729 58 238
37 32460 308
43921 15 324
61 26304 282
88027 29 351
51 66748 340
8902 57 262
95 97697 351
71043 100 340
40 32002 308
6403 29 262
1 681 145
8538 48 262
60 95151 351
82134 36 351
40 71692 340
16127 16 276
5 55629 340
90964 50 351
86 36429 324
76335 44 340
78 2900 209
7971 39 262
50 60289 340
17988 68 279
93 85795 351
53144 44 340
30 58390 340
55340 83 340
42 569 144
74232 27 340
62 56042 340
9117 61 262
24 66761 340
26309 82 282
91 95425 351
6367 97 262
78 4234 238
31626 91 308
25 26057 282
73168 15 340
6 90358 351
47386 13 324
1 4346 238
34994 27 311
17 56552 340
93529 79 351
47 32290 308
56970 48 340
52 19080 279
18593 32 279
58 18627 279
61886 13 340
15 88355 351
20090 13 279
13 59479 340
58969 11 340
90 52274 324
47641 56 324
21 25433 282
77888 88 351
39 24566 282
27284 71 308
57 90417 351
72260 7 340
50 237 128
73059 6 340
18 48518 324
90783 46 351
74 28458 308
67637 74 340
90 20483 279
70478 8 340
58 49314 324
45729 72 324
1 33459 308
89438 19 351
26 11388 268
31233 75 308
58 33681 308
60358 94 340
71 10699 262
1839 18 182
70 68363 340
28794 23 308
74 19847 279
17462 32 276
83 39390 324
45791 93 324
58 55115 340
96157 22 351
75 31491 308
62951 48 340
32 35021 311
93740 38 351
55 14030 276
35325 99 311
82 87516 351
33002 17 308
32 46139 324
85404 97 351
39 74580 340
39021 19 324
71 39862 324
35379 13 311
78 92685 351
99904 37 351
77 33483 308
99759 8 351
58 89744 351
69911 100 340
28 63950 340
77560 37 351
19 75105 340
40049 64 324
45 88711 351
19934 6 279
92 77375 351
93614 56 351
90 43768 324
44918 94 324
6 76882 340
76982 23 340
18 24030 282
11574 94 268
27 86593 351
50253 87 324
44 3074 217
34713 15 311
80 38377 324
15775 63 276
89 32919 308
6732 11 262
95 11017 268
60235 47 340
38 45691 324
23943 54 282
74 66328 340
49291 26 324
11 94018 351
36836 18 324
64 75055 340
63858 91 340
31 14904 276
72661 72 340
34 89685 351
13073 90 268
5 56851 340
49250 6 324
69 36503 324
39006 86 324
96 14639 276
21120 50 279
68 80226 351
87677 64 351
97 63981 340
87560 66 351
37 27955 308
33518 71 308
12 66342 340
45196 33 324
80 27321 308
94984 71 351
73 94427 351
52040 35 324
84 70072 340
45830 99 324
64 70347 340
82030 51 351
74 53714 340
57522 60 340
48 26924 308
89435 83 351
33 29204 308
30443 55 308
99 45486 324
84278 41 351
60 50262 324
89683 63 351
42 39848 324
8324 24 262
73 49122 324
27335 55 308
22 37457 324
2747 66 209
72 11776 268
25218 70 282
2 21703 279
9933 54 262
8 53959 340
62806 29 340
98 48720 324
21308 85 279
35 42698 324
76376 92 340
99 52715 340
25171 53 282
90 71559 340
54010 7 340
17 78224 351
16539 10 276
1 33378 308
45053 10 324
82 89114 351
5989 39 238
27 28067 308
75223 48 340
88 32231 308
92122 33 351
82 23875 282
90179 51 351
91 2254 183
11131 51 268
14 67857 340
99181 95 351
82 54603 340
52433 21 324
83 90181 351
59415 88 340
97 68825 340
38722 5 324
93 50551 324
90032 98 351
35 43181 324
90415 7 351
58 99708 351
59999 96 340
63 12297 268
75776 84 340
55 68977 340
42587 10 324
33 23382 279
44266 22 324
64 8860 262
9211 83 262
86 69086 340
90930 86 351
91 94583 351
51476 15 324
17 95820 351
37525 93 324
29 38839 324
97490 26 351
37 1360 182
47643 19 324
38 80928 351
26621 83 282
11 17955 279
34225 89 308
16 74570 340
20853 38 279
9 7722 262
12350 84 268
58 9097 262
89126 28 351
70 22071 279
33149 52 308
11 40528 324
28398 40 308
89 36610 324
28577 94 308
91 98976 351
54552 100 340
32 26087 282
60099 78 340
58 48566 324
77017 53 340
42 92735 351
91298 69 351
85 53195 340
55805 77 340
67 23428 279
52528 55 340
9 19593 279
22197 79 279
56 89672 351
6445 75 262
1 22325 279
38283 98 324
13 66127 340
65421 83 340
94 79334 351
87334 40 351
22 48159 324
22957 86 279
55 91761 351
92972 63 351
42 67716 340
11850 53 268
63 75482 340
76217 100 340
55 1173 182
86506 16 351
52 76364 340
88263 91 351
92 23172 279
73537 38 340
60 28828 308
7280 72 262
88 55856 340
78341 91 351
71 25352 282
95511 66 351
70 49517 324
13083 62 268
52 74112 340
6506 1 262
39 4667 238
31489 65 308
33 34154 308
39875 5 324
80 6141 238
92538 13 351
70 90636 351
11956 71 268
45 62760 340
26814 50 308
66 94314 351
13886 27 276
84 46039 324
1535 70 182
53 32621 308
11790 94 268
90 50109 324
34673 32 311
65 95735 351
74295 49 340
78 4313 238
53198 34 340
50 99355 351
57793 56 340
69 88156 351
82933 61 351
24 23286 279
75358 72 340
78 40140 324
22181 46 279
62 33990 308
10050 24 262
1 9954 262
68364 76 340
43 35624 311
23919 60 282
90 25844 282
51238 70 324
52 74976 340
20019 84 279
34 26343 282
61956 5 340
82 32475 308
68011 67 340
68 46912 324
61729 93 340
3 56868 340
65002 32 340
75 49207 324
5216 19 238
84 92377 351
57472 88 340
74 38957 324
76125 63 340
34 66797 340
93418 97 351
42 48153 324
75474 27 340
81 25393 282
85948 86 351
6 50030 324
69559 30 340
99 52160 324
6424 63 262
20 84280 351
18902 42 279
11 73480 340
27583 27 308
90 34140 308
42723 9 324
39 32557 308
10431 94 262
11 24220 282
77690 6 351
14 29391 308
38270 39 324
22 27667 308
2671 30 209
81 58743 340
13899 96 276
25 37088 324
52386 55 324
70 58232 340
55710 70 340
74 30 116
9663 34 262
88 67279 340
29649 95 308
100 22351 279
57464 40 340
43 87330 351
47515 87 324
50 19915 279
43881 87 324
12 75634 340
54387 34 340
23 23287 279
39643 74 324
20 86742 351
90244 55 351
25 10139 262
52063 60 324
19 36353 324
85269 13 351
6 5404 238
26799 34 308
35 54819 340
40435 16 324
88 40853 324
2450 70 183
88 74802 340
45562 38 324
90 63610 340
95960 6 351
5 96911 351
69829 58 340
4 18816 279
821 93 171
23 3605 217
46579 44 324
62 61528 340
34447 79 311
1 64045 340
23787 83 282
100 75551 340
21386 90 279
54 99426 351
64794 49 340
37 68506 340
46092 8 324
18 79664 351
88820 22 351
81 54166 340
86354 95 351
24 8437 262
99484 34 351
18 6312 262
19017 32 279
10 25165 282
91608 57 351
70 1745 182
67422 96 340
72 96295 351
80559 70 351
2 25676 282
46571 53 324
41 58925 340
20172 44 279
92 74089 340
3566 28 217
79 55812 340
85196 51 351
25 53333 340
65186 14 340
100 63370 340
95568 95 351
16 86141 351
82639 43 351
38 44263 324
63590 99 340
40 6202 262
91631 14 351
29 78257 351
94571 5 351
47 34683 311
51225 39 324
96 17540 276
68972 22 340
27 40634 324
65725 59 340
57 90952 351
85472 46 351
47 73339 340
75883 12 340
4 47661 324
87542 26 351
17 82339 351
35344 75 311
97 7330 262
29294 68 308
14 60757 340
48860 20 324
51 33292 308
81876 33 351
80 51990 324
10635 54 262
96 41598 324
52741 8 340
38 80570 351
32540 77 308
85 801 171
14800 84 276
93 15609 276
76440 97 340
40 12763 268
81304 36 351
74 2606 209
84523 65 351
52 64349 340
42530 52 324
40 46704 324
91986 66 351
3 65625 340
19591 80 279
48 22407 279
7131 85 262
62 4919 238
39053 32 324
29 88427 351
59819 95 340
44 37581 324
23768 24 282
88 87639 351
92438 44 351
89 7394 262
84680 21 351
99 4486 238
58752 19 340
64 54098 340
49010 96 324
6 63179 340
16066 43 276
99 94425 351
4978 73 238
54 86966 351
16748 98 276
48 22272 279
81086 17 351
13 65159 340
61900 78 340
54 41197 324
43003 33 324
36 55951 340
48498 8 324
50 29154 308
2906 62 209
35 70003 340
76784 26 340
29 6797 262
63633 64 340
16 46560 324
51014 82 324
86 20897 279
95097 1 351
9 38329 324
91313 50 351
80 52634 340
57914 17 340
86 68775 340
34986 66 311
31 36626 324
6616 93 262
30 89569 351
87409 53 351
67 81515 351
22833 96 279
29 47776 324
29613 48 308
27 22300 279
3786 63 238
30 30763 308
56508 1 340
98 29416 308
91982 76 351
45 53540 340
28826 21 308
19 97565 351
29499 95 308
35 51546 324
99853 9 351
63 84303 351
93842 87 351
33 96534 351
49810 8 324
35 80869 351
95815 97 351
85 48696 324
11382 25 268
66 99451 351
25361 17 282
44 63037 340
75861 88 340
3 5981 238
64088 61 340
80 38620 324
23293 42 279
25 86628 351
87708 36 351
63 56942 340
1996 71 182
64 7466 262
98500 12 351
16 66487 340
83332 35 351
91 45950 324
51633 94 324
40 62880 340
2293 95 183
14 32854 308
75444 83 340
76 30323 308
10751 39 262
52 15873 276
16465 12 276
69 68681 340
59683 14 340
100 48977 324
65014 36 340
65 769 171
14107 47 276
73 73391 340
88411 41 351
24 9587 262
37836 58 324
94 73439 340
46620 82 324
15 28371 308
53418 72 340
97 88534 351
49764 84 324
68 4697 238
66067 1 340
75 335 144
85490 34 351
58 12132 268
80529 50 351
24 81690 351
38147 93 324
30 92349 351
66422 36 340
41 21968 279
2255 44 183
40 86766 351
10936 26 262
54 58260 340
65220 53 340
58 19204 279
32983 88 308
41 78721 351
36997 27 324
6 67127 340
92728 79 351
70 19170 279
72798 28 340
21 39563 324
93660 22 351
84 68616 340
28223 68 308
83 84292 351
47035 12 324
54 32563 308
21862 9 279
69 59895 340
87660 99 351
69 22376 279
62173 10 340
4 74887 340
54673 55 340
58 18481 279
21929 24 279
97 83044 351
52280 43 324
13 44209 324
39747 56 324
55 52366 324
3759 35 238
82 31742 308
69401 74 340
39 13171 268
62958 14 340
100 14422 276
57755 85 340
62 29090 308
16071 81 276
24 72603 340
38320 1 324
1 69942 340
40012 53 324
5 3807 238
75358 60 340
26 82894 351
90158 18 351
37 21090 279
22626 61 279
15 32973 308
18865 38 279
49 43421 324
69409 21 340
64 5400 238
52786 33 340
5 39833 324
66356 59 340
28 14410 276
56631 69 340
70 86128 351
23446 42 279
75 27458 308
10 6 20
2 73165 340
31867 90 308
91 40926 324
86238 33 351
100 43705 324
89562 1 351
58 73832 340
43461 49 324
18 49807 324
72497 70 340
70 32538 308
15139 29 276
19 77470 351
20392 86 279
81 68542 340
2533 55 209
8 75743 340
80550 1 351
22 1485 182
33720 89 308
91 55140 340
10647 35 262
26 81983 351
91694 62 351
43 96630 351
45063 92 324
21 93320 351
80538 55 351
43 31492 308
8422 31 262
35 37685 324
58094 9 340
81 61708 340
62802 45 340
46 21784 279
41087 23 324
26 36157 324
38602 36 324
93 38548 324
98986 97 351
31 10840 262
97051 50 351
13 36956 324
7654 90 262
49 94872 351
68482 29 340
58 76088 340
62337 77 340
98 65220 340
33694 40 308
6 38014 324
80282 83 351
24 42869 324
25015 37 282
18 81884 351
49299 54 324
25 754 171
13236 51 268
11 40292 324
6158 43 238
65 86023 351
67721 42 340
12 17569 276
16260 11 276
91 87902 351
86147 56 351
17 41089 324
16439 82 276
59 18017 279
65375 7 340
2 14511 276
8978 75 262
66 77377 351
52976 67 340
70 92161 351
52833 35 340
