963796 962102 414
59865 76547 335
37211 63965 340
34210 49084 324
62926 83295 351
87274 108693 354
79993 50925 351
31054 90833 351
707655 710197 349
25526 71734 340
102991 80816 341
47510 100435 351
41905 75773 340
96846 52000 351
111529 89081 354
73468 36297 340
87073 80483 320
176622 172885 347
98558 80834 333
1114 29996 308
44254 99105 351
19561 6395 279
93239 35068 351
23952 28310 308
373334 374057 348
69386 47684 340
90764 40500 351
111060 68291 354
66166 76641 325
521022 522783 364
835684 836815 313
345984 340955 441
298795 299402 371
34778 52647 340
396801 395539 330
660747 660000 323
21751 45058 324
34130 47752 324
53859 62079 335
72703 28356 340
206356 205364 355
369523 376394 392
93911 10176 351
93542 53695 351
633355 636421 416
184161 176527 365
29768 111197 354
257683 256049 345
716063 713698 305
93026 96392 328
88891 25215 351
49669 111328 354
801685 800308 393
349569 340218 441
116310 120957 336
105685 36768 351
68198 9120 340
42620 104405 351
66002 9498 340
76210 110595 354
17507 96579 351
769894 769870 163
24779 93923 351
108360 82835 354
79584 98803 333
14295 89883 351
163499 167368 352
78596 23806 351
65484 89366 351
290084 290097 221
118741 125155 336
68270 10700 340
80187 66758 351
66470 84070 351
42642 56330 340
56473 18436 340
39209 40671 306
897514 893171 370
39323 11431 324
10431 76921 340
37825 26475 324
99371 84650 333
9166 4761 262
6747 23170 279
324147 338015 384
739257 741323 393
60227 9926 340
248338 254951 363
37804 9333 324
43834 58182 340
59465 103979 351
12334 14703 276
90916 47352 351
24508 96179 351
984056 984123 259
81462 9886 351
101699 4291 351
91099 76806 351
47998 107226 354
990804 991734 321
17280 75735 340
36173 47202 314
56851 83079 351
93707 72809 351
234321 229567 443
168371 165916 352
71390 105452 351
43296 62674 340
102048 72673 351
102975 62016 351
97802 52416 351
98063 89175 333
63746 58920 335
73764 108067 354
107963 12414 354
895070 899443 370
394431 393698 361
91955 29233 351
92575 86295 333
37500 22677 324
90183 82609 333
150079 148362 370
114498 114307 274
68744 97389 351
48058 23528 324
103620 16172 351
197608 193859 360
46565 97213 351
97900 97733 297
316620 311527 384
433418 435693 356
86780 39001 351
68913 46838 340
37192 40166 306
994843 995836 290
84194 53496 351
68792 44750 340
33539 36286 324
31743 12211 308
106905 41804 354
58467 73990 335
69604 63196 330
74004 61116 330
11509 4125 268
146374 148212 357
89045 110649 354
96464 91355 333
15064 15975 253
233126 236796 381
40078 44166 288
838080 838284 238
43060 111005 354
103736 1118 351
80802 69019 351
793869 796755 468
44347 33247 324
224311 224600 324
738454 739312 424
135460 136566 313
2199 100973 351
31981 11565 308
182738 176064 365
476145 470942 382
34006 75462 340
28406 102056 351
79398 10396 351
64999 12522 340
897074 900132 370
83635 37603 351
41066 72558 340
24120 30536 308
739906 745287 393
43660 20928 324
605135 605238 248
29110 9453 308
92591 111520 354
121641 120882 274
164457 162840 321
356743 355373 379
506606 509295 382
341032 344758 353
86616 53996 351
44817 90701 351
42577 112945 354
413723 412225 374
259413 264521 407
35141 63237 340
880613 881592 295
16406 2148 276
105870 40462 351
43037 95870 351
38380 7124 324
167917 168859 321
33247 99216 351
67034 24193 340
12606 49235 324
336426 323197 384
39950 6228 324
71260 11020 340
349169 351073 366
7060 73606 340
84496 10470 351
705867 707897 305
16718 46185 324
62551 46153 340
21271 8140 279
15863 43372 324
11066 15386 276
271139 275686 358
80468 42297 351
68445 7771 340
27592 67008 340
643892 643604 261
76378 74447 325
10834 65374 340
108495 96308 354
21972 101823 351
542139 542637 346
34238 71321 340
27427 93163 351
48945 46974 314
87485 78996 333
69652 12814 340
119789 128769 336
438164 447088 400
515396 515357 227
6878 87502 351
78976 50757 351
49649 41505 314
370386 373704 348
58225 102768 351
78458 70965 351
69490 50945 340
32231 69685 340
81645 96934 333
57660 18892 340
46673 99600 351
70632 10268 340
98248 16708 351
80505 29363 351
79265 76735 351
94329 28314 351
549876 545785 452
48349 102059 351
144487 144064 326
10478 9559 255
61620 85831 351
23672 46628 324
79500 58847 351
30271 49773 324
32107 102576 351
7933 69492 340
32594 100967 351
613 60699 340
469597 468535 351
525412 529460 408
30379 87889 351
107039 67869 354
32024 91100 351
33584 75000 340
52909 74436 335
112295 106345 323
69127 90767 351
49945 66803 340
57252 4750 340
18585 73728 340
80791 41263 351
15293 107691 354
48561 48220 252
424543 424115 281
566311 566158 266
292199 297401 358
40068 85325 351
56320 94221 351
249330 253185 332
738499 738588 256
68147 103474 351
28597 46204 324
33720 29463 285
344533 346762 441
90007 63903 351
63695 91728 351
5507 15508 276
97049 46967 351
113333 112317 305
33803 62791 340
112622 72368 354
60246 9858 340
889221 888823 326
799058 803764 406
75793 24081 340
83872 73504 351
185333 188473 347
789068 796579 468
106195 101585 341
88830 8779 351
170007 164430 352
6017 50978 324
81987 54328 351
87316 96464 333
125635 128828 331
14195 70991 340
74083 73319 294
15743 3500 276
87766 81985 333
1960 42246 324
26452 14767 282
545465 548126 452
90063 67009 351
69667 65312 312
559522 557968 315
68658 59791 335
66600 79881 351
61735 79008 351
65193 24851 340
12957 77896 351
707591 705571 336
86136 46714 351
6275 20396 279
49423 95182 351
29930 74169 340
284708 286808 376
711432 709566 380
111275 42289 354
92445 12280 351
73186 67265 325
21569 74048 340
74037 4469 340
307315 307614 278
694023 694963 323
681017 684412 380
323839 338458 384
22288 92447 351
96527 95104 297
34396 50946 324
324796 337426 366
181088 180581 285
54280 54844 260
16203 44409 324
75094 11439 340
78340 46797 351
8246 84312 351
19678 81171 351
4614 76093 340
5495 100724 351
82104 38581 351
438967 453082 387
68695 38803 340
95579 88708 333
20378 58679 340
69108 47774 340
15618 12991 276
68148 11470 340
43003 4730 324
47695 35281 324
17396 33399 308
16150 106399 354
44207 106417 354
92470 53016 351
112389 81237 354
24844 37893 324
440446 448498 369
68970 22207 340
67583 31549 340
96324 89846 333
23014 43984 324
345878 347204 441
347871 356445 379
31492 103343 351
6326 96299 351
120470 133519 344
146432 146958 357
110227 65753 354
2403 12684 268
169471 166726 334
877973 882095 357
63939 5405 340
44099 27407 324
28403 88380 351
358305 349714 379
92159 74639 351
416704 417530 343
53234 37859 340
137605 136354 331
33961 6334 308
124137 126878 331
92636 88672 333
745410 739009 424
20586 73199 340
737345 736888 318
54481 46444 340
110797 11280 354
191664 196120 360
112422 15311 354
836018 836195 282
44745 77018 340
36785 81295 351
49915 71691 340
45927 90048 351
97276 97826 297
51202 47913 296
18232 80807 351
30120 109401 354
13597 5584 276
21075 8002 279
91880 16886 351
311016 310665 371
64832 27277 340
12614 106933 354
201583 202034 311
103670 51331 351
198649 196406 329
16978 17048 217
31725 55808 340
292150 296624 358
108523 97675 354
780224 780344 300
109611 86622 354
9634 79821 351
54444 106282 354
71964 48807 340
231490 238854 381
698 78104 351
744479 739386 393
597958 592299 372
9088 45429 324
59765 72721 335
86995 53501 351
798147 800639 375
757618 757084 331
90487 33731 351
662210 661999 230
22627 9150 279
226340 218534 368
15313 22216 279
29675 63782 340
274590 270771 358
268742 264094 345
325198 335692 353
66820 37942 340
51568 11068 324
39766 107078 354
42040 8172 324
634040 636142 416
764560 764221 256
66433 95833 351
126250 127454 331
94721 89113 333
58630 22292 340
43380 71517 340
42142 24322 324
743710 741247 349
121370 128664 336
593073 596781 372
31907 75117 340
35157 45616 324
91360 34452 351
12290 81637 351
72885 87456 351
84015 86584 320
393415 398940 405
522723 522327 333
557043 553851 421
1408 56065 340
30839 48528 324
14057 44814 324
64870 28121 340
795461 791182 437
375805 375169 361
33523 75170 340
110841 94355 354
102300 85985 341
70471 34079 340
89654 59674 351
37446 8496 324
99481 85477 333
38629 33905 324
34291 54857 340
125467 116242 336
93071 8998 351
68308 17353 340
72886 108341 354
71006 90709 351
95655 74596 351
82992 13566 351
23221 13552 279
294478 300376 371
83978 84784 320
88522 106028 341
294310 292956 358
106584 47176 354
62069 74942 330
162187 165991 339
89464 18830 351
619645 615942 372
353579 349258 379
892679 891703 295
22009 10559 279
91897 108045 354
878299 880211 357
14868 97326 351
104103 58422 351
101370 55576 351
32429 17984 308
58649 90522 351
71025 51889 340
201251 192303 360
678525 678955 380
97206 107531 354
701328 702117 411
413883 413433 374
54231 108623 354
84491 51665 351
17327 10159 276
661381 664988 367
677738 677953 336
46099 25324 324
32886 41245 324
129869 127517 331
85623 57131 351
366646 363584 361
28313 65735 340
734984 734051 349
553801 559526 421
72892 110344 354
249181 254109 332
5689 52328 324
113082 42288 354
8464 90054 351
52790 3044 340
53372 1551 340
13322 83751 351
895 109060 354
31128 90892 351
41250 3151 324
133796 134290 300
39488 44352 306
41411 99934 351
343139 341866 353
72724 63119 330
54318 36058 340
97083 79841 333
44142 77276 351
25293 94656 351
8503 46342 324
19478 6955 279
54321 60895 322
747038 743086 349
55423 66219 335
82682 98394 333
892942 898181 370
31701 70688 340
11663 36881 324
44460 111330 354
5066 34317 311
500720 498838 395
83958 112952 354
7871 88423 351
231004 232652 350
583571 584911 434
27297 62109 340
670522 673045 367
56725 35869 340
37826 56517 340
114399 125017 349
293357 299241 371
72695 74944 325
77353 99080 338
675499 678350 385
21197 51036 324
258285 268488 407
106165 92564 341
126365 116773 336
47362 30283 324
363991 367865 361
89123 60558 351
832817 831062 419
84736 10101 351
1665 68064 340
81669 73261 351
40614 34117 324
106661 102278 354
20803 1488 279
363945 363778 286
72458 57021 335
77066 55877 351
4180 23104 279
88106 39457 351
8357 63360 340
548639 549585 333
145313 150287 370
443549 447712 338
108 48026 324
196889 199671 329
34725 1005 311
113240 61319 354
32804 46120 324
37154 88226 351
5361 79900 351
90313 73178 351
496630 497753 289
3879 88460 351
51039 101461 351
46429 35606 324
105471 46981 351
797927 802350 406
24609 103633 351
43548 12625 324
396496 395850 330
594577 603339 403
81960 28557 351
83410 14179 351
84256 85033 302
29664 73734 340
110052 83155 354
28121 96648 351
8274 91813 351
43604 53723 340
58079 81299 351
272211 272761 314
103383 62787 351
382221 379811 379
705576 706262 336
195564 192345 360
28619 86979 351
350011 352037 379
11170 95161 351
27574 66188 340
98223 62431 351
108228 100461 354
83317 2527 351
33208 92330 351
111907 22838 354
452023 440678 387
53605 78443 351
38402 20017 324
45330 95503 351
73695 7219 340
937134 935393 414
668660 667844 292
473404 477401 382
30933 82815 351
97528 7208 351
66030 84764 351
97099 99709 328
27207 106892 354
389433 391597 361
101323 43271 351
113688 134343 349
236632 234223 381
452757 447565 387
472414 472805 338
476324 475849 307
57869 2729 340
393816 396768 405
354114 353323 273
13415 6008 276
248993 250634 350
389997 388767 436
41087 18364 324
344071 344527 291
52987 104278 351
75887 65885 325
33550 36320 324
896903 895549 370
709736 712873 411
105428 92462 341
51676 66298 340
271180 271226 208
103710 40381 351
108814 83617 354
68133 25713 340
49194 514 324
742324 745670 318
90907 98083 333
130377 117410 344
337163 336633 291
132451 113526 349
897705 892690 370
79511 90842 333
229002 237438 443
709515 711723 380
33180 6362 308
73723 15347 340
99684 29404 351
341095 354552 441
66551 77928 351
66227 75749 325
47132 84966 351
28816 102701 351
112370 39797 354
33557 77027 340
90050 63188 351
18159 80506 351
67799 31013 340
53120 89943 351
73421 104977 351
103316 60920 351
19282 6988 279
56231 82191 351
353436 353797 229
37665 5235 324
15765 35242 311
969803 970554 321
77430 18766 351
651705 653491 354
114670 122459 349
953112 953257 246
44186 75616 340
30987 32911 285
44405 68483 340
330981 335044 353
120122 123505 336
376147 374725 361
53722 78581 351
97367 53902 351
72347 22583 340
734654 733796 349
324418 328106 384
104198 102020 310
38054 36237 306
85138 20361 351
46364 82539 351
86512 52353 351
140396 144501 375
966732 965180 365
443039 447688 338
13433 112088 354
197840 192059 360
57663 83485 351
5512 66673 340
158676 152481 383
39901 67313 340
79026 99024 333
18250 17587 279
466156 461093 444
592031 595220 328
78474 105724 341
116821 132739 344
536578 533345 377
141687 146464 375
7867 67690 340
18387 5793 279
3022 57826 340
106951 75389 354
21189 79466 351
103980 47892 351
63870 45498 340
91217 108984 354
343991 349527 441
463065 466260 369
101824 78842 341
10066 70587 340
79121 21861 351
25806 19280 282
38715 93778 351
105432 42632 351
45773 41229 314
130991 120183 344
132567 118122 344
813190 813471 375
351165 345125 441
804819 805539 331
79095 1450 351
37106 54966 340
469986 469212 338
875813 875641 432
212399 208104 355
42745 14595 324
100817 98682 341
73336 47996 340
679419 679232 243
659664 664048 354
83791 104437 341
8541 41810 324
116246 113862 349
57148 80302 351
46782 70439 340
77827 111259 354
78761 8055 351
47536 33422 324
474877 474884 157
443712 441262 356
577857 577269 328
172682 177813 347
12323 79476 351
392650 388788 436
82138 93384 333
753293 750930 424
895673 898059 370
105173 36136 351
87337 41712 351
74518 81961 351
340793 340625 291
72479 113332 354
846123 845709 282
165857 169670 352
759994 763662 380
546399 547032 452
93298 38722 351
79973 85464 320
102467 63198 351
90394 91072 271
98362 39988 351
100448 8250 351
90852 16616 351
104228 44797 351
105099 11518 351
675115 678815 385
452377 437614 400
292688 292009 340
602906 593238 403
102720 54919 351
113083 10964 354
33967 63885 340
798489 801193 393
211600 207989 355
11523 9065 268
13055 6165 268
50198 108792 354
46064 57850 340
85432 49089 351
7016 6764 257
65627 72302 325
80391 100507 341
526034 529243 408
212435 207746 355
62809 92067 351
74548 54913 335
3086 103084 351
51811 67398 340
286371 286610 221
77253 99306 338
22151 83996 351
35325 105382 351
55284 81892 351
176144 171978 347
69109 7930 340
110275 56349 354
302115 290918 371
340736 347116 441
94789 53144 351
8915 59312 340
96167 103559 341
768778 765446 468
66602 7076 340
88227 69042 351
889769 887946 401
80127 94259 333
38672 90920 351
51318 42087 314
104684 89549 341
5588 52733 340
101877 40594 351
91127 106551 354
69501 36595 340
680183 678367 380
108793 36577 354
23175 43816 324
73979 70728 325
65227 110947 354
20928 40248 324
58646 55525 322
109630 76221 354
428544 429291 281
64291 55002 335
49012 97738 351
102851 112953 354
428231 428572 294
111444 14689 354
11164 93427 351
1349 2054 180
113186 71936 354
97711 53060 351
15529 101713 351
62614 105946 351
98417 1968 351
24326 55526 340
77785 58339 351
45450 1601 324
164473 162007 339
223825 225855 368
40411 100445 351
33414 924 308
370700 370704 167
82716 77960 338
31282 46925 324
68703 9132 340
86706 6344 351
595611 597134 372
93852 79369 333
62004 5541 340
90521 42298 351
62469 99427 351
2100 28232 308
31483 69849 340
609787 610618 341
393714 400481 405
82504 32285 351
518230 520706 439
30823 14826 308
44072 3783 324
79153 86730 320
11729 64906 340
10183 2966 262
32732 96389 351
80885 56180 351
373758 370805 348
6173 48576 324
99216 15289 351
44154 81 324
259478 267465 407
10250 82625 351
89007 27958 351
599698 602617 403
443252 438450 400
105333 105222 217
37243 5973 324
106290 106941 310
68087 90654 351
29997 66291 340
65309 36775 340
888062 887180 401
109954 61201 354
83080 61311 351
94646 81016 333
29206 16016 308
350151 354529 379
69127 58071 335
52520 12278 324
16113 109 276
29051 47796 324
63132 67414 330
90885 30520 351
614285 616539 447
44294 84032 351
101067 7014 351
114654 115452 305
54959 33517 340
96311 36898 351
31518 93136 351
74135 34001 340
21828 56679 340
218389 215202 386
344181 342189 353
15849 46642 324
46701 2113 324
342065 355809 441
79295 27817 351
69640 28598 340
93740 82159 333
91779 33216 351
103249 53513 351
984843 988577 427
32845 90832 351
38353 68817 340
231333 230921 350
931880 931642 277
70760 55932 335
57424 61522 335
42034 106648 354
80849 82539 320
265261 258467 407
23117 98978 351
351620 344405 441
38822 33550 324
150915 141736 375
104880 30179 351
325639 327804 322
119585 134079 344
106142 97889 341
1418 97120 351
317911 318651 309
94103 85074 333
252487 249119 332
19493 75331 340
96374 32957 351
26224 87022 351
21360 21073 256
107728 80611 354
299583 296597 371
1941 30628 308
797117 802010 406
676376 675623 385
28053 12219 308
85536 62376 351
182212 173862 365
29257 77485 351
13653 68133 340
62139 77681 351
333489 334654 335
84765 42450 351
103566 112359 354
653777 653068 385
75213 61540 330
613754 619399 447
23011 91611 351
492693 494816 395
11709 16348 276
290813 301838 371
