1 1 1
744 170 171
495 617 137
275 328 144
801 143 171
802 4 171
162 219 125
693 336 145
614 555 132
958 861 179
927 125 179
583 916 179
539 168 144
901 902 55
956 113 179
544 756 171
857 639 171
926 351 179
607 552 137
30 408 144
46 831 171
763 207 171
402 456 134
894 15 179
362 203 144
228 640 144
679 162 145
555 217 144
329 455 134
471 284 144
568 366 142
392 776 171
5 669 145
126 963 179
572 155 144
722 617 171
338 485 134
823 739 153
940 716 179
105 653 145
919 684 179
293 949 179
845 199 171
166 173 125
654 988 179
809 573 171
353 552 142
348 709 171
220 825 171
672 143 145
331 393 126
759 20 171
877 933 148
758 168 171
648 215 144
173 918 179
898 465 179
219 743 171
15 384 144
267 20 128
371 427 134
592 75 144
978 291 179
784 549 171
467 807 171
691 150 145
199 449 144
169 428 144
733 927 179
947 733 179
493 119 144
2 390 144
935 220 179
484 950 179
603 751 171
969 325 179
529 913 179
400 507 142
555 535 137
407 22 144
341 98 144
171 891 179
898 339 179
318 631 144
617 265 144
363 461 134
735 364 171
203 670 145
584 686 145
971 538 179
788 291 171
215 317 131
203 966 179
175 758 171
500 581 137
131 840 171
30 653 145
730 928 179
343 400 126
910 312 179
16 624 144
772 102 171
339 974 179
771 922 179
12 93 116
812 799 135
384 26 144
467 586 142
343 641 142
695 842 171
222 177 120
33 251 128
181 114 125
530 876 179
865 791 148
187 880 179
414 310 144
982 753 179
636 104 144
26 999 179
197 837 171
797 580 171
214 616 144
517 556 137
256 564 144
749 829 153
92 781 171
432 273 144
247 313 131
148 111 122
104 686 145
991 517 179
347 324 144
621 982 179
427 647 142
980 975 143
835 129 171
906 401 179
96 775 171
956 351 179
690 57 145
532 781 171
837 315 171
405 435 134
627 552 137
546 82 144
589 888 179
951 936 174
211 571 144
269 989 179
569 601 119
316 756 171
81 221 125
156 176 125
347 463 134
878 36 179
519 409 142
169 708 171
75 573 144
142 54 122
125 687 145
135 65 122
574 437 142
1000 136 179
360 621 142
125 928 179
221 792 171
35 301 128
364 190 144
476 711 171
653 353 145
98 523 144
114 266 128
230 188 120
839 724 153
241 315 131
762 728 140
379 688 145
164 731 171
823 523 171
351 299 144
803 571 171
90 837 171
223 806 171
379 50 144
516 31 144
754 965 179
905 867 179
231 487 144
407 421 134
210 999 179
735 971 179
726 465 171
10 242 128
195 833 171
116 897 179
483 270 144
819 925 179
459 41 144
730 837 153
442 597 142
219 196 120
913 123 179
414 143 144
609 820 171
915 170 179
171 1 125
493 248 144
466 502 142
489 12 144
686 605 145
909 521 179
226 727 171
445 684 145
120 526 144
520 561 137
474 738 171
108 386 144
213 522 144
529 173 144
693 795 171
343 215 144
796 835 135
463 613 142
688 951 179
624 726 171
907 532 179
246 133 128
611 690 145
816 82 171
567 688 145
642 40 144
777 102 171
425 989 179
975 305 179
162 19 122
100 856 171
234 247 128
42 696 145
859 729 153
646 482 142
806 905 179
366 51 144
389 976 179
92 556 144
57 658 145
243 50 128
49 372 144
151 474 144
360 477 134
778 873 179
496 229 144
728 729 96
475 769 171
424 333 134
850 421 171
815 655 171
677 532 145
58 65 108
507 149 144
621 915 179
159 215 125
316 207 131
586 819 171
32 298 128
295 162 128
170 790 171
390 898 179
518 217 144
18 293 128
549 219 144
714 715 34
226 390 144
246 283 123
455 104 144
783 427 171
370 941 179
641 686 145
500 579 137
856 531 171
876 150 179
692 45 145
940 82 179
294 809 171
298 664 145
102 198 125
234 815 171
265 459 144
556 862 171
93 10 116
318 876 179
788 687 171
816 781 135
724 667 171
359 579 142
198 586 144
81 889 179
630 20 144
322 276 131
828 971 179
291 929 179
521 524 124
95 785 171
983 651 179
646 75 144
12 315 131
950 800 179
2 118 119
932 77 179
136 290 128
8 333 144
875 88 179
574 856 171
459 895 179
483 638 142
866 773 153
919 386 179
297 13 128
522 631 137
15 519 144
57 27 113
834 7 171
178 187 94
476 109 144
263 611 144
398 622 142
296 624 144
61 869 171
831 519 171
763 666 171
509 980 179
438 427 116
717 86 171
791 238 171
68 806 171
109 125 114
832 942 179
483 9 144
128 310 128
117 742 171
920 866 179
364 567 142
841 424 171
435 23 144
295 550 144
688 155 145
529 478 142
581 598 119
563 723 171
187 983 179
528 295 144
107 711 171
236 589 144
71 715 171
898 187 179
457 169 144
404 820 171
736 244 171
595 522 137
267 241 123
71 306 128
395 952 179
783 975 179
549 698 145
50 735 171
680 577 145
382 138 144
288 969 179
726 358 171
684 975 179
897 140 179
495 652 145
959 230 179
248 905 179
752 514 171
146 822 171
171 540 144
773 954 179
867 673 171
651 916 179
760 682 171
492 141 144
819 131 171
109 544 144
841 792 135
870 89 171
283 364 144
740 241 171
946 987 143
498 697 145
852 643 171
870 23 171
534 995 179
976 400 179
19 978 179
667 778 171
659 159 145
918 477 179
641 379 142
372 833 171
522 593 137
921 805 179
956 661 179
397 253 144
999 894 174
949 851 179
888 171 179
225 422 144
517 552 137
821 887 179
529 840 171
665 539 145
350 934 179
367 990 179
312 738 171
823 186 171
682 95 145
990 989 99
107 386 144
242 106 128
632 542 137
308 519 144
712 532 171
940 580 179
435 113 144
467 963 179
952 483 179
853 301 171
416 219 144
642 80 144
308 816 171
617 989 179
911 606 179
977 369 179
343 218 144
474 974 179
760 133 171
493 823 171
16 432 144
755 450 171
896 573 179
764 847 153
55 616 144
499 822 171
834 141 171
253 493 144
308 869 171
481 218 144
826 810 135
587 169 144
27 412 144
142 138 104
897 634 179
961 264 179
418 67 144
714 313 171
639 829 171
512 45 144
797 10 171
218 630 144
502 471 142
475 810 171
691 955 179
379 517 142
764 317 171
37 143 122
81 178 125
280 329 144
164 592 144
592 581 119
658 657 52
893 648 179
486 756 171
692 282 145
118 262 128
263 971 179
732 737 140
780 774 153
44 511 144
642 159 144
827 678 171
301 907 179
856 933 179
235 19 128
524 179 144
951 534 179
835 195 171
533 672 145
951 577 179
305 420 144
838 568 171
390 921 179
656 170 145
694 51 145
680 336 145
210 858 171
365 510 142
117 572 144
794 703 171
590 318 144
881 892 148
203 716 171
87 735 171
739 37 171
663 44 145
456 500 142
963 845 179
772 618 171
366 466 134
21 397 144
153 230 125
255 869 171
91 723 171
441 885 179
425 382 134
554 306 144
274 756 171
373 360 95
842 111 171
748 505 171
506 555 137
356 468 134
751 128 171
86 117 119
945 106 179
865 449 171
687 471 145
317 777 171
193 757 171
13 618 144
139 566 144
275 764 171
673 999 179
123 515 144
461 222 144
371 967 179
776 78 171
434 526 142
557 871 179
994 501 179
328 211 144
301 14 128
681 618 145
143 874 179
726 155 171
491 216 144
73 117 119
979 745 179
115 101 114
611 575 132
674 333 145
541 449 142
411 327 144
327 319 144
197 672 145
820 525 171
882 472 179
890 563 179
89 32 116
436 815 171
539 278 144
382 611 142
746 361 171
355 860 171
813 318 171
786 487 171
650 679 145
935 60 179
5 613 144
379 201 144
285 550 144
77 166 122
21 967 179
728 462 171
350 515 142
628 240 144
144 9 122
850 889 179
369 557 142
100 182 125
874 886 148
20 523 144
564 954 179
935 568 179
567 665 145
120 851 171
566 197 144
368 586 142
515 448 142
399 864 171
962 26 179
104 458 144
387 305 144
346 107 144
213 446 144
640 438 142
331 659 145
313 246 131
613 247 144
813 531 171
263 932 179
733 828 153
128 100 114
765 642 171
547 164 144
858 861 148
541 313 144
318 927 179
969 15 179
34 182 125
812 673 171
619 494 137
684 283 145
739 296 171
881 903 148
178 143 125
835 910 179
970 314 179
361 735 171
308 260 123
250 517 144
472 790 171
829 789 135
69 797 171
155 102 122
330 967 179
126 301 128
812 161 171
583 551 137
456 464 129
453 985 179
606 639 132
246 928 179
305 607 144
14 964 179
218 263 128
480 689 145
404 660 145
829 472 171
808 335 171
925 138 179
301 403 144
790 465 171
563 372 142
367 371 46
187 819 171
355 145 144
810 601 171
72 466 144
559 437 142
429 128 144
699 908 179
816 102 171
567 996 179
926 374 179
330 850 171
863 983 179
252 652 145
447 815 171
376 813 171
185 562 144
983 891 174
58 144 122
491 481 142
609 401 142
917 37 179
528 967 179
944 695 179
421 510 142
690 346 145
236 20 128
195 98 125
2 799 171
102 800 171
613 477 142
612 149 144
38 946 179
39 96 116
90 530 144
576 698 145
282 845 171
735 162 171
811 678 171
208 231 128
540 898 179
928 127 179
269 475 144
224 622 144
273 325 131
421 885 179
153 384 144
33 191 125
329 71 144
638 418 142
952 565 179
468 586 142
761 202 171
99 572 144
231 306 128
154 770 171
555 82 144
248 175 128
556 824 171
796 180 171
500 568 137
64 653 145
303 448 144
195 984 179
870 184 171
753 174 171
748 220 171
111 861 171
421 209 144
432 652 145
866 937 179
773 421 171
370 373 46
595 277 144
196 743 171
456 695 145
310 871 179
347 965 179
670 541 145
948 540 179
76 700 145
65 824 171
920 175 179
36 340 144
735 467 171
343 600 142
755 468 171
20 125 119
840 967 179
753 35 171
709 209 171
81 18 116
431 428 103
982 101 179
320 281 131
992 396 179
981 56 179
571 900 179
582 606 119
591 668 145
424 934 179
267 530 144
753 639 171
6 944 179
605 759 171
330 665 145
319 410 144
34 749 171
189 368 144
849 861 148
648 192 144
608 628 132
247 530 144
527 180 144
135 118 122
847 910 179
403 466 134
439 507 142
456 445 116
450 412 134
555 779 171
76 873 179
540 109 144
621 729 171
476 822 171
589 124 144
365 548 142
103 964 179
77 630 144
143 563 144
99 342 144
824 853 135
159 262 128
711 966 179
58 160 122
377 964 179
290 804 171
836 829 135
912 809 179
909 740 179
982 849 179
215 346 144
396 317 144
309 472 144
298 804 171
386 748 171
497 209 144
952 655 179
823 662 171
620 232 144
173 348 144
196 462 144
151 383 144
643 414 142
543 903 179
153 524 144
752 719 140
222 499 144
388 882 179
323 685 145
685 708 171
785 181 171
917 736 179
187 739 171
398 158 144
322 570 144
505 517 124
384 655 145
252 378 144
421 794 171
280 925 179
670 31 145
644 891 179
882 31 179
124 204 125
67 809 171
911 203 179
341 179 144
939 880 174
269 688 145
37 591 144
609 894 179
459 992 179
900 710 179
721 320 171
504 1 144
245 173 128
383 888 179
415 264 144
270 538 144
467 688 145
698 378 145
891 391 179
908 181 179
270 177 128
220 658 145
119 828 171
551 577 137
172 451 144
287 892 179
122 142 122
892 366 179
666 275 145
605 80 144
538 226 144
969 5 179
914 667 179
734 156 171
57 993 179
688 678 127
169 907 179
335 639 142
734 238 171
216 905 179
40 854 171
149 161 99
347 392 126
879 12 179
666 483 145
443 556 142
709 411 171
912 974 174
429 997 179
481 837 171
989 168 179
514 510 124
74 201 125
148 807 171
438 715 171
64 829 171
568 564 106
341 266 144
955 219 179
277 973 179
54 71 113
528 762 171
482 791 171
87 262 128
787 567 171
99 775 171
734 612 171
636 159 144
164 784 171
317 953 179
498 732 171
781 418 171
295 122 128
683 602 145
340 312 144
574 745 171
382 453 134
506 215 144
243 944 179
477 29 144
862 575 171
155 947 179
538 791 171
105 54 119
926 774 179
6 423 144
505 139 144
192 800 171
260 227 128
753 951 179
538 326 144
696 919 179
778 553 171
486 20 144
849 962 179
400 710 171
888 554 179
657 777 171
344 113 144
830 269 171
886 188 179
44 391 144
326 587 144
542 937 179
813 646 171
887 350 179
971 934 174
621 100 144
839 106 171
119 687 145
419 518 142
748 658 171
423 404 134
434 119 144
869 616 171
739 106 171
155 134 117
848 480 171
721 741 140
416 533 142
386 654 145
883 356 179
940 855 179
455 778 171
312 925 179
464 730 171
794 211 171
387 569 142
967 172 179
687 187 145
139 425 144
292 293 118
911 140 179
772 631 171
880 539 179
163 266 128
545 397 142
973 484 179
603 780 171
613 914 179
704 76 171
643 850 171
638 381 142
418 956 179
905 104 179
494 43 144
880 786 179
336 790 171
277 459 144
772 508 171
998 935 174
773 894 179
683 98 145
377 638 142
877 989 174
551 932 179
416 546 142
781 405 171
926 198 179
713 182 171
653 206 145
225 533 144
343 560 142
674 619 145
370 446 134
127 367 144
732 251 171
612 766 171
700 988 179
403 576 142
328 954 179
508 95 144
851 288 171
852 776 135
838 564 171
958 490 179
121 534 144
374 464 134
93 400 144
434 462 129
845 560 171
181 928 179
