6470 2248 262
13821 17152 271
27937 21203 308
30465 32746 285
3022 21396 279
29098 6710 308
32664 32422 223
30001 14807 308
9367 3418 262
13074 10546 268
12783 29709 308
23716 18183 282
27896 18561 308
16525 2758 276
5153 8374 262
11217 19732 279
1589 8820 262
9108 28920 308
32494 28671 285
60 7075 262
6607 17155 276
11258 25545 282
17827 32024 308
1503 11423 268
10184 1413 262
2484 13053 268
16805 30982 308
21725 13189 279
10539 31980 308
12718 15742 276
28048 19750 308
22506 31100 308
28034 20000 308
18527 30475 308
15784 1630 276
21953 12718 279
19302 15366 279
21267 9568 279
7392 25890 282
17779 17327 279
28995 2765 308
22121 21292 269
11671 13611 276
15170 11731 276
5712 2251 238
7075 8061 252
26759 19770 308
16096 6658 276
19663 19682 168
26086 6692 282
428 32721 308
13484 24986 282
27233 18895 308
22407 1771 279
19460 26909 308
6833 10862 260
28080 27148 259
26289 7771 282
6187 20921 279
1143 17499 276
32626 17950 308
72 21224 279
13201 9469 268
2200 24763 282
20051 24917 282
17619 19896 279
7022 8812 252
5372 28194 308
8309 10003 260
3558 11435 268
25419 5745 282
2430 1526 183
7388 2837 262
20742 6801 279
23632 12097 282
11853 25477 282
20489 23651 282
13210 4761 268
14697 21580 279
4804 20517 279
22395 7043 279
28865 26293 308
16977 11502 276
25795 25599 233
13576 25385 282
16810 13385 271
28443 29773 272
14268 29200 308
9240 16883 276
30805 17703 308
13453 26866 308
7427 2186 262
15654 13550 271
6289 3382 262
9980 1974 262
31945 4589 308
12948 13745 276
14790 6648 276
2711 2092 209
16060 29949 308
24823 14280 282
19780 29405 308
20983 26189 282
4645 22652 279
3561 22718 279
20545 7691 279
1028 28726 308
6162 26187 282
6187 29927 308
3796 12141 268
31251 6622 308
31883 21838 308
13640 15124 271
24342 26695 308
14327 30785 308
18741 31652 308
5449 11491 268
16169 28980 308
15912 24338 282
26842 27944 259
32233 5631 308
23105 15915 279
7987 10486 260
21034 1109 279
2213 21906 279
4115 948 238
29438 14999 308
16835 13570 271
22324 22154 238
12533 18637 279
17267 30841 308
10432 9410 255
29283 27335 272
26546 388 282
14515 15129 271
4640 11714 268
30633 14845 308
17485 21063 279
1930 10264 262
25102 21261 282
18721 24389 282
23329 32677 308
21432 3372 279
31603 30591 285
27532 2121 308
19273 24561 282
28663 28558 197
6570 17619 276
19189 22812 274
26891 4069 308
18150 26282 282
21309 5158 279
6819 24973 282
7982 18437 279
29690 30957 272
24455 25535 264
17034 16547 266
22140 4735 279
6099 28826 308
16454 3938 276
3583 7628 262
6663 30997 308
4322 6625 262
12148 8621 268
15793 23131 279
23243 5691 279
7515 24478 282
15586 20959 279
18655 31438 308
8406 6120 262
10024 31447 308
23919 22520 282
31181 21651 308
11805 19593 279
24915 27344 308
9149 9767 260
8563 11922 268
9264 1952 262
30020 30475 272
17001 6441 276
564 22380 279
18664 14099 279
28695 16551 308
15959 29749 308
8517 5226 262
26719 4229 308
11487 2530 268
31457 30909 285
25238 17184 282
4760 26386 282
29821 5477 308
28788 28848 228
28332 1595 308
16941 24577 282
8796 27326 308
11551 7133 268
3934 7665 262
22973 24392 282
5118 19203 279
25998 731 282
7607 161 262
10242 23691 282
29786 5652 308
6475 13454 276
1723 12165 268
7712 32137 308
23414 23736 282
30403 21890 308
8506 4373 262
6253 23643 282
11242 13713 276
27234 6170 308
643 12714 268
12941 8016 268
31580 3391 308
17330 7834 276
23775 27591 308
5746 24087 282
595 27136 308
23405 7468 279
21429 16315 279
15005 29665 308
25836 7380 282
28710 30596 272
21506 4037 279
8218 22893 279
23424 32273 308
27570 10453 308
22860 27154 308
30201 1396 308
11000 18790 279
8824 13457 276
27873 23959 308
8076 26326 282
4158 6189 262
29849 12099 308
4475 17847 279
18829 30128 308
16080 32132 308
1760 32146 308
6815 31509 308
30249 16824 308
25363 18994 282
14216 25852 282
8546 30554 308
3191 13879 276
9647 21433 279
29870 27634 272
11215 31058 308
5702 3545 238
17708 7008 279
26675 15552 308
4026 7976 262
17322 29977 308
30825 25132 308
31781 1638 308
26631 17976 308
21805 21645 207
12987 12977 201
14627 19936 279
28432 12740 308
26428 25934 246
7329 25369 282
10170 22220 279
10116 8333 260
11389 26345 282
29548 635 308
31 13564 276
23059 15299 279
18337 27290 308
18600 27000 308
31421 26585 308
5884 8142 262
17276 14942 271
17112 10793 276
12951 8862 268
26081 20958 282
4332 5876 236
14172 6584 276
21542 14164 279
4817 1842 238
6862 8468 257
20275 20817 243
27947 28783 259
9389 31234 308
18178 13010 279
12071 23596 282
2359 20111 279
13316 17269 271
1896 4259 238
1787 3095 217
2085 29715 308
11065 28206 308
15495 4063 276
14218 8612 276
19288 9251 279
17986 22363 274
29732 4695 308
12907 20374 279
21074 14501 279
6050 10916 262
6385 5323 262
15865 32695 308
27950 15145 308
10670 9536 255
21780 14330 279
22970 1474 279
18580 15361 279
11087 2472 268
10166 30315 308
11253 610 268
14167 2142 276
6692 30120 308
6645 30332 308
8329 9440 260
5281 12571 268
2351 14205 276
5895 3313 238
30543 14012 308
4457 17366 276
15838 24639 282
9788 31593 308
24949 8238 282
23236 7451 279
2030 20677 279
25503 31073 308
32694 22925 308
32087 7843 308
1366 2970 217
30542 28237 272
22638 24706 282
5292 20157 279
3658 17836 279
15881 24991 282
17804 8525 279
7190 5720 262
4769 18518 279
20132 8417 279
12614 17071 276
7020 646 262
29210 22037 308
8894 6404 257
5145 12111 268
15165 31418 308
75 24444 282
3299 12577 268
14423 32182 308
5063 17413 276
20428 8906 279
21902 3783 279
28293 7452 308
24833 18891 282
30694 24315 308
2038 29281 308
1486 27963 308
1317 5861 238
25765 26453 246
20858 26290 282
26532 31694 308
22984 1439 279
21432 5698 279
4710 965 238
8374 26095 282
25131 16097 282
28068 25206 308
26207 9340 282
6931 12544 268
13902 2447 276
15216 26153 282
15747 3958 276
17499 25473 282
31420 5563 308
29344 17190 308
16949 32532 308
7168 1152 262
5752 21783 279
2771 19359 279
1729 3897 238
17105 29401 308
19754 21171 274
3899 3011 238
2765 16895 276
5660 20673 279
1408 23992 282
13359 16355 271
5358 16835 276
2430 26585 282
30687 2601 308
22699 5205 279
12128 3733 268
10833 25196 282
29080 28912 210
23205 21793 269
4644 16217 276
9811 17476 276
8539 31904 308
15386 11110 276
24800 17536 282
173 10229 262
28882 4133 308
13145 20834 279
22163 27650 308
7798 957 262
13230 13815 276
18441 5230 279
6506 8323 257
13617 19127 279
1671 26101 282
26503 4975 282
7259 28094 308
29792 30574 272
32619 1752 308
28804 7466 308
27306 27526 215
31151 7485 308
13574 26930 308
30108 7082 308
22056 990 279
12238 8393 268
5949 28086 308
482 17885 279
32332 20315 308
3499 5443 238
291 21205 279
30980 20682 308
10780 18361 279
2750 26960 308
22359 14638 279
13094 18658 279
3375 18289 279
7748 8624 252
29767 1516 308
27740 21758 308
14796 22486 279
30195 28857 272
16084 31326 308
3676 1755 217
23325 4643 279
24723 29618 308
32133 24496 308
15192 13036 276
19302 13191 279
11144 16858 276
10850 14965 276
32363 20889 308
25917 10819 282
13567 30660 308
7364 21633 279
10683 1861 262
27734 12880 308
30900 8673 308
2009 24240 282
11317 8855 268
14058 31182 308
31686 14219 308
14227 24249 282
539 4987 238
5043 7788 262
7608 26730 308
16249 22242 279
19793 10666 279
4926 6087 236
24851 26202 264
15882 13516 271
23962 29598 308
18478 7863 279
21951 17645 279
23436 6538 279
4326 17955 279
26128 18989 282
10160 14145 276
22589 23440 251
10300 7237 260
5678 18573 279
22291 23256 269
14795 2695 276
24765 18059 282
2759 23265 279
12285 15709 276
22447 26220 282
22925 29427 308
1997 21590 279
14094 19761 279
1180 25924 282
8126 5848 262
29986 26594 308
22187 17794 274
7055 3038 262
24231 23893 251
11032 24308 282
11282 28421 308
24152 3545 282
31591 20231 308
7909 4048 262
28801 30870 272
4842 7198 262
20111 18442 274
23079 3180 279
20605 199 279
21321 12826 279
1795 3743 238
16462 29898 308
7158 25207 282
9508 5891 262
30467 15820 308
18148 20295 274
6092 3393 238
27353 3547 308
236 12073 268
19186 12749 279
22762 15706 279
12955 11329 263
9064 7735 252
384 15380 276
5998 28858 308
5825 13838 276
28119 4967 308
9521 27733 308
52 29382 308
28313 17927 308
19381 4294 279
29831 29505 272
27138 29149 259
4129 4902 215
17352 19045 279
25800 14137 282
21656 4526 279
27237 25552 308
11809 15921 276
11728 32608 308
17473 22060 279
11400 27607 308
15094 12222 276
460 12097 268
9549 9997 242
25503 4138 282
2878 14873 276
29287 3135 308
23144 7030 279
2221 26774 308
4921 9034 262
10673 19132 279
17151 20844 279
18839 13032 279
21429 26738 308
22275 23855 282
5388 551 238
8301 495 262
14217 14625 209
29782 24808 308
28635 24263 308
32448 7002 308
27273 794 308
26436 19277 282
2346 28619 308
15054 25472 282
16761 11084 276
24239 20461 282
301 2187 182
3324 14715 276
29939 22418 308
23668 7588 282
7950 30885 308
19710 23085 274
1078 19990 279
22838 10576 279
5524 29511 308
22245 31144 308
9743 31337 308
19745 27437 308
7349 24844 282
7378 26514 282
28211 31468 285
16912 31531 308
3832 30610 308
21057 21141 194
29416 10663 308
23495 3020 279
22560 22844 238
14001 25859 282
29038 8562 308
28232 23384 308
10893 19178 279
1960 19467 279
2008 6394 262
5140 23537 282
26245 26562 277
15500 25797 282
31260 7220 308
15617 25448 282
1515 22384 279
16296 20788 279
25501 2547 282
30082 31589 285
28390 221 308
32520 8878 308
4285 1416 238
28356 14233 308
31425 16670 308
20355 31233 308
13187 4768 268
8729 18151 279
9519 25956 282
23920 3413 282
7623 8764 252
18681 5708 279
5051 32613 308
24917 25435 264
7250 9388 260
20699 8045 279
21024 30745 308
23184 21841 269
3768 51 238
12755 24350 282
20698 15362 279
22937 29834 308
26535 10261 282
12661 8087 268
5764 22560 279
25361 11113 282
9824 2574 262
27491 23823 308
13418 23290 279
6560 4453 262
9288 20105 279
9471 14665 276
12805 9130 268
15423 755 276
20593 30924 308
14014 15204 271
32551 11469 308
31620 25439 308
5827 11106 268
22788 13190 279
27940 2555 308
23607 26515 277
5851 13810 276
24842 9105 282
15574 12869 276
31075 12115 308
4664 27414 308
4876 19846 279
13666 26419 282
5496 22004 279
15857 22681 279
25747 16575 282
23 8382 262
22179 11771 279
24396 19647 282
18086 635 279
4418 20673 279
27654 19487 308
19947 18600 274
11793 5331 268
22365 19749 274
24563 29634 308
27899 28872 259
2962 29838 308
24502 31566 308
29080 3596 308
2122 26218 282
1832 5834 238
1127 19754 279
12792 21230 279
23279 17233 279
15636 18257 279
20848 27978 308
14395 1838 276
3367 10198 262
1472 18636 279
5447 3325 238
31387 6071 308
19206 18592 261
14079 25536 282
10257 19554 279
25030 13699 282
2625 31304 308
12449 22986 279
14467 16005 271
12186 24787 282
26470 538 282
19678 10430 279
4251 29546 308
3890 16409 276
19591 25817 282
2636 16957 276
29207 4494 308
23406 18538 274
286 7341 262
30326 30611 241
1231 3089 217
25792 15738 282
13564 17183 271
30676 21027 308
5187 28516 308
15369 5464 276
677 16348 276
14229 16208 271
20543 3478 279
9251 19306 279
27493 25020 308
8983 2609 262
26990 27158 259
7802 6636 257
4330 15189 276
3864 9626 262
31948 2408 308
11756 13194 263
30189 16005 308
17733 30107 308
18052 20276 274
11661 13287 276
23094 24429 282
9829 29756 308
24504 25034 264
28209 10231 308
8733 18099 279
22134 2540 279
9478 709 262
4820 27130 308
19738 14275 279
12352 31121 308
20137 25937 282
74 12918 268
13037 7007 268
10724 27007 308
15460 6724 276
13318 21412 279
25086 12504 282
24033 4977 282
32227 27861 285
20346 9020 279
2707 1442 209
31283 25599 308
13572 26267 282
5863 17325 276
28721 20454 308
23913 23204 282
3032 16215 276
6146 24543 282
31001 9873 308
13918 3971 276
13450 9766 276
14440 3296 276
1385 24859 282
4595 6013 236
23024 16893 279
2355 12913 268
27615 17891 308
27371 15762 308
26894 23718 308
18429 31911 308
4940 14846 276
9050 6921 257
13208 31295 308
25791 30617 308
8474 25767 282
23380 17320 279
3217 12030 268
20264 6703 279
12684 2572 268
19137 5532 279
3883 32660 308
3432 29694 308
28424 12178 308
27117 5913 308
12015 30836 308
16426 17151 266
8819 20857 279
10110 2970 262
27114 15224 308
24868 17006 282
4229 18636 279
7183 15754 276
21308 25822 282
29084 23007 308
28661 478 308
15414 17464 266
22590 11387 279
28985 31914 285
8576 7933 252
14800 19577 279
23345 6932 279
25243 25589 246
12564 14514 276
27309 22367 308
20613 28777 308
16302 4817 276
1381 27395 308
14275 13908 196
8276 12558 268
11115 12013 250
8439 29872 308
7989 32019 308
15577 30996 308
17799 17535 279
15453 7348 276
4327 30770 308
28579 30575 272
16901 11249 276
9793 19067 279
28282 11192 308
23330 17993 274
14280 28804 308
1784 20107 279
13242 18251 279
25240 12238 282
17968 21988 274
13246 18087 279
17750 23060 274
7172 7748 239
13585 16611 271
7576 14201 276
1514 7111 262
25046 18331 282
28496 4093 308
26336 7271 282
2562 16689 276
11699 26369 282
9461 29558 308
30255 17259 308
21758 6788 279
5103 20778 279
20086 25176 282
16957 1637 276
4753 10583 262
15946 4427 276
2911 13951 276
5382 561 238
14742 19897 279
370 13749 276
7600 16272 276
19831 459 279
29395 17610 308
30318 20525 308
270 26635 308
19055 24165 282
29445 7430 308
7167 10288 260
16204 21520 279
10142 7240 260
27511 4775 308
27978 14767 308
12821 15193 276
32046 31428 285
13195 7857 268
13721 29483 308
22476 16831 279
5337 27411 308
26383 22021 282
2389 30048 308
18263 28920 308
22152 15798 279
15126 22632 279
27198 25408 308
7287 28868 308
7772 18074 279
30838 11927 308
26288 29104 308
5961 23211 279
24340 16661 282
1424 30226 308
25632 5884 282
10355 22883 279
10811 22048 279
3625 427 217
8699 13056 268
31706 17429 308
26288 32629 308
14152 482 276
26416 15062 282
2471 21128 279
4439 15311 276
17670 22983 279
24471 31243 308
12237 31133 308
1771 22578 279
26036 11365 282
22364 5750 279
16264 22172 279
16929 23459 279
25077 29037 308
18332 6895 279
26423 28896 308
22389 29320 308
28446 28435 197
9501 18724 279
5554 4514 210
32545 7177 308
20157 2921 279
29469 4645 308
32051 31739 254
20590 5057 279
5045 29018 308
2026 19002 279
408 22395 279
8665 23785 282
8207 706 262
18711 15895 279
9548 18179 279
21140 16740 279
22139 21533 269
30587 2276 308
32194 3473 308
28309 20428 308
8547 3961 262
39 12363 268
24739 18288 282
18773 16040 279
22583 22547 269
27531 9968 308
294 17548 276
5643 20215 279
6052 27394 308
28513 984 308
7681 5220 262
23255 8246 279
57 28267 308
88 26452 282
4891 32655 308
10195 16145 276
17946 6785 279
18421 22901 274
25916 5910 282
21274 29301 308
6638 31539 308
7479 18867 279
22833 32131 308
32318 21346 308
29902 7604 308
19681 31493 308
14340 15769 271
20185 15563 279
226 21004 279
16383 18031 279
21921 24813 282
9452 16900 276
27296 1150 308
3764 28655 308
30070 18777 308
7869 14951 276
24686 2544 282
9115 14964 276
20199 21911 256
22114 3138 279
23959 15811 282
27903 14018 308
20257 20907 256
31435 31298 285
13948 15562 271
10567 17363 276
1931 4508 238
21014 18266 274
6217 3847 262
22382 6771 279
15554 12889 276
5478 6796 262
31676 21124 308
2247 28297 308
6425 1185 262
1654 23206 279
2572 16182 276
19348 1113 279
14086 18371 279
1915 26849 308
16134 31928 308
21263 21487 256
7392 3885 262
6014 9312 262
14119 10661 276
12850 3681 268
10103 15909 276
17164 30808 308
2603 22423 279
6796 1010 262
10936 24346 282
19139 5179 279
31744 15958 308
21195 18151 274
14180 20413 279
20064 17333 279
26540 2281 282
21399 7186 279
1494 31894 308
9640 22551 279
27767 21928 308
11481 2497 268
14838 28196 308
21967 19368 274
11143 25636 282
20602 11692 279
18384 30352 308
8317 17745 279
461 5026 238
12379 31403 308
17089 13221 276
26158 10631 282
4535 19515 279
30621 4020 308
19276 17851 261
