1 113382 354
113384 134378 349
134380 138366 344
138368 151176 375
151178 159486 383
159488 161438 370
161440 161534 215
161536 170074 352
170076 184488 365
184490 191334 360
191336 201568 360
201570 204014 342
204016 207550 373
207552 212648 355
212650 213102 311
213104 226765 386
226768 239230 443
239232 242158 368
242160 242302 213
242304 245984 337
245986 255112 363
255114 258206 345
258208 268757 407
268760 270270 345
270272 276733 363
276736 280574 389
280576 284136 358
284138 287002 376
287004 288614 389
288616 290750 345
290752 302353 371
302356 306022 340
306024 311326 371
311328 318973 384
318976 319654 322
319656 322877 371
322880 323069 216
323072 340149 384
340152 358344 441
358346 358846 348
358848 360360 348
360362 363238 366
363240 363454 211
363456 368977 361
368980 376830 423
376832 378042 361
378044 378848 317
378850 382669 379
382672 387310 348
387312 388718 330
388720 392958 436
392960 403137 405
403140 405406 343
405408 408029 361
408032 415101 449
415104 419838 387
419840 420350 343
420352 420862 312
420864 425297 418
425300 426205 356
426208 430504 374
430506 430760 219
430762 431898 325
431900 432922 387
432924 436126 356
436128 437306 387
437308 453531 400
453536 459034 356
459036 459758 307
459760 466990 444
466992 477792 413
477794 478461 351
478464 479482 338
479484 480480 351
480482 483590 382
483592 484317 307
484320 484605 214
484608 485886 320
485888 487038 382
487040 488166 382
488168 491969 351
491972 498686 426
498688 502440 426
502442 504056 333
504058 510225 382
510228 516413 470
516416 516890 289
516892 517190 302
517192 523944 439
523946 524286 271
524288 525158 364
525160 531182 408
531184 537515 377
537519 538270 346
538272 539418 333
539420 540541 346
540544 542958 364
542960 544040 359
544042 544542 302
544544 544858 315
544860 545182 209
545184 552294 452
552296 553467 315
553472 559784 421
559786 561149 359
561152 565246 421
565248 566718 359
566720 567064 359
567066 568273 359
568276 574005 377
574008 574346 315
574348 575864 328
575866 577229 390
577232 579326 359
579328 580966 328
580968 581501 328
581504 581882 297
581884 583078 328
583080 588542 434
588544 589438 297
589440 604707 403
604711 604712 67
604714 606846 341
606848 608110 341
608112 612045 359
612048 612966 310
612968 620970 447
620972 622653 372
622656 623294 310
623296 626330 385
626332 629758 341
629760 630526 341
630528 631294 310
631296 637056 416
637058 637947 354
637951 639309 354
639312 640640 354
640642 645755 416
645760 646139 310
646143 647848 323
647850 649384 385
649386 650888 341
650890 654190 385
654192 654570 292
654572 654618 248
654620 655358 323
655360 655960 385
655962 656414 354
656416 665066 429
665068 665214 248
665216 666110 398
666112 667374 323
667376 669920 336
669922 680299 385
680304 687870 398
687872 688552 261
688554 689638 336
689640 695066 442
695068 698592 367
698594 699048 274
699050 700486 367
700488 704510 411
704512 704622 243
704624 713574 411
713576 716688 380
716692 717693 349
717696 719224 336
719226 720721 349
720724 723944 411
723946 725386 362
725388 726056 305
726058 726477 318
726480 726909 349
726912 728830 318
728832 730558 380
730560 732250 380
732252 736392 424
736394 736446 287
736448 737955 380
737959 737960 150
737962 747290 424
747292 748030 362
748032 748200 318
748202 750830 393
750832 753661 424
753664 755624 362
755626 756085 362
756088 757697 362
757700 763674 380
763676 765339 362
765343 769640 468
769642 774621 393
774624 775336 437
775338 775786 300
775788 777434 393
777436 777437 163
777440 780390 437
780392 780734 300
780736 781950 362
781952 782334 287
782336 785917 375
785920 786430 300
786432 787738 362
787740 788582 406
788584 796774 468
796776 803870 406
803872 806275 375
806279 806282 75
806284 807406 406
807408 809128 331
809130 810813 406
810816 814438 375
814440 815870 357
815872 816059 344
816063 816814 344
816816 817288 313
817290 817774 344
817776 822138 450
822140 823782 375
823784 824186 251
824188 827390 375
827392 827960 419
827962 828442 282
828444 829086 313
829088 830203 375
830208 833774 419
833776 837798 344
837800 839677 388
839680 840701 357
840704 841725 344
841728 844646 388
844648 847870 419
847872 849408 313
849410 850078 357
850080 850595 357
850599 851226 357
851228 852411 344
852415 854190 357
854192 856730 388
856732 859134 370
859136 859718 295
859720 861008 357
861012 861520 313
861524 863797 326
863800 865845 388
865848 868990 357
868992 870170 388
870172 871450 326
871452 872253 432
872256 872760 326
872762 872824 295
872826 874613 388
874616 874618 158
874620 882814 432
882816 884158 370
884160 886206 370
886208 886554 357
886556 886952 401
886954 889832 401
889834 901118 401
901120 906174 401
906176 907063 370
907072 907610 326
907612 910270 476
910272 912166 383
912168 917160 401
917162 918069 352
918072 919450 339
919452 919517 264
919520 920558 432
920560 924906 445
924908 927002 370
927004 927210 308
927212 930042 383
930044 931456 370
931458 931998 277
932000 932064 277
932066 933981 370
933984 934942 414
934944 937598 414
937600 939496 445
939498 940478 383
940480 944638 383
944640 945434 352
945436 945790 352
945792 946942 383
946944 951432 414
951434 955584 414
955588 955590 78
955592 956923 352
956927 957210 321
957212 957630 352
957632 958965 339
958968 960961 352
960964 963822 414
963824 967181 383
967184 968635 321
968640 969211 352
969215 971773 458
971776 974077 383
974080 975014 334
975016 976333 383
976336 978942 383
978944 980382 334
980384 981286 427
981288 981856 321
981858 981928 246
981930 983038 383
983040 983939 383
983943 983946 153
983948 984622 352
984624 991934 427
991936 997022 365
997024 997373 352
997376 997600 321
997602 997822 321
997824 999166 396
838992 839647 388
688444 688490 199
437235 437177 188
569802 569375 359
837239 834325 344
728186 727781 318
322963 323009 172
402874 397027 387
669165 669797 292
244935 243625 337
930151 930675 264
782212 782189 176
974500 974983 334
636337 635909 310
973649 973701 383
608086 607961 341
969193 969200 321
756002 756075 331
105448 106590 354
777437 777437 163
550775 549867 346
253905 253468 332
956959 957084 246
426945 430406 374
828352 828414 207
874520 874282 388
376315 374039 361
697088 698368 367
764445 764337 238
269926 270210 345
813694 814033 344
779724 780274 362
805567 805065 331
206926 204323 373
829024 828950 313
432893 432906 219
910756 911399 339
622340 621298 372
784447 782456 331
983029 983032 290
508666 504657 382
309473 310806 371
829760 829105 375
558884 555762 346
955590 955590 78
859615 859268 295
911325 910348 339
927204 927207 184
781942 781452 362
574318 574292 222
902599 904749 370
725370 725311 212
927176 927176 109
402649 398955 387
621701 622440 372
775436 775763 300
459517 459751 307
606417 606421 98
717644 717591 305
726704 726613 274
539758 539451 302
960649 960961 352
581669 581650 253
399568 401381 387
688402 687966 261
434655 435386 356
566299 566101 266
415504 419014 387
971648 971517 277
540498 540303 346
817095 817259 313
284168 285571 376
781723 781569 269
516852 516752 271
405356 404927 343
481486 482635 382
726300 726249 318
775102 775070 287
969204 969199 215
922213 922992 445
315658 316791 353
963007 962442 383
666422 666787 261
434307 433042 343
955590 955588 78
530397 527560 377
974303 974318 228
365235 366544 335
955590 955590 78
459488 459125 294
725755 726024 305
874618 874618 158
160203 161328 370
604703 604594 248
388639 388660 180
984266 984073 352
479261 478741 338
485724 485645 289
860900 860129 357
906683 907006 339
521507 522316 333
638409 638379 248
919159 918143 339
378420 378558 255
645904 646048 279
835893 837531 344
430729 430670 219
566986 566875 359
524625 524717 364
716848 717187 349
161527 161508 215
407135 406696 343
997732 997730 91
756504 757041 349
509318 509773 289
920037 920311 339
932056 932056 233
938371 938823 308
968282 968219 215
482901 482540 276
358713 358629 242
748086 748190 318
748015 748009 287
848252 848247 251
242256 242247 169
563373 564219 284
724758 725261 243
242205 242177 169
575290 575661 315
898106 892106 370
485732 485833 289
717666 717551 349
736444 736443 150
318744 318772 203
143568 150994 370
919517 919511 158
725371 725385 212
747679 748004 287
639082 639238 279
788227 787809 362
612354 612884 310
273457 273212 283
910363 911664 339
161270 161328 246
859766 860138 251
444046 445992 338
212866 212686 249
981888 981905 197
640497 640072 266
152971 153532 308
817714 817721 207
807207 807388 406
196030 193492 360
913745 914188 352
543577 543629 240
944831 944766 352
934833 934791 246
544336 544111 240
780642 780703 300
652799 652916 279
946701 945881 383
905872 901520 401
832751 831530 344
775486 775515 300
665109 665177 230
151090 151147 246
339309 339402 260
736444 736445 36
756230 756625 362
388038 387983 162
776633 777188 300
726444 726466 212
550092 547437 377
865512 865556 207
525047 525000 240
725846 726023 287
479748 479757 108
426054 426139 281
516852 516873 227
863874 865350 326
815846 815040 357
872329 872607 295
254720 254861 257
919088 918999 233
787864 788107 362
289382 289101 340
134990 138341 344
478140 478130 201
817135 817288 313
319231 319294 234
610861 611529 354
693883 690552 442
920195 920122 202
517142 517093 258
431698 431706 219
858771 858253 264
904585 902462 383
749769 750173 256
861303 861370 220
828412 828248 251
932002 932042 277
498784 500961 395
932059 932059 140
481044 481079 214
656107 656405 354
729958 730198 380
637891 637894 217
737349 737880 380
175834 176730 334
544810 544720 271
748936 749861 393
946502 946846 383
543402 543010 315
974066 974065 171
871887 871867 202
822420 822841 313
982550 983009 383
378338 378816 317
137313 137539 313
930522 930829 370
983870 983684 383
605551 605460 235
281081 283731 358
852241 852189 282
794908 794426 300
770616 774102 393
542767 542791 209
516917 517185 302
888887 888872 264
580098 579886 222
935279 935958 414
297615 295438 327
212748 212892 249
856335 856726 375
858650 858609 251
814933 815342 357
963509 962052 414
969166 968927 352
575904 576941 328
406024 405550 250
314727 317301 353
951296 950107 414
579599 580242 328
530181 530977 346
582516 582726 328
932048 932047 277
849518 849977 357
945867 946428 352
580752 580938 253
544853 544857 209
436756 437138 294
927173 927158 246
257861 257958 257
649297 648861 385
828398 828386 207
340556 347368 441
539913 539673 302
368573 368507 180
806219 805775 300
728623 728114 287
723418 722360 380
872770 872774 189
524273 524194 271
942078 944498 383
782258 782002 287
957191 957187 171
654545 654545 186
319439 319422 247
939918 940237 308
997258 997318 290
544855 544856 209
840057 840532 357
503958 502767 320
733374 733296 243
666812 666392 292
714229 714936 274
585191 586817 359
786202 786257 225
432565 432156 325
303594 304612 340
939628 940028 308
775767 775765 194
426021 426140 281
815826 815724 207
161034 161386 277
654598 654593 155
169948 170001 228
431483 431156 294
998709 998027 277
983943 983945 153
688746 689058 292
358464 358694 348
430608 430710 219
655038 654940 323
927112 927014 308
764965 764888 225
883962 883837 370
906984 906692 339
786224 786226 176
916433 915921 339
621549 622422 372
952268 953840 414
955592 955832 339
488462 490482 351
773305 771445 393
872215 871955 326
182390 181906 272
957512 957226 352
817689 817409 344
774744 775034 225
736434 736438 243
432241 432110 250
850562 850573 127
873853 873800 295
133017 133073 269
479374 478998 320
161420 161130 277
934886 934926 308
501096 499859 364
626641 629376 341
804843 805033 300
321638 320856 353
612901 612218 310
742349 743828 318
212950 212795 249
648870 648037 323
525098 524310 364
955677 956836 352
295691 293559 358
872693 872702 264
505422 508042 382
242301 242301 213
718984 718714 318
816290 816201 207
574615 575075 328
581705 581575 297
203863 203757 236
392523 392521 149
304986 302499 340
957486 957580 246
581406 581360 204
934271 934520 414
207889 212511 355
573852 573839 284
817574 817391 269
612858 612845 266
516548 516427 209
261616 266288 407
997801 997801 215
512849 511080 470
906109 904678 383
689614 689606 199
478248 478371 351
775336 775100 331
709285 713002 411
655862 655926 385
188747 190724 360
630314 630062 279
983030 982095 383
940019 940280 383
778942 778882 225
883112 883873 295
621021 622107 372
234054 236872 381
850541 850501 313
624354 625170 385
934426 934035 414
379873 381649 379
732023 731939 287
932017 932054 277
984425 984389 184
915619 917103 339
912398 913134 401
932994 932207 370
939411 937942 445
688437 688285 199
161150 161273 246
665304 666008 398
387996 387535 299
816014 815983 344
823608 823736 375
806282 806282 70
522991 519284 364
884143 883706 370
953862 953623 246
478627 479129 338
817066 817215 313
398855 400761 374
544820 544812 209
967093 964561 365
886490 886303 357
906964 906419 339
117489 125456 336
220837 219956 324
717272 717414 305
488033 488107 245
757683 757498 287
181683 173914 365
782310 782271 238
580049 580846 253
686485 687044 398
203139 201699 342
509252 509737 289
681245 684592 380
931844 931822 233
270196 270158 226
765106 764031 362
665928 666020 398
252874 254380 332
997645 997749 321
478318 477926 351
363409 363345 211
309490 310140 340
883657 883748 233
218661 221914 355
722252 723275 411
980887 981244 427
264682 266111 332
869784 869388 388
755972 756000 256
760379 762083 380
756011 755735 362
874617 874617 150
606703 606580 279
731635 730851 318
799358 797098 375
973189 973087 321
490948 488429 351
803815 803794 238
604711 604711 67
630777 630782 310
322667 321315 309
282819 283045 283
777437 777437 163
622288 622649 310
754193 754641 287
588874 589438 297
553071 552316 315
848576 849355 313
997444 997499 321
647635 647417 292
785670 785513 300
581806 581726 266
319036 319616 322
719770 720189 349
407928 408018 268
546362 545664 284
830934 832630 419
359633 359842 273
206685 206722 174
257620 258062 257
610409 611656 354
168843 167093 321
436570 436512 250
945707 945443 352
244320 245886 319
927172 927194 246
997282 997230 352
310745 308381 371
600020 595264 372
907508 907510 70
774673 774889 269
666904 667052 323
632526 633335 354
848415 849228 313
566233 566373 253
971531 970456 458
628930 629515 279
524058 524249 271
352242 354138 335
553252 553323 284
873301 874458 326
431536 431735 312
728226 728330 287
458622 456964 338
726251 726366 318
998593 999162 396
496413 496431 183
849363 849075 313
980661 981279 427
718954 718649 318
732123 732173 243
717878 718844 336
747862 747442 362
560977 560240 359
637512 637605 310
420753 420772 206
688407 688249 199
239949 241657 368
663344 663064 292
755766 755861 256
516731 516576 227
243283 244160 337
837752 837719 189
656409 656357 248
959266 959085 277
775159 774884 437
530908 529779 333
925436 926655 370
693636 694598 323
930864 931000 308
616673 618845 372
979580 979614 246
314162 317316 353
242259 242223 182
270034 268930 345
203052 203330 311
466535 466755 307
247351 251763 350
553398 553390 165
815989 816029 344
599292 604024 403
649284 648840 385
917507 917987 264
930462 930183 264
656414 656361 261
945266 945366 277
459526 459663 307
820740 822112 375
478470 479426 338
544957 545001 178
764781 764756 194
793568 794052 269
932063 932058 233
484403 484461 183
834871 835257 344
688362 688504 261
870096 869914 295
453008 453156 263
667012 666867 323
486647 486689 201
254417 250489 332
807182 807370 406
161490 161467 171
87244 94743 333
544037 544038 90
747997 748022 287
725456 725844 305
829219 829682 375
541965 542345 284
163548 166480 352
378537 378585 255
853905 854149 357
544487 544264 302
430844 431407 325
675730 674302 367
407242 407451 250
544764 544789 222
926698 926787 233
973969 973476 383
787941 788129 300
607997 607692 222
654674 654925 323
544866 544888 209
964412 964870 352
605472 605594 235
588807 588596 266
934768 934433 295
874617 874618 158
788555 788542 163
541507 541442 315
972486 972613 246
721689 720952 292
619227 619506 341
388643 388249 299
815965 815996 344
544814 544722 271
851150 851161 176
735488 733310 380
941421 942617 339
787605 787697 331
666369 666479 292
428960 429472 281
780014 779543 362
871773 871998 432
580632 580618 147
420337 420272 281
516870 516870 165
566688 566582 359
606653 606740 266
725226 724036 362
286622 286803 314
856594 856316 375
749559 750801 362
817669 817669 176
704556 704622 243
970706 971417 352
777436 777436 163
204991 206160 355
900908 899519 401
567060 566736 359
257065 257381 270
849847 849755 251
543974 543994 196
537820 537753 209
621485 622188 372
484270 484228 227
640612 640518 354
775166 775300 331
737868 737880 318
701177 702481 411
581086 581109 191
457608 456316 356
577957 579270 359
666646 666888 323
782316 782211 287
816032 816023 207
755310 754161 318
582968 582952 152
359056 359470 317
638214 638097 248
974420 974131 321
561034 560776 284
916920 914446 370
359580 359048 317
438438 447208 400
121634 120430 287
894037 895447 370
872782 872811 295
819773 821455 450
970330 971238 458
450548 449540 369
646019 645864 279
826610 826049 313
630247 630160 279
969419 970622 458
777983 777693 269
782290 782217 287
755918 755713 318
682189 684409 380
906845 906378 339
869639 869162 388
358779 358831 242
516852 516873 227
755696 756049 362
616562 615395 372
476319 471177 382
700334 700050 336
537305 536811 377
946079 946446 352
629932 630208 279
625390 625673 310
289993 289893 252
860847 860964 282
589351 588604 297
649225 648609 385
583912 585462 372
806282 806282 70
524627 524880 364
945687 945743 277
886656 886743 264
794599 795791 331
806280 806280 70
978925 978090 383
717247 717257 181
873500 873789 326
984348 984615 259
704620 704620 124
720514 720063 261
645850 646107 279
604531 604658 297
479300 478747 338
556696 554400 390
568254 568247 253
484112 484302 276
973849 973613 383
488026 488058 227
420733 420622 250
747892 747998 287
190989 190670 254
788247 788250 124
388433 388190 299
540113 540164 227
774607 774610 194
239911 240514 293
964049 963947 246
844425 844289 251
816038 816012 207
656410 656164 261
869875 869860 220
630178 630151 279
850445 850495 251
829798 829779 251
