28166 28012 228
19813 85117 351
4254 56577 340
89404 57022 351
48168 31724 324
91565 63702 351
54382 56198 322
20586 54325 340
67369 64884 268
30038 95548 351
4268 80863 351
61281 45784 340
16288 50467 324
50454 78491 351
88759 2894 351
5297 93979 351
43780 1671 324
32120 90352 351
59512 12801 340
68002 17841 340
33491 31807 267
18442 23684 282
20344 93499 351
56050 87923 351
87721 16252 351
82151 41710 351
82556 43133 351
74258 73708 294
40076 43307 288
23256 71016 340
74351 34365 340
18305 72128 340
39455 42452 306
41073 64330 340
11547 29295 308
21115 75005 340
20830 73639 340
47205 64538 340
72930 32908 340
52232 73143 340
95247 94053 328
70216 80520 351
87622 20123 351
71643 26452 340
93810 39414 351
77933 76243 351
96128 45111 351
96798 1668 351
65120 48865 340
51660 39547 314
34128 71691 340
71573 87039 351
82791 48002 351
71130 38227 340
58231 92059 351
12936 82369 351
54639 27716 340
971 70188 340
96247 22371 351
93732 27339 351
30880 99173 351
56575 19344 340
40650 94658 351
67324 64099 299
44272 89775 351
83251 22537 351
57900 77649 351
28982 97214 351
65919 84167 351
32540 6859 308
28522 53334 340
85999 85965 196
54648 41863 340
27067 85389 351
49404 74999 340
23649 94962 351
54247 42413 340
90604 54339 351
28600 83330 351
63092 26312 340
59034 86520 351
83808 57632 351
19527 79463 351
93298 7166 351
70443 34055 340
87368 9662 351
87127 85829 333
40844 14858 324
31950 28335 285
14964 44880 324
89998 99644 333
61764 31409 340
29049 59402 340
84435 28350 351
30559 26237 308
46488 98203 351
79439 7247 351
37699 52743 340
68343 57762 335
8005 73344 340
35261 89544 351
80615 39163 351
71173 65290 312
25021 70528 340
85815 71009 351
55768 70531 335
97318 74131 351
74565 90256 351
64027 75814 325
87813 96773 333
45231 88958 351
1995 8331 262
73049 17857 340
93072 2762 351
36834 54927 340
68792 72118 325
15041 83743 351
28331 75720 340
81295 26743 351
48841 43599 314
14408 53829 340
23464 33752 308
70993 34978 340
35970 74468 340
58615 10265 340
4661 49937 324
53428 48532 340
17456 94735 351
36938 14670 324
51815 49218 309
98445 32106 351
23857 56833 340
4175 6013 236
97101 9463 351
6193 66120 340
20483 86792 351
67959 94919 351
65316 32898 340
62367 69704 330
86183 48530 351
24243 84354 351
85474 72568 351
14499 97873 351
24040 94725 351
17436 98818 351
57835 25843 340
58727 36402 340
14178 2790 276
10367 30113 308
8905 30673 308
831 27090 308
91456 43486 351
23673 80893 351
40399 96269 351
94357 56749 351
66902 16479 340
23609 64742 340
92720 87183 333
71728 98973 351
38613 1731 324
66331 4925 340
9667 1603 262
7183 44223 324
93970 74091 351
83909 32261 351
80986 53031 351
77523 82983 338
8891 90121 351
34575 44749 324
29171 14442 308
87338 31534 351
24845 33525 308
90157 12421 351
40693 29319 324
13006 3786 268
19090 41532 324
53271 14894 340
86511 96839 333
76517 34819 340
1082 42871 324
27269 43012 324
89520 10329 351
13010 51087 324
7580 43885 324
87951 91190 333
88732 51625 351
7591 56976 340
15170 20307 279
84648 99165 333
24185 16930 282
80392 90094 333
71781 26202 340
85427 29758 351
76842 47551 340
1639 35699 324
48212 19676 324
79044 45765 351
2741 62359 340
72915 55491 335
28071 39058 324
78259 38120 351
15228 63711 340
94061 74746 351
55000 69055 335
97951 7374 351
48777 97042 351
97068 78094 338
48992 27589 324
34492 94866 351
43639 9710 324
70765 14879 340
97496 1156 351
82839 96385 333
80894 93676 333
64409 92804 351
20833 6969 279
6357 43889 324
84670 85843 302
20237 49631 324
11828 98848 351
49399 62716 340
47426 3294 324
74883 44945 340
58774 60090 304
30660 4951 308
62888 33234 340
30415 93808 351
82251 29748 351
79669 48560 351
15328 36589 324
80012 58654 351
95241 82248 333
26257 43094 324
14630 49667 324
52500 16999 324
15354 53147 340
33443 62199 340
47223 43790 314
95354 9033 351
29059 34750 311
61712 62949 317
91929 62765 351
52615 81 340
34884 28173 311
21017 91350 351
40336 45001 288
60755 58561 317
20117 32730 308
49653 97266 351
4175 32115 308
40304 61857 340
44120 52523 314
72437 17612 340
14066 16291 271
41095 56725 340
56728 15030 340
76045 16476 340
2473 15232 276
21479 50479 324
84554 34923 351
88725 27381 351
17773 33986 308
20296 10211 279
12700 88986 351
6033 32381 308
41319 95478 351
82339 71715 351
68175 48828 340
72786 70282 325
87620 85821 333
15332 68392 340
99344 65562 351
85910 51676 351
69490 99119 351
58723 2226 340
1219 34988 311
14237 22428 279
20356 97963 351
53641 99 340
72117 68953 325
62840 65192 330
45718 2993 324
62631 59158 335
93060 14528 351
54477 14037 340
28423 35938 324
79056 39206 351
2966 89903 351
47460 45562 314
42556 23539 324
65863 20772 340
44901 67372 340
8666 56097 340
28600 90942 351
28919 63644 340
37752 87954 351
72229 29076 340
90485 87692 333
79259 88674 333
2548 56405 340
41521 95430 351
68175 35705 340
35842 89650 351
8329 41166 324
62798 95838 351
94485 43387 351
64098 67368 299
72403 30743 340
92058 66598 351
696 39393 324
12196 88679 351
88266 3054 351
29895 52602 340
97183 92820 328
34264 71583 340
91905 54955 351
4345 93689 351
19184 96774 351
97648 93657 328
63164 29605 340
7421 96464 351
69669 18882 340
6332 71309 340
66993 75187 325
48982 61613 340
85841 97638 333
11234 88157 351
90380 45196 351
52101 32847 324
30549 14170 308
26384 52944 340
52748 25896 340
87778 89557 333
89797 78776 338
39736 94818 351
99489 47666 351
99422 7126 351
16751 47737 324
97411 43239 351
40798 2583 324
31529 24651 308
73515 52370 340
46951 53949 340
2757 56110 340
80733 35385 351
26796 69764 340
99830 2163 351
82113 36833 351
58665 91558 351
89602 3639 351
16454 38082 324
89520 15336 351
30310 70433 340
90289 3908 351
11724 66462 340
38978 31596 324
63878 57959 335
76824 30279 340
31379 58539 340
61183 59960 335
15074 32703 308
39140 94151 351
53590 839 340
26448 90801 351
42303 54095 340
5356 28740 308
93381 30834 351
15246 55597 340
67188 69188 312
31361 35668 324
89718 83419 333
54886 35841 340
79809 88346 333
28085 29262 272
65958 5491 340
61833 6042 340
46307 95086 351
13714 97931 351
3639 26983 308
61040 37580 340
10013 68943 340
35061 77394 351
36027 9292 324
36420 43373 306
76554 59138 335
67777 26325 340
74479 4444 340
45401 56782 340
79631 36669 351
2160 53671 340
14685 11362 276
48546 76273 340
41245 61026 340
62340 46637 340
26569 30971 308
91639 43242 351
65604 18921 340
60863 63889 335
13868 24686 282
15045 84210 351
53331 6091 340
24419 95552 351
7745 49552 324
10896 77152 351
17949 8824 279
37256 51660 314
48808 82695 351
48642 22520 324
23269 72332 340
4775 55315 340
9933 66047 340
21794 34786 311
64003 45225 340
51117 71704 340
12683 5580 268
78208 74193 351
20780 13515 279
41146 39155 306
43209 75093 340
76894 29523 340
65387 28623 340
91381 81655 333
30176 8269 308
82154 48850 351
78613 46357 351
95640 46282 351
66697 86169 351
43327 72752 340
3565 42793 324
17204 88970 351
66531 86842 351
81750 3441 351
98494 70138 351
42893 74591 340
88269 30003 351
68441 43787 340
84840 65744 351
55759 21512 340
18971 37750 324
44124 77923 351
16765 73578 340
62895 52089 340
31777 62419 340
67610 24694 340
79588 51598 351
54683 77732 351
27675 11773 308
75321 87757 351
42038 24925 324
88618 56682 351
95121 99525 328
66910 32613 340
78076 98043 338
66727 71488 325
28978 41766 324
9180 56174 340
35948 41879 306
80831 65086 351
24259 22650 282
7896 65044 340
90433 78008 338
73929 4637 340
69378 55394 335
83440 54367 351
32452 98507 351
20291 36106 324
89761 73552 351
29539 15339 308
57180 22476 340
48727 7858 324
2856 37457 324
95989 35427 351
61789 14492 340
85484 60303 351
57289 98571 351
95603 49148 351
53319 63554 335
30561 48313 324
79914 86258 320
91868 57072 351
56891 74008 335
62171 59831 335
43078 53110 340
52293 49669 309
91596 76781 351
90016 50329 351
46960 11640 324
47637 77708 351
31808 63664 340
51942 21999 324
47980 39152 314
54890 6416 340
15242 13478 271
71376 94936 351
5051 1988 238
82545 4164 351
69864 50074 340
54850 67985 335
18800 66676 340
42537 53622 340
68637 80161 351
75360 54534 335
37 94766 351
10162 41423 324
13295 93724 351
25620 35439 311
25158 59033 340
63032 63837 330
39037 86797 351
55662 76487 335
15720 53820 340
56729 13594 340
20261 49909 324
53465 49110 340
30425 6160 308
31272 43011 324
65671 5511 340
78103 53329 351
27972 33347 285
4194 45714 324
50654 20609 324
98783 78055 338
10483 68826 340
80347 38758 351
44125 92133 351
44701 20714 324
13715 2215 276
19994 69950 340
16774 38238 324
78528 84905 338
80063 29421 351
51468 89744 351
22486 61555 340
59955 89775 351
48856 67787 340
18153 69670 340
3985 89502 351
67939 26545 340
5925 9443 262
84585 14262 351
79897 33665 351
46160 11572 324
90745 58498 351
61060 85525 351
77142 45652 351
24450 97659 351
30634 93306 351
85724 60024 351
61485 93426 351
32335 33779 267
52862 97499 351
88816 26510 351
72969 18104 340
90194 59439 351
87247 4283 351
25863 31744 308
61406 75579 330
69286 27364 340
45795 10763 324
18369 97650 351
15159 64479 340
69310 69667 299
12471 26338 282
86781 87631 333
53561 82099 351
66884 61349 330
4098 23040 279
86493 20015 351
17325 28756 308
22733 74064 340
39510 10025 324
8134 55487 340
9423 53946 340
24396 59723 340
24713 23124 282
68121 39146 340
44476 72406 340
34006 50827 324
97313 21448 351
68817 85016 351
41635 33587 324
30692 18606 308
9198 61057 340
24001 60680 340
4983 28167 308
26883 97724 351
57513 25558 340
13469 79411 351
19032 37348 324
37883 48661 314
4348 55184 340
52347 90122 351
40473 40007 275
27326 69430 340
29432 1970 308
64073 17536 340
3318 70059 340
44279 27063 324
33880 53144 340
62705 74667 330
49505 35841 314
16229 95506 351
95715 75948 351
98931 90242 333
33003 88557 351
23747 97588 351
31681 19838 308
55910 44214 340
43930 93337 351
59711 45848 340
39175 95638 351
29892 26216 308
22523 82723 351
32566 8422 308
93021 41784 351
53535 81518 351
16630 79424 351
58696 68872 335
56134 61957 335
69874 38652 340
67514 17451 340
77568 66731 351
63426 73489 325
95609 57095 351
35710 26334 324
63086 85862 351
28297 336 308
33546 8488 308
36853 41319 306
87227 55865 351
38897 65500 340
71271 67108 312
5398 34936 311
7595 6516 257
60603 52638 322
45053 78137 351
34477 1821 311
91204 37326 351
65990 55383 335
81390 85553 320
2999 69973 340
31303 79336 351
13241 8496 268
96163 45883 351
20650 41603 324
24094 28632 308
58637 40472 340
36520 25918 324
90016 32125 351
17029 47413 324
71382 10003 340
47482 77537 351
5267 80351 351
91351 9666 351
45868 31797 324
6565 48306 324
37697 65963 340
36238 62807 340
29353 9241 308
52320 82601 351
18622 54212 340
85160 95370 333
29730 74416 340
18968 75030 340
66704 53076 335
65640 21466 340
48147 46625 314
85214 3816 351
21001 14925 279
95805 52397 351
53858 85793 351
23870 71601 340
29253 52352 324
781 5450 238
52190 22053 324
77165 40805 351
69212 25775 340
82888 74416 351
35638 37886 324
22614 8641 279
24863 67844 340
92287 48210 351
46353 6413 324
46585 296 324
34501 68218 340
58147 73362 335
55015 41355 340
29558 11123 308
67297 4823 340
11082 12885 263
7823 72256 340
52358 58848 340
97804 95071 328
37876 80908 351
22379 5460 279
94150 62518 351
68377 34534 340
51127 19582 324
48467 93104 351
44622 1552 324
47925 33377 324
4022 83565 351
1325 76864 340
88987 62755 351
15078 87105 351
54081 79318 351
47048 35625 324
34744 66961 340
20540 51434 324
9845 73106 340
6045 81250 351
7182 71571 340
70498 88850 351
94046 25004 351
46902 31626 324
31224 91477 351
57966 49518 340
74099 54586 335
82205 91893 333
49519 62718 340
62686 47279 340
51423 46423 314
12014 95208 351
11772 33589 308
70717 84974 351
68804 91971 351
49889 79167 351
60616 32105 340
63802 59600 335
73833 61833 330
57835 70420 335
24517 77184 351
54422 58189 322
8144 92118 351
55143 83001 351
32499 77335 351
64526 31284 340
74905 48576 340
76426 52013 340
37863 11226 324
32035 65723 340
62899 7414 340
82753 4661 351
33384 19449 308
64193 90348 351
90200 1943 351
83047 63973 351
79846 50242 351
74771 75373 325
81142 88492 333
55386 88563 351
66380 49008 340
79128 86949 320
14791 51330 324
73523 36351 340
59874 7153 340
10698 62844 340
99378 50172 351
5880 49224 324
62551 85399 351
31036 74767 340
44316 57632 340
77457 53132 351
45052 7020 324
26657 50854 324
71101 53702 335
81209 38153 351
66191 48672 340
40624 65537 340
53153 41944 340
3381 23745 282
70848 84844 351
36417 42855 306
53872 56950 322
55916 52383 340
67966 14998 340
49547 62017 340
87131 71100 351
37692 77079 351
70912 83528 351
33470 49316 324
83242 89030 333
9030 44329 324
88237 32660 351
43051 36550 306
34653 94864 351
59389 91063 351
11103 58151 340
61427 83693 351
30616 68104 340
42198 63830 340
67779 67512 312
14798 52028 324
9212 56949 340
24479 12583 282
95222 6777 351
7979 13019 268
74787 84924 351
35810 85300 351
46872 13587 324
44860 50716 314
6718 3214 262
82606 25169 351
32077 62315 340
663 21883 279
22631 11585 279
2346 73641 340
77843 98860 338
5759 91090 351
55686 22934 340
45917 16077 324
82720 72776 351
19601 95837 351
83674 66252 351
25647 59273 340
83099 73260 351
5833 13824 276
2514 75611 340
51621 23004 324
66482 6916 340
22363 1976 279
54060 93258 351
37489 58115 340
62794 28240 340
8572 78697 351
94440 16603 351
73292 30743 340
95340 28519 351
40690 34312 324
85747 43346 351
58783 82769 351
88323 4841 351
61482 67755 330
95823 30636 351
80116 28201 351
9411 95169 351
25737 31849 308
62659 49628 340
74134 94069 351
84772 43778 351
39809 18712 324
77738 74227 351
90062 92356 333
7137 44035 324
76337 26123 340
31806 89880 351
43101 60735 340
32568 93472 351
60984 56743 335
97710 95659 297
8098 47575 324
52326 32245 324
50297 93078 351
97443 41429 351
74871 63935 325
99577 68725 351
56752 22788 340
40414 61237 340
12724 61074 340
82123 98601 333
34161 44514 324
71371 2530 340
60769 93824 351
27836 76379 340
21915 66253 340
33361 21213 308
19096 50272 324
57620 91395 351
14919 31148 308
67864 6597 340
54294 52156 340
13591 81859 351
62864 84984 351
13322 53659 340
36204 63162 340
28054 48374 324
61629 56405 335
8883 19235 279
31164 10097 308
66722 81958 351
33122 48214 324
87067 16201 351
7085 28208 308
66263 8192 340
46980 8466 324
32336 6122 308
50327 67653 340
25180 81646 351
90059 23869 351
29872 49472 324
15238 65258 340
37600 91446 351
84427 9468 351
88539 5553 351
86570 79927 320
11221 54708 340
19077 97494 351
71103 10934 340
10980 25726 282
1211 83742 351
47063 29095 324
32390 67743 340
98180 60715 351
76792 40768 340
65371 76458 325
29026 58942 340
2961 21645 279
56330 86378 351
15189 10410 276
82030 17658 351
22957 89780 351
23626 52069 324
41432 68947 340
18172 64016 340
49331 5708 324
18463 34315 311
63507 26221 340
75690 13322 340
93500 89253 333
19354 25730 282
8991 74488 340
48314 35412 324
55191 78054 351
2703 93381 351
44478 41970 288
49091 72513 340
17018 10653 276
81602 57908 351
23541 47666 324
3751 33344 308
72298 53244 335
31143 18661 308
9056 79926 351
22898 7554 279
3671 62390 340
71308 66677 312
64516 38023 340
78321 12779 351
35042 36613 324
49090 49870 296
98506 41221 351
35950 28494 324
76724 28092 340
81779 64733 351
1617 94322 351
11439 53242 340
56741 13705 340
94225 74950 351
96255 24675 351
17526 25287 282
6372 14957 276
35763 13519 324
39135 6281 324
35951 21521 324
56927 88608 351
75158 3519 340
15452 95051 351
96366 70168 351
57182 52015 340
37629 89937 351
16832 70336 340
65805 30134 340
36373 67168 340
45966 11538 324
49910 85825 351
30250 86251 351
65020 39134 340
30849 16493 308
57839 29403 340
68501 86277 351
24853 24627 264
29066 16343 308
55656 37160 340
73864 75189 325
1181 49452 324
45003 39500 306
82553 58000 351
1119 50862 324
3383 68536 340
91205 5282 351
12400 2147 268
63580 60617 335
26030 47907 324
26806 4289 308
87443 21594 351
56888 58458 304
72692 62034 330
72093 98961 351
72826 15372 340
93521 67790 351
66525 30459 340
52782 17853 340
77973 20074 351
79609 67546 351
4213 93816 351
38980 55889 340
50291 86383 351
18683 6522 279
63032 69000 330
76986 70068 325
