4 7 17
9 16 20
169 336 144
30247 60493 340
32 63 113
60 91 116
6964 13927 276
369 737 171
47685 95369 351
32892 65783 340
32563 65124 340
6 10 20
30 59 113
85 168 122
9229 18457 279
38 74 116
461 920 179
49270 98538 351
316 371 144
1764 3527 217
41874 59957 340
49586 99171 351
6 6 9
15 28 112
254 506 144
10866 21730 279
49 96 116
274 546 144
16685 33368 308
376 751 171
13405 26809 308
93585 95789 328
2703 5404 238
2 3 8
35 69 113
10 13 15
49294 98587 351
71 96 116
190 379 144
33302 66602 340
318 493 144
30379 60757 340
12144 24287 282
29690 53866 340
6 10 20
10 18 21
387 772 171
45339 90676 351
57 68 108
178 354 144
38484 76966 340
313 625 144
16437 32872 308
24416 48830 324
15011 30020 308
58271 63369 335
6 10 20
13 24 21
124 246 128
46727 93452 351
80 89 111
115 229 125
46176 92351 351
383 765 171
12458 24915 282
46492 73744 340
24184 48366 324
2 3 8
15 29 112
205 408 144
38062 76122 340
30 38 107
398 794 171
47215 94429 351
530 929 179
11203 22405 279
27270 54539 340
18607 36841 324
9 9 20
10 18 21
499 997 179
43873 87744 351
91 100 119
364 726 171
27796 55591 340
787 955 179
19042 38083 324
19755 39508 324
29679 59356 340
5 9 20
23 44 112
285 569 144
27712 55423 340
4 6 9
366 731 171
5654 11306 268
445 627 142
1734 3466 217
8283 13259 276
33820 67638 340
4 7 17
51 100 119
276 551 144
45037 90072 351
42 82 116
448 895 179
35083 70164 340
900 997 174
6888 13774 276
81096 87191 333
26464 52927 340
3 5 8
22 43 112
55 108 119
9879 19757 279
45 88 116
87 173 125
31006 62010 340
343 588 142
9652 19302 279
37662 75322 340
44600 64820 340
6 10 20
35 68 113
115 229 125
14576 29151 308
21 25 24
136 270 128
27042 54082 340
487 973 179
36926 73851 340
39300 41223 306
6043 6641 262
5 9 20
46 91 116
292 582 144
49669 99337 351
48 95 116
386 770 171
40889 81777 351
431 861 171
22943 45885 324
67622 79568 351
62505 90614 351
7 10 20
3 5 8
254 507 144
1012 2022 182
46 90 116
455 909 179
5250 10499 262
378 754 171
16668 33334 308
72891 99755 351
25874 51747 324
4 7 17
50 98 119
496 991 179
1518 3034 217
6250 12498 268
54 93 116
87 126 119
6999 13997 276
366 730 171
16231 32461 308
35231 70461 340
60029 88028 351
4 7 17
50 98 119
23 44 112
16002 32003 308
42 82 116
270 539 144
47577 95152 351
347 693 145
8065 16128 276
60050 90965 351
49144 98286 351
5 8 17
37 72 113
146 290 128
8995 17989 279
44 45 17
196 391 144
27671 55341 340
286 570 144
414 827 171
28022 56043 340
33382 66762 340
13156 26310 282
7 8 17
18 35 112
314 627 144
13030 26058 282
30 59 113
194 387 144
2174 4347 238
553 917 179
46766 93530 351
28486 56971 340
49527 99052 351
8 8 4
44 87 116
179 356 144
10046 20091 279
29741 59480 340
36 70 113
138 275 128
23822 47642 324
889 988 174
12284 24567 282
13643 27285 308
56857 90418 351
36131 72261 340
6 10 20
10 19 21
393 784 171
14230 28459 308
84 90 31
240 479 144
24658 49315 324
231 460 144
44720 89439 351
31234 33075 285
18158 33682 308
6 10 20
21 40 112
183 364 144
14398 28795 308
32 63 113
196 391 144
22897 45792 324
262 522 144
15747 31492 308
35022 59232 340
46871 93741 351
6 9 20
9 17 20
4 7 17
23071 46140 324
41 81 116
19 22 21
19932 39863 324
686 978 179
49953 99905 351
79208 99760 333
84858 89745 333
5 8 17
31 61 113
54 106 119
20026 40050 324
18 35 112
189 376 144
46808 93615 351
919 994 174
38442 76883 340
24031 26718 308
46548 93094 351
4 7 17
38 75 116
358 714 171
19190 38378 324
45 89 116
367 733 171
5510 11018 268
347 692 145
11973 23944 282
24647 49292 324
47010 94019 351
4 6 9
30 59 113
453 905 179
36332 72662 340
74 90 111
427 852 171
24626 49251 324
244 486 144
7321 14640 276
80227 80968 289
86764 87678 333
4 6 9
29 56 113
260 519 144
33172 66343 340
41 80 116
493 985 179
47215 94428 351
143 284 128
22916 45831 324
66951 82031 351
50574 53715 340
5 8 17
19 36 112
103 205 125
15223 30444 308
41 79 116
132 263 128
44843 89684 351
363 724 171
24562 49123 324
35822 37458 262
4684 9366 262
9 10 20
3 4 8
468 934 179
26981 53960 340
50 98 119
155 309 128
21350 42699 324
38189 76377 340
716 899 179
12587 25172 282
52507 54011 340
39113 78225 351
5 9 20
28 54 113
58 115 119
2996 5990 238
14035 28068 308
25 48 112
117 232 128
46062 92123 351
426 851 171
1128 2255 183
67858 73814 325
81495 99182 333
3 4 8
42 82 116
209 416 144
34414 68826 340
52 93 116
50 98 119
21592 43182 324
355 709 171
30001 60000 340
56150 112298 354
75777 87484 351
68978 80155 351
3 3 8
34 67 113
431 861 171
4607 9212 262
44 86 116
293 584 144
25739 51477 324
47911 95821 351
526 893 179
19421 38840 324
25569 51137 324
47644 89619 351
2 3 8
29 56 113
114 226 125
37286 74571 340
12 23 21
176 351 144
4550 9098 262
136 270 128
16576 33150 308
28399 30640 272
36611 41889 306
4 7 17
27 53 112
45 88 116
30051 60100 340
27 53 112
369 736 171
45650 91299 351
777 806 122
11715 23429 279
40155 80309 351
48640 97279 351
5 6 9
14 26 24
143 284 128
33065 66128 340
48 94 116
168 335 144
24081 48160 324
382 762 171
46487 92973 351
30927 61853 340
37742 75483 340
4 5 6
6 7 17
183 365 144
44133 88264 351
38 38 22
415 829 171
3641 7281 262
342 591 142
12677 25353 282
49518 93070 351
7362 13084 268
4 7 17
35 68 113
246 490 144
17078 34155 308
19939 39876 324
42 80 116
270 539 144
45319 90637 351
761 845 153
13408 26815 308
13887 22327 279
46040 60184 340
2 3 8
46 91 116
56 110 119
17338 34674 311
49 96 116
158 314 131
26600 53199 340
49679 99356 351
398 794 171
44079 88157 351
49413 98824 351
37680 75359 340
4 6 9
46 91 116
26 51 112
4978 9955 262
25 43 112
461 920 179
12923 25845 282
552 977 179
10011 20020 279
30979 61957 340
32992 65982 340
5 8 17
16 30 112
435 869 171
32502 65003 340
17 19 21
190 378 144
28737 57473 340
64 126 119
33400 66798 340
48154 93142 351
71727 75475 325
6 9 20
16 31 112
281 560 144
26081 52161 324
41 81 116
452 903 179
36741 73481 340
13793 27584 308
396 790 171
21363 42724 324
26248 52494 324
40356 80711 351
3 4 8
36 71 113
335 668 145
1337 2672 209
96 100 119
45 89 116
26194 52387 324
711 970 179
188 374 144
33641 67280 340
20095 29650 308
6 10 20
16 31 112
259 516 144
9959 19916 279
18 35 112
195 388 144
11645 23288 279
520 743 171
45123 90245 351
26033 52064 324
38710 77419 351
5 6 9
51 100 119
411 820 171
20219 40436 324
51 70 113
402 803 171
22782 45563 324
481 961 179
48457 96912 351
18817 23404 274
10947 21893 279
6 10 20
15 29 112
225 448 144
32024 64046 340
11895 23788 282
52 100 119
194 387 144
49714 99427 351
254 507 144
23047 46093 324
44411 88821 351
54167 98481 351
5 8 17
43 85 116
157 313 131
9510 19018 279
12584 25166 282
29 57 113
374 746 171
33712 67423 340
560 570 106
12839 25677 282
29464 58926 340
25873 51744 324
7 8 17
9 13 20
99 197 125
26668 53334 340
32594 65187 340
71 100 119
285 569 144
43072 86142 351
264 438 144
31796 63591 340
45817 91632 351
65129 78258 351
4 7 17
14 26 24
271 541 144
34487 68973 340
30 59 113
477 953 179
42737 85473 351
443 884 179
23832 47662 324
70217 82340 351
39588 79175 351
5 8 17
30 58 113
431 861 171
16647 33293 308
80 91 111
319 636 144
20800 41599 324
571 938 179
16271 32541 308
14801 20084 279
49747 99493 351
6 10 20
5 6 9
304 607 144
42263 84524 351
31 52 110
353 705 171
45994 91987 351
297 592 144
11205 22408 279
19782 39562 324
21932 39054 324
6 10 20
42 82 116
385 769 171
43821 87640 351
89 95 106
341 681 145
2244 4487 238
29377 58753 340
233 464 144
24506 49011 324
31591 63180 340
28072 56143 340
68099 94426 351
4 7 17
25 49 112
137 273 128
40544 81087 351
40 78 116
100 198 125
21503 43004 324
250 499 144
14578 29155 308
70004 92335 351
38393 76785 340
4 4 3
31 61 113
8 15 20
10450 20898 279
16 30 112
158 314 131
26318 52635 340
586 776 171
17494 34987 311
18947 37893 324
44786 89570 351
6 7 17
18 34 112
389 777 171
14808 29614 308
11151 22301 279
63 87 116
383 764 171
28255 56509 340
776 983 179
26771 53541 340
48784 97566 351
29500 51795 324
5 9 20
3 4 8
422 843 171
48268 96535 351
36 70 113
409 816 171
24349 48697 324
452 466 129
12682 25362 282
54188 75862 335
30302 60603 340
6 10 20
48 94 116
315 629 144
43855 87709 351
71 97 119
234 467 144
49251 98501 351
33245 66488 340
235 333 144
22976 45951 324
31441 62881 340
13748 27495 308
3 5 8
13 24 21
377 752 171
7938 15874 276
69 82 116
343 684 145
24490 48978 324
465 770 171
7055 14108 276
65741 88412 351
26313 52624 340
6 10 20
11 21 21
187 372 144
26710 53419 340
65 84 116
350 698 145
33035 66068 340
434 491 142
6067 12133 268
81691 85524 320
42647 85293 351
4 6 9
35 69 113
129 256 128
43384 86767 351
54 61 113
111 221 125
9603 19205 279
541 722 171
18500 36998 324
46365 92729 351
32586 65170 340
3 4 8
31 61 113
309 617 144
14113 28224 308
42147 84293 351
19 36 112
283 564 144
10932 21863 279
29949 59896 340
331 661 145
11189 22377 279
74888 89504 351
54674 71255 335
6 10 20
23 45 112
141 281 128
22106 44210 324
55 67 113
381 760 171
15872 31743 308
320 639 144
31480 62959 340
41485 57756 340
14546 29091 308
4 4 3
11 21 21
472 943 179
20007 40013 324
51905 103808 351
59 60 33
448 895 179
45080 90159 351
561 627 132
16488 32974 308
43422 63749 340
69410 76621 325
4 7 17
18 34 112
179 357 144
7206 14411 276
36 70 113
224 447 144
13730 27459 308
452 902 179
15935 31868 308
20464 40927 324
50733 86239 351
21854 43706 324
5 8 17
32 62 113
405 808 171
36250 72498 340
16270 32539 308
29 40 107
236 471 144
10197 20393 279
534 755 171
37873 75744 340
16512 33022 308
33721 66789 340
5 8 17
43 84 116
348 695 145
48316 96631 351
22533 45064 324
21 21 8
270 539 144
15747 31493 308
344 686 145
29048 58095 340
38645 62803 340
39774 79546 351
6 8 17
4 6 9
275 549 144
49494 98987 351
50 52 25
479 957 179
3828 7655 262
429 483 129
38045 76089 340
37798 65221 340
25140 33695 308
3 3 8
36 70 113
9 16 20
40943 81885 351
28 55 113
119 237 128
20147 40293 324
83 165 122
33862 67722 340
23206 46411 324
82791 87903 333
7 10 20
21 40 112
10 18 21
32689 65376 340
75 79 36
190 378 144
26489 52977 340
418 834 171
25065 50128 324
36501 73000 340
67698 83317 351
66840 89261 351
46176 92351 351
383 765 171
12458 24915 282
46492 73744 340
24184 48366 324
2 3 8
15 29 112
205 408 144
38062 76122 340
30 38 107
398 794 171
47215 94429 351
530 929 179
11203 22405 279
27270 54539 340
18607 36841 324
9 9 20
10 18 21
499 997 179
43873 87744 351
91 100 119
364 726 171
27796 55591 340
787 955 179
19042 38083 324
19755 39508 324
29679 59356 340
5 9 20
23 44 112
2996 5990 238
14035 28068 308
25 48 112
117 232 128
46062 92123 351
426 851 171
1128 2255 183
67858 73814 325
81495 99182 333
3 4 8
42 82 116
209 416 144
34414 68826 340
52 93 116
50 98 119
21592 43182 324
355 709 171
30001 60000 340
56150 112298 354
75777 87484 351
68978 80155 351
3 3 8
34 67 113
431 861 171
4607 9212 262
44 86 116
293 584 144
25739 51477 324
47911 95821 351
526 893 179
19421 38840 324
25569 51137 324
47644 89619 351
194 387 144
2174 4347 238
553 917 179
46766 93530 351
28486 56971 340
49527 99052 351
8 8 4
44 87 116
179 356 144
10046 20091 279
29741 59480 340
36 70 113
138 275 128
23822 47642 324
889 988 174
12284 24567 282
13643 27285 308
56857 90418 351
36131 72261 340
6 10 20
10 19 21
393 784 171
14230 28459 308
84 90 31
240 479 144
24658 49315 324
231 460 144
44720 89439 351
31234 33075 285
18158 33682 308
19 36 112
283 564 144
10932 21863 279
29949 59896 340
331 661 145
11189 22377 279
74888 89504 351
54674 71255 335
6 10 20
23 45 112
141 281 128
22106 44210 324
55 67 113
381 760 171
15872 31743 308
320 639 144
31480 62959 340
41485 57756 340
14546 29091 308
4 4 3
11 21 21
472 943 179
20007 40013 324
51905 103808 351
18 35 112
314 627 144
13030 26058 282
30 59 113
194 387 144
2174 4347 238
553 917 179
46766 93530 351
28486 56971 340
49527 99052 351
8 8 4
44 87 116
179 356 144
10046 20091 279
29741 59480 340
36 70 113
138 275 128
23822 47642 324
889 988 174
12284 24567 282
13643 27285 308
56857 90418 351
3 3 8
34 67 113
431 861 171
4607 9212 262
44 86 116
293 584 144
25739 51477 324
47911 95821 351
526 893 179
19421 38840 324
25569 51137 324
47644 89619 351
2 3 8
29 56 113
114 226 125
37286 74571 340
12 23 21
176 351 144
4550 9098 262
136 270 128
16576 33150 308
28399 30640 272
36611 41889 306
4 7 17
27 53 112
45 88 116
30051 60100 340
27 53 112
369 736 171
45650 91299 351
777 806 122
11715 23429 279
40155 80309 351
48640 97279 351
5 6 9
14 26 24
143 284 128
33065 66128 340
48 94 116
168 335 144
24081 48160 324
382 762 171
46487 92973 351
30927 61853 340
37742 75483 340
64 126 119
33400 66798 340
48154 93142 351
71727 75475 325
6 9 20
16 31 112
281 560 144
26081 52161 324
41 81 116
452 903 179
36741 73481 340
13793 27584 308
396 790 171
21363 42724 324
26248 52494 324
40356 80711 351
3 4 8
36 71 113
335 668 145
1337 2672 209
96 100 119
45 89 116
26194 52387 324
711 970 179
188 374 144
33641 67280 340
20095 29650 308
6 10 20
16 31 112
259 516 144
9959 19916 279
18 35 112
195 388 144
11645 23288 279
520 743 171
5 9 20
3 4 8
422 843 171
48268 96535 351
36 70 113
409 816 171
24349 48697 324
452 466 129
12682 25362 282
54188 75862 335
30302 60603 340
6 10 20
48 94 116
315 629 144
43855 87709 351
71 97 119
234 467 144
49251 98501 351
33245 66488 340
235 333 144
22976 45951 324
31441 62881 340
13748 27495 308
3 5 8
13 24 21
377 752 171
43999 43999 120
56001 56001 136
75469 75469 38
112297 112297 230
