1 113382 354
1 56691 340
113384 134378 349
113384 123881 349
134380 138366 344
134380 136373 344
138368 151176 375
138368 144772 375
151178 159486 383
151178 155332 352
159488 161438 370
159488 160463 370
161440 161534 215
161440 161487 171
161536 170074 352
161536 165805 339
170076 184488 365
170076 177282 347
184490 191334 360
184490 187912 347
191336 201568 360
191336 196452 360
201570 204014 342
201570 202792 342
204016 207550 373
204016 205783 355
207552 212648 355
207552 210100 311
212650 213102 311
212650 212876 249
213104 226765 386
213104 219934 386
226767 226766 249
226767 226766 249
226768 239230 443
226768 232999 443
239232 242158 368
239232 240695 368
242160 242302 213
242160 242231 182
242304 245984 337
242304 244144 337
245986 255112 363
245986 250549 350
255114 258206 345
255114 256660 332
258208 268757 407
258208 263482 407
268759 268758 257
268759 268758 257
268760 270270 345
268760 269515 345
270272 276733 363
270272 273502 363
276735 276734 164
276735 276734 164
276736 280574 389
276736 278655 389
280576 284136 358
280576 282356 358
284138 287002 376
284138 285570 376
287004 288614 389
287004 287809 327
288616 290750 345
288616 289683 345
290752 302353 371
290752 296552 358
302355 302354 252
302355 302354 252
302356 306022 340
302356 304189 340
306024 311326 371
306024 308675 371
311328 318973 384
311328 315150 384
318975 318974 1
318975 318974 1
318976 319654 322
318976 319315 247
319656 322877 371
319656 321266 371
322879 322878 234
322879 322878 234
322880 323069 216
322880 322974 185
323071 323070 278
323071 323070 278
323072 340149 384
323072 331610 384
340151 340150 247
340151 340150 247
340152 358344 441
340152 349248 441
358346 358846 348
358346 358596 348
358848 360360 348
358848 359604 317
360362 363238 366
360362 361800 366
363240 363454 211
363240 363347 211
363456 368977 361
363456 366216 361
368979 368978 167
368979 368978 167
368980 376830 423
368980 372905 392
376832 378042 361
376832 377437 317
378044 378848 317
378044 378446 255
378850 382669 379
378850 380759 379
382671 382670 242
382671 382670 242
382672 387310 348
382672 384991 330
387312 388718 330
387312 388015 299
388720 392958 436
388720 390839 436
392960 403137 405
392960 398048 405
403139 403138 255
403139 403138 255
403140 405406 343
403140 404273 343
405408 408029 361
405408 406718 361
408031 408030 281
408031 408030 281
408032 415101 449
408032 411566 449
415103 415102 162
415103 415102 162
415104 419838 387
415104 417471 387
419840 420350 343
419840 420095 281
420352 420862 312
420352 420607 312
420864 425297 418
420864 423080 356
425299 425298 4
425299 425298 4
425300 426205 356
425300 425752 356
426207 426206 250
426207 426206 250
426208 430504 374
426208 428356 374
430506 430760 219
430506 430633 188
430762 431898 325
430762 431330 325
431900 432922 387
431900 432411 294
432924 436126 356
432924 434525 343
436128 437306 387
436128 436717 325
437308 453531 400
437308 445419 400
453533 453532 250
453533 453532 250
453534 453533 250
453534 453533 250
453535 453534 250
453535 453534 250
453536 459034 356
453536 456285 338
459036 459758 307
459036 459397 294
459760 466990 444
459760 463375 444
466992 477792 413
466992 472392 413
477794 478461 351
477794 478127 351
478463 478462 1
478463 478462 1
478464 479482 338
478464 478973 338
479484 480480 351
479484 479982 351
480482 483590 382
480482 482036 382
483592 484317 307
483592 483954 307
484319 484318 232
484319 484318 232
484320 484605 214
484320 484462 214
484607 484606 276
484607 484606 276
484608 485886 320
484608 485247 320
485888 487038 382
485888 486463 289
487040 488166 382
487040 487603 320
488168 491969 351
488168 490068 351
491971 491970 170
491971 491970 170
491972 498686 426
491972 495329 426
498688 502440 426
498688 500564 395
502442 504056 333
502442 503249 320
504058 510225 382
504058 507141 382
510227 510226 245
510227 510226 245
510228 516413 470
510228 513320 470
516415 516414 271
516415 516414 271
516416 516890 289
516416 516653 209
516892 517190 302
516892 517041 302
517192 523944 439
517192 520568 439
523946 524286 271
523946 524116 271
524288 525158 364
524288 524723 364
525160 531182 408
525160 528171 408
531184 537515 377
531184 534349 377
537517 537516 258
537517 537516 258
537518 537517 258
537518 537517 258
537519 538270 346
537519 537894 346
538272 539418 333
538272 538845 240
539420 540541 346
539420 539980 346
540543 540542 1
540543 540542 1
540544 542958 364
540544 541751 364
542960 544040 359
542960 543500 315
544042 544542 302
544042 544292 284
544544 544858 315
544544 544701 271
544860 545182 209
544860 545021 209
545184 552294 452
545184 548739 452
552296 553467 315
552296 552881 315
553469 553468 165
553469 553468 165
553470 553469 165
553470 553469 165
553471 553470 165
553471 553470 165
553472 559784 421
553472 556628 421
559786 561149 359
559786 560467 359
561151 561150 284
561151 561150 284
561152 565246 421
561152 563199 359
565248 566718 359
565248 565983 315
566720 567064 359
566720 566892 315
567066 568273 359
567066 567669 359
568275 568274 253
568275 568274 253
568276 574005 377
568276 571140 377
574007 574006 240
574007 574006 240
574008 574346 315
574008 574177 315
574348 575864 328
574348 575106 328
575866 577229 390
575866 576547 297
577231 577230 1
577231 577230 1
577232 579326 359
577232 578279 346
579328 580966 328
579328 580147 328
580968 581501 328
580968 581234 266
581503 581502 289
581503 581502 289
581504 581882 297
581504 581693 297
581884 583078 328
581884 582481 328
583080 588542 434
583080 585811 434
588544 589438 297
588544 588991 266
589440 604707 403
589440 597073 403
604709 604708 253
604709 604708 253
604710 604709 253
604710 604709 253
604711 604712 67
604711 604711 67
604714 606846 341
604714 605780 341
606848 608110 341
606848 607479 341
608112 612045 359
608112 610078 359
612047 612046 279
612047 612046 279
612048 612966 310
612048 612507 297
612968 620970 447
612968 616969 447
620972 622653 372
620972 621812 310
622655 622654 160
622655 622654 160
622656 623294 310
622656 622975 310
623296 626330 385
623296 624813 385
626332 629758 341
626332 628045 341
629760 630526 341
629760 630143 279
630528 631294 310
630528 630911 310
631296 637056 416
631296 634176 385
637058 637947 354
637058 637502 354
637949 637948 4
637949 637948 4
637950 637949 4
637950 637949 4
637951 639309 354
637951 638630 354
639311 639310 248
639311 639310 248
639312 640640 354
639312 639976 354
640642 645755 416
640642 643198 416
645757 645756 235
645757 645756 235
645758 645757 235
645758 645757 235
645759 645758 235
645759 645758 235
645760 646139 310
645760 645949 310
646141 646140 279
646141 646140 279
646142 646141 279
646142 646141 279
646143 647848 323
646143 646995 323
647850 649384 385
647850 648617 292
649386 650888 341
649386 650137 323
650890 654190 385
650890 652540 354
654192 654570 292
654192 654381 292
654572 654618 248
654572 654595 186
654620 655358 323
654620 654989 323
655360 655960 385
655360 655660 323
655962 656414 354
655962 656188 354
656416 665066 429
656416 660741 429
665068 665214 248
665068 665141 248
665216 666110 398
665216 665663 279
666112 667374 323
666112 666743 292
667376 669920 336
667376 668648 336
669922 680299 385
669922 675110 367
680301 680300 248
680301 680300 248
680302 680301 248
680302 680301 248
680303 680302 248
680303 680302 248
680304 687870 398
680304 684087 380
687872 688552 261
687872 688212 261
688554 689638 336
688554 689096 292
689640 695066 442
689640 692353 442
695068 698592 367
695068 696830 336
698594 699048 274
698594 698821 274
699050 700486 367
699050 699768 367
700488 704510 411
700488 702499 411
704512 704622 243
704512 704567 243
704624 713574 411
704624 709099 380
713576 716688 380
713576 715132 305
716690 716689 261
716690 716689 261
716691 716690 261
716691 716690 261
716692 717693 349
716692 717192 349
717695 717694 1
717695 717694 1
717696 719224 336
717696 718460 336
719226 720721 349
719226 719973 349
720723 720722 4
720723 720722 4
720724 723944 411
720724 722334 367
723946 725386 362
723946 724666 274
725388 726056 305
725388 725722 287
726058 726477 318
726058 726267 274
726479 726478 230
726479 726478 230
726480 726909 349
726480 726694 274
726911 726910 274
726911 726910 274
726912 728830 318
726912 727871 318
728832 730558 380
728832 729695 362
730560 732250 380
730560 731405 318
732252 736392 424
732252 734322 349
736394 736446 287
736394 736420 194
736448 737955 380
736448 737201 318
737957 737956 168
737957 737956 168
737958 737957 168
737958 737957 168
737959 737960 150
737959 737959 142
737962 747290 424
737962 742626 424
747292 748030 362
747292 747661 362
748032 748200 318
748032 748116 318
748202 750830 393
748202 749516 393
750832 753661 424
750832 752246 331
753663 753662 1
753663 753662 1
753664 755624 362
753664 754644 318
755626 756085 362
755626 755855 318
756087 756086 12
756087 756086 12
756088 757697 362
756088 756892 362
757699 757698 256
757699 757698 256
757700 763674 380
757700 760687 380
763676 765339 362
763676 764507 300
765341 765340 243
765341 765340 243
765342 765341 243
765342 765341 243
765343 769640 468
765343 767491 331
769642 774621 393
769642 772131 362
774623 774622 269
774623 774622 269
774624 775336 437
774624 774980 269
775338 775786 300
775338 775562 300
775788 777434 393
775788 776611 331
777436 777437 163
777436 777436 163
777439 777438 181
777439 777438 181
777440 780390 437
777440 778915 437
780392 780734 300
780392 780563 300
780736 781950 362
780736 781343 331
781952 782334 287
781952 782143 225
782336 785917 375
782336 784126 331
785919 785918 261
785919 785918 261
785920 786430 300
785920 786175 269
786432 787738 362
786432 787085 362
787740 788582 406
787740 788161 362
788584 796774 468
788584 792679 406
796776 803870 406
796776 800323 375
803872 806275 375
803872 805073 331
806277 806276 256
806277 806276 256
806278 806277 256
806278 806277 256
806279 806282 75
806279 806280 75
806284 807406 406
806284 806845 344
807408 809128 331
807408 808268 300
809130 810813 406
809130 809971 344
810815 810814 1
810815 810814 1
810816 814438 375
810816 812627 362
814440 815870 357
814440 815155 313
815872 816059 344
815872 815965 269
816061 816060 282
816061 816060 282
816062 816061 282
816062 816061 282
816063 816814 344
816063 816438 282
816816 817288 313
816816 817052 313
817290 817774 344
817290 817532 269
817776 822138 450
817776 819957 450
822140 823782 375
822140 822961 331
823784 824186 251
823784 823985 238
824188 827390 375
824188 825789 344
827392 827960 419
827392 827676 419
827962 828442 282
827962 828202 282
828444 829086 313
828444 828765 313
829088 830203 375
829088 829645 375
830205 830204 163
830205 830204 163
830206 830205 163
830206 830205 163
830207 830206 163
830207 830206 163
830208 833774 419
830208 831991 419
833776 837798 344
833776 835787 344
837800 839677 388
837800 838738 344
839679 839678 1
839679 839678 1
839680 840701 357
839680 840190 282
840703 840702 1
840703 840702 1
840704 841725 344
840704 841214 344
841727 841726 282
841727 841726 282
841728 844646 388
841728 843187 388
844648 847870 419
844648 846259 401
847872 849408 313
847872 848640 313
849410 850078 357
849410 849744 251
850080 850595 357
850080 850337 313
850597 850596 5
850597 850596 5
850598 850597 5
850598 850597 5
850599 851226 357
850599 850912 251
851228 852411 344
851228 851819 344
852413 852412 251
852413 852412 251
852414 852413 251
852414 852413 251
852415 854190 357
852415 853302 357
854192 856730 388
854192 855461 357
856732 859134 370
856732 857933 357
859136 859718 295
859136 859427 295
859720 861008 357
859720 860364 357
861010 861009 238
861010 861009 238
861011 861010 238
861011 861010 238
861012 861520 313
861012 861266 313
861522 861521 282
861522 861521 282
861523 861522 282
861523 861522 282
861524 863797 326
861524 862660 326
863799 863798 344
863799 863798 344
863800 865845 388
863800 864822 326
865847 865846 1
865847 865846 1
865848 868990 357
865848 867419 344
868992 870170 388
868992 869581 388
870172 871450 326
870172 870811 326
871452 872253 432
871452 871852 282
872255 872254 287
872255 872254 287
872256 872760 326
872256 872508 295
872762 872824 295
872762 872793 251
872826 874613 388
872826 873719 326
874615 874614 176
874615 874614 176
874616 874618 158
874616 874617 158
874620 882814 432
874620 878717 432
882816 884158 370
882816 883487 264
884160 886206 370
884160 885183 295
886208 886554 357
886208 886381 264
886556 886952 401
886556 886754 264
886954 889832 401
886954 888393 401
889834 901118 401
889834 895476 370
901120 906174 401
901120 903647 401
906176 907063 370
906176 906619 370
907065 907065 189
907065 907065 189
907067 907067 65
907067 907067 65
907069 907068 251
907069 907068 251
907070 907069 251
907070 907069 251
907071 907070 251
907071 907070 251
907072 907610 326
907072 907341 326
907612 910270 476
907612 908941 370
910272 912166 383
910272 911219 339
912168 917160 401
912168 914664 401
917162 918069 352
917162 917615 352
918071 918070 277
918071 918070 277
918072 919450 339
918072 918761 295
919452 919517 264
919452 919484 202
919519 919518 1
919519 919518 1
919520 920558 432
919520 920039 432
920560 924906 445
920560 922733 445
924908 927002 370
924908 925955 339
927004 927210 308
927004 927107 308
927212 930042 383
927212 928627 383
930044 931456 370
930044 930750 264
931458 931998 277
931458 931728 277
932000 932064 277
932000 932032 277
932066 933981 370
932066 933023 370
933983 933982 158
933983 933982 158
933984 934942 414
933984 934463 414
934944 937598 414
934944 936271 414
937600 939496 445
937600 938548 445
939498 940478 383
939498 939988 308
940480 944638 383
940480 942559 339
944640 945434 352
944640 945037 352
945436 945790 352
945436 945613 352
945792 946942 383
945792 946367 352
946944 951432 414
946944 949188 383
951434 955584 414
951434 953509 414
955586 955585 264
955586 955585 264
955587 955586 264
955587 955586 264
955588 955590 78
955588 955589 78
955592 956923 352
955592 956257 352
956925 956924 4
956925 956924 4
956926 956925 4
956926 956925 4
956927 957210 321
956927 957068 246
957212 957630 352
957212 957421 352
957632 958965 339
957632 958298 339
958967 958966 246
958967 958966 246
958968 960961 352
958968 959964 352
960963 960962 7
960963 960962 7
960964 963822 414
960964 962393 352
963824 967181 383
963824 965502 383
967183 967182 290
967183 967182 290
967184 968635 321
967184 967909 308
968637 968636 233
968637 968636 233
968638 968637 233
968638 968637 233
968639 968638 233
968639 968638 233
968640 969211 352
968640 968925 308
969213 969212 277
969213 969212 277
969214 969213 277
969214 969213 277
969215 971773 458
969215 970494 321
971775 971774 339
971775 971774 339
971776 974077 383
971776 972926 290
974079 974078 1
974079 974078 1
974080 975014 334
974080 974547 321
975016 976333 383
975016 975674 339
976335 976334 290
976335 976334 290
976336 978942 383
976336 977639 334
978944 980382 334
978944 979663 334
980384 981286 427
980384 980835 383
981288 981856 321
981288 981572 290
981858 981928 246
981858 981893 197
981930 983038 383
981930 982484 321
983040 983939 383
983040 983489 383
983941 983940 171
983941 983940 171
983942 983941 171
983942 983941 171
983943 983946 153
983943 983944 153
983948 984622 352
983948 984285 352
984624 991934 427
984624 988279 427
991936 997022 365
991936 994479 365
997024 997373 352
997024 997198 259
997375 997374 140
997375 997374 140
997376 997600 321
997376 997488 321
997602 997822 321
997602 997712 321
997824 999166 396
997824 998495 277
864 8640 262
865 8650 262
866 8660 262
867 8670 262
868 8680 262
869 8690 262
870 8700 262
871 8710 262
872 8720 262
873 8730 262
874 8740 262
875 8750 262
876 8760 262
877 8770 262
878 8780 262
879 8790 262
880 8800 262
881 8810 262
882 8820 262
883 8830 262
884 8840 262
885 8850 262
886 8860 262
887 8870 262
888 8880 262
889 8890 262
890 8900 262
891 8910 262
892 8920 262
893 8930 262
894 8940 262
895 8950 262
896 8960 262
897 8970 262
898 8980 262
899 8990 262
900 9000 262
901 9010 262
902 9020 262
903 9030 262
904 9040 262
905 9050 262
906 9060 262
907 9070 262
908 9080 262
909 9090 262
910 9100 262
911 9110 262
912 9120 262
913 9130 262
914 9140 262
915 9150 262
916 9160 262
917 9170 262
918 9180 262
919 9190 262
920 9200 262
921 9210 262
922 9220 262
923 9230 262
924 9240 262
925 9250 262
926 9260 262
927 9270 262
928 9280 262
929 9290 262
930 9300 262
931 9310 262
932 9320 262
933 9330 262
934 9340 262
935 9350 262
936 9360 262
937 9370 262
938 9380 262
939 9390 262
940 9400 262
941 9410 262
942 9420 262
943 9430 262
944 9440 262
945 9450 262
946 9460 262
947 9470 262
948 9480 262
949 9490 262
950 9500 262
951 9510 262
952 9520 262
953 9530 262
954 9540 262
955 9550 262
956 9560 262
957 9570 262
958 9580 262
959 9590 262
960 9600 262
961 9610 262
962 9620 262
963 9630 262
964 9640 262
965 9650 262
966 9660 262
967 9670 262
968 9680 262
969 9690 262
970 9700 262
971 9710 262
972 9720 262
973 9730 262
974 9740 262
975 9750 262
976 9760 262
977 9770 262
978 9780 262
979 9790 262
980 9800 262
981 9810 262
982 9820 262
983 9830 262
984 9840 262
985 9850 262
986 9860 262
987 9870 262
988 9880 262
989 9890 262
990 9900 262
991 9910 262
992 9920 262
993 9930 262
994 9940 262
995 9950 262
996 9960 262
997 9970 262
998 9980 262
999 9990 262
