48573 145405 375
166052 65711 383
236217 49030 443
213794 219826 386
60705 206986 383
281744 23393 443
255941 153126 443
180698 169153 365
75908 91862 351
183487 108384 383
163488 108222 383
116299 86207 354
15002 276071 443
22153 85890 351
254871 231365 381
247298 196400 443
220775 136947 386
270466 227619 443
292130 244628 407
149794 274195 443
49080 156283 383
225944 265014 443
153414 54646 375
283318 189222 443
244113 249835 350
248012 298713 407
219352 207120 386
295600 93699 443
204689 248924 443
210803 265312 443
246271 134350 443
293245 185694 443
279604 261579 407
75559 84396 351
2161 64926 340
127489 158162 383
60073 280783 443
129382 198320 383
264783 242587 407
172001 49374 383
22204 134634 354
53655 26543 340
69941 21242 340
155580 288374 443
185913 39690 383
237719 49365 443
141296 147864 375
92253 75621 351
8250 205843 383
276887 162710 443
103252 38383 351
196778 115346 383
34565 159935 383
87618 299498 443
180643 72304 383
175279 166698 347
233709 234346 381
47743 112937 354
282649 245303 407
21405 293009 443
11533 267647 443
204096 272379 443
30146 106086 351
27837 5089 308
97828 164459 383
52922 289591 443
282817 135848 443
213644 69625 383
154683 180914 383
40043 11234 324
84300 110401 354
286905 140646 443
241571 135125 443
167707 200671 365
12651 278227 443
133626 237784 443
289130 32037 443
7762 127029 354
207039 293486 443
21635 23431 269
127932 98545 354
85560 223852 386
168548 188609 365
57612 84492 351
286124 54462 443
251304 92058 443
115090 26371 354
50039 197854 383
99292 103027 341
121678 106022 354
154607 258301 443
29021 272434 443
113694 67320 354
3507 293224 443
73782 115460 354
93583 354 351
172290 143215 383
19472 147039 375
288683 152328 443
232021 189845 443
135725 78362 354
258422 213167 443
242240 244728 337
118203 110091 349
162126 59112 383
193182 124488 383
254238 170148 443
110684 154982 375
89584 16126 351
131617 187209 383
211248 203894 373
112034 276741 443
246950 190156 443
122749 149104 375
31674 99048 351
258611 245492 363
226585 162751 386
161920 141845 383
201432 284970 443
181132 104235 383
187005 59098 383
277394 235241 407
225176 126914 386
29175 97863 351
89931 55341 351
163354 224922 386
230814 84460 443
293465 24465 443
180991 178940 365
157062 211565 373
6241 31543 308
291005 80728 443
192251 276429 443
51035 143360 375
249974 297970 407
214450 230927 443
63328 5902 340
104443 175363 383
103500 231782 443
31297 37490 324
659 273393 443
62224 119339 354
212253 190975 373
178042 66891 383
82866 34586 351
251083 79003 443
247951 228319 443
38186 296331 443
16847 270797 443
252575 117106 443
247172 55207 443
122469 38225 354
257708 267210 407
81607 12047 351
133743 202331 383
232697 90160 443
220084 81967 386
97458 81903 333
212601 241684 443
266585 38678 443
55799 161202 383
71567 297381 443
31354 134215 354
202838 71977 383
152939 205531 383
35408 194172 383
35272 231976 443
207189 185901 373
224693 287935 443
116079 160773 383
193769 198030 360
91840 60903 351
129946 52367 354
55159 113703 354
108600 223288 386
92938 34334 351
188066 17501 383
15696 63826 340
164649 235725 443
86833 77193 338
232365 107568 443
77082 199152 383
218388 227706 368
163302 64263 383
65809 196959 383
262738 61905 443
131666 24772 354
6974 107102 354
124026 217685 386
135919 234703 443
244028 28657 443
56288 185571 383
221563 211837 386
106270 62848 354
119892 121142 318
223244 298890 443
80128 190937 383
143356 160989 383
90479 178838 383
202766 42123 383
233219 203170 443
241462 163143 443
133356 73341 354
68806 90734 351
195508 78349 383
199721 14721 383
274099 233852 407
169464 17802 383
189123 76245 383
75875 6105 340
7002 83004 351
191692 57966 383
250349 20509 443
160581 262489 443
281290 232487 407
79059 219912 386
129145 170422 383
62576 183143 383
83639 129697 354
116568 245618 443
167925 125607 383
235012 104705 443
88656 41428 351
180275 91453 383
250820 241974 350
227921 28600 386
21790 95764 351
246238 4789 443
96374 283982 443
211277 145943 383
251438 61868 443
215303 216924 386
116104 138544 344
27016 27632 259
244355 12775 443
272561 279829 389
238663 151259 443
4659 4090 215
5805 257737 443
130124 148454 375
131358 169536 383
245629 68536 443
54910 72163 335
249569 170487 443
273784 128798 443
22423 204078 383
299848 203633 443
139911 280682 443
115284 102335 354
245503 16022 443
96946 139642 354
159804 85776 383
177941 270904 443
219355 119461 386
178539 206181 365
237751 55097 443
298137 23761 443
158104 229315 386
73141 286127 443
212268 171990 373
73080 222895 386
8514 192646 383
1582 211191 383
16872 243357 443
261553 159238 443
259216 212969 443
240869 229911 443
89485 121988 354
57723 117966 354
9042 239633 443
115132 145227 375
78293 93812 338
73030 139580 354
299481 243063 407
151811 476 375
46339 35217 324
165792 24961 383
91538 156026 375
42152 194416 383
83492 91607 333
214741 72461 383
144585 48919 375
100943 180473 383
239505 216255 443
219031 857 386
129495 105231 354
194402 267275 443
225175 17469 386
85216 221178 386
20661 103693 351
169630 35119 383
235623 63085 443
55805 10824 340
98299 251023 443
5126 276132 443
56825 219342 386
279832 203393 443
80762 28950 351
64590 91319 351
221660 138616 386
104839 274133 443
41474 106731 354
66633 148843 375
130401 276719 443
278478 45293 443
120459 173623 383
284842 92997 443
236992 215293 443
2774 88408 351
34758 250283 443
191611 38762 383
175230 250077 443
218603 92475 386
162379 79273 383
185941 35115 383
1863 158172 383
224205 290720 443
58990 219077 386
278556 245179 407
275666 126381 443
62995 28190 340
143831 294394 443
172964 131614 383
36898 139425 354
76911 146718 375
158188 93086 383
168717 32338 383
260041 139668 443
50541 62320 340
155130 268263 443
144017 198833 383
28987 222768 386
145291 158484 383
210203 92778 383
275043 260416 407
282425 215596 443
86934 198347 383
80182 252530 443
189097 54411 383
193525 233867 443
57069 151023 375
281731 162164 443
51620 138793 354
238124 292916 407
239262 83594 443
218433 190051 386
204005 163473 365
11468 80451 351
162758 102102 383
222175 223626 324
156445 34754 383
190967 169889 365
19239 236866 443
74942 12833 340
80325 40389 351
190128 142938 383
299299 18320 443
113296 136907 349
136068 54905 354
186467 248873 443
249970 7126 443
7948 237597 443
212583 205130 373
182657 150254 383
266507 61728 443
48797 37637 314
142373 35821 354
64541 173056 383
228935 169851 386
271502 219766 443
222452 240811 443
97294 241219 443
24785 156612 383
152254 71928 375
224959 156061 386
279460 296840 389
147776 117156 375
216942 126124 386
92284 155186 375
268335 34945 443
241858 190920 443
252083 77325 443
242008 281766 407
38012 221233 386
285863 118627 443
88624 229863 386
218583 118026 386
147851 190445 383
86734 195819 383
4047 190453 383
131543 274020 443
145337 263169 443
79805 84389 320
12413 53734 340
237378 125722 443
221385 97567 386
8477 253421 443
278175 126047 443
100398 23582 351
90268 162348 383
156086 92924 375
280955 299875 389
73003 287313 443
78899 5122 351
43282 23840 324
102495 104895 310
212832 188835 373
73254 237961 443
62835 157529 383
42129 159043 383
289918 178563 443
26250 68734 340
51576 93203 351
239100 292841 407
215719 204948 373
276216 13929 443
121092 4019 354
157302 228011 386
163129 262489 443
191785 231877 443
70688 73744 325
50064 221078 386
72902 131189 354
2457 44406 324
269531 49738 443
175258 30418 383
243623 35369 443
177887 127344 383
282068 203495 443
8328 118999 354
204695 50043 383
14368 121626 354
32755 299802 443
127675 679 354
24824 206587 383
236836 141129 443
229428 73303 386
201113 37832 383
241996 190094 443
3532 270228 443
221091 137475 386
194211 274466 443
139122 190241 383
46189 275823 443
176261 274149 443
241294 222777 443
259543 104952 443
58702 156403 383
201894 146967 383
134489 155754 375
184453 109967 383
127516 114877 349
160392 151855 383
36946 154380 375
181265 45855 383
221437 230316 368
68313 285494 443
36171 97080 351
163101 285976 443
120249 281560 443
77908 184686 383
228818 22510 386
284660 106833 443
34441 30460 311
195367 228263 386
82858 95744 333
9114 74663 340
161405 83014 383
96428 152851 375
125296 244264 443
274929 229837 443
21376 54903 340
23643 299131 443
91291 138519 354
117279 97271 354
269926 141937 443
265580 203619 443
80404 82771 320
139944 142869 375
115573 8050 354
72841 120960 354
207261 193583 373
240386 201160 443
46951 38699 314
60531 294690 443
65710 49295 340
79585 225984 386
220812 200663 386
237771 236442 350
158427 248541 443
1305 42039 324
238382 229788 443
135057 200880 383
70172 91344 351
23039 262926 443
27224 71606 340
266199 136803 443
289837 298278 358
256061 257974 345
212647 202144 373
254838 59084 443
281930 163274 443
95425 192217 383
40923 94944 351
245039 199245 443
233217 263941 407
127105 6020 354
290958 261764 407
13721 82819 351
224617 255883 443
32775 94943 351
206231 245375 443
115581 22584 354
114518 227300 386
203555 203148 280
58450 220728 386
73263 123988 354
65025 161797 383
182192 177398 365
210492 76154 383
22978 267981 443
102230 112615 354
54488 1997 340
181129 53235 383
271967 289406 389
149351 291726 443
57152 277531 443
128114 116958 336
216682 67240 386
153061 176800 383
81707 86693 320
205816 202727 355
261024 236110 368
89480 290114 443
262263 69038 443
176879 7099 383
51999 126107 354
103078 25628 351
193880 281449 443
142144 112759 349
10291 59786 340
93807 127131 354
159018 262898 443
299441 221937 443
105903 285555 443
217808 26225 386
17719 184305 383
292154 258751 407
24460 196361 383
176816 186091 365
219420 11421 386
24657 52847 340
286487 125515 443
194698 117639 383
133951 235089 443
57964 90673 351
57601 193471 383
169730 144243 383
119846 15068 354
122762 210309 383
14796 175901 383
191897 136570 383
39674 273537 443
219924 248350 443
166304 19081 383
299203 9734 443
247686 125137 443
277908 213078 443
138353 186090 383
104464 289437 443
113939 107132 323
152867 88997 375
60054 202555 383
25077 153933 375
202710 8232 383
81629 40486 351
24741 106805 354
125272 262550 443
236003 93123 443
92595 150363 375
175049 284773 443
296235 263239 407
33652 269436 443
163298 119338 383
185279 191695 360
89694 66106 351
168575 232609 443
119032 97888 354
60684 112835 354
133362 79240 354
232924 109513 443
249048 271430 407
222609 295829 443
3336 76917 340
35983 142542 354
288685 131026 443
170896 30048 383
130380 56650 354
243394 232511 381
166510 164170 352
36514 75380 340
108007 161886 383
210639 46992 383
167248 209513 373
212688 158201 373
228566 273074 443
16123 117651 354
201169 76973 383
5597 86183 351
57761 138951 354
95989 88154 333
187298 119115 383
175892 143877 383
277729 82138 443
207335 57136 383
61272 250217 443
35906 85153 351
136653 47941 354
149103 65497 375
103291 288275 443
188674 46348 383
260021 133161 443
218828 187542 386
12024 292447 443
16824 146892 375
271605 177417 443
90358 54926 351
285980 74464 443
259838 9953 443
20081 127255 354
298959 40611 443
81108 159413 383
296115 168057 443
377 6338 262
285855 228050 443
180922 239237 443
127139 26399 354
151863 75490 375
187828 192157 360
23098 2702 279
262479 182808 443
39001 147743 375
217883 26670 386
259580 6599 443
108616 177629 383
43352 4926 324
156698 91195 383
48426 193472 383
157156 128012 383
37378 97166 351
97215 2628 351
130024 215630 383
3397 196511 383
108554 157032 383
193699 34091 383
134754 166276 383
183214 1527 383
247844 223796 443
72234 250019 443
215780 239557 443
242506 278412 407
88006 87767 271
151986 251141 443
244307 244511 244
298676 191135 443
151636 244268 443
264389 266720 332
249214 242882 350
79496 51712 351
220201 191047 386
169080 264708 443
141815 24659 354
109183 257564 443
20726 116034 354
139336 165897 383
172657 111898 383
212084 138083 383
222775 237278 443
59943 243351 443
226520 153765 386
46958 62672 340
122006 210121 383
50420 163274 383
43056 292782 443
41891 91181 351
206704 50589 383
81815 153699 375
216558 210538 386
294869 93263 443
98931 209074 383
269123 240273 407
110312 189596 383
106734 256503 443
171843 44680 383
108804 16507 354
24740 89954 351
266197 86388 443
51635 231764 443
290354 209199 443
189404 276909 443
93093 55596 351
215748 79758 383
100574 165934 383
262151 191237 443
126431 242130 443
219920 160949 386
178273 35454 383
215310 136424 383
89689 299334 443
250622 189017 443
80049 224829 386
39860 44057 306
129764 224721 386
112479 191865 383
159556 269892 443
283893 278747 358
175689 14646 383
11497 110632 354
118669 157130 383
155282 194587 383
161208 56947 383
253427 130639 443
218564 218986 262
65306 19142 340
28392 268947 443
25360 134191 354
260221 230927 381
184209 135478 383
77230 216384 386
118478 219434 386
292082 114395 443
163036 789 383
297359 112765 443
144703 94879 375
88991 3375 351
10061 199397 383
29800 279486 443
126943 128354 331
175699 231930 443
5490 128516 354
60875 212933 383
268884 201685 443
224218 235083 443
43835 37557 306
254874 216871 443
213721 154044 383
183807 37935 383
16312 159925 383
255530 67723 443
91392 201812 383
43162 6316 324
190555 85333 383
71878 93196 351
265960 242451 407
137992 285502 443
211203 259982 443
129084 74413 354
6348 90210 351
5753 176685 383
231633 250526 381
19168 8265 279
112063 79484 354
105964 299625 443
113284 38124 354
155995 26350 375
129154 40162 354
69607 115953 354
177173 5627 383
147370 275338 443
150843 245741 443
23317 84395 351
248309 182007 443
175748 279647 443
60420 18610 340
269559 135856 443
265542 178478 443
292054 130120 443
91739 277719 443
90354 4494 351
265794 238537 407
157259 227460 386
160941 146492 383
107303 107547 248
246204 276832 407
70080 28929 340
236085 21060 443
247174 187187 443
41889 11296 324
270857 279209 389
75440 93712 351
251732 166610 443
177758 17645 383
105815 204256 383
225830 66504 386
141441 218322 386
191943 130868 383
54348 176454 383
16583 107741 354
168021 65468 383
293964 195261 443
83527 207357 383
109933 109817 310
201978 19707 383
289809 290566 252
72506 143917 375
229576 252966 443
142694 117317 375
218998 163751 386
294438 270052 389
281505 168305 443
143341 114293 375
214998 104992 383
247926 32679 443
251212 130199 443
200761 182340 360
284296 234725 407
297604 165909 443
194175 91753 383
222861 2455 386
182977 279722 443
122286 217310 386
121578 172398 383
23615 29033 308
288155 145567 443
237150 262957 368
127337 64025 354
108232 68136 354
131655 198588 383
218094 219882 337
56589 4711 340
246159 215562 443
24255 50221 324
165596 157778 370
204297 166810 365
10715 292765 443
154160 25377 375
175994 4028 383
69140 49248 340
110201 183872 383
7041 198068 383
293073 251705 407
235738 130958 443
27888 83072 351
256003 219069 443
108263 108100 217
131010 44922 354
60561 274865 443
88439 13914 351
154505 202078 383
255877 144824 443
216824 112880 386
252743 274774 407
228448 165992 386
220941 35279 386
58301 107012 354
238001 150841 443
231542 35968 443
224487 163773 386
294130 193866 443
270969 243878 407
38201 17665 324
160687 93035 383
269514 124127 443
75064 110375 354
148497 256119 443
11893 297894 443
278162 114300 443
255200 174887 443
167974 202891 365
28464 117945 354
223787 128462 386
280473 224619 443
6035 272576 443
241976 212971 443
83924 67096 351
168732 27053 383
46818 57833 340
224398 167044 386
101023 65361 351
4122 34137 308
173392 48142 383
272987 145465 443
178425 176892 347
110227 63959 354
40426 195708 383
43363 96678 351
10107 133016 354
2129 210806 383
184698 6092 383
63268 58656 335
148944 191625 383
70920 294948 443
47741 50506 296
204562 288759 443
238942 277284 407
286221 220722 443
299476 5190 443
164207 97262 383
77030 126377 354
135904 88959 354
294787 289420 358
296 15095 276
293436 87610 443
219131 8053 386
282072 247616 407
263748 34150 443
281405 206935 443
227887 244174 443
82553 39290 351
63874 148633 375
222484 18018 386
215669 249028 443
37858 11793 324
121547 119946 318
196822 139493 383
30015 160958 383
187556 25854 383
82986 223962 386
165396 226353 386
8841 264420 443
228886 39580 386
260704 52244 443
155440 72692 375
208799 285769 443
56415 160786 383
29276 298876 443
280159 293436 389
9221 96585 351
278541 124725 443
232182 192880 443
290055 116781 443
188276 187327 316
82875 191628 383
284102 251200 407
127452 73116 354
258310 70158 443
136949 174059 383
279838 47470 443
122179 70120 354
184631 196799 360
79933 216224 383
36975 277800 443
93105 136301 354
139799 223061 386
16475 10346 276
276142 21134 443
204057 215723 373
291118 94340 443
189094 181204 347
263696 11868 443
172906 148291 383
176158 13223 383
78560 289487 443
90774 298066 443
34685 48797 324
29893 286192 443
284525 232838 407
25717 185506 383
147759 265891 443
7346 289524 443
284889 239011 407
56162 190663 383
113149 201537 383
190094 64615 383
73872 230154 386
65249 280911 443
26415 30487 308
298269 199307 443
20456 138425 354
120790 82328 354
223740 90999 386
82369 132505 354
30892 178783 383
256353 297458 407
103397 174977 383
158796 201158 370
82078 289035 443
212675 226527 386
21580 204177 383
186864 22420 383
44389 289898 443
275506 205542 443
127659 110283 349
244291 161326 443
4534 281830 443
86640 155418 375
89417 19021 351
269349 7198 443
7948 101043 351
83485 125174 354
222607 161112 386
233450 15096 443
198257 7311 383
109645 228689 386
277953 112296 443
142129 159763 383
95680 9900 351
267019 196702 443
207235 172674 373
318976 318976 141
