636915 634122 416
885386 884894 295
368690 368631 286
513926 514466 346
89172 88436 315
595368 592801 328
898537 898735 295
759956 761829 380
702305 703230 380
336327 335991 366
819582 820127 450
233367 233801 275
344043 340293 353
426808 429084 374
999932 999992 259
993368 996107 365
297539 298334 327
651434 651056 336
66601 66698 206
573317 573809 359
260756 263057 332
429689 426245 374
558440 553711 421
108117 105020 354
834481 833806 313
179497 181850 365
332871 332139 322
409503 409522 206
122846 119395 336
243555 245934 337
792350 792543 331
324914 326901 340
373743 372252 348
899228 895953 370
901474 902595 401
794395 793366 331
894428 893285 326
114613 119151 349
235128 234440 337
67917 72834 325
43324 46067 314
689772 691497 336
110197 105690 354
228804 227456 355
573622 570794 372
887343 888089 401
354340 353918 348
79444 83070 320
408282 411540 449
167637 169699 334
947468 947397 295
548899 545903 452
713773 716586 380
187190 188285 329
116466 116550 230
422090 424774 418
855542 854606 375
103348 101176 310
262009 264345 407
166342 168929 334
44599 47320 314
602422 604691 372
54081 54711 260
73850 71225 325
741222 745521 349
352298 353488 335
371155 372149 317
445884 443891 338
690613 692574 442
31326 35585 311
457753 456505 356
33333 35466 311
251746 251378 288
549797 551046 346
12497 12750 263
247686 251811 350
613996 614971 310
32460 29046 285
707556 711458 380
617647 614109 447
895151 897686 370
104339 102647 310
516127 515623 258
60049 59085 304
636429 636086 279
903177 906077 383
407971 406022 361
495367 498355 351
585795 586538 359
102829 106219 341
956042 955682 308
618996 617629 372
504234 504924 364
673168 676373 385
204346 207072 373
204916 206468 355
893529 897475 370
193512 193602 192
59479 54869 322
966189 963915 383
47641 46021 314
56856 57273 304
372260 371411 317
107205 104146 354
826607 826129 313
149314 144843 357
591100 594559 403
89438 92463 333
633074 631841 385
550270 549571 315
101839 101270 310
92622 88828 333
319847 321278 371
745791 745734 287
391521 392678 330
359231 359210 242
393740 393794 237
554098 553773 253
187516 191032 360
372231 373370 286
519218 523239 364
894977 897662 370
299904 295728 371
20127 24077 282
810563 810612 388
593614 597203 372
311574 311448 247
781486 781233 318
803074 800260 406
935710 937442 383
11017 10671 268
871137 870446 295
894018 896235 370
596963 597018 222
963858 966988 383
698571 695910 367
722604 720753 411
349250 346382 348
109485 105479 354
80967 80741 276
740865 743425 362
127955 130725 344
245196 242817 337
647283 647355 310
245830 244767 319
966950 964920 365
189435 190667 360
89159 89421 302
989683 990724 321
141723 145047 375
449122 444968 369
335821 333364 335
102747 103918 248
160269 160051 290
862806 863603 313
547084 548392 377
742698 743689 318
798898 801613 393
178224 175115 347
945053 945134 277
671338 672327 336
28067 27920 197
292122 290841 327
884850 885029 295
202254 201904 298
199181 198100 329
15720 18153 279
79296 83121 320
230297 230329 187
443181 439675 356
68977 67668 312
641892 644417 416
651136 652496 354
247643 247980 288
506582 508203 382
220853 220861 231
9097 12924 268
533149 534059 377
836610 834217 344
448566 447614 369
72641 75376 325
696776 697581 336
80308 84901 320
250774 252219 319
522325 521328 333
1354 3115 217
492972 494513 395
561852 563702 359
375482 375083 361
323172 323135 172
18859 15031 279
107280 109267 292
146590 149931 357
189300 190806 360
104667 100303 310
39875 36196 306
413412 410874 343
346039 344070 441
611790 609501 354
259631 264304 407
101877 97564 341
353198 348249 379
588156 587196 328
98823 95537 297
275358 276035 252
933990 934313 414
84100 79146 320
42659 38740 306
19304 17348 279
232475 228809 443
788967 790879 406
361729 362631 361
88131 88133 134
301183 298806 371
893141 896294 370
843485 842537 388
450030 446001 369
342723 341785 353
152493 152924 264
124220 125125 287
49613 54004 340
207829 210500 342
458743 454648 356
952386 952955 414
979969 979259 334
429649 428150 294
7339 9803 260
231349 236264 381
843881 843892 251
16259 18322 279
636353 634641 416
558705 558301 284
774315 773880 256
240853 241522 288
585205 586165 359
596911 594354 372
300821 299299 371
332700 336745 366
23787 18888 282
799426 801374 393
346092 346509 304
115921 119741 336
954166 955160 383
774123 770686 393
99484 100801 341
25165 29321 308
217069 215324 386
867422 866251 344
148569 148010 295
105340 101415 341
65186 68685 312
56794 56226 304
263590 268529 345
352346 357029 379
151225 151720 295
36421 40393 306
120356 119404 318
568111 567228 359
470216 472555 307
335344 335940 322
260757 261276 332
194650 197942 360
41598 40491 288
714937 715507 305
132540 127956 344
615609 617105 372
22939 20176 269
222407 218923 355
139053 138525 282
892438 894426 326
149010 147505 326
994425 995897 365
572553 573750 372
943003 940968 339
592334 592331 191
546560 546941 452
185185 186082 316
595097 592689 328
373349 372036 286
34986 37916 324
237892 236276 350
596366 594851 328
73847 78460 351
22300 23362 269
230775 232757 350
506518 509083 382
329499 331633 353
84303 86989 302
453596 454411 338
194465 198916 360
17135 19843 279
898500 895985 370
445950 442257 356
525339 528219 408
402293 402506 237
466382 465938 369
334813 330130 353
48977 53512 340
115464 116233 349
458793 455354 356
546620 546506 271
657371 660789 398
447433 446943 294
112132 111183 323
492335 493757 426
710936 712589 380
277052 276832 252
619204 617917 310
119540 123261 336
219170 221397 355
11520 6957 268
793660 796543 468
912267 915490 401
84292 83781 320
371198 373858 348
422376 421367 356
89503 94390 333
243823 245752 337
68012 63803 312
403134 399375 387
62958 64857 330
363923 366526 361
38320 40320 306
506952 506964 183
103807 108566 354
572525 569631 377
59560 62186 335
332973 331036 353
263748 267169 345
101832 104618 310
526127 530537 408
27458 31063 272
64901 61736 330
331867 334357 353
250732 249494 332
165457 169289 352
643461 643444 186
32538 28410 285
836754 834221 344
675743 680143 385
233021 234506 381
933720 933910 370
681983 682444 323
45063 45583 314
976554 977092 334
531492 532422 333
658094 662874 354
121784 120262 318
38602 43094 306
310840 306791 371
707654 711102 380
376088 374512 361
537797 537577 209
333694 335699 335
674782 674500 248
242869 242633 288
449299 452023 387
546350 549586 452
140292 142534 326
335164 334141 322
825916 824827 344
614511 619185 447
315265 317642 353
352976 350307 379
259134 261967 345
450127 448221 369
67697 71013 312
152986 156472 383
635767 637044 310
770136 769701 331
795367 795579 225
593630 590779 403
71161 73837 325
785900 784212 375
572996 571022 372
784416 784468 163
238502 234225 381
352949 351159 379
197235 198195 329
31502 26874 285
393799 393271 361
347194 351953 379
435776 434392 356
834684 835223 344
64835 67610 281
204105 205362 311
157265 155633 383
363558 366159 361
185160 190123 360
895038 896265 339
311796 316229 384
8430 6876 257
295407 294748 358
473495 471694 338
760029 761364 380
492631 497074 395
101662 106175 341
30096 34647 311
112110 109411 323
803069 800588 406
123090 125979 331
127682 128386 331
634295 635028 310
62251 64975 330
244564 243826 337
564401 561456 359
638589 638133 354
62795 67621 330
258803 262663 345
33882 30727 285
61648 62343 317
512505 515451 395
199093 198538 298
53842 51008 340
409560 411461 449
821955 819144 450
53542 56798 322
142496 143355 375
743294 745218 318
326644 329847 353
29729 31475 285
443370 442776 325
446286 443588 338
554421 553474 421
42772 43947 270
10946 13069 268
988751 988114 321
454833 456243 338
874951 876934 432
125972 125165 318
298129 299040 371
327630 326886 322
569078 569838 359
128825 123943 331
296358 292914 358
615055 613745 447
154589 156872 383
361246 360834 366
499950 498830 395
53428 51878 340
660056 660793 323
678241 679155 380
183458 182904 334
951318 950919 414
452111 452240 263
810012 809826 344
357055 352276 379
514995 515875 395
946632 946739 277
251761 249543 332
992210 996496 365
999213 1000000 396
527998 528678 333
116035 113397 349
300131 300883 340
317824 315068 353
6071 7073 262
28656 25268 308
21018 24784 282
784284 785243 313
788924 790130 406
699356 699243 305
172784 175366 347
28215 26596 308
79269 75392 351
468232 470563 382
313522 314342 309
125413 120457 336
171794 173412 347
199267 194828 360
564350 563121 328
217177 222083 355
153954 151446 308
452470 449363 387
15469 11743 276
591440 594711 403
121288 121814 318
990816 988440 352
69027 72105 325
693059 689833 442
68399 67995 312
459967 464325 444
120688 118280 318
220239 223290 355
328242 332734 353
241306 242086 275
732493 735442 349
164626 165764 321
610720 611894 354
60014 61428 335
175739 180395 347
769257 768097 331
967037 967070 215
35368 37584 324
323221 323179 322
682775 687552 398
529462 529848 302
740259 740073 349
14057 15392 271
768394 768797 331
488339 491273 351
586442 585938 359
977904 978817 383
964680 965682 321
592203 589857 403
528560 528310 333
178440 181997 365
61048 60038 335
84148 80811 320
293554 291277 358
108342 110096 310
891254 895393 370
345764 344422 304
471704 472858 338
237575 238521 319
120160 122154 336
633623 634765 323
745488 740792 362
224149 219737 355
494151 493791 289
62382 61258 317
123786 120180 336
152167 154701 352
631809 635855 416
231109 228440 443
261451 258294 345
533764 533281 377
711564 712550 349
493503 496871 395
174967 173501 334
633400 632693 354
67850 69307 312
122431 124175 331
952861 954572 414
84821 80161 320
742780 744467 318
671759 671530 323
713458 710798 411
6484 4611 262
707329 707205 230
812661 813529 375
405247 404747 343
62638 58162 335
877140 877910 401
41882 44492 288
295098 298490 358
919986 920524 339
472944 477472 382
86034 88071 333
705107 705472 380
410655 412902 374
596083 593081 328
628238 626388 341
595892 595687 297
972835 972644 290
27495 23007 308
947983 951306 414
447757 452115 387
944650 944770 277
520958 521015 227
766768 766228 331
374844 376402 361
350259 346289 366
504350 509322 382
126763 124744 318
24561 25073 264
450254 445337 369
242587 243882 319
215450 217004 386
442929 447225 338
678685 675428 385
40881 37174 306
816215 816627 300
251304 253523 319
6046 2991 238
235706 235918 231
462197 463327 325
27172 22643 308
514403 513985 346
162283 164660 339
46828 45802 283
147484 143225 357
207249 204440 373
532074 537055 377
589735 590472 359
220943 216128 386
572322 570542 359
119204 123311 336
162289 162096 246
410762 413029 356
748250 748513 243
600867 596400 372
200313 195454 360
428386 426220 374
116548 114895 349
635281 635242 186
374276 369685 392
176022 180777 365
356569 358146 379
905192 904803 383
97161 93557 328
510069 510138 289
661055 657056 398
853661 853584 220
186440 189877 360
270296 271317 363
342196 340445 335
517875 518480 302
1925 3354 217
545772 547215 452
62426 58525 335
663994 662124 292
444543 449368 369
43983 42033 288
683501 686379 380
256387 256691 332
789062 789713 406
255351 256698 332
788837 791787 406
120804 121316 274
17808 18655 261
419677 418526 312
992709 995563 365
315612 318832 353
970290 971560 458
298941 298834 371
819439 821128 450
600117 598464 372
801455 800032 393
326572 327673 322
647339 647501 292
184454 182328 334
368447 364405 361
962103 962615 370
626607 627818 341
507752 508343 364
636143 632407 416
455662 456414 338
492803 497092 395
536404 534108 346
436665 436987 325
92061 96332 328
531400 534335 377
908846 910031 326
36214 39065 306
198952 196612 329
690930 691683 336
192190 195444 347
919287 918215 339
747442 747752 362
82424 81915 307
912269 915344 401
766083 768110 468
725170 725208 212
170982 174633 347
890371 892034 326
372147 372604 286
476021 477524 382
254732 250406 332
248836 249094 350
98032 102863 341
492905 492709 245
316428 311470 384
851601 851231 344
832038 831641 282
546413 548833 452
764902 763964 362
447374 447051 263
231456 228228 443
288131 287123 327
24122 25801 264
61690 60743 335
963007 962256 383
701493 704000 411
586989 585854 359
47395 48118 283
236614 235813 337
58976 57238 273
373855 369452 392
585542 584368 359
394218 398687 405
453694 457140 356
11964 11228 250
17566 15351 266
650352 649595 323
58856 63687 335
169370 166327 334
506466 506963 271
148075 143088 357
416065 415995 281
911917 911726 220
437329 441787 400
387633 387342 286
892857 892060 295
22190 22989 269
482280 481927 382
39334 35906 306
571220 570375 328
47983 46933 314
156181 152756 383
530952 526840 377
407063 406731 343
113244 109929 323
635246 633002 354
658790 657276 398
401666 401897 299
716454 713683 380
352042 351738 304
64335 63078 330
62975 65892 330
923307 921026 445
687849 683421 398
238230 236073 350
761745 758179 380
540592 542133 364
386216 384792 348
571192 572275 359
163038 164280 321
802050 799132 406
988922 990070 352
369755 374000 392
467455 467862 413
535811 533836 346
874969 878779 432
923556 921344 445
66317 63831 299
447450 450930 387
255018 252621 363
194011 192807 329
220440 222624 355
93 1 116
155988 151671 352
375974 373101 361
91583 87393 333
508341 510118 377
127303 127480 256
56055 55785 260
676782 678040 336
267672 264087 345
630773 630605 310
559189 559746 284
329519 332965 353
227241 226875 306
401305 401812 299
727459 727155 318
683190 681525 336
557051 559258 315
894828 892068 370
610268 608914 359
64662 61367 330
302120 300471 340
323 4023 238
147732 143918 357
146290 142648 326
456375 456113 338
189497 190135 360
924554 924254 352
342789 343220 273
107681 103777 354
50707 54018 340
353914 351585 348
405279 404771 343
470380 470767 307
265238 262201 407
77773 81331 338
73828 69991 325
635591 635045 416
52918 52218 340
669532 667853 323
596803 597623 341
516336 515278 302
880533 878438 357
321813 321765 278
209802 207811 311
402303 397394 387
677538 673945 385
60319 61761 335
472633 468052 382
76169 76284 276
789348 790147 300
44365 41951 288
262999 258910 345
17315 15088 266
409938 408804 312
996683 996885 321
347869 348343 304
615222 614583 447
102393 97531 341
24145 28358 308
197734 195982 298
90717 93277 333
875286 875819 432
234555 233184 381
495633 493765 351
110799 111383 292
441089 445583 356
96382 97440 297
190800 190187 298
186431 187677 347
346276 348322 348
162945 166389 352
681019 685638 380
326456 328679 322
666118 666876 292
534070 535798 346
73870 75494 325
96169 91736 328
353127 349396 379
592478 591968 403
344685 340327 353
947041 947634 383
182394 183618 334
222218 225443 368
122523 121802 336
120896 116287 336
268023 263729 345
782853 782895 225
175905 179694 347
741933 746240 349
316586 318339 322
451979 450287 387
235975 237520 350
1914 4424 238
398210 394795 330
658435 660135 354
346896 344864 441
617059 619379 372
499321 501941 395
625012 624126 385
845746 846195 282
376621 372737 423
232381 228032 443
21091 19700 274
573268 571421 372
52464 52774 340
56757 56670 242
759325 757937 362
146546 142477 375
69004 71601 325
593589 589889 403
40194 44412 288
216446 216542 231
426865 426605 356
396429 396543 268
333297 336089 335
334728 336109 322
445143 448019 325
100255 95651 341
625727 623325 385
221236 221855 355
2427 4663 238
467276 467203 245
586766 587687 328
265405 264341 332
58261 55590 322
103241 99842 341
643316 644303 279
448499 447398 369
299455 294725 371
342337 341734 335
341616 340608 304
530123 529501 302
276451 271568 358
477583 472695 382
98165 93444 328
555382 555844 359
519640 520408 364
234646 236889 337
708675 706846 349
51103 54383 340
999518 1000000 290
72699 71827 263
900994 897231 401
23856 23346 282
793946 791463 437
88883 86119 333
518078 521547 439
229189 231533 443
415548 416749 387
768735 766075 468
81555 84513 320
831590 832221 282
217497 214376 386
262331 260747 332
770387 769645 331
414865 410036 374
549294 547272 377
523315 519200 364
164681 162488 339
497247 495479 320
743364 745555 318
139265 138670 300
68689 65484 312
527885 529549 377
509185 507805 377
657817 656553 429
707630 705488 336
171275 174912 347
413022 410120 374
178849 174623 347
662720 662946 292
204680 204826 205
336066 338843 366
768127 767723 468
11735 8107 268
501626 499522 395
427412 429099 374
381035 379783 379
424342 423058 418
197274 200976 342
410116 408653 449
617140 618394 372
881530 881512 295
972619 972699 277
352742 357165 379
761659 758610 380
90859 86288 333
79088 78731 338
115945 114907 349
773198 770635 393
988790 989095 321
790666 793982 437
547597 551970 377
27710 26126 308
474285 474958 351
20468 18429 274
162493 166446 352
301002 299093 371
719802 719546 274
657521 656854 323
557630 559462 315
520918 517266 439
334527 339033 366
75743 70867 325
910276 911155 339
225205 222667 368
210884 210372 324
86681 88821 333
50740 54766 340
801055 802755 406
255288 257769 345
56927 60965 317
177203 175179 334
352646 352703 273
563969 564766 315
267667 266100 345
634488 631866 385
18507 15025 279
630604 630726 310
107478 107515 248
264453 268045 345
231941 233179 337
987038 986971 233
84746 85389 289
95018 96466 328
197315 192574 360
511021 513683 470
570524 568583 377
636640 633458 416
58531 57333 273
270867 270407 363
615253 615459 235
973703 972439 383
789923 791712 375
481764 482043 382
176239 177386 334
38879 41631 306
177161 177030 241
193908 195764 360
495688 497915 320
296449 300914 371
21743 26389 282
61773 63184 317
308338 306809 371
555233 555276 390
18704 23343 274
412418 412478 312
247397 251365 350
94165 93156 284
44901 44348 270
772234 774561 393
699846 700175 336
98605 98624 235
616468 614864 447
114462 116122 349
195195 193719 342
57911 58553 273
863078 861927 326
967600 968597 321
393921 394391 361
81925 77985 338
429566 429826 281
94112 90774 333
620985 621924 372
709539 712955 411
668112 669059 323
461481 464180 369
921664 924687 445
166488 162480 352
167308 162409 352
