23430 35343 311
8205 8912 234
102966 5224 351
24615 49088 324
77800 46187 351
333776 333785 229
66076 103867 351
51039 33033 324
61135 26492 340
60919 21996 340
317070 317413 309
159189 154987 383
373527 375082 348
58654 52015 340
26039 28999 308
28933 2556 308
592838 598391 372
109973 39930 354
356225 341674 441
113271 45726 354
450799 440146 387
763034 761363 362
9400 80372 351
56895 41621 340
38642 45147 314
79891 13798 351
94568 9146 351
702008 703746 380
105994 100863 341
11784 49979 324
62156 41337 340
25449 11437 282
25133 2174 282
819490 821313 450
16270 13223 276
79441 57932 351
943293 941645 339
989162 986125 396
101723 110311 354
59467 77656 351
987203 985936 396
184249 177659 365
28857 96007 351
56700 73562 335
7959 14435 276
39042 61653 340
197285 196085 298
324780 333114 353
23425 78986 351
86427 12793 351
22079 61654 340
35341 14299 311
523626 520025 364
105636 25321 351
79863 106463 354
40882 88003 351
868872 867529 357
28254 110564 354
80409 47518 351
8549 46947 324
6106 2271 238
46103 68780 340
189689 185405 347
36979 25887 324
6018 102797 351
91633 31490 351
178799 173450 347
6566 5188 262
99315 821 351
10947 41517 324
76750 103668 351
66281 108884 354
76974 84763 351
21843 27362 308
797080 802687 406
17978 55611 340
715012 715442 305
46527 42059 314
24744 98804 351
11499 63513 340
338953 335060 366
13479 44843 324
891208 894464 326
294083 292662 358
115182 132107 349
124341 133222 344
691020 692653 442
42978 78354 351
346001 348175 348
158922 158354 321
73558 77906 351
494233 495171 351
837249 835214 344
949022 950459 352
53224 97909 351
64048 61158 330
147654 146857 295
820239 821681 375
38779 32673 324
89903 109268 354
43676 2368 324
90555 37822 351
705129 708609 380
86329 91367 333
23935 25543 264
103826 21155 351
936454 937045 383
112746 4537 354
774305 771583 393
109618 84484 354
52065 14106 324
63435 1542 340
4984 46390 324
112277 93830 354
90192 63962 351
56695 101137 351
658212 660993 354
335134 332290 335
29010 23047 308
895898 889952 370
18169 15035 279
15075 48000 324
349297 349635 304
60766 18036 340
7454 105784 351
20924 32505 308
793688 795008 331
89909 78195 338
19720 40906 324
82801 73674 351
94825 55942 351
235734 237791 350
10102 28023 308
75723 48362 340
408398 413081 449
78169 65258 351
44881 71504 340
17556 39239 324
112773 80445 354
82959 90817 333
56565 56215 304
92007 45526 351
45228 37274 314
39146 24027 324
76848 110668 354
74823 98685 351
32061 96893 351
339553 329911 366
40882 53141 340
882452 882267 295
597101 602067 403
992695 993797 352
743520 743037 287
174771 173119 347
35816 56692 340
545792 546458 284
57444 46361 340
122706 130417 344
405693 405876 237
25525 56017 340
309150 310117 340
73763 101128 351
309967 306584 371
198010 198714 329
374296 375166 330
251979 249293 332
83720 46369 351
109639 24422 354
98990 10911 351
26416 62976 340
87110 34657 351
93220 37397 351
23116 47738 324
19819 22128 274
783741 783613 331
36528 80473 351
22533 74174 340
134264 131326 331
449633 451577 387
78509 69119 351
12788 979 268
76832 57574 335
438134 440693 400
806221 805811 300
96715 93627 328
841834 843483 388
742087 738838 424
992879 992235 290
10436 91259 351
85878 42836 351
83297 105080 341
372958 376012 361
81686 11810 351
469661 477556 382
10239 78496 351
906124 902681 383
196571 197704 298
62994 65071 330
346740 354001 379
66042 87112 351
770233 772331 362
14712 14053 271
90249 37740 351
40748 74357 340
954729 952329 414
88811 71721 351
728841 729135 362
100703 14425 351
35749 64947 340
745018 738146 424
81724 21816 351
444425 445832 338
447613 446575 325
399849 397126 374
40163 46099 314
110723 39751 354
52329 17355 324
881618 875413 432
989506 990301 352
41221 105598 351
169764 166880 334
92546 24747 351
587664 586133 359
19362 59226 340
189159 188325 316
67760 101505 351
76083 78202 351
23232 97796 351
101959 94516 341
106886 30048 354
21536 83458 351
100281 100330 160
51670 68811 340
388905 389010 268
55291 12871 340
489407 490097 276
43116 50851 314
20896 52826 340
92777 45342 351
10282 18930 279
109484 71548 354
89454 39447 351
57626 63292 335
65600 5854 340
26359 15168 282
88326 13030 351
249568 254519 332
20411 90034 351
608882 610058 359
673904 676227 385
52048 26699 324
105993 61414 351
74179 41222 340
99532 72471 351
336638 339977 366
686803 684179 354
8167 71620 340
327909 331498 353
709041 705268 349
913545 914386 357
175868 172500 347
103543 80278 341
86314 30137 351
47628 71626 340
32404 97555 351
86100 60600 351
92688 8138 351
66854 97619 351
9262 103575 351
87617 77012 351
65881 103725 351
330788 327818 353
335948 326096 353
146483 148662 357
111289 25733 354
42709 6154 324
28255 103974 351
298352 297838 296
661786 661719 292
43193 103619 351
18835 50577 324
61221 33210 340
34009 87392 351
32409 33872 267
364424 366371 361
326701 330744 353
109846 86676 354
103058 97920 341
56726 32353 340
49106 101609 351
102530 75212 351
84875 60061 351
24993 83713 351
892385 891361 326
96612 38701 351
101020 109517 354
94111 93295 284
165128 169355 352
33436 79082 351
77552 84026 338
63037 65530 330
617297 614117 447
109246 98481 354
15111 38954 324
19289 42544 324
184225 176756 365
94027 57173 351
11411 109271 354
595353 593527 328
98116 75514 351
100385 76463 351
593879 595205 328
103256 24839 351
30316 21711 308
897695 901106 401
26240 91869 351
77569 67621 351
84440 71429 351
112624 58567 354
87966 10038 351
13424 16550 271
855330 854672 264
792893 795237 375
139324 144530 375
65146 13677 340
594803 604683 403
23685 9010 282
20047 40180 324
54819 52019 340
152519 156785 383
48334 74884 340
10547 107269 354
18395 49647 324
878988 874793 432
382482 380050 379
84549 107263 354
38820 4584 324
806716 807087 344
151954 151953 158
46414 56250 340
141629 140024 344
26651 44092 324
23404 58668 340
109831 92488 354
49575 53378 340
120091 128794 336
4888 13279 276
891295 899888 370
93976 8615 351
97167 34919 351
30773 51078 324
10438 34549 311
253895 254607 288
90851 37479 351
950488 947327 383
21206 66816 340
110347 5416 354
105160 52827 351
554074 555648 421
50447 99592 351
27450 104050 351
5471 62780 340
471758 471299 232
404521 403930 330
90448 25689 351
95771 44577 351
66748 57833 335
441129 444374 356
440787 438761 356
30515 85457 351
62719 48118 340
89436 8168 351
293058 292671 314
102934 87780 341
24000 64905 340
43214 83353 351
125007 119175 336
33698 43676 324
53564 36222 340
66645 32416 340
276645 274983 345
26528 87707 351
74571 63147 330
32608 71065 340
54528 30104 340
921830 921734 277
276573 270593 363
85943 94057 333
199833 194764 360
20795 52501 324
441306 442324 294
71961 6060 340
998117 998951 334
402550 400023 387
71020 40208 340
721447 722651 411
90727 95843 333
331471 336044 353
15860 16058 253
141877 139716 344
34803 41358 324
535285 535135 284
21453 7465 279
170974 175856 347
37942 73712 340
60279 107053 354
72242 31085 340
26025 48428 324
24477 53524 340
86524 1664 351
16536 7490 276
348420 347146 335
99782 106644 354
53778 5138 340
84927 1049 351
39274 89541 351
264637 266727 332
78799 86285 320
32242 42414 324
796752 791517 468
467982 469348 382
58420 87118 351
961214 962291 295
9203 38411 324
47486 52968 340
109161 64595 354
890396 895055 370
91331 24726 351
36674 66195 340
11879 90660 351
25285 112940 354
58878 45814 340
246107 248197 350
353509 353210 273
92857 107881 354
215358 220440 386
35379 22627 311
43224 20461 324
670742 678786 385
55794 30219 340
175506 170763 347
62934 111921 354
599893 590623 403
179382 177379 347
28264 16948 308
8044 55375 340
19304 27314 308
35973 38769 306
99851 61771 351
31379 36660 324
517351 521291 439
403274 404604 343
754556 755394 318
590258 598112 403
549614 545526 452
60702 85624 351
127946 117579 336
52657 95391 351
307288 306535 309
84712 70648 351
32230 36618 324
107769 70078 354
67358 50459 340
28723 42931 324
22574 38227 324
171743 181325 365
274584 274114 332
14709 51972 324
215397 223538 386
173555 171838 347
94519 105266 341
16862 35199 311
398146 396605 330
135601 136720 313
990371 986031 396
51356 104433 351
893742 890973 326
81258 109440 354
118677 130579 344
116663 114677 349
70735 29091 340
38431 97736 351
4427 41969 324
95448 62077 351
40651 106151 351
104114 109599 354
36131 59670 340
101509 41124 351
606106 606614 328
99666 68412 351
91798 30540 351
102079 94722 341
21573 35707 324
49914 29333 324
17064 40173 324
199440 198703 267
3408 6977 262
79060 29768 351
75124 75408 232
400605 398841 374
469845 469207 338
81644 89531 333
51711 103068 351
8544 100469 351
49902 43784 314
203326 203049 311
26115 85931 351
37982 71970 340
48722 76579 340
79227 12953 351
93190 86394 333
22777 29837 308
96243 106007 341
356656 357731 304
109047 49768 354
989580 986703 396
43455 98984 351
608636 611691 359
471827 473949 338
48364 55313 340
690730 690957 305
616079 618724 372
10561 103089 351
108020 47457 354
113407 133858 349
28157 13037 308
19074 34983 311
63283 2202 340
35500 103972 351
62961 3525 340
9138 69916 340
98798 2342 351
65629 70976 312
54244 10444 340
17651 49862 324
24479 29768 308
70706 8733 340
51655 105076 351
216315 214619 324
76361 44606 340
7049 19452 279
34876 52459 324
600534 591388 403
46854 72591 340
744284 742692 318
25050 96197 351
144843 141310 375
713436 705906 411
703198 701830 380
158903 154004 383
106088 22673 351
80511 24612 351
100145 30782 351
20399 76551 340
106011 78388 341
61431 24582 340
369045 372583 392
15905 86107 351
85612 25110 351
92439 82850 333
14123 1354 276
776466 776816 300
100667 75446 351
83178 103188 341
106309 36534 354
70352 1429 340
118202 125341 336
735999 736101 287
63618 655 340
275548 276288 314
49661 61370 340
595092 604046 403
233440 232918 368
50482 33841 324
97299 59679 351
27355 2380 308
97741 58165 351
51172 22400 324
55664 92131 351
893181 897757 370
786122 785946 269
67900 111396 354
111119 35896 354
568 2019 182
73344 18802 340
29518 51723 324
349281 344081 441
55400 90234 351
405140 403942 343
81597 90711 333
71205 84698 351
784874 782466 331
77108 102172 341
64812 79473 351
69141 47408 340
640779 640951 354
347501 357369 379
60254 105716 351
84335 100185 341
97970 93517 328
82059 63765 351
68122 40858 340
100760 110763 354
444067 447545 338
32773 27709 285
80928 61018 351
25371 48784 324
99323 29134 351
119472 123678 336
991478 989778 321
45277 18414 324
6400 51006 324
188375 188828 316
102075 26533 351
612688 612750 310
10457 38698 324
8834 74527 340
397248 395799 330
59476 27978 340
25173 86122 351
153651 151618 308
44249 94020 351
105129 71167 351
323421 337951 384
657333 659945 398
37216 100730 351
26625 16847 308
897654 889974 370
34622 13377 311
36115 87188 351
90635 26827 351
998128 998283 277
37082 86278 351
113187 101709 354
672911 670483 367
9621 32339 308
219777 222358 355
716664 714377 380
65507 52540 335
95983 87245 333
82345 10808 351
2334 376 183
760326 763510 380
6245 111426 354
91202 56485 351
92876 49208 351
28566 19259 308
7524 80405 351
38882 52047 314
85339 82650 320
66849 19503 340
69240 57592 335
213192 217272 386
106536 88168 354
67246 63683 299
76874 58448 335
12668 27493 308
556718 556278 346
50950 50452 278
264910 265106 239
266278 263569 332
213466 226497 386
19991 4225 279
91230 69230 351
33313 10437 308
283930 282381 358
22768 16606 279
250065 247791 350
100380 41414 351
106168 37554 351
899441 899919 251
773331 773905 331
252784 246828 350
133532 132158 331
330822 330760 185
78874 11660 351
97695 21917 351
682366 680689 336
90206 110244 354
27452 84295 351
529678 529950 302
196042 196741 298
25914 103395 351
122739 128485 331
36822 103334 351
64445 93172 351
58644 15918 340
76624 45773 340
25953 5161 282
96632 97769 297
12255 62570 340
174604 178728 347
62793 86538 351
41595 95386 351
330668 335930 353
621760 622245 372
71363 26206 340
5090 30003 308
9550 38290 324
8063 80913 351
34750 67228 340
102130 36941 351
351381 353073 348
51774 100592 351
76667 17886 340
251524 253076 319
18386 101024 351
25298 82410 351
95605 89048 333
328991 334249 353
1183 28665 308
58279 71918 335
846202 845029 401
109758 99479 354
11019 32617 308
73534 95159 351
593102 597271 372
79780 84700 320
18292 80474 351
54547 42605 340
450550 437345 400
86335 32779 351
175191 182370 365
23694 72106 340
472517 474278 382
28289 110225 354
13052 107056 354
95445 24798 351
580310 580446 222
71219 39329 340
18538 38058 324
83758 61116 351
957957 958861 321
705817 710612 380
128568 116525 336
824266 827018 344
136860 135639 313
324516 326810 384
182628 177745 365
70184 112478 354
49711 78533 351
104856 100952 310
15394 37061 324
103974 5366 351
97792 97354 297
65111 112966 354
439587 449727 369
712495 713310 411
18186 64047 340
69691 98601 351
99196 87657 333
68441 93281 351
214073 219237 386
14552 64031 340
733568 734758 349
774114 772916 362
476276 468977 382
593734 599389 372
603900 598326 403
7021 110853 354
111709 85300 354
2281 3831 238
85220 26169 351
87225 60901 351
29801 87374 351
106847 111987 323
101437 108249 354
78650 99122 338
734475 736342 424
30337 32610 285
82724 2883 351
3463 30483 308
549200 549045 240
408265 411928 449
77178 22027 351
11867 81170 351
50126 27159 324
108620 66700 354
56682 102906 351
60106 13383 340
56392 69554 335
212582 209145 355
99883 51012 351
70601 104763 351
92884 66359 351
25342 50878 324
631430 632349 385
642859 641020 416
629145 626694 341
198133 198101 267
943215 942115 339
334574 337649 366
10411 53050 340
37060 74387 340
84593 111885 354
226858 231553 443
77455 55036 351
91496 34576 351
131651 133609 331
342225 350846 441
316128 317158 353
106310 38478 354
266414 262318 407
15375 24573 282
65847 103845 351
948424 950766 352
73609 49956 340
82772 94468 333
28661 105725 351
614296 620871 447
110848 35031 354
70373 53367 335
49948 36092 314
99452 98514 328
31673 56366 340
16040 84386 351
20844 67889 340
37281 54593 340
6500 47142 324
49630 49133 296
103019 87263 341
96270 28844 351
164588 167013 352
24995 56743 340
225165 220588 368
496183 494281 351
34475 9724 311
21164 52431 324
13770 87359 351
40412 52543 340
64994 24907 340
463043 462270 325
110904 103851 354
364026 364659 286
602751 598484 403
983212 983145 383
41675 79791 351
24774 49226 324
108862 24299 354
74624 41844 340
79764 54817 351
24427 68414 340
66695 24354 340
76664 61753 330
113117 6778 354
830237 831911 419
61913 11661 340
260195 267565 407
69552 52757 335
41009 7922 324
79838 94627 333
495180 495926 320
42678 96108 351
43473 96317 351
103638 78692 341
705862 712966 411
24576 16100 282
339110 335916 366
102361 69385 351
112358 105440 354
497344 496122 289
41612 57364 340
614582 616453 447
292396 299912 371
151972 152083 277
100995 105841 341
18760 22772 274
40752 44937 288
72174 60318 335
91099 109515 354
111356 72947 354
165591 167095 352
97377 27612 351
89597 81915 333
29037 70266 340
103452 53877 351
48179 31837 324
29462 47360 324
88006 19231 351
664597 662313 367
56311 54945 322
16383 102671 351
172237 182911 365
553698 557521 421
110601 82211 354
36004 20081 324
674082 678852 385
70308 95395 351
105578 91770 341
10323 28246 308
80745 33779 351
96680 6620 351
821857 818374 450
256231 256652 332
550450 550746 346
67469 33639 340
147303 141478 375
107836 27731 354
94902 20870 351
680863 683036 336
876218 882730 401
52570 86564 351
89758 104167 341
258545 264047 407
43634 38671 306
44263 44945 270
102016 64610 351
14465 16324 271
549630 551281 346
333650 335077 335
27588 34410 311
17029 105778 351
814013 812856 375
98588 6401 351
104666 78576 341
410853 413843 374
30402 103012 351
89749 108135 354
687 86371 351
303481 305218 340
16077 55551 340
109638 30196 354
79255 68036 351
11376 22103 279
21027 51331 324
74616 80562 351
13925 49048 324
129705 113395 349
199426 196832 329
670321 671014 323
110477 62504 354
17662 10028 279
2506 69246 340
45935 108780 354
63840 18879 340
78160 34443 351
34459 8788 311
23533 87238 351
96804 47595 351
126928 116077 336
43852 8640 324
591891 595253 403
239140 234141 381
111020 108189 310
4474 41074 324
661411 662742 292
261819 264900 407
111306 99275 354
498560 493763 351
54750 28646 340
97948 25476 351
220285 217655 355
249660 247200 350
81226 106910 354
59666 65929 335
208665 211939 355
46699 22042 324
100641 2831 351
83159 100365 341
84840 25369 351
124030 121286 336
59320 50910 340
90220 91865 333
213218 225831 386
104063 43515 351
144429 139699 375
105332 19795 351
570209 568812 359
98806 14086 351
77833 26293 351
8395 42907 324
349286 350839 366
111251 29524 354
109009 3922 354
497396 494072 351
49145 32859 324
32108 5833 308
100009 30138 351
452950 453464 369
44165 23522 324
557697 558757 315
400496 395446 374
14701 86592 351
78021 35317 351
59817 95175 351
50252 105621 351
110937 74479 354
713298 712907 318
59190 42709 340
65395 39204 340
344684 350763 441
73527 37006 340
928651 929169 339
495270 495599 289
11972 45644 324
651958 653020 354
88105 102649 341
27512 24878 308
259622 258770 301
342196 352682 441
