==17648== Memcheck, a memory error detector
==17648== Copyright (C) 2002-2011, and GNU GPL'd, by Julian Seward et al.
==17648== Using Valgrind-3.7.0 and LibVEX; rerun with -h for copyright info
==17648== Command: RunCollatz
==17648== 
664 478 145
268 153 128
997 500 179
903 991 174
253 762 171
868 590 171
682 842 171
409 707 171
351 87 144
496 565 137
485 251 144
114 564 144
413 584 142
22 863 171
307 388 144
585 545 137
417 972 179
192 572 144
565 415 142
178 814 171
405 537 142
380 765 171
193 806 171
893 509 179
75 263 128
514 110 144
674 280 145
864 629 171
212 806 171
913 886 148
432 519 142
492 500 111
791 569 171
984 403 179
218 76 125
333 882 179
648 342 142
150 713 171
941 560 179
824 762 153
591 736 171
17 339 144
687 266 145
74 600 144
487 899 179
420 987 179
207 638 144
208 631 144
36 718 171
794 912 179
514 972 179
316 128 131
561 881 179
443 185 144
666 222 145
677 268 145
326 259 131
244 413 144
14 15 18
914 37 179
744 220 171
859 54 171
686 951 179
389 786 171
418 441 116
133 903 179
750 932 179
815 168 171
353 31 144
254 977 179
246 739 171
998 650 179
65 291 128
306 243 123
281 79 128
300 940 179
713 744 140
415 878 179
384 119 144
560 805 171
709 803 153
455 413 134
581 460 142
211 271 128
967 935 174
394 465 134
116 932 179
225 393 144
355 899 179
979 531 179
191 355 144
100 998 179
596 905 179
25 516 144
322 980 179
784 305 171
718 750 140
929 959 174
231 300 128
954 141 179
325 200 131
133 349 144
461 161 144
61 77 116
328 817 171
891 759 179
477 519 142
144 992 179
228 74 125
56 888 179
194 269 128
20 559 144
519 631 137
650 668 145
529 470 142
389 606 142
674 573 145
453 241 144
319 855 171
392 515 142
993 647 179
885 284 179
995 472 179
265 31 128
919 224 179
493 321 144
600 832 171
464 232 144
620 120 144
309 115 128
440 150 144
442 698 145
659 834 171
690 896 179
131 978 179
345 801 171
86 125 119
316 231 131
980 83 179
26 582 144
622 900 179
452 520 142
471 223 144
344 916 179
751 92 171
960 372 179
72 910 179
745 404 171
20 731 171
429 155 144
956 151 179
276 774 171
724 762 140
564 312 144
894 706 179
326 590 144
829 517 171
741 498 171
134 302 128
113 804 171
177 885 179
516 793 171
916 967 174
418 980 179
137 936 179
88 847 171
341 812 171
294 83 128
395 785 171
211 858 171
169 9 122
527 256 144
754 998 179
20 987 179
792 889 179
494 134 144
927 688 179
376 11 144
992 844 179
500 794 171
362 848 171
380 588 142
390 422 134
208 675 145
253 786 171
514 419 142
395 422 134
422 42 144
748 150 171
40 442 144
295 260 123
949 535 179
265 941 179
505 326 144
839 976 179
825 6 171
313 202 131
344 925 179
601 704 171
210 552 144
691 573 145
996 724 179
486 87 144
237 138 128
299 235 128
496 996 179
251 595 144
537 165 144
210 235 128
213 44 125
768 50 171
971 39 179
964 83 179
787 316 171
587 285 144
859 716 153
441 279 144
85 575 144
713 646 171
882 42 179
39 13 112
327 98 144
263 9 128
244 584 144
347 473 134
242 457 144
216 116 125
199 214 120
530 899 179
186 705 171
422 119 144
117 764 171
59 583 144
230 203 115
245 772 171
504 831 171
929 3 179
12 832 171
136 911 179
385 974 179
433 483 129
599 628 132
561 368 142
268 518 144
224 93 125
930 173 179
937 366 179
668 48 145
969 996 143
488 617 142
450 215 144
936 993 174
545 99 144
12 948 179
924 681 179
165 116 122
744 77 171
445 483 129
2 307 128
119 713 171
887 945 174
31 50 110
816 544 171
261 699 145
317 787 171
721 468 171
181 486 144
586 659 145
327 726 171
127 317 131
433 970 179
766 11 171
214 897 179
923 212 179
645 216 144
880 761 179
530 252 144
515 911 179
330 347 126
853 495 171
964 367 179
853 295 171
954 146 179
592 159 144
476 1 144
691 438 145
450 629 142
246 458 144
671 664 145
599 170 144
931 36 179
288 481 144
112 462 144
528 522 124
19 162 122
529 383 142
678 983 179
848 102 171
262 352 144
72 441 144
880 457 179
805 763 153
223 50 125
433 52 144
940 613 179
649 33 145
233 591 144
772 656 171
897 65 179
227 302 128
404 916 179
619 475 142
577 801 171
872 188 179
629 558 132
17 944 179
709 229 171
997 541 179
594 651 145
265 431 144
184 254 128
846 633 171
9 417 144
201 619 144
640 906 179
543 428 142
903 45 179
565 881 179
70 201 125
759 438 171
103 419 144
367 776 171
38 531 144
183 366 144
516 632 137
605 167 144
519 700 145
837 452 171
73 247 128
872 39 179
187 432 144
478 416 134
299 809 171
11 762 171
202 88 125
507 771 171
267 305 118
555 875 179
242 305 123
656 738 171
624 758 171
179 263 128
434 144 144
110 17 119
774 226 171
659 982 179
119 961 179
772 138 171
900 137 179
225 502 144
992 821 179
845 733 153
609 261 144
285 401 144
858 570 171
48 661 145
643 483 142
346 227 144
962 78 179
305 456 144
440 738 171
419 964 179
821 559 171
696 910 179
414 441 134
264 640 144
374 407 121
387 828 171
231 702 145
991 392 179
54 808 171
293 41 128
986 697 179
775 639 171
815 669 171
127 799 171
764 974 179
534 546 137
458 586 142
747 949 179
590 591 57
717 12 171
559 684 145
387 106 144
498 509 111
319 380 144
140 271 128
687 612 145
970 845 179
515 463 142
42844 291187 443
83074 694458 509
16537 749750 509
95475 886105 525
87055 517245 470
46933 203387 383
76717 369473 443
71449 899807 525
51633 181905 383
12595 89476 351
40334 5246 324
69267 702861 509
22391 466118 449
109801 723140 509
36937 176212 383
92715 515030 470
57027 635337 509
10404 134438 354
20545 962452 525
35254 175639 383
45693 177360 383
102389 485280 449
10405 414392 449
40742 576932 470
110853 798464 509
25933 567542 470
48182 776503 509
20400 761867 509
110324 806999 509
52972 907978 525
89676 702816 509
4821 479021 449
16553 660908 509
67806 751651 509
38402 662413 509
20646 617265 470
102546 820521 509
12693 900812 525
103061 516044 470
92288 345417 443
93831 172564 383
60179 118221 354
60960 697568 509
60125 705894 509
58318 393506 443
96324 1986 351
106323 551087 470
100885 948682 525
33669 637081 509
77273 349563 443
36589 141831 354
73465 653474 509
68493 97784 351
58274 711473 509
15540 574647 470
39194 928339 525
5210 998260 525
98923 724688 509
97250 955059 525
15233 228808 386
78333 558661 470
109750 959094 525
18890 740211 509
2609 835950 509
33052 122319 354
577 705198 509
95100 180752 383
56315 254913 443
77498 455575 449
30224 406571 443
1578 51688 324
49949 805844 509
86090 409881 443
31608 259983 443
44348 961117 525
75336 227713 386
34346 747996 509
2413 143735 375
49446 122996 354
23093 893911 525
43555 193610 383
110789 537875 470
15011 471988 449
108436 167104 383
87880 759176 509
102847 471993 449
55616 936995 525
13545 375018 443
38095 322577 443
61474 711819 509
9293 152203 375
11311 317681 443
86732 154751 375
55525 902613 525
18748 469511 449
107566 37268 354
19588 909840 525
7145 65894 340
10776 367932 443
85758 337803 443
101779 320879 443
35653 966382 525
77828 116045 354
105289 118958 354
11650 4813 268
4554 236523 443
68409 798720 509
23232 571421 470
99351 44030 351
69098 259629 443
74675 298970 443
97700 690868 509
90096 386245 443
46160 619049 470
26614 503966 449
5717 909696 525
56951 309264 443
50625 111130 354
7867 760095 509
56891 378137 443
17754 575072 470
110220 950333 525
35960 197275 383
88843 355675 443
59749 24200 340
100948 269052 443
29682 426406 449
34874 46186 324
68330 230889 443
26838 81034 351
60491 650499 509
29524 588110 470
102335 409425 443
58410 413483 449
83603 443535 449
88368 962838 525
24284 434690 449
35059 420810 449
68468 949133 525
43094 901680 525
18271 905994 525
68828 810709 509
37767 159064 383
56621 659257 509
32275 550541 470
48579 153219 375
74664 273637 443
16396 189215 383
5792 954776 525
23628 366788 443
107405 422728 449
79641 445329 449
47011 757005 509
109233 517794 470
86142 671035 509
91235 707882 509
32797 104413 351
41256 452046 449
69953 403898 443
24200 167637 383
98634 880005 525
1182 698095 509
68182 576391 470
45373 865115 525
9683 518418 470
52258 957889 525
28535 75737 340
13614 312770 443
52787 811973 509
108325 567291 470
11602 764244 509
90881 602653 470
54700 822176 509
73613 646341 509
36201 680209 509
74420 208925 383
18132 649039 509
72970 742268 509
51830 308536 443
7826 785009 509
34883 353495 443
54548 282306 443
109281 688733 509
56263 290385 443
38548 939846 525
107185 497921 449
59225 161261 383
94550 86955 333
25279 669480 509
16357 723718 509
2404 575684 470
2503 424111 449
13918 868073 525
24148 964361 525
41354 802174 509
44559 31974 324
50707 520681 470
56954 613312 470
14809 937766 525
58485 224328 386
14233 789783 509
62157 610114 470
100164 851235 525
76272 448689 449
19946 458776 449
34462 384612 443
100706 133462 354
1536 773391 509
29736 517717 470
97671 692351 509
16308 515534 470
105977 475563 449
88876 67016 351
4783 274042 443
12575 506778 449
74341 910805 525
76476 249030 443
58915 761813 509
99392 246400 443
38511 649392 509
34005 897115 525
100338 253844 443
27236 871137 525
55522 60524 322
44858 279194 443
86711 708748 509
31851 505610 449
17071 859354 525
22286 301598 443
30600 91614 351
2420 145973 375
20319 619145 470
6275 37546 324
61724 523679 470
61961 105667 351
72543 503328 449
90506 721281 509
36864 61771 340
80944 298613 443
22252 495479 449
93118 903579 525
75857 886741 525
38079 416951 449
51883 496022 449
32081 393699 443
53877 41132 340
104722 104262 310
100457 963084 525
969 555441 470
64202 454163 449
68604 174041 383
76194 692301 509
46055 228870 386
83040 1947 351
52983 904776 525
30579 619496 470
61794 215861 383
77257 731751 509
5552 766540 509
7778 351362 443
59162 329616 443
59194 728321 509
94500 566977 470
81069 604095 470
58259 206581 383
5938 326142 443
88204 529956 470
92161 304355 443
42729 800925 509
108796 800516 509
86680 832138 509
6649 542468 470
10648 440457 449
54536 195017 383
60585 16200 340
82243 909851 525
41267 967284 525
48467 808103 509
37515 357989 443
78775 199296 383
80995 498868 449
28825 487807 449
14385 58088 340
39886 301857 443
102374 126874 354
28774 107331 354
94245 36593 351
102366 35423 351
8219 438226 449
79742 712457 509
66754 805230 509
105849 828652 509
39850 774687 509
91326 335187 443
90040 591570 470
90439 725657 509
102354 59924 351
76661 633468 509
46438 519832 470
49800 5436 324
1657 551905 470
102703 634129 509
2887 276773 443
6982 93958 351
98398 414199 449
108319 197835 383
96248 457134 449
79360 506150 449
22209 205859 383
19652 392909 443
77216 890026 525
19711 402073 443
35542 360441 443
61145 610577 470
60458 485073 449
36980 555389 470
78409 242986 443
33964 653887 509
81180 373278 443
9700 263168 443
86320 582671 470
39807 521112 470
97023 515901 470
13743 785833 509
26281 897009 525
79020 33395 351
102135 325719 443
89254 279602 443
1291 985215 525
25845 594843 470
108883 20399 354
110923 507269 449
8696 368163 443
74775 811554 509
33372 423209 449
75641 43124 340
78441 564136 470
38688 559892 470
12394 134113 354
100883 830208 509
44476 552879 470
100822 846569 525
15062 327482 443
90476 593169 470
76903 530557 470
106512 782988 509
26685 852452 525
68154 328547 443
28991 479825 449
83906 476262 449
33591 729029 509
29594 937325 525
11423 112032 354
93683 401615 443
79362 871354 525
90902 305677 443
110897 123838 349
6877 302835 443
7116 306830 443
59610 278224 443
19862 598223 470
75992 388345 443
50226 379881 443
40578 699701 509
23502 371199 443
58878 305356 443
90220 723759 509
16663 421805 449
4292 768309 509
84110 110346 354
82691 83655 289
55031 63901 335
103163 82477 341
55974 687223 509
76560 291150 443
486 740899 509
18134 540866 470
101619 368460 443
68163 360342 443
23524 323069 443
72870 272536 443
107408 860180 525
18413 385312 443
42511 346293 443
81956 648021 509
23659 307492 443
38060 901073 525
94662 967578 525
99248 252334 443
57690 887062 525
72407 134457 354
78417 947064 525
51952 271413 443
76200 624481 470
58662 412097 449
17968 877502 525
29666 90181 351
100809 680931 509
96985 562283 470
99194 143320 375
9810 39807 324
480869 18834 449
95815 53596 351
748696 27984 509
511382 52324 449
99451 94465 328
825361 19716 509
563037 69343 470
375861 54187 443
305981 60602 443
64088 5360 340
938620 73879 525
823293 63941 509
886628 22924 525
387708 17135 443
556942 83162 470
101996 53870 351
207466 54163 383
898500 97811 525
66487 72515 325
183332 26234 383
445950 82290 449
551633 8693 470
662880 25339 509
402293 27494 443
632854 85213 509
275444 66382 443
830323 71475 509
110751 98738 354
115873 16951 354
716465 14811 509
768681 89168 509
259683 34813 443
48977 92499 351
965014 74535 525
600769 15464 470
314107 48346 443
673391 63072 509
88411 65740 351
309587 52623 443
337836 7057 443
473439 58793 449
546620 13281 470
228371 20114 386
53418 57371 322
188534 60596 383
49764 69883 340
104697 73567 351
966067 25800 525
500335 53674 449
785490 47433 509
112132 17457 354
180529 15949 383
481690 85523 449
638147 85292 509
792349 7629 509
766422 92335 509
621968 82140 470
602255 13043 470
486766 50339 449
710936 72025 509
458260 91653 449
665220 77052 509
619204 62957 470
232983 31287 443
78721 19540 351
736997 34826 509
667127 7205 509
492728 33878 449
219170 65169 386
972798 47227 525
139563 11520 354
793660 39221 509
568616 77883 470
128223 12267 354
84292 55382 351
247035 55511 443
632563 42553 509
621862 28608 470
59895 51768 340
887660 71198 525
422376 54968 449
362173 41009 443
574887 89503 470
754673 71254 509
18481 94057 351
321929 43823 443
983044 74396 525
952280 31942 525
544209 68012 470
639747 96855 509
952366 44854 525
203759 3134 383
831742 1281 509
869401 41973 525
713171 91638 509
62958 73413 330
414422 51899 449
257755 41484 443
829090 5661 509
816071 28780 509
772603 63923 509
38320 38000 244
769942 72000 509
340012 6952 443
103807 30504 351
975358 79759 525
382894 72525 443
190158 79117 383
521090 14636 470
622626 59560 470
332973 50614 443
918865 1937 525
143421 63748 375
769409 76620 509
705400 88863 509
852786 1832 525
239833 78004 443
266356 7458 443
914410 26127 525
356631 6368 443
586128 34569 470
623446 48341 470
27458 85374 351
700010 13605 509
873165 64901 525
331867 38989 443
40926 22490 324
986238 50732 525
943705 699 525
189562 72000 383
373832 65457 443
643461 42348 509
449807 30017 449
172497 26169 383
32538 80569 351
415139 29128 449
377470 35018 443
620392 38585 470
368542 21280 443
502533 36754 449
675743 41707 509
480550 34400 449
601485 33021 470
933720 66788 525
255140 45190 443
710647 39634 509
681983 45325 509
791694 70461 509
296630 48142 443
45063 64191 340
493320 45520 449
980538 76554 525
531492 87142 470
308422 930 443
437685 34 449
658094 27308 509
161708 29780 383
862802 38644 525
121784 79545 354
341087 96522 443
436157 76925 449
38602 51735 314
438548 34492 449
798986 30296 509
310840 51530 443
97051 44049 351
336956 20512 443
707654 77589 509
194872 68448 383
768482 32428 509
376088 32557 443
262337 26576 443
565220 37797 470
333694 25139 443
438014 87005 449
580282 74782 470
242869 90523 443
25015 35236 311
481884 81417 449
449299 40353 449
700754 92724 509
113236 46350 354
140292 37710 354
906158 37242 525
386023 35164 443
967721 74641 525
617569 62111 470
816260 46410 509
387902 82790 443
386147 49955 443
341089 25916 443
216439 82781 386
618017 83958 470
265375 57806 443
614511 99901 470
408978 14674 443
777377 15265 509
352976 38566 443
892161 17669 525
==17648== 
==17648== HEAP SUMMARY:
==17648==     in use at exit: 0 bytes in 0 blocks
==17648==   total heap usage: 0 allocs, 0 frees, 0 bytes allocated
==17648== 
==17648== All heap blocks were freed -- no leaks are possible
==17648== 
==17648== For counts of detected and suppressed errors, rerun with: -v
==17648== ERROR SUMMARY: 0 errors from 0 contexts (suppressed: 2 from 2)

