1 10 20
100 200 125
201 210 89
900 1000 174
16 41 112
24 64 113
79 86 111
58 30 113
87 28 116
48 90 116
75 57 116
38 2 112
28 98 119
45 47 105
84 54 116
92 18 116
94 91 106
36 7 112
4 21 21
2 77 116
43 93 116
85 33 116
84 65 116
39 88 116
96 51 116
17 48 112
10 66 113
11 18 21
40 8 112
13 9 20
100 83 119
22 75 116
58 85 116
92 70 116
32 42 110
52 88 116
25 61 113
51 96 116
21 67 113
49 67 113
34 10 112
8 36 112
74 62 116
50 17 112
14 35 112
89 33 116
54 37 113
54 86 116
13 87 116
33 56 113
14 21 21
44 5 112
60 18 113
3 95 116
34 48 110
63 70 108
42 94 116
58 26 113
42 9 112
26 53 112
54 93 116
88 88 18
98 48 119
85 88 31
36 45 110
40 92 116
78 79 36
12 76 116
87 43 116
62 21 113
93 45 116
79 75 36
90 6 116
72 6 113
68 10 113
72 73 116
65 52 113
61 52 113
34 79 116
2 95 116
73 71 116
56 78 116
34 32 27
31 5 112
31 28 107
94 67 116
15 47 112
13 96 116
32 52 110
41 62 113
53 30 110
13 93 116
81 59 116
67 13 113
53 95 116
78 76 36
50 34 110
31 25 112
75 27 116
63 3 113
88 19 116
30 10 112
27 9 112
85 37 116
72 34 113
58 67 108
8 80 116
90 91 93
88 6 116
5 44 112
78 24 116
57 20 113
89 90 31
39 36 35
51 13 112
45 53 105
94 76 111
30 8 112
60 26 113
26 20 24
72 2 113
97 51 119
61 58 33
61 8 113
55 93 116
54 48 113
8 25 24
11 5 20
57 100 119
36 73 116
96 4 116
78 69 116
58 29 113
94 22 116
6 5 9
61 31 113
89 11 116
82 95 111
80 12 116
89 46 116
29 50 110
1 29 112
45 93 116
58 75 116
92 62 116
71 67 103
30 25 112
1 56 113
29 27 112
18 26 24
35 36 22
37 49 110
89 94 106
66 88 116
3 91 116
25 24 24
50 28 110
2 15 20
8 73 116
26 10 24
21 60 113
33 55 113
80 33 116
3 31 112
10 22 21
80 78 36
94 68 116
66 34 113
82 87 111
49 92 116
22 79 116
16 74 116
42 67 113
23 25 24
65 5 113
98 6 119
1 14 20
6 8 17
46 75 116
21 77 116
35 72 113
64 57 108
45 85 116
24 98 119
73 92 116
8 3 17
53 59 113
28 21 112
31 83 116
60 42 113
2 32 112
92 27 116
21 14 21
82 100 119
26 66 113
26 75 116
86 62 116
21 70 113
32 83 116
56 23 113
1 1 1
97 44 119
63 94 116
79 43 116
70 72 103
49 61 113
99 91 119
65 40 113
14 98 119
88 20 116
93 6 116
14 22 21
25 13 24
89 19 116
59 98 119
20 48 112
34 49 110
70 89 116
38 61 113
94 10 116
62 15 113
54 49 113
40 100 119
81 74 36
28 77 116
48 30 110
95 69 116
61 34 113
27 5 112
100 57 119
60 38 113
17 47 112
22 66 113
36 43 110
89 98 119
90 25 116
72 96 116
41 87 116
44 28 110
58 19 113
1 76 116
53 36 110
44 75 116
24 19 21
14 32 112
76 14 116
62 13 113
27 50 112
58 29 113
48 35 110
25 71 113
20 77 116
87 9 116
52 56 113
434 768 171
110 786 171
757 132 171
897 182 179
715 488 171
71 72 103
709 98 171
148 554 144
842 158 171
999 191 179
467 472 129
805 846 135
85 999 179
301 201 128
481 865 171
96 574 144
769 557 171
856 539 171
466 978 179
298 26 128
142 588 144
936 42 179
279 747 171
218 975 179
484 564 142
134 309 128
217 373 144
368 867 171
481 295 144
429 416 134
767 58 171
439 11 144
961 16 179
719 115 171
638 453 142
222 332 144
436 895 179
399 338 126
568 463 142
813 339 171
386 933 179
875 522 179
870 417 171
605 341 142
260 498 144
800 483 171
152 256 128
765 717 153
702 89 145
331 362 126
739 221 171
342 613 142
648 589 132
483 547 142
80 49 116
47 700 145
396 703 171
586 429 142
444 617 142
441 125 144
371 612 142
519 537 124
382 839 171
265 339 144
819 589 171
245 766 171
388 924 179
796 88 171
665 571 145
886 151 179
671 661 145
839 55 171
564 759 171
834 730 153
705 579 171
231 610 144
665 93 145
827 858 135
821 231 171
637 199 144
357 94 144
187 824 171
146 730 171
382 28 144
358 659 145
901 140 179
490 55 144
586 732 171
215 854 171
721 813 153
391 474 134
805 963 179
127 528 144
357 728 171
527 149 144
609 420 142
479 572 142
480 378 134
374 408 121
510 134 144
118 363 144
594 886 179
89 311 128
820 977 179
262 174 128
542 823 171
12 362 144
815 380 171
145 902 179
46 995 179
351 877 179
500 185 144
718 939 179
450 624 142
879 364 179
284 336 144
885 138 179
353 759 171
675 567 145
329 301 144
89 202 125
988 914 174
259 398 144
402 565 142
203 164 125
953 524 179
491 301 144
646 362 142
100 421 144
519 130 144
813 862 148
422 865 171
162 891 179
424 864 171
315 929 179
951 611 179
762 328 171
316 501 144
460 425 129
390 552 142
220 124 125
411 501 142
438 250 144
823 737 153
53 963 179
57 331 144
748 510 171
198 207 120
657 310 145
570 201 144
142 549 144
400 276 144
181 317 131
252 537 144
370 448 134
617 592 132
245 294 123
773 50 171
650 440 145
456 428 116
691 828 171
549 7 144
384 310 144
362 844 171
904 648 179
789 856 135
491 605 142
711 895 179
982 683 179
26 452 144
737 122 171
881 626 179
775 208 171
846 352 171
917 762 179
523 388 142
830 559 171
602 558 119
89 442 144
756 972 179
453 668 145
794 346 171
696 849 171
727 634 171
894 253 179
775 150 171
570 326 144
334 631 142
666 340 145
610 572 132
215 225 115
527 40 144
528 577 137
943 868 179
638 208 144
792 392 171
596 429 142
592 253 144
294 990 179
1 801 171
145 483 144
677 548 145
575 464 142
510 481 142
547 386 142
145 214 125
84 107 119
22 450 144
586 775 171
355 560 142
370 300 144
717 569 171
921 745 179
662 284 145
361 196 144
483 181 144
331 28 144
665 556 145
758 854 153
339 386 126
678 113 145
484 591 142
370 412 134
285 460 144
802 891 179
743 125 171
177 509 144
387 305 144
972 330 179
442 663 145
305 901 179
522 118 144
787 485 171
605 792 171
431 139 144
711 789 153
988 21 179
329 171 144
879 265 179
421 474 129
871 390 179
798 886 179
992 297 179
920 444 179
312 358 144
608 599 119
618 447 142
942 816 179
786 458 171
487 377 142
899384 346611 525
949665 644646 525
408710 692299 470
631204 745471 442
735602 416103 470
94259 976170 525
74201 840067 525
751814 678944 442
301601 275865 389
835243 189247 470
352692 132921 443
298009 692606 470
654310 951157 525
339051 197023 443
834305 111978 470
146620 369697 443
296035 491609 449
346688 382381 423
595032 875328 525
835721 632322 468
56084 244435 443
810248 704754 468
879696 874335 432
517342 521923 439
649679 144252 470
540443 289857 470
645964 516588 452
758786 614755 447
776551 876606 525
219695 429781 449
248953 242418 350
546417 946389 525
726197 74729 470
840728 940504 476
920627 789231 525
598285 943301 525
668995 835584 468
94593 140333 354
602988 394231 470
932649 886249 476
465530 104962 449
35853 267003 443
830377 525152 468
559502 705357 447
947373 110566 525
831983 108654 470
603308 838392 525
904416 35743 525
335089 936840 525
515900 971934 525
675689 714319 442
74240 398749 443
204067 96637 383
91752 776043 470
61526 21429 340
610270 417088 470
294274 67067 443
405293 994459 525
549688 171334 470
986980 255975 525
316478 694536 470
656385 195399 470
418183 927420 525
233845 504121 449
320780 868127 525
987101 228925 525
547914 264687 470
760155 57900 470
716193 320002 470
301285 556653 470
223477 80618 386
800637 468032 470
704345 969015 525
779546 713142 468
210831 959888 525
460608 188132 449
560765 263456 470
979850 356151 525
620841 626402 385
15100 116482 354
156700 643965 470
162837 828418 470
856038 192785 525
463963 629175 470
532196 893280 525
891859 924430 476
541176 284454 470
846612 41611 525
928291 993294 458
277067 55582 443
449335 504753 444
912154 34537 525
940521 118605 525
572211 205475 470
976114 393779 525
810827 60639 470
582869 806967 468
657647 477492 470
316176 29339 443
404729 543154 470
997376 796799 525
747801 540339 452
906673 18815 525
886648 863102 432
592066 315889 470
703001 353653 470
253789 650064 470
381659 223680 443
808388 164897 470
932542 876372 476
769272 145859 470
287019 512361 470
391767 875331 525
179303 129496 383
108210 910536 525
746993 68325 470
75673 459740 449
103536 791664 470
205231 13615 383
427146 779439 470
524931 937729 525
964747 538012 525
93090 176799 383
298514 739241 470
129399 343716 443
457168 509913 444
632195 748125 442
82855 973090 525
214906 524425 470
273199 686958 470
168888 106774 383
580946 471307 470
18581 311604 443
434766 120872 449
897555 833261 525
820178 401067 470
950808 694891 525
337388 247470 407
89386 593504 470
455753 185221 449
354849 343438 441
882509 399445 525
268090 353221 441
335405 269354 389
36131 651474 470
230457 605673 470
337886 91014 443
568804 299225 470
355520 318708 441
63220 704159 470
789859 664765 468
895542 71203 525
10557 391512 443
662790 250850 470
316105 546604 470
775479 877872 525
422773 906592 525
841943 263542 525
869295 844126 419
531203 566130 452
266886 814610 470
903509 181930 525
387417 84828 443
992702 489533 525
68820 991628 525
607331 659313 447
915761 192149 525
197338 764061 470
195704 676651 470
863740 743214 525
14624 347962 443
12488 152072 375
236572 273067 407
584344 257610 470
373762 572470 470
23069 122024 354
288682 561452 470
156535 839944 525
636156 507438 470
370489 659060 470
349398 991809 525
154421 912802 525
302885 460962 449
34080 219172 386
671093 509680 470
475250 211802 449
891442 901525 401
928397 208701 525
73507 614011 470
451781 903206 525
278552 206616 443
850475 670488 525
718724 685892 442
378015 534194 470
547204 645696 447
104130 803854 470
299265 745344 470
885020 864199 432
917784 685556 525
854697 190656 525
974193 815197 525
950519 763810 525
824508 210286 470
812519 317195 470
686477 44080 470
851781 891691 432
887150 213239 525
109490 450406 449
66956 815285 470
344217 899425 525
503436 437434 444
307706 296667 371
614667 623921 447
306221 201099 443
442508 725134 470
410972 652953 470
52723 656076 470
896598 933539 476
264974 698061 470
814331 647507 468
558267 8896 470
712634 593175 447
693040 290004 470
914712 834780 525
568731 643726 447
74318 881670 525
74439 933150 525
145095 948216 525
755982 409755 470
985161 904822 476
343999 592126 470
404521 347350 436
315428 778092 470
821747 918816 525
850282 201037 525
594695 281732 470
542011 707824 452
318642 670380 470
840665 111673 525
804961 84463 470
793273 106479 470
637684 819282 468
703600 491923 470
386859 37803 443
472989 539395 470
955185 231644 525
536248 65875 470
594849 239086 470
324506 418653 449
611428 292224 470
875171 372270 525
939207 60177 525
351261 953364 525
510143 437515 444
261883 708885 470
849007 131830 525
237121 285801 407
33449 839583 525
641031 768555 468
939760 817149 525
859600 443798 525
805564 267610 470
400418 453067 449
700831 69906 470
162853 232765 443
826764 138043 470
494387 937509 525
620084 974594 525
921561 983177 476
588572 281726 470
537411 570431 452
110103 955859 525
705657 811873 468
585185 395733 470
648760 558710 447
727845 552523 447
702771 307553 470
124715 573217 470
393162 344897 441
643381 426006 470
547988 583641 421
920834 196952 525
907517 898390 401
952528 526819 525
323103 242350 407
970727 126800 525
709890 645024 442
23719 986686 525
704715 13038 470
9877 238537 443
965936 690224 525
641918 764998 442
259665 22687 443
601861 19128 470
473926 669207 470
349316 487665 449
648292 22810 470
818921 105740 470
719254 841792 525
751174 239709 470
167269 322505 443
709806 321553 470
663566 293219 470
211109 44496 383
374859 302755 441
126706 484556 449
923221 615174 525
967188 422832 525
213188 775096 470
290722 859328 525
603827 887874 525
206956 420561 449
493824 109178 449
159262 839504 525
988707 177077 525
223326 393223 443
637695 849564 525
867497 681011 525
479620 952087 525
322629 7108 443
398271 205040 443
838652 326783 525
608880 211527 470
775707 144435 470
882264 496278 525
744250 489593 470
498365 8002 449
536154 127149 470
911990 830276 525
230118 845475 525
29824 178072 383
143315 620336 470
209607 188776 373
264513 862243 525
785970 936796 525
125891 897900 525
232659 688760 470
838224 698432 525
884508 317003 525
583875 711111 447
858221 855627 375
24077 532384 470
640272 852914 525
411154 195753 449
876836 415945 525
633949 724412 442
518525 739831 452
211776 481308 449
490951 975523 525
89224 476178 449
758002 521496 452
862427 540405 525
924206 245567 525
287743 212928 443
891503 645981 525
993921 878984 476
201621 125127 383
226308 115147 386
359315 35245 443
698605 986489 525
980859 977544 383
518958 121929 470
44719 389941 443
196514 724262 470
27703 626990 470
16021 395985 443
207192 677872 470
460327 535446 470
62047 787789 470
32570 870045 525
582166 38212 470
246070 888629 525
195113 677159 470
462031 22093 449
685028 181790 470
304933 903893 525
138940 531319 470
306860 103507 443
532607 52080 470
402237 354623 436
100025 911996 525
938192 917473 476
729352 41824 470
865434 176354 525
781757 355684 470
458086 178760 449
945121 580413 525
307808 108551 443
87208 648415 470
240982 113109 443
266078 406272 441
666116 928917 525
275136 493940 449
542115 643027 452
106121 156151 375
820795 236720 470
642333 432617 470
683477 307659 470
846753 291098 525
78609 590010 470
44583 46488 314
2051 616239 470
216712 40283 386
762241 838333 525
341286 46564 443
107895 733833 470
159404 227886 386
258035 145544 443
603367 630002 447
244232 69267 443
537152 859417 525
295802 822389 470
667076 535177 452
48716 90267 351
40816 126687 354
292665 69954 443
277963 576060 470
567689 188596 470
736668 733556 424
535960 765786 452
870233 351815 525
101682 93064 341
341765 425303 449
483784 430366 444
518873 144756 470
768697 170907 470
480053 246853 449
885832 187299 525
878734 736345 525
233684 15906 443
169738 848839 525
193549 43577 383
534498 288429 470
22771 421523 449
869876 852054 388
856136 513975 525
817436 973005 525
714147 340001 470
419248 205020 449
46138 683318 470
729405 902291 525
433320 195611 449
129923 303952 443
860911 930061 476
762925 953299 525
830965 247120 470
470740 897879 525
559783 491932 470
427440 538749 470
762936 214348 470
646907 558078 447
926816 197981 525
157509 764210 470
683763 391727 470
470782 715539 470
698594 459584 470
418475 45738 449
653658 139525 470
547845 597513 434
98034 582490 470
942839 304305 525
738333 358429 470
415162 587644 470
690895 203327 470
932834 769065 525
686875 224434 470
620866 631632 385
791164 85072 470
345487 784478 470
263415 34679 443
210995 764900 470
73409 527394 470
645983 164855 470
361086 549052 470
50460 545880 470
952016 898961 476
586942 842450 525
174747 995089 525
20423 456696 449
628668 405734 470
398166 396755 330
330830 646297 470
516512 503576 470
73558 297925 443
468922 914531 525
992809 521781 525
982773 223512 525
868040 599093 525
650759 750374 442
216417 637786 470
150832 351722 443
724312 624308 442
218519 993141 525
113687 102956 354
944175 319574 525
363946 65386 443
