33246 102837 351
84128 75582 351
58956 43179 340
26873 15367 308
21445 1403 279
28865 73640 340
15912 59993 340
62104 60096 335
96720 43640 351
97385 57167 351
72891 37005 340
56648 96171 351
92500 15338 351
25222 11644 282
100863 72616 351
43577 29109 324
70452 22704 340
104690 24408 351
65883 26562 340
39775 87327 351
27965 68639 340
55967 43876 340
23632 13070 282
103972 15352 351
56709 96357 351
72518 24600 340
28361 24165 308
15770 15860 222
39503 40991 306
27504 35365 311
8607 71080 340
64474 79058 351
93783 64163 351
103466 54666 351
90725 38240 351
36992 13689 324
1878 92959 351
57565 25510 340
1028 56536 340
40861 57737 340
47892 8378 324
82337 76253 351
32543 98106 351
92113 72045 351
34097 14616 308
2410 42704 324
85696 66883 351
16762 74479 340
26046 15227 282
24144 11770 282
53466 61136 335
25458 55344 340
49094 83022 351
80853 50122 351
34558 16714 311
2859 82450 351
25092 85195 351
53703 57634 322
78300 40815 351
24679 7397 282
55430 27089 340
50100 36125 314
93972 66861 351
5604 15017 276
82088 29747 351
26787 30553 272
90882 52245 351
85896 34975 351
30267 61749 340
85097 64824 351
78463 87955 338
42274 103554 351
68149 95976 351
56188 41449 340
31790 80866 351
48846 87220 351
2954 98946 351
18345 96926 351
60806 23948 340
6942 37894 324
53694 33728 340
68446 39576 340
85973 49342 351
74550 11239 340
6091 54647 340
76062 84553 351
37601 13335 324
83106 750 351
4310 34293 311
42198 36100 306
10159 91044 351
18319 13113 279
84989 36664 351
5038 40795 324
60611 11980 340
78688 9305 351
45708 42133 314
48880 26680 324
91475 18430 351
37918 97565 351
73076 8980 340
77118 5676 351
22314 55224 340
6426 26624 308
89517 48623 351
62724 99675 351
34667 81043 351
7788 14655 276
12706 12825 201
55449 73316 335
24805 29136 308
82620 70512 351
71269 26500 340
97191 57743 351
44929 30109 324
50308 13004 324
39088 22426 324
18680 61402 340
77649 25105 351
88026 62165 351
73728 45749 340
56840 3394 340
21791 64627 340
18048 34496 311
77452 73496 351
2812 102256 351
102632 85432 341
67767 68900 312
6931 59958 340
21643 51859 324
90066 71951 351
64862 24154 340
94377 83541 333
85555 67025 351
3646 68580 340
24190 77373 351
9328 81029 351
80767 31119 351
40655 98814 351
65614 13106 340
67310 68426 312
10361 64942 340
48857 78128 351
28841 55787 340
33086 50484 324
2645 18151 279
17435 67507 340
42305 6811 324
46048 22859 324
73835 49693 340
91438 98025 333
22066 100766 351
74053 102832 351
26884 9708 308
96646 92498 328
22813 58956 340
55923 33174 340
18897 104779 351
6302 47738 324
55566 39387 340
98221 58211 351
57538 10656 340
20718 99842 351
17466 66765 340
17701 91300 351
11458 4138 268
84324 33524 351
104904 53377 351
31356 26787 272
63084 23002 340
14284 85897 351
81958 70207 351
14071 100854 351
69986 20373 340
43592 20551 324
59759 36813 340
78762 12297 351
47468 99479 351
7139 64933 340
61244 24839 340
51233 72702 340
28976 30557 272
1225 28880 308
83933 32581 351
55666 42017 340
55582 69950 335
22913 32539 308
35157 36984 324
28393 142 308
57356 71984 335
20693 12115 279
3797 99455 351
24411 51264 324
93933 31549 351
11197 50177 324
56387 62429 335
17878 85363 351
92985 19103 351
9242 71918 340
51683 64908 340
8934 2265 262
29858 31847 285
34803 65014 340
68831 63195 330
65156 21186 340
30179 85849 351
33301 33975 267
80303 57711 351
85239 69236 351
89260 96435 333
14412 40647 324
53864 32290 340
21009 41849 324
51392 30251 324
8766 103075 351
95159 17700 351
339 20016 279
49547 35141 324
85030 13377 351
98336 45186 351
34563 23515 311
26034 67863 340
57490 1336 340
20574 37728 324
70571 4833 340
29163 84983 351
45479 83026 351
12272 66488 340
19874 63664 340
96739 28640 351
61738 86897 351
46339 62076 340
1913 95885 351
97217 86942 333
4262 90552 351
27128 38824 324
9067 53161 340
1687 66556 340
54497 22260 340
104284 20068 351
27093 28447 259
50 72571 340
6473 12322 268
34059 26347 308
75985 25797 340
54986 32722 340
7693 101325 351
94798 9605 351
92210 87014 333
96547 96472 266
72566 18674 340
30295 81632 351
71835 31982 340
43188 21331 324
54241 42472 340
41399 81334 351
70919 41448 340
48904 77391 351
53770 82963 351
103737 24754 351
3759 53723 340
57476 11451 340
50048 47273 314
21056 37258 324
29287 12603 308
28729 101852 351
31277 59023 340
78484 103111 341
91005 16672 351
19442 40246 324
59143 60841 317
16579 25062 282
102289 65483 351
102452 51058 351
43445 101189 351
75811 47203 340
49912 28287 324
58654 99959 351
75559 79710 351
32216 104845 351
92312 60944 351
101697 18589 351
14967 75180 340
16700 972 276
91852 36142 351
41217 45995 314
96982 57795 351
71056 94270 351
18277 68507 340
40327 61722 340
64696 11138 340
3925 9607 262
39424 62579 340
4565 9983 262
37288 36781 262
9827 24600 282
97725 6524 351
43188 7692 324
81703 59887 351
8663 68555 340
96029 49879 351
9549 88010 351
2674 80604 351
77279 20950 351
44110 12606 324
82672 3805 351
23743 86596 351
13412 63166 340
44174 17977 324
73148 81462 351
54757 82975 351
1061 47482 324
89498 44249 351
55173 66201 335
104136 63835 351
29755 95164 351
8714 39303 324
78173 11387 351
14906 50452 324
32337 59016 340
63057 10008 340
62821 86799 351
96603 76232 351
44965 35777 306
94208 13113 351
12238 43965 324
96087 13298 351
91446 80585 333
57547 41618 340
41785 56682 340
453 71540 340
46845 9166 324
5842 20018 279
20552 20748 212
70469 52888 335
79763 28526 351
62895 37583 340
10325 54498 340
8815 55289 340
90274 103022 341
68402 102511 351
41986 59488 340
10809 28432 308
35073 68355 340
70050 76857 325
20037 70502 340
43397 66882 340
79668 49238 351
86900 100219 341
69986 52369 340
48107 44748 314
80894 6002 351
82331 91218 333
60499 91145 351
41507 45773 314
89167 4908 351
43284 26152 324
64396 54093 335
54584 99468 351
17448 19633 279
71325 37484 340
90134 9721 351
104366 64801 351
58959 86265 351
60020 23944 340
33633 3126 308
68692 9526 340
9127 46022 324
100744 69626 351
32167 37250 324
10399 16333 276
42157 53682 340
42485 1552 324
2775 97068 351
101020 20222 351
11700 67344 340
57706 101833 351
77064 57071 351
61634 31022 340
38336 16653 324
54965 71968 335
19779 18656 274
81494 28906 351
64678 77237 351
98531 96844 297
9487 3930 262
8176 51644 324
57612 50660 340
53195 60386 322
42727 49214 314
80608 54426 351
11557 33313 308
51259 88621 351
90384 7892 351
14642 23719 282
24545 69607 340
95687 44323 351
88263 72180 351
73229 47940 340
44417 66759 340
39784 53903 340
70689 47959 340
546 23300 279
98619 53741 351
83685 36346 351
102955 59292 351
90771 9512 351
92605 37030 351
98132 77988 338
44922 7774 324
101707 69466 351
77381 92393 338
8789 60643 340
59573 82017 351
3583 103989 351
43776 43366 239
52892 9464 340
91325 53437 351
32763 84943 351
2177 11448 268
16288 132 276
70740 2059 340
9643 58345 340
39088 2774 324
31333 84009 351
10548 28039 308
48475 87928 351
15432 57264 340
43570 75004 340
34280 47152 324
73993 78056 351
90518 21884 351
87520 76842 351
75321 15283 340
56785 77498 351
26730 73072 340
77629 97470 338
75131 87271 351
50814 9218 324
90044 82146 333
93227 100591 341
5185 36702 324
83519 20616 351
93965 22088 351
95620 23245 351
69240 64613 312
101300 54758 351
86496 83819 320
26599 56817 340
99101 83383 333
29314 20831 308
51455 1942 324
13301 21585 279
89212 64114 351
30803 74256 340
41260 19029 324
69847 46444 340
55730 48365 340
67060 44694 340
70453 57680 335
67939 34693 340
17292 64238 340
89450 103788 341
43057 11049 324
55604 37158 340
94432 84917 333
57989 40887 340
86858 71289 351
62471 71070 330
30403 93274 351
40325 71662 340
7302 5172 262
13106 63032 340
53536 80165 351
2726 18989 279
32845 70664 340
53681 50136 340
29902 38131 324
48924 72958 340
49179 104527 351
5115 38610 324
84444 63103 351
79496 66301 351
29391 36967 324
32371 59793 340
25240 72696 340
26455 32542 308
77867 39560 351
95573 26403 351
14725 98299 351
45391 47569 314
63962 99072 351
97705 93863 328
32202 41628 324
61821 81381 351
41154 66936 340
14990 20597 279
25038 94486 351
86898 54429 351
26453 14269 282
9222 51693 324
86964 35677 351
84234 59831 351
75236 74807 307
86233 89961 333
68105 26624 340
32529 27067 285
20695 25233 282
15930 52897 340
66860 77750 351
29277 3014 308
39686 44267 306
23611 64723 340
33753 5508 308
14152 60205 340
19776 23374 274
6897 1740 262
59050 91131 351
61570 29286 340
60937 42803 340
14246 24042 282
69426 46775 340
51108 90121 351
72008 67038 325
38018 33868 324
39787 67294 340
36881 79473 351
6561 60492 340
39195 40313 306
65999 53347 335
100518 85775 341
76720 2415 340
87515 30770 351
93545 44084 351
60055 49481 340
86887 74301 351
73522 51312 340
16075 19630 279
36433 88083 351
86667 74450 351
16950 21454 279
36744 53831 340
100926 43304 351
9322 35121 311
83616 75321 351
88467 79133 333
56095 60187 322
81547 38610 351
90957 70092 351
82694 46012 351
14572 64580 340
15312 88094 351
10891 31387 308
2723 47324 324
14469 89390 351
16773 31419 308
5843 53516 340
85249 1768 351
96819 94570 328
36889 75435 340
64890 20356 340
49568 15985 324
80542 26114 351
54594 66499 335
96206 32287 351
7510 5777 262
96867 22822 351
93871 2758 351
54209 96594 351
50081 68678 340
80983 66853 351
100096 86825 333
15369 80344 351
88593 7188 351
69914 20482 340
82622 29803 351
40837 27189 324
45788 16379 324
53303 100382 351
82877 44508 351
27669 90387 351
50285 19535 324
8208 39155 324
22292 62416 340
30749 72372 340
26094 6731 282
34225 21189 308
93556 49594 351
101533 77149 341
56781 66447 335
97630 34403 351
96250 33466 351
61592 37037 340
49844 9895 324
32418 27721 285
54403 60086 322
13107 104688 351
79620 21315 351
38843 101912 351
83731 69591 351
69283 4824 340
76321 103508 351
26013 64877 340
48101 22546 324
37025 104882 351
88992 29655 351
34285 80241 351
63120 95876 351
12277 7964 268
771 44695 324
35685 55174 340
104780 48791 351
54861 79400 351
70105 93703 351
76311 48835 340
58294 40594 340
53659 29614 340
39101 79671 351
94491 87202 333
102216 26515 351
87084 86207 271
56170 16368 340
61448 14290 340
7244 73725 340
22253 8015 279
13419 57938 340
63188 13199 340
1728 13048 268
92598 71833 351
1751 63909 340
15668 60044 340
104503 69326 351
89658 38603 351
43996 79148 351
20805 41212 324
663 2889 209
22419 56832 340
19256 83866 351
71121 26500 340
52590 93374 351
34514 66009 340
46311 97702 351
79207 48039 351
5749 66805 340
14872 7500 276
25714 30539 308
67543 25216 340
99865 52201 351
63819 38860 340
26348 84623 351
80072 27011 351
87512 102490 341
83843 1768 351
81355 49964 351
28267 28945 259
38338 62781 340
94953 84649 333
55482 69160 335
27687 61231 340
30964 42559 324
68730 56678 335
73097 31273 340
81893 67962 351
83473 40711 351
1821 4821 238
20334 81893 351
31831 2845 308
79382 10674 351
4613 55737 340
60637 32879 340
84681 98974 333
95660 74634 351
78622 46142 351
38793 1309 324
2372 69757 340
43867 71102 340
21435 11964 279
102374 103327 310
79925 80847 320
39037 81746 351
85667 59371 351
58638 12497 340
62216 33020 340
23170 66828 340
88756 83807 333
99707 68437 351
77780 90366 338
38071 51401 314
31508 76863 340
52710 33880 340
41620 96576 351
104981 63054 351
3540 102355 351
61381 83464 351
78201 100418 341
60210 58867 317
54788 13848 340
71364 12004 340
46867 94534 351
78831 30622 351
73340 73537 294
99059 46120 351
58903 32129 340
97521 90410 333
3992 45230 324
19290 45612 324
36806 19270 324
3666 40346 324
16625 65046 340
18810 94826 351
60463 79019 351
48693 10251 324
92866 15056 351
22254 34733 311
4590 101084 351
65355 77930 351
69621 59413 335
19050 23523 274
91541 11570 351
8933 95532 351
56800 28222 340
36144 93606 351
47492 39809 314
28951 64117 340
104854 47760 351
53942 60317 322
21778 102634 351
70567 9644 340
12690 92820 351
44376 17279 324
88904 4730 351
95209 53524 351
64142 9258 340
77047 50683 351
20828 85980 351
41215 77627 351
9202 77358 351
66232 56693 335
12166 95182 351
15809 12020 276
37942 69751 340
72336 59719 335
67384 37903 340
69363 80073 351
25722 8738 282
97352 9626 351
13468 87560 351
63150 77610 351
96818 35196 351
23292 12645 279
16176 64507 340
90271 25377 351
36864 51503 314
82070 49030 351
41685 97878 351
61050 79626 351
62629 28386 340
34345 25012 311
66288 103707 351
85 92010 351
7445 97437 351
101635 20912 351
79997 59784 351
98522 71814 351
94980 16814 351
84458 6155 351
81320 69729 351
31531 13184 308
16232 8600 276
62214 57916 335
1478 18263 279
32542 64106 340
46648 66886 340
89118 7936 351
65593 89203 351
99945 73037 351
81639 96579 333
93949 56635 351
51363 87471 351
23448 41342 324
104284 2906 351
47497 80603 351
72635 79027 351
93787 88866 333
87627 51000 351
41782 89104 351
69263 74323 325
48210 10910 324
36208 32328 324
18846 101801 351
16530 13790 271
69838 98169 351
5369 58787 340
49803 56732 340
41257 73251 340
98073 40540 351
76157 40570 340
16142 43791 324
14596 4929 276
27657 102223 351
55928 69438 335
86327 20190 351
38760 29536 324
31100 74968 340
61864 49945 340
71768 78393 351
63735 36605 340
71561 69103 325
95391 16364 351
20834 31648 308
89615 13907 351
72187 60771 335
54476 88329 351
104562 69072 351
93257 27218 351
66294 44184 340
96655 47621 351
64374 30414 340
77157 95473 338
382 34020 308
40418 72149 340
7413 104152 351
3754 78974 351
68254 99145 351
95337 89088 333
25792 79952 351
102994 97979 341
35722 52470 314
81307 35284 351
16541 69564 340
62501 82835 351
8747 54156 340
25455 73121 340
84570 102611 341
63593 84951 351
31631 104010 351
52100 39043 314
103162 55854 351
13016 66415 340
49998 3352 324
50503 75790 340
83303 48497 351
68768 14025 340
100966 45075 351
49308 12507 324
9638 6809 260
95342 18385 351
60964 15797 340
91505 40533 351
13408 50098 324
20484 45038 324
49107 72583 340
84080 47268 351
23436 97095 351
8683 73434 340
100447 59185 351
44224 78750 351
2681 7992 262
92775 103647 341
53066 37083 340
11153 62704 340
43891 1495 324
81088 104855 341
17291 67592 340
40388 30698 324
12689 60871 340
75735 61796 330
28453 54815 340
4064 51889 324
46910 12747 324
20323 42357 324
71932 64546 325
16106 74613 340
72538 3881 340
73259 20603 340
40963 84412 351
83307 84854 320
85906 59394 351
84708 103197 341
21986 20096 269
28894 34675 311
80966 104629 341
96471 4419 351
54443 100535 351
56308 101353 351
8281 76630 340
38709 80213 351
36176 54814 340
49825 3713 324
58695 18084 340
24316 99657 351
102495 2622 351
79510 83401 320
62015 59218 335
81597 84001 320
79313 5491 351
13676 55279 340
5119 5146 148
59697 59562 273
681 11004 268
55914 8961 340
87634 94622 333
89173 18809 351
44436 33998 324
22521 103130 351
52081 46836 314
97787 49575 351
49458 72297 340
27976 6472 308
26515 4572 282
90473 828 351
10063 104149 351
56106 15181 340
4294 10803 262
74743 4975 340
21806 25657 282
13935 4439 276
15279 103108 351
23248 59714 340
32105 45768 324
57844 84186 351
92604 50631 351
28761 37061 324
17927 56736 340
43533 44442 270
61308 29006 340
45269 71370 340
28154 101374 351
86551 32448 351
7176 56293 340
37422 28982 324
81949 51357 351
33421 97227 351
49465 56668 340
51941 81570 351
102436 4785 351
60755 90040 351
55415 89515 351
22101 73342 340
41250 65633 340
12783 102557 351
94639 58051 351
68927 17792 340
54425 50477 340
50239 61601 340
1769 87661 351
90582 83718 333
34017 19003 308
75945 83482 351
75671 22885 340
60051 73106 335
27669 15805 308
58146 83084 351
319 80246 351
51425 41568 314
40879 64208 340
39125 30517 324
17258 3052 276
48309 71682 340
53528 98548 351
28283 55297 340
81208 13864 351
34014 10225 308
32867 4959 308
93706 3537 351
27843 48756 324
76643 55512 335
64560 29788 340
33596 64878 340
5033 85020 351
1446 45912 324
44228 40571 288
76428 61485 330
43622 19736 324
28167 97150 351
13283 56449 340
47446 94491 351
70313 81460 351
104715 103179 310
86418 93421 333
1715 9261 262
37176 78357 351
64773 101736 351
3145 98368 351
61614 8178 340
78388 63060 351
54089 17615 340
103631 25517 351
79100 42252 351
45253 2266 324
34402 58536 340
58715 81847 351
48026 24028 324
58307 47741 340
22206 39725 324
36161 23921 324
48985 73337 340
102278 8757 351
70073 422 340
2125 26686 308
