1 1 1
7 7 17
1000 1000 112
484 252 144
552 96 144
408 561 142
244 176 128
422 938 179
455 510 142
547 432 142
899 943 174
32 285 128
148 107 122
16 922 179
897 401 179
460 185 144
908 268 179
538 65 144
26 742 171
602 648 132
714 643 171
99 177 125
740 266 171
17 728 171
91 89 93
577 321 144
357 23 144
187 211 120
715 23 171
23 723 171
735 243 171
762 576 171
100 407 144
398 960 179
103 234 128
484 732 171
940 415 179
114 151 122
405 211 144
644 785 171
797 218 171
823 577 171
246 236 97
962 871 179
231 412 144
441 214 144
137 715 171
81 962 179
439 365 134
608 841 171
600 239 144
4 28 112
459 834 171
764 629 171
793 295 171
319 767 171
515 751 171
126 198 125
626 517 137
644 235 144
581 72 144
882 453 179
467 186 144
78 998 179
54 5 113
884 246 179
775 155 171
60 906 179
418 103 144
917 874 148
863 841 148
976 582 179
779 841 135
913 463 179
611 424 142
981 636 179
835 814 135
588 524 137
245 828 171
317 851 171
431 994 179
919 304 179
420 234 144
756 291 171
276 688 145
936 791 179
955 869 179
653 63 145
567 98 144
311 90 128
542 831 171
265 230 128
879 16 179
131 364 144
39 765 171
579 160 144
21 3 21
627 948 179
164 139 117
197 231 128
42 685 145
345 687 145
638 356 142
509 137 144
776 773 153
609 708 171
357 250 144
185 39 125
251 628 144
220 755 171
981 439 179
605 548 137
105 680 145
335 447 134
508 620 137
335 219 144
283 774 171
276 162 128
171 560 144
921 249 179
268 11 128
447 387 134
986 183 179
950 788 179
191 353 144
201 366 144
210 134 125
905 108 179
811 658 171
791 88 171
281 691 145
18 73 116
906 724 179
327 15 144
770 110 171
766 708 153
619 463 142
111 338 144
586 437 142
885 789 179
68 516 144
307 628 144
414 229 144
955 605 179
621 80 144
314 67 131
270 248 123
961 793 179
424 461 129
355 796 171
569 916 179
979 388 179
825 760 153
349 571 142
706 952 179
285 588 144
186 557 144
122 132 122
349 545 142
435 855 171
943 18 179
55 196 125
470 15 144
75 992 179
807 156 171
328 711 171
883 248 179
31 251 128
600 311 144
57 308 128
831 826 135
119 369 144
962 933 174
268 413 144
830 111 171
540 634 137
541 124 144
967 767 179
747 105 171
589 189 144
814 778 135
635 129 144
887 182 179
236 302 123
572 739 171
169 229 125
205 574 144
539 25 144
956 402 179
976 638 179
60 627 144
840 969 179
414 83 144
877 107 179
728 743 140
193 241 128
301 449 144
817 883 179
685 544 145
68 581 144
568 959 179
456 623 142
212 688 145
258 40 128
359 687 145
122 940 179
267 617 144
938 180 179
89 428 144
236 314 131
676 17 145
969 937 174
267 755 171
906 820 179
527 936 179
493 988 179
148 208 125
200 15 125
563 771 171
900 873 148
500 128 144
614 196 144
588 274 144
175 856 171
874 50 179
48 806 171
320 872 179
654 337 145
843 914 179
602 695 145
500 576 137
870 314 171
118 525 144
279 377 144
72 601 144
605 360 142
120 182 125
968 951 143
265 681 145
48 344 144
989 640 179
974 813 179
233 430 144
391 119 144
601 815 171
790 738 153
329 353 126
859 293 171
450 276 144
64 175 125
495 57 144
273 227 128
557 64 144
577 698 145
448 846 171
791 370 171
256 457 144
448 345 134
552 672 145
339 345 126
673 183 145
769 602 171
569 404 142
266 16 128
452 356 134
711 533 171
694 209 145
390 789 171
452 236 144
20 768 171
434 172 144
903 321 179
387 61 144
914 768 179
568 313 144
522 486 142
752 158 171
108 74 119
928 835 179
495 973 179
653 743 171
222 502 144
518 956 179
79 599 144
63 434 144
241 142 128
65 118 119
421 169 144
227 361 144
989 3 179
430 310 144
637 819 171
630 761 171
649 183 145
409 672 145
915 937 174
958 835 179
679 470 145
210 244 128
295 94 128
593 993 179
853 759 153
247 37 128
103 412 144
376 987 179
974 316 179
643 52 144
751 296 171
938 320 179
986 263 179
955 271 179
206 248 128
707 169 171
273 832 171
191 725 171
428 5 144
957 224 179
77 875 179
138 804 171
66 283 128
212 211 40
326 834 171
751 547 171
217 687 145
656 992 179
688 808 171
558 754 171
769 36 171
5 576 144
13 282 128
795 468 171
620 380 142
998 688 179
876 435 179
561 186 144
112 409 144
159 647 144
281 765 171
132 200 125
938 881 174
22 388 144
418 631 142
463 861 171
174 616 144
266 361 144
546 402 142
573 186 144
697 164 145
903 142 179
803 593 171
841 309 171
647 401 142
486 25 144
2 273 128
993 938 143
766 950 179
294 556 144
793 18 171
417 449 134
437 245 144
571 160 144
728 796 153
358 605 142
13 41 112
702 276 145
936 879 148
439 183 144
724 308 171
826 37 171
857 351 171
677 756 171
69 744 171
568 227 144
57 252 128
445 357 134
826 335 171
511 597 137
404 315 144
557 537 137
509 352 142
498 362 142
867 374 171
337 598 142
82 701 145
463 150 144
495 853 171
605 274 144
331 904 179
345 294 144
241 393 144
721 969 179
783 590 171
533 251 144
583 878 179
405 246 144
584 195 144
507 842 171
535 82 144
457 69 144
347 871 179
501 452 142
103 301 128
584 626 132
137 179 125
733 962 179
386 841 171
446 919 179
859 66 171
157 762 171
407 50 144
406 921 179
234 199 128
489 804 171
346 259 144
647 955 179
834 945 179
671 685 127
263 786 171
849 153 171
219 931 179
842 313 171
912 42 179
431 444 116
806 527 171
712 420 171
869 11 171
606 572 119
666 612 145
639 344 142
179 906 179
588 937 179
7 282 128
884 471 179
110 365 144
938 895 174
93 944 179
303 656 145
549 203 144
514 391 142
34 810 171
403 460 134
560 26 144
403 715 171
757 637 171
516 333 142
95 20 116
868 455 171
368 645 142
775 424 171
859 964 179
523 357 142
298 83 128
116 677 145
210 329 144
856 44 171
812 704 153
422 179 144
502 610 137
168 40 122
6 88 116
348 183 144
452 670 145
30 77 116
542 940 179
943 358 179
983 989 143
924 115 179
738 686 171
57 804 171
700 551 145
892 842 179
255 109 128
146 257 128
490 307 144
18 520 144
295 690 145
27 324 131
605 37 144
323 978 179
222 995 179
374 822 171
293 792 171
174 48 125
914 199 179
348 600 142
425 449 116
973 290 179
756 336 171
205 562 144
304 280 118
10 256 128
978 714 179
390 565 142
785 58 171
298 605 144
443 465 129
967 939 143
487 856 171
181 445 144
795 378 171
997 846 179
825 437 171
180 975 179
168 136 117
642 460 142
212 278 128
854 642 171
985 829 179
163 805 171
920 42 179
427 135 144
112 118 34
375 623 142
211 120 125
191 316 131
55 387 144
686 987 179
315 995 179
444 606 142
602 635 132
218 143 125
431 603 142
1 504 144
258 766 171
146 311 128
91 767 171
879 671 179
81 907 179
151 916 179
96 817 171
208 839 171
226 798 171
875 171 179
959 641 179
97 240 128
343 203 144
407 892 179
624 278 144
410 257 144
640 301 144
132 170 117
55 412 144
910 133 179
256 158 128
192 102 125
84 327 144
270 676 145
561 920 179
638 198 144
725 854 153
472 82 144
628 813 171
147 267 128
528 22 144
832 36 171
811 143 171
676 177 145
318 800 171
915 768 179
465 768 171
464 184 144
659 643 145
898 466 179
584 9 144
118 509 144
225 475 144
268 17 128
507 994 179
860 934 179
234 665 145
945 271 179
453 446 116
330 898 179
490 657 145
339 93 144
150 105 122
317 123 131
631 762 171
265 871 179
889 223 179
852 649 171
559 164 144
353 670 145
317 401 144
725 180 171
165 525 144
832 269 171
791 65 171
730 275 171
189 602 144
399 634 142
909 178 179
632 522 137
134 126 122
640 748 171
7 807 171
986 729 179
167 570 144
624 2 144
994 770 179
995 851 179
826 142 171
70 859 171
442 842 171
283 129 128
424 654 145
27 770 171
811 12 171
355 22 144
57 340 144
901 486 179
779 141 171
842 791 135
407 894 179
682 138 145
343 818 171
790 278 171
208 979 179
310 719 171
77 111 119
571 808 171
179 428 144
418 856 171
237 131 128
952 872 174
355 751 171
911 17 179
436 862 171
874 122 179
524 194 144
20 891 179
510 413 142
969 122 179
502 645 137
205 449 144
873 444 179
377 181 144
937 909 174
942 424 179
975 211 179
372 864 171
744 200 171
659 425 145
536 370 142
489 248 144
258 451 144
203 555 144
490 151 144
233 771 171
899 775 179
342 589 142
494 419 142
287 462 144
302 341 144
377 201 144
109 272 128
685 259 145
661 21 145
353 286 144
278 131 128
42 435 144
607 978 179
136 317 131
345 813 171
294 21 128
193 669 145
598 579 119
912 782 179
128 629 144
71 784 171
73 951 179
811 988 179
516 946 179
393 349 126
241 700 145
633 243 144
723 627 171
241 185 128
70 801 171
542 205 144
947 637 179
762 618 171
723 432 171
487 438 142
616 378 142
423 791 171
464 760 171
799 220 171
131 348 144
787 959 179
322 836 171
816 811 135
680 618 145
436 12 144
77 303 128
558 366 142
296 212 128
498 266 144
554 623 132
53 247 128
429 279 144
443 653 145
494 592 137
5 622 144
734 770 153
839 406 171
605 517 137
107 76 119
69 304 128
325 112 131
171 638 144
185 126 125
778 448 171
372 136 144
719 299 171
482 875 179
670 833 171
678 923 179
851 402 171
566 425 142
464 207 144
989 504 179
97 809 171
196 556 144
467 22 144
242 21 128
279 530 144
21 674 145
86 352 144
543 474 142
385 490 142
126 963 179
805 766 153
468 880 179
656 987 179
61 463 144
693 601 145
118 958 179
179 6 125
605 247 144
237 364 144
558 603 119
688 83 145
71 196 125
105 635 144
968 946 143
25 969 179
229 511 144
943 111 179
430 149 144
928 542 179
469 536 142
91 242 128
602 636 132
808 395 171
926 549 179
669 321 145
307 577 144
388 609 142
351 36 144
672 443 145
61 801 171
720 123 171
72 21 113
201 877 179
499 919 179
60 89 116
223 914 179
716 125 171
436 157 144
526 238 144
966 195 179
402 432 134
644 155 144
260 33 128
92 493 144
496 980 179
645 945 179
588 475 142
654 73 145
13 685 145
61 841 171
953 485 179
515 105 144
31 319 131
486 202 144
424 634 142
796 264 171
533 492 124
918 693 179
404 836 171
512 792 171
43 129 122
325 180 131
741 358 171
750 450 171
798 726 153
336 553 142
571 765 171
958 877 174
475 340 134
492 392 142
590 363 142
410 100 144
953 667 179
867 843 148
540 762 171
991 827 179
85 448 144
429 736 171
827 831 135
267 534 144
666 835 171
840 948 179
353 157 144
189 502 144
496 654 145
122 209 125
625 610 132
650 548 145
572 376 142
580 96 144
669 550 145
355 581 142
304 104 128
187 185 45
927 671 179
872 825 179
501 547 137
407 318 144
534 492 124
753 415 171
849 438 171
297 954 179
336 456 134
34 607 144
915 757 179
438 90 144
229 963 179
868 373 171
166 35 122
249 711 171
741 749 96
551 237 144
769 413 171
180 844 171
127 207 125
706 897 179
966 674 179
623 793 171
4 962 179
789 718 153
765 163 171
901 435 179
858 589 171
480 417 134
54 713 171
926 775 179
472 366 134
342 54 144
267 526 144
728 572 171
393 69 144
676 324 145
613 396 142
349 447 134
977 194 179
843 635 171
72 634 144
654 217 145
925 190 179
182 800 171
816 230 171
298 797 171
489 643 142
797 473 171
66 975 179
37 333 144
728 971 179
847 607 171
282 677 145
796 679 171
730 460 171
383 481 134
205 995 179
486 612 142
105 765 171
588 779 171
790 514 171
773 670 171
815 443 171
42 668 145
975 554 179
703 331 171
640 418 142
278 514 144
213 772 171
471 456 129
389 800 171
893 312 179
541 199 144
439 818 171
754 788 153
299 9 128
168 154 112
882 736 179
164 283 128
880 379 179
769 885 179
108 77 119
391 176 144
73 788 171
257 334 144
66 333 144
727 174 171
272 309 118
538 904 179
589 737 171
279 986 179
898 929 130
416 430 134
816 983 179
786 256 171
698 500 145
26 960 179
306 87 128
397 620 142
380 10 144
854 282 171
332 212 144
70 817 171
661 104 145
991 349 179
725 86 171
604 55 144
448 157 144
680 506 145
598 975 179
689 708 171
704 985 179
241 551 144
798 179 171
841 668 171
310 679 145
45 375 144
373 158 144
373 818 171
417 588 142
618 756 171
14 121 119
861 387 171
178 276 128
971 107 179
902 282 179
763 722 153
887 397 179
977 32 179
945 476 179
791 450 171
738 307 171
77 873 179
274 281 92
488 71 144
943 81 179
793 974 179
590 679 145
662 683 145
143 804 171
408 893 179
242 542 144
469 793 171
319 708 171
93 687 145
763 746 153
252 116 128
900 416 179
246 262 123
870 842 148
261 333 144
92 945 179
314 975 179
600 594 119
338 518 142
505 249 144
930 881 148
799 376 171
375 402 121
485 757 171
410 857 171
537 375 142
383 44 144
892 522 179
10 762 171
938 688 179
687 669 127
347 513 142
610 211 144
838 77 171
492 346 142
342 822 171
