1 10 20
100 200 125
201 210 89
900 1000 174
453 93 144
244 124 128
356 999 179
862 705 153
201 393 144
209 31 125
632 588 132
787 328 171
351 150 144
222 686 145
670 239 145
672 371 145
531 16 144
539 286 144
113 270 128
545 420 142
298 74 128
957 572 179
165 418 144
296 693 145
791 503 171
280 258 123
177 387 144
720 922 179
814 112 171
563 234 144
9 975 179
270 470 144
416 288 144
572 381 142
191 225 120
515 952 179
929 341 179
551 817 171
920 426 179
63 319 131
482 784 171
249 354 144
255 939 179
247 499 144
419 95 144
916 412 179
449 527 142
636 271 144
545 534 137
731 10 171
937 84 179
821 459 171
427 683 145
10 389 144
896 487 179
560 881 179
801 168 171
471 216 144
287 788 171
591 44 144
557 633 132
520 514 124
472 290 144
506 83 144
166 150 112
904 481 179
93 265 128
780 842 135
632 401 142
33 934 179
759 107 171
428 139 144
975 946 143
320 214 131
448 292 144
461 526 142
698 195 145
5 593 144
270 353 144
18 16 21
473 236 144
109 83 119
508 186 144
25 314 131
165 88 122
197 512 144
871 864 179
68 66 28
935 116 179
261 454 144
301 890 179
742 157 171
74 347 144
221 985 179
82 351 144
926 505 179
158 439 144
650 571 145
217 907 179
350 219 144
558 350 142
972 760 179
178 347 144
408 939 179
673 178 145
351 961 179
917 711 179
685 103 145
684 356 145
330 104 144
531 209 144
468 557 142
779 654 171
335 445 134
672 91 145
223 78 125
367 183 144
816 675 171
838 768 153
552 25 144
791 66 171
735 870 153
591 831 171
810 61 171
465 27 144
109 677 145
95 827 171
707 263 171
719 472 171
83 818 171
985 490 179
21 337 144
293 578 144
354 419 134
837 100 171
857 320 171
380 364 108
138 957 179
369 963 179
237 848 171
657 757 171
908 368 179
540 561 137
771 878 179
145 856 171
271 648 144
662 412 145
246 246 48
286 517 144
257 923 179
267 513 144
209 810 171
455 316 144
609 434 142
81 765 171
392 438 134
537 444 142
949 676 179
203 101 125
657 149 145
41 709 171
125 556 144
174 657 145
337 260 144
876 626 179
388 153 144
958 186 179
749 319 171
115 337 144
426 315 144
540 778 171
154 487 144
593 198 144
72 790 171
337 653 145
15 25 24
259 634 144
36 654 145
956 236 179
455 154 144
74 266 128
140 314 131
328 164 144
869 312 171
451 600 142
81 966 179
304 443 144
927 554 179
432 669 145
764 343 171
611 272 144
310 455 144
677 61 145
880 381 179
266 484 144
650 400 145
447 178 144
818 986 179
601 877 179
149 939 179
150 202 125
581 923 179
821 699 171
727 903 179
569 901 179
397 687 145
967 213 179
166 819 171
122 271 128
934 867 179
1 17 20
612 377 142
927 293 179
676 903 179
33 913 179
198 354 144
547 62 144
17 353 144
275 63 128
953 186 179
910 279 179
916 123 179
582 578 119
224 418 144
785 43 171
214 331 144
652 789 171
158 714 171
756 612 171
408 621 142
108 155 122
263 871 179
520 770 171
169 672 145
733 431 171
472 130 144
22 101 119
376 208 144
482 976 179
604 334 142
101 400 144
825 790 135
959 199 179
854 870 148
657 10 145
925 474 179
787 847 135
110 164 122
672 292 145
403 782 171
386 928 179
859 383 171
37 653 145
918 439 179
611 528 137
901 877 148
207 676 145
179 65 125
798 533 171
94 253 128
275 274 92
746 235 171
211 170 125
502 551 137
986 671 179
194 983 179
522 537 124
223 34 125
933 510 179
899 214 179
589 475 142
378 163 144
63 36 113
386 926 179
552 210 144
22 412 144
376 816 171
723 426 171
268 694 145
457 387 134
716 102 171
952 96 179
991 817 179
97 151 122
386 757 171
539 148 144
130 139 91
949 679 179
766 268 171
488 364 142
693 397 145
809 777 122
678 223 145
982 21 179
546 82 144
318 764 171
586 471 142
51 158 122
527 625 137
567 449 142
422 844 171
73 184 125
217 887 179
692 378 145
128 722 171
846 918 179
203 833 171
838 977 179
565 712 171
991 894 174
693 683 127
999 941 143
964 994 143
472 838 171
668 343 145
983 642 179
231 784 171
283 37 128
203 119 125
14 842 171
303 427 144
516 272 144
586 679 145
678 608 145
441 175 144
87 917 179
802 176 171
357 313 144
791 54 171
222 138 125
647 300 144
944 344 179
675 32 145
840 637 171
712 3 171
640 174 144
794 732 153
763 66 171
459 344 134
42 691 145
769 926 179
102 295 128
289 515 144
226 725 171
238 160 128
851 705 153
952 38 179
920 87 179
588 304 144
508 443 142
356 402 121
227 16 125
168 112 122
77 481 144
436 854 171
278 360 144
704 794 153
880 554 179
489 74 144
586 213 144
277 921 179
452 737 171
69 328 144
827 951 179
285 801 171
503 819 171
353 463 134
650 608 145
311 336 144
755 406 171
793 617 171
801 726 153
96 120 119
469 263 144
971 646 179
256 192 128
363 320 144
942 718 179
649 124 145
977 63 179
467 28 144
52 705 171
186 74 125
489 688 145
639 268 144
241 638 144
32 725 171
814 489 171
437 724 171
468 519 142
373 639 142
650 495 145
270 293 118
311 666 145
778 206 171
992 514 179
231 67 128
212 89 125
832 955 179
864 170 171
857 976 179
910 847 179
882 579 179
632 153 144
875 466 179
196 234 128
433 471 129
103 544 144
1 636 144
221 136 125
71 224 125
907 594 179
119 572 144
179 484 144
853 109 171
92 397 144
972 53 179
722 245 171
426 193 144
749 430 171
428 44 144
801 595 171
633 987 179
79 721 171
982 96 179
740 534 171
529 50 144
828 371 171
197 31 125
541 831 171
19 342 144
940 190 179
418 144 144
448 73 144
526 117 144
248 875 179
984 191 179
917 738 179
276 998 179
973 712 179
759 805 153
962 406 179
121 741 171
295 360 144
332 923 179
850 429 171
470 976 179
662 833 171
312 527 144
726 64 171
596 978 179
773 578 171
612 922 179
505 835 171
350 657 145
306 563 144
174 388 144
612 333 142
861 155 171
982 847 179
618 607 132
939 366 179
319 810 171
87 528 144
329 581 142
105 145 122
575 812 171
985 497 179
788 915 179
357 323 144
486 790 171
712 824 153
905 67 179
360 914 179
132 736 171
791 949 179
422 632 142
383 201 144
728 255 171
24 319 131
616 959 179
266 641 144
173 98 125
383 309 144
254 789 171
9 390 144
130 316 131
480 43 144
157 534 144
832 878 179
734 146 171
272 878 179
257 216 128
772 714 153
357 484 134
765 580 171
457 808 171
655 186 145
228 148 125
21 793 171
809 740 153
526 958 179
821 153 171
943 717 179
891 817 179
881 341 179
780 753 153
793 225 171
795 346 171
427 429 103
737 830 153
857 535 171
232 86 128
421 826 171
519 242 144
176 206 120
514 120 144
642 69 144
215 352 144
184 121 125
108 268 128
383 278 144
8 334 144
739 568 171
976 869 179
616 532 137
9 805 171
35 580 144
81 724 171
523 254 144
459 426 129
424 283 144
429 671 145
107 559 144
51 200 125
565 890 179
47 390 144
881 373 179
489 536 142
872 915 148
174 410 144
508 600 137
790 929 179
603 203 144
318 971 179
161 301 128
139 417 144
689 749 171
413 638 142
486 415 134
101 182 125
329 553 142
177 936 179
293 147 128
146 669 145
126 663 145
677 377 145
530 112 144
47 424 144
676 138 145
980 621 179
911 996 174
805 630 171
172 183 94
148 97 122
293 25 128
949 283 179
800 984 179
646 105 144
71 584 144
343 966 179
365 136 144
301 501 144
442 98 144
464 750 171
410 303 144
424 451 116
868 890 179
323 451 144
459 26 144
592 530 137
801 2 171
868 984 179
759 319 171
616 322 144
504 563 137
93 69 116
503 490 142
198 47 125
809 332 171
882 225 179
905 370 179
735 674 171
567 181 144
689 76 145
508 653 145
644 954 179
910 282 179
459 285 144
689 158 145
751 180 171
46 77 116
285 119 128
434 415 134
342 721 171
223 567 144
996 110 179
549 879 179
735 671 171
876 476 179
727 170 171
71 98 119
753 55 171
923 43 179
484 181 144
64 82 116
706 3 171
611 902 179
190 221 120
934 598 179
211 227 115
956 734 179
15 499 144
83 222 125
926 697 179
585 66 144
268 931 179
811 43 171
618 820 171
173 582 144
748 323 171
175 724 171
458 688 145
304 406 144
565 889 179
656 148 145
124 795 171
833 84 171
67 331 144
359 2 144
744 988 179
667 94 145
273 773 171
579 947 179
348 988 179
825 831 135
989 743 179
208 632 144
12 330 144
568 943 179
394 540 142
722 978 179
543 740 171
682 823 171
194 319 131
704 404 171
952 416 179
502 364 142
28 526 144
248 391 144
289 650 145
102 667 145
938 969 143
605 991 179
381 41 144
607 393 142
443 470 129
957 484 179
751 860 153
339 207 144
112 452 144
41 249 128
313 447 144
909 448 179
430 656 145
820 46 171
987 904 174
710 655 171
38 756 171
569 521 137
292 753 171
126 602 144
214 445 144
69 316 131
143 605 144
493 413 142
109 204 125
118 523 144
148 433 144
695 791 171
522 884 179
873 145 179
522 714 171
720 101 171
358 876 179
832 486 171
852 57 171
516 758 171
261 897 179
783 587 171
467 409 134
894 365 179
860 159 171
757 135 171
209 951 179
151 928 179
911 906 55
394 870 171
586 157 144
441 212 144
436 975 179
468 625 142
896 42 179
216 785 171
428 567 142
172 257 128
144 280 128
621 147 144
439 844 171
551 275 144
4 696 145
149 105 122
821 309 171
345 769 171
4 948 179
497 672 145
930 939 174
372 182 144
343 242 144
222 98 125
411 555 142
572 913 179
488 323 144
914 870 179
902 220 179
358 856 171
487 618 142
265 216 128
112 464 144
400 882 179
107 856 171
104 215 125
402 765 171
656 33 145
698 417 145
412 900 179
927 752 179
966 477 179
253 599 144
165 576 144
924 45 179
649 817 171
436 771 171
310 333 144
807 957 179
627 382 142
196 947 179
684 905 179
190 249 128
342 205 144
625 654 145
66 559 144
8 454 144
173 584 144
732 215 171
514 966 179
331 39 144
796 205 171
819 113 171
827 105 171
679 347 145
720 347 171
898 276 179
967 944 143
694 813 171
798 760 153
176 362 144
321 936 179
103 866 171
675 153 145
557 357 142
196 268 128
227 63 125
841 589 171
239 391 144
329 128 144
219 207 115
41 966 179
449 373 134
364 558 142
178 390 144
670 305 145
709 527 171
366 497 142
53 662 145
400 359 121
752 494 171
78 966 179
538 528 124
619 687 145
198 362 144
297 64 128
343 338 126
759 3 171
503 713 171
973 941 143
76 606 144
189 570 144
89 138 122
331 940 179
407 929 179
118 774 171
652 19 145
713 585 171
754 173 171
339 636 142
938 163 179
2 64 113
25 123 119
181 523 144
337 151 144
140 18 122
439 364 134
993 4 179
382 51 144
539 706 171
812 92 171
280 368 144
915 775 179
956 629 179
805 612 171
542 437 142
316 15 131
175 70 125
564 722 171
327 710 171
408 750 171
856 977 179
548 876 179
727 52 171
59 617 144
858 462 171
102 50 119
551 578 137
570 707 171
167 29 122
663 759 171
367 498 142
585 873 179
558 413 142
419 731 171
454 339 134
328 633 142
165 897 179
412 732 171
180 617 144
176 836 171
35 350 144
609 860 171
550 761 171
993 509 179
965 241 179
501 209 144
350 542 142
157 988 179
529 845 171
287 774 171
344 396 126
611 318 144
488 892 179
99 896 179
8 239 128
931 352 179
466 396 134
994 881 174
447 319 144
979 682 179
969 378 179
14 889 179
192 941 179
508 176 144
822 641 171
479 94 144
304 574 144
81 980 179
979 307 179
633 378 142
981 514 179
878 923 148
822 738 153
385 546 142
294 321 131
75 238 128
393 926 179
731 787 153
652 779 171
993 312 179
88 351 144
719 555 171
55 45 113
262 553 144
680 684 127
547 624 137
54 155 122
262 368 144
914 557 179
710 22 171
285 503 144
53 759 171
664 717 171
310 456 144
416 751 171
246 397 144
559 539 137
14 692 145
760 253 171
34 403 144
525 174 144
537 930 179
911 700 179
552 540 137
902 296 179
991 537 179
807 759 153
39 940 179
74 176 125
797 842 135
761 811 153
302 161 128
381 573 142
28 393 144
748 180 171
930 42 179
176 884 179
169 965 179
244 708 171
85 974 179
136 122 122
604 310 144
587 511 137
238 242 97
92 41 116
311 832 171
115 253 128
869 625 171
742 868 153
992 629 179
464 41 144
736 84 171
803 178 171
640 168 144
565 15 144
673 339 145
390 509 142
89 221 125
458 9 144
875 966 174
599 670 145
617 111 144
723 90 171
849 491 171
954 44 179
671 314 145
752 633 171
193 835 171
469 716 171
349 386 126
579 467 142
120 425 144
844 581 171
406 561 142
736 918 179
43 127 119
664 652 145
663 583 145
142 675 145
670 80 145
376 161 144
122 752 171
400 614 142
882 97 179
827 907 179
396 508 142
550 341 142
437 943 179
439 782 171
81 136 122
709 267 171
667 854 171
47 430 144
795 420 171
892 224 179
477 119 144
22 29 112
704 401 171
261 641 144
797 402 171
12 172 125
553 935 179
726 646 171
942 264 179
745 390 171
881 536 179
539 472 142
