89325 98461 333
50422 15249 324
76021 7949 340
15832 56667 340
45683 64682 340
8846 13887 276
41982 53558 340
41380 3021 324
73501 9900 340
8933 55782 340
49871 70630 340
32630 49400 324
78804 80089 307
67695 45674 340
85563 70395 351
62231 82483 351
54632 80933 351
87963 78022 338
35009 79699 351
70858 2407 340
726 27176 308
2128 49697 324
44715 63630 340
97197 85552 333
26692 96891 351
63378 72665 330
30060 99887 351
69879 71770 325
99329 76506 351
83195 79900 320
25311 73338 340
11641 27749 308
30439 96450 351
43236 77738 351
67244 20791 340
24351 14081 282
92571 51124 351
69116 41780 340
19140 5165 279
61678 60850 335
62185 57264 335
93004 27967 351
16386 41415 324
15781 33804 308
30826 54394 340
17115 46561 324
26889 37970 324
90046 27895 351
89375 37017 351
1158 35234 311
23178 49084 324
35595 43852 324
34996 16722 311
41764 94013 351
43229 91094 351
69275 43189 340
64832 49136 340
98922 40316 351
56868 73651 335
45524 4240 324
88577 46911 351
72482 68382 325
50765 60070 340
15224 68685 340
87939 57900 351
36436 17491 324
56782 51847 340
75650 80267 351
40055 53638 340
97311 94046 328
64425 47694 340
17800 23390 274
35741 68704 340
19965 93938 351
327 26422 282
42072 63371 340
17788 82860 351
18276 35030 311
33087 10299 308
64444 57258 335
60998 50752 340
25346 29313 308
21837 91324 351
32024 46755 324
15319 29396 308
96318 26813 351
96317 89849 333
77736 37201 351
9397 97186 351
64923 20903 340
12127 61973 340
78341 31937 351
7438 75749 340
22102 41261 324
81330 57044 351
4639 275 238
49502 50778 296
44869 56174 340
20891 78430 351
43745 78136 351
86088 7265 351
32535 70877 340
57836 63418 335
49489 94321 351
32762 38267 324
21272 89086 351
64448 9491 340
67983 79766 351
61644 35021 340
14635 80711 351
34330 49302 324
84819 70220 351
95679 88956 333
31824 65472 340
75755 56401 335
47024 45901 283
46015 97231 351
25694 90531 351
15051 85846 351
2838 26244 282
21154 84080 351
29415 52155 324
765 629 171
48617 86797 351
90472 61418 351
33336 37161 324
63117 66821 330
69037 21177 340
34971 58187 340
14903 55162 340
3506 3515 150
4155 43271 324
98094 45667 351
42469 45329 314
16430 41296 324
47978 96620 351
45280 20739 324
46012 50563 314
62283 42174 340
19209 20332 274
94744 48159 351
85360 13205 351
36125 61091 340
37248 25469 324
6407 93676 351
75887 79040 351
12132 31293 308
42996 4555 324
40427 85378 351
42147 9837 324
99880 53900 351
90658 61262 351
60456 80666 351
29420 61977 340
35741 73363 340
6113 31957 308
15566 15312 240
84071 92882 333
57919 79959 351
39298 14494 324
59704 16289 340
45388 37655 314
85332 81661 320
96049 15098 351
44232 22446 324
68681 27163 340
56782 31887 340
49714 76206 340
34286 34455 236
94090 17185 351
63176 7512 340
3398 66924 340
47040 929 324
90290 7105 351
72294 34019 340
69638 2046 340
48097 71920 340
64257 93026 351
54263 37823 340
66468 73787 325
92987 67117 351
173 23645 282
500 24413 282
60591 55407 322
32870 44000 324
17898 67328 340
74944 27472 340
7245 80631 351
99233 18070 351
47268 98472 351
22535 30283 308
9631 13730 276
50614 4892 324
46818 50885 314
91137 1382 351
26370 97073 351
11927 19713 279
77443 91929 338
30253 67513 340
39371 25558 324
87237 89752 333
24097 82009 351
31864 99999 351
24616 65656 340
53253 70483 335
14738 41706 324
26998 13044 308
6947 33453 308
45483 5352 324
56931 15780 340
89765 64951 351
43967 39071 306
60561 65999 335
90013 594 351
10158 89928 351
83738 95944 333
87485 93826 333
61475 47792 340
27109 40170 324
8716 18613 279
17536 81340 351
65871 92395 351
26310 55650 340
77252 37765 351
49460 10842 324
55065 13700 340
67960 69237 312
92047 89674 333
31899 60284 340
94034 70285 351
96459 58990 351
52690 61894 335
57156 66308 335
11970 50409 324
60731 47541 340
86957 52143 351
80007 31573 351
68848 62447 330
96844 61368 351
2743 29036 308
22757 30901 308
7256 89448 351
75117 71973 325
99750 70486 351
12811 3499 268
83827 12876 351
98168 70029 351
13990 5047 276
69773 29152 340
45556 4521 324
61357 74115 330
97470 46733 351
8621 96802 351
94855 56539 351
4988 78682 351
56753 62151 335
21651 9500 279
65075 51412 340
34234 66731 340
56760 25126 340
87571 90783 333
62678 86197 351
98471 92204 328
70378 76253 325
96556 65180 351
84333 69075 351
42160 33241 324
85429 96722 333
11301 90087 351
77995 15154 351
72969 60270 335
43428 64378 340
38704 43221 306
23838 78509 351
94768 31817 351
7961 76544 340
67945 86750 351
87375 93547 333
80623 43373 351
90001 9886 351
12662 79259 351
99424 8331 351
56824 20186 340
58853 79777 351
17221 56104 340
1613 87801 351
71016 72885 325
27013 32393 285
1362 53603 340
2766 87093 351
48870 10822 324
33212 74918 340
64576 37546 340
73617 51603 340
10818 99380 351
46417 53500 340
3773 13505 276
737 24021 282
8024 8234 190
67745 20575 340
48288 54793 340
22083 31058 308
41197 45269 314
27144 60855 340
10988 33482 308
36086 45587 314
25742 8772 282
3127 81757 351
70444 12489 340
62608 33936 340
11093 87110 351
60924 79835 351
45687 45746 239
57637 65878 335
19429 92943 351
97439 96176 297
75499 76302 307
66177 67619 281
41931 70738 340
71040 26121 340
74866 29261 340
35146 67304 340
2205 34407 311
18076 77288 351
18338 13310 279
62977 66566 330
56508 79239 351
92839 12289 351
98710 56465 351
12479 95057 351
11155 89898 351
48785 99127 351
52920 98236 351
16826 70160 340
58775 47791 340
93475 3395 351
91225 31762 351
47007 63578 340
87622 25364 351
57792 87693 351
84980 12973 351
53879 1017 340
93162 18042 351
11974 69200 340
46128 79012 351
10596 60522 340
89685 17122 351
65260 11450 340
85597 8789 351
39778 8091 324
6949 22577 279
97412 6313 351
16531 35708 324
98504 78860 333
10559 21359 279
97848 35630 351
65400 47641 340
48966 37518 314
15092 61027 340
51758 34189 324
45592 3822 324
21255 95622 351
73952 14616 340
48805 19995 324
7788 68414 340
80398 33610 351
29064 89500 351
74998 59966 335
96502 56847 351
5978 33282 308
14393 155 276
67542 25072 340
81377 52680 351
85059 9352 351
12942 55623 340
97393 98140 297
89986 94835 333
58716 60328 317
68584 13971 340
89870 38911 351
27835 73852 340
54193 65216 335
17301 42738 324
5583 10823 262
32213 52303 324
17640 16384 266
16299 14365 271
43855 20503 324
25539 86397 351
57217 84651 351
46923 17450 324
52771 94529 351
50403 47351 296
94264 52724 351
75200 28757 340
49724 11850 324
67005 58801 335
87359 45121 351
18207 33082 308
36097 73865 340
44515 82208 351
88902 70059 351
64487 89144 351
86807 40295 351
21298 97820 351
27573 29340 272
58848 55887 322
42426 69919 340
43053 58078 340
19278 33454 308
48989 78626 351
9795 52095 324
50502 80610 351
3885 74002 340
92764 95798 328
32801 12837 308
69783 7270 340
59529 39014 340
22338 22608 269
92642 60803 351
71266 80329 351
31506 20221 308
24801 1339 282
43177 635 324
29238 32844 285
31987 37659 324
76979 66911 325
73270 44195 340
74219 61844 330
28079 72470 340
40829 67466 340
17283 59618 340
92322 43973 351
94565 79638 333
83503 47147 351
55715 22064 340
85031 5800 351
22989 51924 324
79585 48977 351
50820 10009 324
71953 59333 335
40666 14334 324
85237 59216 351
97259 3642 351
87166 15977 351
99063 87185 333
51929 19131 324
75708 1282 340
69753 4769 340
27084 48957 324
50371 6026 324
31856 54898 340
13654 59069 340
921 79525 351
18293 2294 279
23678 48157 324
94738 1133 351
8759 4124 262
18712 66456 340
80981 79816 320
88021 46215 351
20827 19912 243
49346 16781 324
15837 86155 351
64241 32382 340
99316 4833 351
56082 29268 340
77724 80685 338
81762 52908 351
41930 4082 324
63984 82189 351
48620 74219 340
9741 73160 340
95 44535 324
48112 8763 324
82631 15089 351
37347 75600 340
4111 54045 340
29741 47203 324
31901 17695 308
84925 17216 351
38289 20837 324
2735 73866 340
89754 67141 351
57182 77913 351
81461 91969 333
67207 23291 340
16643 99238 351
33558 36507 324
15077 78997 351
67664 71262 312
59575 83672 351
10972 86730 351
29382 55030 340
12430 1985 268
2767 98178 351
32432 90635 351
29846 8590 308
43151 10451 324
20991 32861 308
85472 98312 333
32141 22645 308
87982 48387 351
17141 80563 351
57826 92904 351
76030 13465 340
52621 38821 340
86263 35683 351
42004 76407 340
83412 82711 289
82296 45132 351
77831 94810 338
72832 37828 340
10839 56671 340
60582 27121 340
79264 99066 333
45628 17277 324
35975 70227 340
56793 81034 351
61879 64310 330
85571 82260 320
72701 73095 294
40346 55379 340
62780 35412 340
36703 16125 324
84238 93922 333
62496 6120 340
47160 6569 324
33793 50061 324
8745 11580 268
59271 61480 335
5135 20928 279
37988 53564 340
2870 11614 268
87227 87219 152
43997 75571 340
60687 79811 351
22326 57412 340
89388 80493 333
68410 73999 325
91569 96670 328
14311 26205 282
44313 40216 288
68536 660 340
57221 65707 335
34047 73385 340
3911 797 238
45665 45970 239
58734 71305 335
33934 4890 308
49385 38851 314
59419 40333 340
93977 12697 351
4318 64723 340
76599 84918 351
54885 43610 340
71711 45856 340
23796 53515 340
32344 28705 285
58617 18879 340
61537 34306 340
85454 84363 302
51706 43059 314
9834 90422 351
41164 72072 340
63812 6859 340
96822 55358 351
30597 40682 324
49621 90619 351
13288 60312 340
92367 79890 333
51953 65879 340
55836 30374 340
58408 72113 335
77649 97318 338
75601 86286 351
44074 65623 340
93417 65029 351
35220 44399 324
52478 89806 351
48980 5501 324
85899 97334 333
85079 16167 351
7119 16172 276
44567 59691 340
3049 35896 324
19175 32615 308
78034 34699 351
75228 94292 351
91991 43986 351
11767 76460 340
594 38852 324
23923 21868 282
23652 10459 282
52295 90933 351
38001 2079 324
36345 93133 351
84023 42557 351
96576 36834 351
37836 16727 324
91988 52142 351
61524 25430 340
95700 82742 333
65084 13274 340
86643 34509 351
99990 52210 351
36000 26806 324
43185 71654 340
26800 11271 308
86260 50353 351
41354 58856 340
87319 66765 351
96431 3514 351
61469 45255 340
55204 97812 351
52562 18065 340
57662 24617 340
96765 30422 351
29641 14246 308
53955 76328 335
88245 31095 351
70360 13845 340
91421 24937 351
43842 4152 324
75765 41162 340
90380 69388 351
14703 84493 351
15267 16635 266
38378 73225 340
90929 39477 351
45401 87809 351
98931 86748 333
76779 77854 351
53881 68892 335
77851 73561 351
71258 94008 351
38646 59861 340
89970 23008 351
87941 65288 351
2393 67902 340
25846 86874 351
69856 58607 335
91691 35175 351
22315 16463 279
21919 99295 351
65574 50061 340
93872 16140 351
86949 9662 351
34606 63091 340
75772 48301 340
60734 46899 340
42135 89872 351
98859 30891 351
66551 49589 340
44906 2008 324
70634 60412 335
2632 23932 282
52549 25214 340
75410 41018 340
76737 65003 325
38656 71870 340
20112 98770 351
99200 21434 351
6938 24057 282
22043 4426 279
60184 65900 335
42054 185 324
53708 93394 351
46534 5533 324
11675 35451 311
41696 94557 351
85481 5077 351
52061 6866 324
86191 2590 351
92759 64011 351
63674 25940 340
65475 49355 340
16483 44232 324
76923 85806 351
57063 26481 340
91526 73321 351
29763 45629 324
95846 92622 328
1614 82914 351
62173 26767 340
57395 97203 351
14461 24026 282
51785 59022 340
77835 44034 351
40593 466 324
49135 91518 351
61131 7598 340
48251 73803 340
37908 13844 324
3445 10797 262
22240 49580 324
2275 97298 351
12881 20677 279
18610 54775 340
38162 4870 324
71267 58852 335
50258 57283 340
75411 29555 340
31104 96203 351
90021 6479 351
991 22622 279
93646 18038 351
1094 37020 324
57692 57696 167
27447 56889 340
22596 45946 324
33689 1420 308
98599 37131 351
37461 87174 351
46848 23928 324
89098 19936 351
42060 54818 340
82765 85390 320
83927 2893 351
61888 54768 335
39391 27132 324
52205 57446 340
64359 440 340
37472 48227 314
10074 304 262
34911 71387 340
71130 66554 312
30822 39990 324
14020 96343 351
72067 36262 340
54466 58420 322
84587 3445 351
2765 73484 340
31127 99032 351
52796 62796 335
23999 6848 282
50381 5135 324
53936 36015 340
31503 3335 308
66445 81191 351
41866 87997 351
77472 17566 351
97708 2192 351
32699 75630 340
88336 68377 351
8912 71753 340
86349 27503 351
46217 12969 324
71000 33126 340
65060 56197 335
57207 9587 340
96271 29088 351
19652 82250 351
59708 30332 340
569 50632 324
6465 49708 324
49246 7789 324
39439 90599 351
33517 14401 308
46412 75928 340
28734 14199 308
30607 42641 324
73684 98415 351
68088 4512 340
13379 69397 340
82121 45498 351
29820 43206 324
25701 93716 351
29622 22515 308
6820 70033 340
80667 48991 351
26896 63382 340
34348 30370 311
53023 61721 335
60146 76080 335
56109 14903 340
18434 28500 308
597 42980 324
1804 27893 308
39467 17757 324
68257 29883 340
28537 13722 308
56702 39402 340
93461 45888 351
47737 18701 324
53724 13715 340
14663 2991 276
21837 89576 351
78023 71778 351
69220 64152 312
41679 30882 324
26929 91952 351
16561 54579 340
71924 42950 340
41545 38343 306
12472 11814 263
35110 69149 340
13769 41802 324
44882 78723 351
5107 32392 308
4224 30940 308
33689 55077 340
89041 83964 333
48942 69479 340
6755 89968 351
58739 43624 340
23223 90778 351
24174 11431 282
23773 33114 308
1443 21881 279
36894 31145 324
40242 82589 351
57894 2431 340
58732 27372 340
90764 64468 351
63155 32975 340
22879 70403 340
59662 3819 340
5550 41483 324
97061 3063 351
2452 78255 351
3039 22894 279
59071 79037 351
32918 32000 267
6428 70668 340
49652 81539 351
34144 31774 267
47564 1735 324
24085 88741 351
39639 97510 351
83679 58850 351
94665 81402 333
81290 98792 333
61775 32169 340
1746 1215 180
51592 77468 351
4494 60965 340
50013 16397 324
7290 60431 340
23678 25662 264
86496 42093 351
20571 77703 351
54755 8555 340
88347 51687 351
10535 23571 282
49149 58876 340
95840 93648 328
32265 97933 351
56789 21934 340
6865 12516 268
96849 40029 351
70409 44153 340
54662 33109 340
57888 69578 335
39486 18739 324
4058 8455 262
69887 92545 351
69004 82953 351
9722 72275 340
66356 64035 299
94065 64782 351
33010 65456 340
43906 97187 351
62758 51788 340
1845 17433 276
19815 20671 274
55678 10985 340
44925 55828 340
36206 6051 324
71069 70375 312
29565 52301 324
30910 13533 308
46188 58924 340
15132 51406 324
53882 98491 351
79273 74109 351
72389 11480 340
33323 5480 308
80347 64990 351
47414 98554 351
21532 5485 279
35974 99422 351
76013 32998 340
35256 54031 340
6748 60722 340
18790 99850 351
10507 86051 351
59422 50373 340
39387 74578 340
42847 29113 324
3735 48934 324
73199 9722 340
71801 21750 340
36219 54983 340
76541 44870 340
60779 29341 340
98688 19150 351
88097 34886 351
12276 44857 324
41455 65551 340
52355 57768 340
11122 38615 324
44733 66998 340
20014 42850 324
46369 28023 324
21767 84654 351
56836 81017 351
22362 14365 279
12352 97837 351
91574 17841 351
21212 14751 279
97402 84183 333
51956 19680 324
42604 27737 324
4389 40261 324
14259 49495 324
10295 6184 260
57778 28752 340
25991 76204 340
64866 86138 351
81104 50207 351
98539 70929 351
43894 72792 340
68318 69964 312
57903 91935 351
26449 67051 340
57773 60460 317
37336 85997 351
76108 62247 330
19420 42654 324
10261 34510 311
87451 34957 351
41901 37942 306
637 75195 340
62141 75145 330
25902 13295 282
958 59566 340
91676 68775 351
49728 37894 314
68015 70441 312
27448 99569 351
57599 3288 340
86052 11665 351
39287 93506 351
17148 19303 279
77477 21814 351
28983 79514 351
98778 80403 333
88567 24758 351
54596 37179 340
91346 99376 333
7813 33510 308
91518 70216 351
73936 81907 351
99640 72295 351
52288 96729 351
5776 88040 351
85141 83900 320
4821 79667 351
61740 9308 340
25913 58116 340
153 91079 351
40224 75850 340
97892 52590 351
18123 33548 308
92957 88084 333
28219 90374 351
61725 29091 340
33540 3217 308
78363 80985 338
96400 70912 351
24039 91648 351
99052 28806 351
16102 50940 324
36947 49558 314
46315 52189 314
31989 41346 324
48270 13876 324
52580 33157 340
12044 94497 351
97723 25916 351
24795 21963 282
92428 38190 351
24712 7753 282
44772 64749 340
67951 78878 351
24540 96149 351
3318 68930 340
73375 15889 340
87367 29626 351
91571 10717 351
61800 39306 340
47078 14501 324
62072 72353 330
20950 13100 279
29608 49266 324
42653 59850 340
18739 57379 340
50904 96877 351
90908 95422 333
