443891 444711 338
889079 889815 370
605994 606842 328
533420 533740 320
91225 92224 333
542516 542537 346
561233 561840 271
599811 599910 227
100618 101336 297
714609 714722 243
790009 790649 375
344195 344824 304
174704 175086 303
418685 419285 281
686327 687144 398
635370 636340 416
922101 922135 264
93313 94271 284
953332 953869 277
109011 109616 292
661803 662579 292
261507 262042 288
32947 33513 267
222187 222246 262
393210 394108 361
50410 50500 234
800123 800490 318
501130 501961 320
750501 750581 256
390894 391864 361
443373 443396 219
415950 416073 281
97868 98255 222
806962 806992 194
426017 426122 281
943402 943734 339
574781 575636 328
375741 376264 317
433561 434083 343
467400 468272 413
157684 157864 308
731474 731996 336
38492 39154 275
978086 978542 383
751250 751593 318
469331 469763 338
669280 669920 292
129063 129507 300
560265 560639 359
282687 282868 283
222283 223258 324
477833 478082 351
521142 521703 364
576598 576837 328
147642 147695 233
616936 617073 204
791794 792644 331
715242 716154 380
994612 994685 290
219070 220007 355
278293 278726 345
73748 74499 294
105210 106133 310
514945 515480 395
331084 331606 291
334265 335014 322
392085 392832 299
700531 701111 305
409626 410496 449
338519 339099 291
433122 433929 343
260162 260599 319
829694 829754 251
661407 662273 292
437318 437951 263
485667 485688 289
989979 990320 290
398944 399130 299
233369 234340 381
288825 288826 71
170442 170994 290
210468 211326 355
215304 216100 280
893520 893733 295
633218 633849 323
121383 121898 318
586826 586977 328
492957 493786 395
327382 327996 322
392308 392562 237
834254 834659 313
526895 527073 377
235990 236459 337
675558 675999 385
273493 274054 358
444516 444564 219
384391 384451 330
288855 289128 345
540427 540431 116
678314 679078 380
338914 339545 291
926104 926633 321
59733 60302 317
261415 261946 301
785258 785335 238
986940 986979 233
745926 746025 287
583634 584171 434
873999 874357 326
707498 707803 274
128113 128609 331
12150 12335 188
315676 316070 247
609550 609673 266
79778 79996 307
491065 491311 320
805303 805676 375
968239 968625 321
801738 802720 406
475112 475290 307
388082 388173 330
500092 500895 364
901617 901763 295
671817 672081 336
736744 737649 380
873376 874110 326
998829 999001 396
698005 698360 367
54695 55093 216
757746 757926 287
896332 896335 140
431153 431679 312
952640 953246 277
745567 746010 349
446295 446337 188
502855 503495 271
327810 327976 322
767378 768165 468
55700 55989 260
495268 495530 289
227120 227821 293
283680 283978 314
105380 106009 310
455405 456165 338
925631 926486 339
251718 251840 226
474036 474912 382
791856 792795 437
675894 676171 385
461381 461992 307
675333 676007 385
512414 513268 333
155580 156164 383
410178 410887 374
940931 941180 339
602636 602671 142
72863 72993 263
563303 564008 328
335983 336763 366
526765 527512 377
766490 766828 300
163000 163273 246
50171 50221 234
989766 990610 321
74900 75361 307
493238 494199 395
222160 222387 262
508635 508846 258
132838 133785 331
667500 667637 336
273694 274645 358
170369 170961 290
956 1547 182
808094 808986 331
530028 530813 333
266811 267210 345
181902 182647 316
598485 598663 297
210321 211179 355
990958 991843 321
501424 502303 426
882518 882757 251
261788 262396 301
355806 356523 348
502892 503761 271
466020 466807 369
106272 106677 310
231091 231175 350
110388 110663 292
942967 943860 339
412664 412997 343
211239 211740 311
568613 569585 359
321453 322023 278
540877 540930 253
553895 554284 421
235823 236507 337
194741 195500 360
365126 366079 361
226960 227804 306
656204 656350 261
675709 676077 385
138724 139526 313
721065 721458 292
248938 249810 350
475726 476055 276
25584 26571 277
902127 902306 264
236193 237123 337
650233 650542 341
86886 87012 227
932772 933616 370
579713 580398 253
17888 18376 248
237290 237728 350
741973 742437 349
972103 972365 277
922760 923100 383
881677 882092 326
652767 652808 248
213492 213795 298
802905 803802 300
721845 722035 367
265470 266337 332
976478 977431 334
105416 105496 248
585923 586585 359
565536 565619 284
690355 691118 336
896506 896582 370
768364 769129 331
187610 187707 254
120729 120765 243
128863 129640 300
193614 194246 329
545454 546173 346
80713 81417 320
300115 300770 340
435715 435761 188
728173 728212 212
8138 8315 203
893945 894159 295
259112 259577 270
3002 3371 199
596600 596930 266
76830 77525 351
403203 403709 343
839856 840531 357
127289 128123 287
307083 308051 309
643449 644171 279
278142 278785 345
519782 520459 364
280657 281230 327
599477 600210 372
955105 955274 259
54935 55348 260
307471 307558 234
18480 18653 261
824633 825029 313
252920 253090 244
894276 894631 370
707118 707567 274
835529 835564 176
162577 162706 339
728492 728730 287
711611 712327 349
242995 243038 275
192872 193196 329
736579 737094 318
455955 456247 338
903196 904045 295
895976 896721 370
950546 951274 414
943326 943951 352
354206 354471 348
552771 553104 315
263781 264200 332
410867 411085 312
599611 599657 222
867728 868476 339
698256 698448 305
351181 351481 379
627745 627992 310
22167 22291 238
40412 40708 257
132381 132574 300
309277 310158 340
969587 970083 321
781244 781269 163
463172 463492 276
643689 643903 261
386728 387184 255
519914 520741 346
197739 198008 285
811016 811863 287
335408 335637 260
52121 52229 203
98128 99085 328
156632 157017 308
495220 496054 320
198497 198976 329
148374 148486 295
170408 170690 290
752749 753621 424
375294 375369 255
417091 417819 343
922671 923447 383
91203 91976 333
26025 26516 277
317277 317355 247
91403 91662 333
571910 572751 372
121768 122267 336
690490 691443 336
932130 933118 370
520591 521557 364
111973 112972 323
965318 965953 321
887767 888220 401
362411 362924 273
880962 881686 295
391428 392146 330
399423 399774 299
692638 693116 323
830987 831647 419
439178 439484 325
463567 464041 307
224526 225058 368
705033 705147 305
993363 993658 259
628601 629046 235
164840 165455 321
645347 645544 279
915904 916661 339
707130 707301 199
528666 528715 240
908019 908600 370
875303 875650 264
171103 171653 303
995787 996232 365
336054 336416 366
587940 588537 297
711916 712034 243
989242 989559 352
542016 542147 284
5594 6129 218
613008 613951 310
29447 30376 272
702182 702309 274
794518 795393 331
4911 4928 210
493506 493931 395
115125 115212 199
834499 835363 344
378208 378263 224
328085 328421 260
151249 151407 233
319780 319935 278
19114 19697 274
854527 855501 300
781243 781784 318
380992 381609 286
422089 422649 356
865848 865867 189
593548 594238 297
640031 640526 354
867721 868255 313
416930 417446 312
676482 677213 305
722966 723854 349
41622 41953 257
746819 747101 349
152891 153395 264
71831 72628 263
451100 451266 307
207199 207437 311
714183 714318 274
123660 124586 318
222537 222559 169
172414 172717 303
768954 769558 393
154736 155203 264
172614 173403 347
289742 290271 252
413718 413768 188
832963 833345 313
268917 269757 345
288421 288483 208
5134 6075 236
262377 262560 270
780928 781322 331
361022 361351 348
930112 930394 264
521012 521900 364
423697 424452 312
170224 171174 334
120101 120331 287
802023 802441 388
222196 223135 324
98830 99061 284
768314 768905 331
867667 868661 357
148332 148527 295
422152 422841 325
133162 133937 313
292673 293183 314
64945 65438 224
909371 909622 233
519143 519916 364
475982 476582 307
855335 855466 264
574711 575619 328
624173 625067 385
285184 285404 327
56013 56318 322
269271 270179 345
968967 969036 184
367999 368568 317
442255 442450 263
901145 901594 388
419977 420110 281
394730 395651 312
541242 542050 364
174932 175593 272
95727 95878 284
45604 46036 239
555847 556002 191
922871 922902 383
205058 205275 236
136125 136640 313
448701 449546 369
644914 645608 310
605686 606652 328
694005 694627 323
737121 737599 380
542273 542905 346
474236 475057 351
218125 218850 324
152947 153390 264
625088 626069 354
555203 555334 390
999324 999942 290
917674 917815 264
292733 293581 358
729385 730051 318
977765 978257 383
133045 133896 313
499084 499732 395
548712 549062 333
190068 190603 329
759157 759645 362
488277 489123 320
924930 925593 308
624543 624852 385
699472 700043 367
38614 39469 275
30996 31395 254
832327 832452 282
279569 279898 283
411910 412803 312
326919 327127 291
615249 615990 310
355936 356349 348
247049 247258 306
590523 590776 328
693581 693737 305
512543 513181 333
714538 714641 243
125393 126177 287
416645 417017 343
422199 422797 325
619984 620204 248
353982 354650 348
895834 896497 339
3555 3664 194
782933 783668 300
332423 332965 247
690184 690537 336
275055 275947 345
599574 600431 372
995398 995629 290
425907 425960 219
145283 146113 295
149993 150022 370
638867 639169 323
29985 30445 272
718423 719024 336
464950 465394 263
691737 692638 442
498928 499830 395
98677 99655 328
823273 823393 326
767367 768152 468
71846 71896 219
416579 417426 343
401973 402210 268
582351 582373 178
130458 130707 331
154848 155265 264
815490 815734 238
532203 532326 302
862841 862964 220
423565 423598 250
434704 435268 356
278764 279236 314
47554 48264 252
644094 644754 279
54974 55274 229
670304 670822 292
776169 776937 331
444846 444920 263
107845 108392 279
361307 362069 286
529837 530596 271
345394 346197 441
701 1037 179
586498 586562 222
513156 513880 333
23622 24340 251
589906 590583 359
98096 98855 266
108366 108670 261
27585 28399 259
210315 210484 249
621194 621652 310
541989 542289 284
647855 648053 292
636424 636675 279
307789 308205 371
968099 968482 321
48866 49721 296
481277 481439 320
81387 82004 289
225092 225542 337
5730 6207 262
624451 625143 385
324737 325359 340
569008 569100 240
862590 863307 326
23207 23578 282
678513 679417 380
672417 672850 261
79816 80792 320
262724 263433 407
213527 214058 373
395276 395626 268
1198 2138 180
805981 806225 300
294856 295725 358
855579 856358 388
840974 841143 313
21353 21659 238
490185 490415 307
209561 209920 280
897148 897635 339
677785 678299 336
369033 369150 348
190242 190496 298
323258 323827 322
42634 42980 257
511466 511737 320
691844 692252 442
7228 7311 195
300162 300547 340
308944 309747 340
347513 347777 242
661309 661382 323
613715 614017 279
415970 416628 387
76280 76553 201
492719 492978 245
700493 700889 305
658736 659456 323
211402 211593 311
840935 841131 313
73708 73980 294
84846 85648 289
495700 496183 320
154489 155250 308
721774 722211 367
146580 147046 357
476435 476808 276
150697 151033 264
331075 331196 229
919534 919633 295
324270 324662 384
216341 217253 386
871647 872092 432
192960 193892 329
86153 86629 302
632980 633365 354
458453 458814 263
862598 863482 326
64594 64944 268
920278 920404 308
708023 708466 274
551717 551932 315
651546 652006 323
443079 443557 294
154088 154652 326
311896 311948 278
641751 642063 354
66557 67546 268
757886 757992 287
545631 546406 284
760844 760906 269
416151 416746 387
643841 644123 248
712958 713367 318
737322 737939 380
481796 481967 382
248537 248734 288
27915 28738 259
718057 718916 336
167990 168470 321
94707 95402 328
799904 800550 375
243326 244100 337
627704 627844 310
760045 760749 380
712819 713251 318
145316 145717 295
849636 849899 251
910387 911086 295
445646 445978 325
972868 972888 215
663162 663169 217
473560 473695 214
353784 354299 273
353552 354117 273
32742 33571 267
857287 857903 357
456336 457317 356
238854 239019 244
137015 137700 331
15662 15747 178
692362 692906 323
436251 436699 325
84195 84201 219
937941 938012 277
748536 749046 274
87126 88085 333
163821 164386 290
29866 30517 272
751770 752146 287
539514 539559 209
422115 423070 325
166589 167099 303
823417 823445 282
588581 589302 297
87454 88066 333
200426 200929 311
641938 642245 416
59925 60162 286
60674 61146 335
983647 983697 246
888771 889315 326
88080 88231 302
23779 24385 251
217383 217803 249
62763 63557 330
514189 514423 258
464066 464933 338
921269 921435 202
109735 109864 199
658244 658996 354
464684 464807 201
335615 336238 366
680347 680414 323
262689 262699 120
142912 143302 282
145685 145914 264
847674 847727 326
155545 155991 246
985094 985409 427
17851 18378 248
739755 740007 287
527499 528420 346
193954 194485 329
646441 646502 292
453771 453941 294
313608 313844 309
424333 424452 281
135342 135547 313
73544 73725 232
784553 784820 256
170894 171715 334
887606 888305 401
527858 528175 302
758127 758647 362
243495 243583 319
110492 111282 292
79298 80191 307
734605 735031 287
245071 245491 257
596910 597416 341
473582 473836 294
192958 193341 329
236302 237283 337
303172 303624 296
965863 966003 246
401817 402415 268
663670 664134 367
167993 168456 321
656866 657602 323
487192 488035 338
986871 987657 396
980776 981091 427
799540 800026 375
970600 971031 308
561308 562020 328
371903 372406 317
139373 139428 207
417252 417694 343
798346 799148 375
535832 536386 333
885227 885549 370
845999 846593 313
695590 696402 336
557425 557480 284
311337 311741 265
64177 64179 56
151283 151900 295
290391 290455 252
963951 964267 277
619258 619755 341
693513 693988 305
643112 644003 279
325902 326604 247
625800 625998 310
466626 466964 369
91052 91398 315
628298 628909 235
218890 219722 337
210851 211733 355
684273 684627 279
292919 293695 358
306497 307300 309
642442 642505 292
546019 546631 284
215559 215993 280
390453 391206 361
342770 343651 335
79498 79646 276
345285 345745 273
189712 189930 360
174126 174197 334
944372 944526 383
159110 159244 259
889073 889723 370
325726 326193 322
7654 8416 252
601698 601743 385
762314 762661 331
595847 596780 372
578266 578967 315
252528 253192 301
914532 915151 370
500211 500422 364
549674 549871 315
993434 993738 259
514513 515509 395
979522 979807 334
954013 954485 277
529323 529623 333
959832 959954 352
144980 145773 295
81383 81416 258
221694 222449 337
552780 553457 315
702099 703009 380
694060 694668 323
214123 214782 293
497172 497532 289
634822 635653 416
258429 259201 301
298422 298570 234
398143 398193 206
127263 128022 287
128011 129005 331
638171 638725 354
965217 965866 321
125834 126136 225
772774 773566 393
477241 477738 382
480014 480351 263
718707 718844 318
743096 743401 287
890183 890639 339
601192 601734 403
743780 744735 318
243243 244210 337
363730 364618 286
10671 11048 268
132009 132969 331
606986 607866 341
671020 671990 323
9242 9810 260
258970 259751 270
251750 252428 319
121275 122137 336
477823 478455 351
374805 374863 255
65773 66568 268
845483 845764 313
256338 257300 345
727526 728411 318
133521 134100 313
129782 130355 344
97066 97757 297
269496 269699 314
488898 489051 307
43473 44070 270
301567 302068 296
950361 950549 308
741587 742541 349
560549 560985 346
727676 728259 318
469977 470371 307
18854 19370 261
385878 386270 330
773513 773965 331
898333 898465 295
258370 259224 301
5651 6406 262
948793 949064 277
298411 298720 265
549510 550066 315
330509 331472 322
824440 825105 313
987189 987883 352
306178 307175 309
880292 880297 189
355269 356194 379
398613 399489 330
819230 819472 282
244036 244954 275
843083 843718 331
535138 536077 302
759544 759868 305
234241 235011 337
158741 159150 277
93740 94245 284
207693 208273 280
110930 111565 323
110558 111135 292
786781 787508 362
134412 135383 344
714505 715410 274
50872 51531 309
221258 222111 355
937970 938701 445
950426 950875 321
706525 707046 274
263401 264237 332
199748 200362 342
598780 598895 266
706500 707061 274
247991 248167 319
589496 590277 359
33618 34237 267
787550 787584 225
634334 635239 310
717039 717128 349
691429 691926 442
313049 313207 340
790520 790705 375
64341 64668 255
177645 177724 210
685549 686211 274
715498 716025 305
39293 39894 275
961149 961331 352
280759 281000 327
638520 638572 217
701234 701909 411
853 1159 179
605764 606605 328
246016 246475 257
143618 143907 282
287807 288448 327
323460 323759 291
311661 311696 247
130425 130631 331
98666 98814 266
73057 73613 294
45859 46729 283
389332 390246 361
225701 226582 293
624733 625114 341
578066 578218 346
702885 703716 349
471675 472393 276
801530 802155 406
843327 843958 282
471875 472079 276
952383 953169 414
740740 740881 287
531966 532873 377
942820 943056 233
518055 518591 302
398278 399194 374
440075 440644 294
954159 954412 277
443033 443911 325
215864 216416 386
163078 164013 321
301341 301917 296
57078 57346 304
357539 358332 379
324823 325735 340
389860 390578 361
357144 357628 273
761289 761297 225
13824 14039 258
660764 660820 217
768484 768635 256
547862 548639 315
845233 845985 313
877989 878952 357
524314 524802 364
471662 472302 276
251321 251412 288
234440 235010 337
564295 564772 284
450103 450617 312
49152 50031 296
473957 474865 382
894574 894848 370
200004 200044 311
77026 77345 351
387648 388580 330
960021 960560 352
740012 740214 349
609232 609833 341
733208 733682 318
775005 775132 437
123637 123724 212
540076 540149 227
470191 470413 276
99725 99952 266
332496 332799 247
343635 344468 304
261985 262342 301
229269 229392 200
811610 812324 362
232227 232307 337
109670 110095 310
342441 342942 353
767246 767424 225
577842 578459 346
785540 785767 375
532067 532137 302
807228 807395 406
513172 513574 333
582289 582818 328
467397 468252 413
936311 936645 277
846295 847109 313
599135 599547 372
495507 496383 320
214882 214887 249
991384 991748 290
91214 92174 333
413378 413954 374
740425 740447 194
176098 176401 334
336435 336526 260
825308 825673 344
949284 950170 352
935522 935956 277
306249 306631 309
756152 756989 362
122172 122389 212
689039 689513 336
576370 576866 328
90342 90888 284
845234 845666 313
644826 645715 310
355836 356811 348
515347 515409 227
120907 121180 274
204 668 145
352044 352594 335
986292 986385 290
274426 275389 345
873474 873802 326
923636 923660 308
566535 566581 191
752473 753001 305
801936 802450 388
207931 208139 280
98743 99070 328
226225 226482 262
109708 110171 310
154311 154774 326
768789 769341 393
751907 751938 274
481871 482418 382
