984534 758969 476
765396 74636 470
156468 523505 470
9437 102751 351
889407 365727 470
949733 716384 476
368635 263182 441
468758 40867 449
601680 55357 470
275701 614305 470
909108 711983 468
284429 171367 443
442699 109878 449
742534 700163 424
305656 108502 443
836575 442659 470
135196 776788 470
296967 658323 470
548575 375060 470
135118 831554 470
92946 795328 470
340371 11500 443
43013 412019 449
808798 409769 470
385707 10078 443
691816 66517 470
807875 46696 470
498826 2007 449
832731 554466 468
811632 36440 470
371947 365602 392
3082 953261 476
583554 422374 470
219880 482189 449
185691 996679 476
532538 342691 470
537023 719599 452
934491 95416 476
635074 184710 470
427505 51142 449
150507 106964 375
228922 197657 386
618896 479105 470
480199 121042 449
466264 905795 470
844354 524169 468
487970 294287 449
489200 311922 449
297176 575329 470
649442 825805 468
405958 883649 470
520936 305303 470
919629 980241 458
871921 768891 468
231556 376440 441
83483 336183 443
375915 299662 441
369137 850282 470
380798 231968 441
790304 541500 468
140424 260774 443
388583 633414 470
554272 512802 452
822961 499917 470
543910 646151 452
385157 7059 443
635746 280577 470
246579 781967 470
209236 378172 443
211891 689331 470
116955 219876 386
450891 911537 476
807919 825381 450
776206 725862 468
886714 617170 468
337392 146504 443
599689 821178 468
876167 489804 470
19735 779263 470
8574 56123 340
94646 946955 476
709753 461613 470
843567 283404 470
180352 507531 449
708871 263266 470
48447 251986 443
120712 870536 470
572105 620012 447
262979 822584 470
939464 283010 476
433416 611840 470
362372 860510 470
258716 264530 407
698789 628574 442
283056 630364 470
880040 799720 450
77704 744321 470
58756 890422 470
354818 195818 443
611949 185180 470
375729 946108 476
64024 116574 354
308215 338898 384
163182 598225 470
332164 489123 449
369673 814017 470
16246 381596 443
900438 391728 470
210815 176749 373
923137 921409 445
250024 946901 476
154397 442564 449
212908 466138 449
95535 216082 383
366374 643841 470
247994 100315 443
788269 942486 476
771872 791956 437
740714 809711 468
198342 739709 470
895317 981568 476
911270 92729 476
52391 223563 386
405343 12758 443
822353 598571 468
901681 406794 470
608633 185443 470
990813 347381 476
729224 665509 442
641573 354464 470
278162 444568 449
607641 573995 434
107811 637906 470
36325 124423 354
204305 256691 443
99885 745402 470
755133 803234 468
811648 968305 476
745397 943362 476
683177 321638 470
367521 132643 443
965981 519064 476
449789 363170 449
249823 457775 449
409356 219328 443
959084 362381 476
402864 59564 443
631734 757163 442
599558 496883 470
832518 218207 470
880051 494158 470
918387 778040 476
278354 581917 470
716107 791139 468
227349 502181 449
230720 39404 443
176584 450539 449
504826 436383 444
623256 779268 468
251232 665411 470
101883 412819 449
883518 418628 470
425976 116222 449
309766 88578 443
162173 177873 352
577259 103411 470
713302 529457 452
216281 913527 476
750006 718871 424
649622 14557 470
164585 340316 443
966732 760444 476
132970 320144 443
638423 667316 429
89596 962294 476
869173 650658 468
700027 598744 447
847697 994569 476
331181 146369 443
679866 876836 468
436188 847609 470
12893 841593 470
210984 703387 470
16103 239763 443
954195 955450 383
821253 598665 468
580332 237857 470
362354 871233 470
820217 6315 470
644834 873657 468
75768 724596 470
180303 192290 365
526302 305922 470
684686 785677 468
572467 457930 470
946044 693951 476
81265 350400 443
808629 850577 450
791304 905858 468
572173 864105 468
237435 499153 449
822122 948630 476
315951 151805 443
326455 568992 470
41107 110430 354
779332 822261 468
290285 211045 443
879124 265991 470
900347 681208 468
533432 201826 470
453875 844873 470
372690 321743 441
698634 608513 447
872815 545886 468
428436 333613 449
673323 820801 468
337998 206501 443
167814 240104 443
306684 446102 449
951051 250839 476
797797 316593 470
442615 902113 470
537039 819029 468
646046 760368 442
624309 882100 468
35424 456390 449
459345 403664 449
74431 391094 443
122913 566814 470
334505 362818 441
145067 443196 449
779490 697443 468
14486 627413 470
807431 622802 468
513557 633943 452
362322 278716 441
845593 283527 470
681662 423753 470
668834 309519 470
86157 958452 476
308539 195137 443
24674 694303 470
160087 46059 383
988289 932985 458
73609 477517 449
994099 887166 476
713703 840049 468
14459 435464 449
570482 395217 470
805760 327901 470
258938 772571 470
610898 981673 476
95573 960083 476
550179 447555 470
414464 717943 470
643452 894180 468
459876 322461 449
409113 755747 470
65610 158317 383
248381 838964 470
457039 341881 449
89099 810601 470
165882 218944 386
632104 803683 468
691370 909453 468
702381 950326 476
330069 42477 443
337305 716466 470
432844 243499 449
822253 849038 419
69620 137878 354
49405 20800 324
450066 224922 449
163685 374137 443
58744 641334 470
601848 315584 470
886017 150182 470
198356 517552 470
977823 602506 476
589004 431174 470
418038 10476 449
373958 350156 392
842788 466867 470
83906 612706 470
131885 16908 354
639353 69397 470
495268 264671 449
191175 501972 449
180205 378061 443
538757 852186 468
922985 621342 476
388514 828994 470
789288 640962 468
456577 308952 449
422177 233535 449
637908 81789 470
857146 230469 470
713722 669856 442
181488 179768 365
373983 154505 443
279340 150488 443
552906 144186 470
821995 613183 468
849050 523364 468
775896 870650 468
824525 593813 468
526366 199090 470
40427 13025 324
985576 581067 476
781378 332587 470
950620 536098 476
417054 87997 449
576875 721985 447
567051 878897 468
303157 155150 443
594510 400310 470
240663 410199 449
747708 448707 470
442670 947300 476
853002 74317 470
553432 209544 470
147674 579115 470
747829 354449 470
264255 54493 443
118784 786612 470
427800 689909 470
422792 952277 476
238015 20005 443
958120 319390 476
435129 180393 449
893103 769299 468
411361 458519 418
972161 945790 458
688142 276264 470
772948 134622 470
344669 135111 443
529245 530474 333
983369 902743 476
862088 767753 468
384496 23559 443
646239 299892 470
654299 586921 447
417704 331211 449
200201 484228 449
775283 550295 468
890285 692988 468
792418 620505 468
528719 196543 470
839939 359047 470
348852 183856 443
393522 74132 443
41656 161407 383
192815 660166 470
299192 762079 470
263485 395152 441
285362 543150 470
437414 161822 449
701140 529686 452
162178 457667 449
68197 143281 375
209534 123642 383
557722 343442 470
937421 439225 476
534796 19572 470
505062 608336 470
148458 773514 470
284319 54138 443
288655 72279 443
578211 257836 470
137150 929384 476
807085 725671 468
538647 937690 476
786477 855167 468
227633 84368 386
222376 881389 470
830876 894459 432
65698 384351 443
265776 172852 443
523995 151312 470
918425 254807 476
821064 563721 468
132198 562249 470
418767 598135 470
605450 855952 468
668032 998646 476
115579 289124 443
694403 703839 411
201960 579222 470
763931 281245 470
346970 662169 470
24852 284245 443
875765 215951 470
729290 884944 468
5505 229451 386
12451 433635 449
648169 316950 470
858079 451519 470
458313 569338 470
418746 181027 449
128230 913356 476
920220 19390 476
961305 3471 476
832872 591467 468
937740 290203 476
459754 263759 449
708371 447300 470
702399 118953 470
531202 661703 452
716911 912736 476
951689 711484 476
282224 15754 443
376695 666745 470
821934 178195 470
1003 673168 470
555150 52603 470
435620 747255 470
740934 308977 470
626143 360164 470
320870 437422 449
381863 330958 441
456720 938057 476
415226 956999 476
361894 694092 470
18277 478319 449
994621 643069 476
789272 584340 468
830836 914964 476
136540 556005 470
755603 232609 470
28885 369292 443
446151 697095 470
524899 783771 468
225863 232155 443
862898 387611 470
892574 471499 470
734902 442351 470
414764 163185 449
406944 332308 441
688394 499355 470
947229 976958 458
125796 955195 476
681206 398788 470
731201 766754 424
295811 620877 470
114687 476969 449
481853 482163 382
882515 370495 470
117998 426327 449
532172 207947 470
928198 571048 476
337823 554651 470
500117 989232 476
522933 439513 470
792552 537127 468
660299 351263 470
114041 952594 476
323304 2687 443
948384 875882 476
36229 851912 470
840124 19499 470
233924 341383 407
781726 488569 470
320300 731108 470
633341 123868 470
886934 80878 470
266334 456497 449
646866 395217 470
653888 808375 468
896631 260732 470
211087 234119 443
660601 102232 470
576100 913120 476
531065 800798 468
472168 304449 449
731463 157122 470
763708 785562 468
514519 167090 470
544160 111685 470
641796 703065 442
127146 169906 383
642250 461111 470
52583 475005 449
602143 310835 470
431260 14648 449
736183 403304 470
927687 9470 476
449182 694930 470
556087 878433 468
238980 293876 407
341004 635498 470
337595 144061 443
403423 537019 470
586671 645584 447
193367 698183 470
803540 930938 476
354696 900340 470
234294 132974 443
733693 206398 470
795900 501113 470
424387 750848 470
402669 288182 441
712481 619281 442
612364 675374 447
230753 730796 470
744811 195452 470
317557 558349 470
393301 9389 443
181162 138279 383
187658 485747 449
986890 68676 476
22778 890777 470
167989 427902 449
734146 64987 470
350500 20378 443
950021 68868 476
16581 657133 470
471231 971316 476
723270 183451 470
857694 383771 470
565601 114241 470
270925 279148 389
565742 32394 470
223471 215980 386
768611 981795 476
777431 197095 470
973832 635306 476
150131 202098 383
873103 718950 468
129153 919479 476
585650 523961 452
578416 469875 470
958611 681792 476
727878 900737 468
339032 611686 470
767308 647899 442
752546 759361 424
396620 63464 443
777752 825718 468
109759 956594 476
965865 846073 476
817836 475481 470
752656 480142 470
298145 314579 384
102933 300130 443
670616 646533 429
146050 405828 443
776636 485733 470
117544 44760 354
216345 611176 470
724670 2524 470
278801 801539 470
278655 603683 470
496865 258249 449
260153 571840 470
697185 597450 447
735588 578951 447
199704 352701 443
296040 766702 470
48680 127912 354
726566 736755 424
15363 208788 383
129217 443541 449
232896 884513 470
462866 107985 449
353986 764867 470
463581 947198 476
338052 73405 443
330485 305226 384
62069 434559 449
984687 415709 476
9521 5966 262
576988 533362 452
567145 353966 470
259015 713487 470
782457 687411 468
127170 618369 470
547642 871756 468
6297 887404 470
561314 645240 447
519217 185195 470
239843 169468 443
78642 866263 470
247187 694073 470
971095 929529 458
705669 826548 468
388640 87577 443
702921 539030 452
809827 81519 470
823178 720293 468
749647 873327 468
543372 419327 470
694111 66565 470
598259 801822 468
250326 977279 476
336360 853273 470
442491 878645 470
134577 48661 354
351147 118440 443
370165 170378 443
968232 405026 476
527651 570348 452
435077 920599 476
564918 39816 470
688328 589404 447
294843 895591 470
99223 428816 449
376574 753557 470
336689 439338 449
199512 652806 470
572525 903661 468
165453 467768 449
841374 435813 470
585692 550336 434
406609 90000 443
663108 297686 470
116377 827493 470
583550 160639 470
91834 27078 351
532982 51001 470
348521 984086 476
141287 262893 443
50443 113629 354
513395 558049 452
115567 668564 470
125978 189227 383
128652 887905 470
627926 91478 470
481769 817512 470
52742 501041 449
158978 146503 383
233572 636894 470
656294 229328 470
42039 161861 383
104323 238086 443
517693 510352 470
810609 467077 470
405769 96556 443
119179 273170 443
782871 902425 468
976275 131572 476
92427 145159 375
577909 873801 468
216832 518855 470
685030 902181 468
243924 34415 443
658515 35749 470
455617 897319 470
161268 589284 470
90226 162900 383
108841 282169 443
954016 383719 476
849954 190148 470
316011 952356 476
378938 964063 476
545739 317638 470
462301 883905 470
853558 87117 470
497379 171922 449
150829 868396 470
360773 415862 449
744504 964412 476
816640 866021 450
770255 276402 470
914905 973852 458
701367 426863 470
893968 448600 470
205970 253662 443
875938 700766 468
351541 976470 476
8451 388506 443
386500 662195 470
246927 8395 443
48555 738615 470
868705 892213 432
574382 237632 470
604116 927717 476
882421 584971 468
370461 158352 443
113252 151426 375
148845 551634 470
748466 127675 470
61511 197236 383
29363 227102 386
110472 605922 470
30636 164352 383
750267 833158 468
852270 745574 468
60601 818146 470
586054 157646 470
469417 368561 449
445229 776827 470
564800 570569 421
813393 154366 470
965771 291852 476
912014 695414 476
747311 699812 424
191164 745450 470
144996 634914 470
848178 686316 468
705708 2654 470
330075 602260 470
797856 109070 470
449879 524436 470
333167 293650 384
475521 511027 426
803984 831548 450
716023 366538 470
898344 837253 432
666608 923758 476
614023 940025 476
928142 345437 476
632229 272502 470
364773 277360 441
761657 608628 447
351636 711184 470
26439 268865 443
804547 526756 468
333327 188242 443
896911 309696 470
131745 832826 470
988875 499342 476
440934 974935 476
970460 820103 476
28712 702881 470
529448 949666 476
457039 410422 418
219142 469791 449
3290 464100 449
957792 269342 476
352751 717322 470
57947 319268 443
641587 871484 468
32432 327281 443
822705 126619 470
716480 819357 468
126936 650581 470
672527 159816 470
479150 535400 470
993898 797651 476
406922 249279 441
634268 888076 468
71251 300853 443
961163 465862 476
969333 344354 476
348641 148769 443
506581 24933 449
532970 560081 452
344395 144573 443
546489 311527 470
450634 145128 449
418913 260334 449
748215 12529 470
178314 818438 470
225971 567547 470
139048 806038 470
860364 253843 470
91869 833315 470
758489 378604 470
253519 437140 449
938512 493951 476
168848 758938 470
87074 202779 383
129745 451861 449
690957 758138 442
563545 52696 470
988593 791090 476
863622 70945 470
955937 980418 458
93811 722650 470
418438 847799 470
792054 906740 468
330279 176851 443
77030 694668 470
586759 143713 470
414505 605429 470
840185 71445 470
309481 890310 470
557835 392735 470
72783 562627 470
28479 399591 443
510314 746606 470
295850 868519 470
434543 164499 449
603071 201223 470
559424 674254 447
571717 284486 470
969003 32903 476
626821 209877 470
656951 181908 470
607096 372964 470
996529 363654 476
442444 795348 470
791022 47333 470
922863 508248 476
502277 980407 476
560238 927931 476
212722 469489 449
854205 707103 468
866710 498180 470
474426 10485 449
924558 937376 414
744092 308638 470
751266 260508 470
538125 762548 452
695385 953928 476
348783 759412 470
405608 54455 443
834035 367090 470
705068 910320 476
760271 241352 470
198441 241425 443
142012 405399 443
357959 518700 470
964239 4795 476
85252 490552 449
143350 511617 449
205858 778942 470
334705 114308 443
479908 566259 470
319911 69334 443
37500 778865 470
286944 705241 470
101912 321691 443
880889 134210 470
857571 564597 468
540010 8528 470
894858 590775 468
876650 334839 470
902525 717651 468
454997 726574 470
512138 286343 470
695474 863062 468
643920 274418 470
703889 502723 470
989013 44580 476
645340 910910 476
162086 294168 443
723615 867778 468
815913 647691 468
498135 556319 470
696311 998793 476
219121 235070 443
633206 36728 470
816939 972412 476
740900 397508 470
504503 632527 470
922636 280619 476
584927 906750 468
226836 855072 470
24623 413266 449
610430 666738 447
901932 503287 470
404754 739927 470
295382 829665 470
580435 708453 447
262450 638034 470
417814 66044 449
359854 419039 449
243428 400144 441
892210 861016 432
797603 209503 470
827443 412043 470
794142 245209 470
221979 155949 386
638784 782966 468
780348 391499 470
65219 57539 335
869141 195544 470
577839 26150 470
713732 204007 470
762662 556414 447
861325 327407 470
803606 206714 470
853157 721533 468
699303 304382 470
232822 431153 449
89534 63165 351
171277 787981 470
297067 772383 470
221476 958311 476
52963 688717 470
127149 789254 470
282509 117928 443
676932 753419 442
110066 506751 449
177410 748095 470
751424 90747 470
911123 488736 476
328785 741202 470
50524 226578 386
152738 115109 375
415739 524169 470
240825 714587 470
222640 738238 470
484376 15329 449
324434 43782 443
635505 745491 442
429761 191822 449
358640 363387 366
972697 655066 476
604699 805360 468
571156 344043 470
41658 513932 470
685736 599181 447
577891 483016 470
169250 599798 470
87156 984864 476
922368 919675 432
399535 447067 449
380866 966899 476
642977 860389 468
983105 880423 476
775976 645869 468
49824 67562 340
397286 775690 470
550280 909038 468
290547 878982 470
620474 443803 470
110381 180048 383
641410 222436 470
929335 673767 476
420324 462228 444
790081 890766 468
428323 168175 449
39765 982752 476
566445 930577 476
237321 591373 470
558160 965093 476
531333 541399 377
103364 557488 470
619403 82335 470
833402 966591 476
669184 531715 452
822005 898724 432
118859 647498 470
766219 9535 470
755096 583131 447
798299 847927 450
132556 46120 354
502520 328569 449
126477 222850 386
961040 447971 476
194075 127871 383
882652 924682 476
942507 380388 476
164346 879204 470
585012 145912 470
441181 237949 449
283641 101499 443
852904 652271 468
424136 975429 476
327227 228838 443
417792 77973 449
955689 336720 476
897744 459645 470
294019 903104 470
806309 153600 470
729215 362058 470
730718 42903 470
472168 957511 476
748564 845725 468
468597 533677 470
18378 589056 470
916903 252094 476
946035 888297 476
85582 770905 470
135822 752994 470
935547 179605 476
507512 526156 470
276110 293449 389
331251 650163 470
324236 292108 384
545425 493531 470
944360 695644 476
191194 301501 443
77535 762591 470
87227 37280 351
541271 924619 476
406952 241359 441
437183 237955 449
218142 645762 470
7574 923897 476
893923 902809 401
815994 437940 470
941868 542150 476
682137 355784 470
899279 523730 468
223403 512610 470
702432 968581 476
719870 627177 442
360370 425879 449
869426 666021 468
525782 93013 470
107250 826441 470
760447 859016 468
218186 609284 470
76944 738289 470
956062 708046 476
485799 51082 449
959803 240946 476
