1 1 1
1 10 20
100 200 125
201 210 89
900 1000 174
4156 6872 262
10 1 20
200 100 125
210 201 89
1000 900 174
30 75 116
621 577 132
4003 9519 262
36233 49104 314
32592 66688 340
43 45 30
422 966 179
676 4166 238
91583 94370 315
8793 31331 308
95 48 116
276 348 144
9758 2465 262
71290 8319 340
20479 46391 324
36 8 112
565 256 144
9584 568 262
73126 62168 330
79671 22070 351
56 65 108
114 629 144
4130 5141 215
86795 82065 320
59511 95587 351
95 57 116
386 671 145
6604 8495 257
53487 94245 351
96813 73965 351
35 48 110
324 200 131
6055 5259 236
44119 69181 340
97427 40141 351
50 82 116
305 715 171
8910 786 262
40856 5704 324
82850 16718 351
42 45 30
974 27 179
7267 1929 262
14873 37105 324
46174 11686 324
22 60 113
485 745 171
359 6540 262
72004 60829 335
32072 85782 351
69 73 116
415 625 142
5387 7324 262
28411 72594 340
69380 11260 340
63 73 116
856 636 171
9752 7474 260
2917 44624 324
44579 65442 340
9 100 119
601 146 144
5096 5312 192
69685 13451 340
46140 18108 324
32 9 112
780 646 171
4733 3166 238
91322 19495 351
62112 60701 335
7 74 116
425 962 179
8762 176 262
78436 38030 351
71152 39366 340
71 60 108
365 71 144
6957 2812 262
57382 36641 340
66263 19874 340
100 94 119
334 879 179
9492 8066 260
18397 813 279
93913 80508 333
65 19 113
633 641 132
1980 9746 262
84817 6767 351
37775 55968 340
32 97 119
779 848 135
9668 3088 262
26660 3401 308
36080 92922 351
26 80 116
767 959 179
6058 610 238
97377 54454 351
17774 91289 351
13 90 116
307 298 118
6631 638 262
32043 87799 351
67405 86170 351
18 88 116
766 248 171
88 9785 262
59335 46747 340
9538 95415 351
20 63 113
594 138 144
2122 8651 262
47748 69498 340
9457 81873 351
38 21 112
863 444 171
9418 493 262
70081 57813 335
68291 53837 335
34 8 112
77 99 119
4655 164 238
10236 80342 351
66910 36125 340
56 81 116
287 349 144
6418 3760 262
33351 50517 324
59609 42807 340
90 46 116
280 252 123
2541 5697 238
23096 32622 308
19861 7738 279
10 94 116
497 886 179
645 3503 217
23049 10880 279
53844 6310 340
4 99 119
942 642 179
7947 8360 252
38754 57650 340
15228 98362 351
8 69 113
460 87 144
6572 4000 262
98784 29667 351
62973 34996 340
56 83 116
190 252 128
8668 5834 262
79755 8069 351
43065 49950 314
78 20 116
549 320 144
5061 3847 215
41031 93814 351
61496 72610 330
28 56 113
931 987 174
7742 9502 260
90338 62877 351
5521 53311 340
73 76 116
445 414 134
1880 464 182
61599 61634 211
28532 4663 308
35 62 113
82 483 144
1933 2494 209
27682 9315 308
76308 5529 340
76 87 111
184 206 120
1173 7926 262
10708 67862 340
10802 16228 276
24 26 24
855 968 179
4439 3734 215
93432 16037 351
51719 38315 314
51 54 113
928 132 179
3488 2212 217
30626 47521 324
7878 23285 279
50 54 113
471 585 142
7359 1995 262
33862 84418 351
69856 61016 330
97 80 119
41 852 171
347 6832 262
98937 90130 333
72868 50656 340
97 19 119
661 76 145
4402 6500 262
57288 21379 340
14021 65165 340
63 22 113
670 485 145
3006 5029 238
87479 86868 333
29446 57335 340
83 43 116
714 275 171
1646 1412 172
7106 70582 340
67894 96326 351
89 42 116
596 601 119
4117 6997 262
67101 77756 351
34728 97473 351
73 90 116
894 942 174
4875 251 238
8322 52353 324
37118 37768 306
39 52 110
562 104 144
1627 8559 262
84868 75084 351
75492 52761 335
9 81 116
154 356 144
33 8622 262
7353 97133 351
96378 58432 351
5 2 8
821 850 135
8943 9047 247
42101 27265 324
87752 95570 333
84 42 116
274 297 118
7246 1252 262
86855 22113 351
56335 62346 335
25 96 116
778 378 171
4451 1811 238
7999 78155 351
35295 20728 311
86 52 116
729 759 140
8101 8024 190
9805 96553 351
55288 13908 340
23 23 16
50 748 171
1319 7647 262
2999 38173 324
19759 59333 340
70 35 113
428 1000 179
3064 4231 238
46810 57414 340
52385 98456 351
42 71 113
707 222 171
9729 9160 260
15245 5885 276
95712 86884 333
93 86 93
906 842 179
5933 1224 238
61488 45283 340
45748 97598 351
16 70 113
284 395 144
3969 4347 202
98625 67130 351
48112 67362 340
85 5 116
332 644 142
9827 2412 262
42155 61423 340
58296 54218 322
7 88 116
404 212 144
8281 688 262
95788 36120 351
45971 57887 340
69 38 113
856 352 171
7684 824 262
65698 22661 340
7953 30162 308
22 90 116
766 705 153
2885 2592 191
15116 75039 340
64015 73411 325
56 73 116
851 11 171
3236 2483 217
21051 45375 324
78603 83373 338
62 71 108
310 117 128
23 4345 238
80941 2072 351
97005 5245 351
33 26 112
486 351 134
6082 4370 236
23942 81197 351
35760 4308 324
60 16 113
332 162 144
5378 2568 238
97644 6428 351
27942 92598 351
100 3 119
269 461 144
7672 7643 177
30806 84964 351
76066 27810 340
8 51 112
188 46 125
6001 7269 262
78767 86294 338
94818 14527 351
54 77 116
894 285 179
7290 1271 262
55204 34933 340
87699 99498 333
31 50 110
52 151 122
311 4723 238
39145 81116 351
19686 15210 279
77 46 116
212 464 144
4291 8564 262
70085 23057 340
4858 64902 340
35 11 112
30 828 171
4447 4319 215
31099 39651 324
19251 35149 311
48 33 110
998 199 179
8283 5660 262
20922 83779 351
93127 56959 351
89 4 116
204 552 144
1219 7494 262
90116 61303 351
66903 94973 351
56 37 113
135 585 144
665 7581 262
73903 18115 340
63583 9506 340
63 30 113
990 612 179
5281 7273 262
10624 42554 324
1051 3750 238
12 91 116
505 716 171
4295 9724 262
26561 94410 351
7378 9815 260
34 34 14
652 220 145
9518 7668 260
69152 29773 340
35782 32735 324
30 96 116
816 619 171
359 7096 262
61891 47334 340
99649 79294 333
84 13 116
36 588 144
8228 2682 262
35663 41140 306
27091 43041 324
55 76 116
326 958 179
4395 5195 210
31977 63547 340
94967 84110 333
33 96 116
857 448 171
5215 6215 262
37896 73457 340
73549 53896 335
2 84 116
408 490 142
6923 3987 262
30171 98938 351
41479 73614 340
30 85 116
789 655 171
6742 3536 262
32849 55070 340
13434 44168 324
79 18 116
763 35 171
6865 6329 244
87601 61112 351
79786 77501 338
8 39 112
836 767 153
2728 1759 209
84754 9251 351
97048 26232 351
64 77 116
16 4 20
3031 8109 262
55539 72231 335
13178 85324 351
98 8 119
741 513 171
94 958 179
33841 34046 218
12069 29978 308
47 76 116
217 734 171
7843 4296 262
60844 28948 340
83546 57891 351
31 9 112
267 898 179
4765 2649 238
97358 76655 351
24880 10535 282
79 77 36
594 71 144
5141 5687 236
57028 18982 340
76084 85449 351
59 30 113
524 175 144
364 6718 262
34823 27559 311
2017 18368 279
50 47 105
129 716 171
2796 5893 238
67717 10153 340
98899 92596 328
39 77 116
224 632 144
3300 5365 238
74670 40327 340
70698 50754 340
75 56 116
735 651 171
183 1450 182
27720 15005 308
49009 46089 314
24 58 113
987 852 179
9525 8783 260
73096 17241 340
58935 71995 335
88 74 111
223 764 171
4957 2522 238
28128 35979 324
72849 98825 351
32 75 116
832 818 135
5977 5014 236
79268 13697 351
46370 44628 314
37 94 116
437 123 144
6945 4961 262
60905 36393 340
78554 19840 351
87 93 93
165 609 144
3856 7121 262
6483 58335 340
13099 79331 351
11 82 116
657 343 145
352 6634 262
39708 69619 340
26682 86078 351
98 18 119
523 34 144
1292 1819 180
87346 92197 333
98211 82251 333
88 49 116
344 552 142
6910 3551 262
54024 3392 340
91886 83475 333
74 96 111
8 730 171
90 6359 262
22715 46150 324
92329 65748 351
27 78 116
917 749 179
5311 6209 262
92567 69009 351
8405 7130 252
59 44 113
78 954 179
47 6987 262
4505 422 238
30378 12742 308
48 51 25
489 608 142
5533 4579 210
38966 94599 351
30728 47647 324
47 6 112
924 263 179
6406 8587 257
77823 35324 351
37595 2579 324
53 5 112
722 883 179
2511 2120 209
15869 97015 351
2542 62599 340
8 89 116
401 596 142
5396 285 238
21526 90714 351
74884 68605 325
12 82 116
262 635 144
6844 667 262
26573 91019 351
42343 64167 340
97 95 119
724 671 171
29 8234 262
67790 22250 340
91600 86683 333
48 7 112
824 600 171
4654 7571 262
89885 76180 351
48284 81120 351
36 47 110
701 398 145
982 5896 238
32416 87554 351
36914 74758 340
73 63 116
905 796 179
2533 5933 238
48381 96674 351
88182 39980 351
57 81 116
38 532 144
5333 8691 262
63102 21569 340
21222 27738 308
88 58 116
84 388 144
4107 8065 262
81283 56522 351
11971 34549 311
32 95 116
411 536 142
190 295 128
5820 14922 276
23320 10354 279
1 28 112
734 938 179
8559 1418 262
73980 91661 351
52986 95202 351
98 73 119
911 481 179
7412 4369 262
90898 5047 351
7242 19220 279
47 73 116
614 357 142
8408 2155 262
64003 580 340
97076 87322 333
33 28 107
350 18 144
7265 5260 262
58436 71244 335
46920 11421 324
97 69 119
446 59 144
5502 857 238
27427 56399 340
12255 34669 311
70 1 113
541 583 137
5557 4301 215
6089 85911 351
84880 3164 351
85 12 116
843 286 171
2829 5107 238
71545 97616 351
72702 34817 340
37 51 110
485 482 98
4909 2986 238
99690 92336 328
55736 11945 340
4 5 6
145 896 179
1639 2054 180
17196 77727 351
87964 18427 351
42 100 119
590 84 144
185 9771 262
86542 98082 333
67386 59244 335
98 22 119
446 382 134
5255 2354 238
33368 84945 351
4689 89103 351
89 44 116
160 385 144
940 4798 238
95438 14487 351
2525 99754 351
14 18 21
653 503 145
1202 190 182
33273 87743 351
18271 659 279
38 68 113
432 135 144
7901 8687 252
39489 67620 340
63631 60529 335
75 71 116
573 234 144
255 5864 238
51031 65693 340
20350 69907 340
98 63 119
25 450 144
3118 3578 199
95639 66390 351
7672 30261 308
100 62 119
780 832 135
4496 5681 236
55518 53984 260
83300 35500 351
65 74 116
722 789 153
8959 8976 247
61652 49990 340
81020 98353 333
48 17 112
968 624 179
4619 1085 238
42201 50257 314
83826 49873 351
70 78 116
234 649 145
409 1729 182
10329 32278 308
22065 9981 279
29 81 116
706 850 153
5069 1665 238
28177 3072 308
48006 9197 324
24 53 112
365 743 171
2877 2983 217
86827 81429 320
9592 87005 351
1 61 113
582 886 179
1109 7342 262
52967 27790 340
95971 91383 333
22 99 119
663 827 171
9300 2083 262
18491 37476 324
5154 66496 340
24 29 112
101 389 144
8672 9977 260
94371 95498 328
71405 20314 340
54 58 113
774 787 153
3943 4235 202
33128 73261 340
88376 29098 351
43 97 119
548 657 145
9323 4847 262
43739 14166 324
72323 48892 340
61 46 113
821 761 153
3086 492 217
54089 13809 340
92341 41846 351
22 47 112
255 896 179
3333 7549 262
21482 26461 282
70810 9857 340
10 4 20
705 458 171
3461 8027 262
32304 37199 324
62192 20978 340
91 5 116
676 263 145
3317 2113 217
71106 77406 351
5921 63446 340
3 43 112
992 857 179
7290 4325 262
10405 55123 340
7137 97566 351
79 98 119
370 683 145
2855 2830 173
98061 41511 351
80028 76605 351
88 70 116
809 515 171
3084 9125 262
43628 44189 270
52882 49548 340
35 84 116
942 978 143
7692 3231 262
75654 44449 340
78353 99142 338
14 83 116
540 383 142
9717 7394 260
34212 24130 308
45256 30592 324
34 96 116
413 894 179
5610 2497 238
12018 35589 311
46685 81252 351
89 19 116
87 430 144
5649 3779 236
47013 41302 314
48227 41717 314
96 92 106
752 335 171
7975 7468 252
38728 32186 324
67949 83984 351
29 82 116
79 542 144
1575 40 182
11038 49945 324
35629 57722 340
96 17 116
393 634 142
898 4041 238
53764 7910 340
51694 18342 324
79 89 111
934 730 179
9823 2908 262
27549 14903 308
71445 95498 351
38 74 116
179 668 145
9115 2106 262
56059 86504 351
52050 91687 351
25 97 119
155 617 144
3230 6053 238
83009 86994 320
30314 51055 324
87 92 93
543 620 137
6373 5718 262
69527 23922 340
50620 40972 314
19 9 21
897 597 179
1876 3363 217
2054 77934 351
69866 54103 335
73 42 116
51 479 144
9411 9633 198
69883 18771 340
22978 197 279
25 64 113
840 368 171
1284 9213 262
65085 60810 335
33134 32056 267
33 4 112
264 381 144
2500 2491 178
25743 54554 340
46776 11960 324
8 48 112
754 59 171
6579 8164 257
14691 66461 340
96934 54020 351
9 59 113
683 201 145
2478 9966 262
21413 77562 351
67128 70898 312
69 12 113
801 584 171
3993 8652 262
9074 86087 351
79557 72201 351
99 17 119
301 152 128
2327 7879 262
51315 63369 340
84339 64600 351
88 48 116
710 70 171
5900 187 238
6036 17312 276
54100 73163 335
61 68 108
774 713 153
6651 5118 262
85716 62076 351
21205 65273 340
77 3 116
189 577 144
8754 8515 203
73455 76420 325
81883 74145 351
71 70 103
844 81 171
5339 3743 215
65267 37726 340
71054 19367 340
40 66 113
434 366 134
2678 2437 209
53483 54746 322
14512 91039 351
18 88 116
993 558 179
4364 8098 262
57424 77818 351
44517 39306 306
63 88 116
927 806 179
3320 6617 262
79901 88586 333
40695 50954 314
52 34 110
272 738 171
6299 8301 257
76174 56134 335
83046 90685 333
72 15 113
473 165 144
1972 188 182
74614 99395 351
54358 19131 340
52 20 112
370 330 126
2477 689 209
29299 28729 272
65626 69993 312
83 78 111
926 306 179
7315 577 262
99958 89840 333
13062 83004 351
24 85 116
418 348 134
6749 742 262
96536 41363 351
76488 50893 340
45 92 116
564 566 62
4221 2392 238
7606 3519 262
51121 73231 340
63 55 113
808 141 171
8812 474 262
1069 18769 279
66665 14130 340
72 89 116
714 542 171
9888 3815 262
97635 12775 351
31529 74122 340
19 25 24
365 582 142
5290 8938 262
92326 62895 351
32456 59798 340
25 71 113
304 285 118
2811 2115 209
76110 83879 351
77235 42775 351
8 59 113
315 73 131
5900 2554 238
78887 29886 351
35329 10415 311
59 47 113
139 724 171
5281 6780 262
87661 77606 338
69674 36468 340
55 51 113
138 58 122
7787 4300 262
35524 30248 311
74530 12758 340
22 89 116
116 688 145
3962 367 238
18242 72848 340
86604 53570 351
15 63 113
916 753 179
2038 548 182
57885 69698 335
64505 27558 340
17 59 113
60 7 113
1668 3846 238
4658 63543 340
34094 79188 351
1 67 113
76 768 171
5507 2037 238
57487 53748 322
51237 44090 314
17 51 112
52 584 144
1955 3089 217
79484 59839 351
19138 43988 324
97 7 119
247 808 171
2013 266 182
90006 76670 351
53809 40451 340
9 61 113
269 285 105
7228 5775 262
2321 21066 279
69522 53557 335
2126 2714 209
65648 81609 351
82552 1137 351
6108 7507 262
94460 62465 351
40529 64620 340
15310 71694 340
95725 84831 333
1426 75437 340
78106 83977 338
