6790 32456 308
18825 28437 308
38829 40093 306
20150 45998 324
22230 30092 308
37360 38128 306
42784 44216 270
20190 22480 269
10483 41666 324
4964 42917 324
32708 46680 324
34259 48859 324
20455 26570 282
20443 35342 311
12795 37863 324
4873 20998 279
283 49787 324
15018 38302 324
4556 18099 279
9792 19732 279
8151 19419 279
24594 44871 324
10875 26147 282
23691 39015 324
28738 31494 285
23428 46592 324
2244 28715 308
40946 44223 288
12248 32401 308
25107 39130 324
1689 27530 308
4695 16519 276
2158 34239 311
19576 42145 324
486 19719 279
26227 49772 324
21995 33088 308
1564 46534 324
9349 15656 276
21914 25368 282
13869 45386 324
2365 23455 279
22591 23564 282
44659 49122 314
44121 48942 314
29990 32394 285
2253 39187 324
9243 30031 308
18195 26761 308
42982 48541 314
22413 44494 324
21765 45519 324
9570 30192 308
957 27964 308
30554 40425 324
3822 9899 262
5960 30457 308
28888 48600 324
3341 5314 238
46606 48631 314
39479 48195 314
9504 21530 279
182 38389 324
31786 32161 254
10056 37442 324
39746 47989 314
9404 24560 282
16635 26112 282
4029 25438 282
27095 45731 324
10229 41142 324
23657 40444 324
55 35333 311
5021 24650 282
12537 42214 324
16367 36782 324
15072 22756 279
14974 21701 279
11058 12483 263
13991 40562 324
26954 44698 324
24077 45732 324
4629 15441 276
14921 36598 324
16750 42447 324
23446 47648 324
26736 39956 324
13056 15041 276
6888 22590 279
16288 34689 311
28686 43830 324
27720 41567 324
5891 14738 276
5735 7126 262
23075 27407 308
19291 45988 324
8569 25946 282
14556 48297 324
13518 39760 324
1855 24944 282
33122 48261 324
6431 22211 279
13497 49294 324
36564 44588 306
6651 11923 268
5072 21000 279
3813 12628 268
31383 37976 324
4875 17166 276
28896 31511 285
3397 35044 311
22162 32136 308
34329 43426 324
30022 48457 324
4707 49970 324
9155 11034 268
30950 39538 324
19008 48376 324
7043 47248 324
2592 14042 276
17107 18240 279
11122 32999 308
15296 41876 324
14083 35222 311
34900 41203 324
11768 20394 279
144 40587 324
9214 45715 324
27756 40473 324
24332 46530 324
7210 47045 324
48149 49943 296
24202 31660 308
31906 32248 254
5295 14519 276
31816 31825 223
2190 32719 308
19106 21997 274
14941 24905 282
11580 19759 279
28953 32367 285
7668 41253 324
20586 28496 308
35274 42748 324
40469 47723 314
39161 44226 306
13482 14904 271
17001 25021 282
38347 44972 306
23230 33806 308
13074 19904 279
19044 35116 311
9786 43528 324
871 31228 308
27716 45739 324
7483 30372 308
5159 15148 276
1119 48247 324
6616 25955 282
9565 21813 279
21995 34917 311
27611 34121 285
20014 21393 256
12783 47669 324
37167 37388 262
12487 43346 324
10267 14288 276
13091 23657 282
39554 43139 306
38641 42368 306
14729 33320 308
30011 35739 324
39954 46044 314
11542 30942 308
4938 27093 308
31723 43840 324
4899 25628 282
27301 30711 272
3698 18434 279
703 39908 324
7505 9643 260
3535 32805 308
1536 4194 238
19070 26873 308
25372 38860 324
6565 24327 282
16893 21965 279
10828 22908 279
14626 37134 324
568 32521 308
16445 47182 324
2695 20913 279
29447 48084 324
6204 38094 324
7272 26589 282
9027 36001 324
11280 38755 324
1144 20792 279
8791 47725 324
21866 47901 324
8125 20032 279
17287 20270 279
1093 24419 282
13427 20043 279
2493 29185 308
22610 23477 251
7551 22575 279
21705 41009 324
34990 44700 324
472 24959 282
37962 45919 314
41760 45426 314
45021 47928 314
21591 23896 282
10778 15553 276
17538 46243 324
5208 31153 308
3667 12795 268
24170 37590 324
6083 16851 276
6936 15378 276
23904 37127 324
2054 38851 324
834 12035 268
16732 24063 282
13220 44991 324
11179 30335 308
31451 48671 324
21231 22752 269
11407 31166 308
26835 46576 324
5606 16599 276
29291 34700 311
15364 28459 308
37644 43617 306
13788 27245 308
8670 40508 324
21289 32788 308
11583 35149 311
11056 22803 279
503 7492 262
14181 22868 279
5939 11337 268
3515 5235 238
40315 47489 314
2335 33137 308
22286 47143 324
2773 27845 308
7082 44197 324
18824 32492 308
5162 9062 262
4817 44894 324
29235 32045 285
1393 33186 308
31668 48367 324
12595 19495 279
10975 27652 308
11409 42654 324
12350 36371 324
5503 23488 279
8773 33170 308
9210 46087 324
3809 41893 324
501 8788 262
12929 30580 308
47466 48808 283
20632 44765 324
21434 39812 324
4876 7528 262
2440 25104 282
20100 27752 308
30737 44189 324
1483 42942 324
12894 22548 279
20028 37955 324
9450 41834 324
22076 47838 324
24398 34489 311
5285 44719 324
6658 15239 276
13649 19768 279
34064 47168 324
13780 39166 324
22280 42144 324
28851 31513 285
9865 27928 308
804 45267 324
4893 23379 279
18948 32663 308
12196 31790 308
12497 31012 308
8645 43177 324
15074 26525 282
4597 22962 279
12800 23010 279
15888 18400 279
2027 27165 308
11001 26483 282
21174 32365 308
18837 34111 308
22534 38085 324
8128 11876 268
14385 20093 279
26186 35672 324
4619 35859 324
13093 35090 311
15589 27714 308
14244 29145 308
864 34901 311
32487 38554 324
40165 41466 288
821 38671 324
33707 35248 311
52 20766 279
11201 21547 279
38078 41848 306
8803 41421 324
12975 24702 282
21013 21534 256
34581 43884 324
18241 19524 261
8148 26983 308
28244 28697 259
5408 17364 276
22335 28457 308
39985 47156 314
13688 33712 308
557 1347 182
23385 48539 324
34323 36737 324
9773 24584 282
43970 49761 314
21686 47751 324
26598 47514 324
5463 45776 324
22817 42093 324
12330 48206 324
19594 19749 212
15744 27179 308
14737 27367 308
22164 46776 324
4840 26481 282
4258 5821 236
18743 46123 324
1226 37577 324
15670 24918 282
13548 39808 324
9943 23542 282
42115 48837 314
28167 47303 324
31437 34609 311
1270 27984 308
26647 47758 324
33236 36273 324
4000 21429 279
15431 23255 279
38813 41838 306
25108 42164 324
7225 44000 324
27433 42592 324
3420 48439 324
1546 9383 262
29377 38632 324
26631 43355 324
2903 34232 308
34141 38579 324
417 30050 308
3354 25950 282
14167 26497 282
1565 20765 279
42055 47478 314
9918 29036 308
9450 25293 282
9955 44830 324
7389 16219 276
2373 24920 282
17040 28865 308
11432 34277 311
14247 43049 324
11979 31349 308
15201 29102 308
35509 48616 324
4349 30951 308
9411 33040 308
16407 39020 324
1403 45304 324
9445 22913 279
15431 35403 311
28137 44729 324
39981 40690 275
36251 38791 306
1036 13534 276
9998 29082 308
6267 27191 308
960 3580 217
11570 16454 276
30837 43364 324
15399 18210 279
17809 30559 308
23652 40768 324
31796 40511 324
37810 40516 306
26875 41753 324
19204 37326 324
25043 35321 311
1932 33143 308
17613 28836 308
6911 32808 308
31084 48757 324
2153 10276 262
15668 21232 279
30882 49980 324
24065 32275 308
9357 29707 308
10783 16989 276
7550 27587 308
25371 37342 324
3166 18750 279
2747 45154 324
3553 13392 276
16574 43619 324
9859 14312 276
9847 39782 324
287 1398 182
22514 28650 308
35145 38657 324
6900 14324 276
3051 44579 324
7596 15149 276
15480 15653 253
24807 39779 324
11379 25067 282
2547 13714 276
24696 29109 308
22646 25125 282
5030 5822 236
15510 28198 308
20807 44335 324
6342 8632 257
6055 31189 308
12800 19583 279
9953 46257 324
14012 21179 279
10571 30259 308
206 16975 276
35378 43771 324
27037 42181 324
4582 39156 324
19128 45036 324
18725 42995 324
22127 28335 308
2022 29289 308
6732 8358 257
21435 38460 324
16993 48403 324
29386 44577 324
1394 14049 276
41739 48744 314
22854 37639 324
31279 35890 324
20087 22362 269
17837 30797 308
6640 38951 324
21559 42447 324
18164 25672 282
29689 46208 324
5750 11248 268
39209 48012 314
3417 22150 279
16956 33225 308
8839 15058 276
30724 35661 324
24110 31903 308
10513 23792 282
2751 15764 276
8235 36365 324
29747 49965 324
10808 13800 276
20393 41029 324
28494 30485 272
26480 46146 324
200 10221 262
28217 43298 324
16455 31970 308
349 22758 279
6277 16777 276
6905 22442 279
24887 45649 324
18285 33231 308
12698 14080 276
6859 28842 308
4074 43980 324
12153 37265 324
16311 40590 324
23857 36914 324
41237 48846 314
1658 4911 238
18942 27182 308
10672 18002 279
12137 37709 324
13325 42260 324
4768 17755 279
21541 39269 324
7519 12742 268
5806 8376 262
26639 29706 272
35272 45647 324
23194 28125 308
33381 48185 324
28100 29195 259
22858 34017 308
181 14470 276
7643 26255 282
7159 47357 324
19962 23855 282
1305 6040 238
9708 45909 324
26755 40534 324
25026 45008 324
19859 39759 324
8051 30588 308
24564 44553 324
35710 49308 314
23516 44188 324
2044 5073 238
8305 34883 311
27423 38894 324
26005 41176 324
15612 30608 308
21547 32579 308
7004 7874 239
9347 15421 276
13485 14854 271
34867 38054 324
9426 10299 242
24726 48289 324
27177 47296 324
33945 41431 324
8599 11421 268
3309 27473 308
23171 28901 308
39247 46795 314
826 4519 238
5597 21961 279
17790 32148 308
19128 34356 311
534 43663 324
5602 29103 308
38389 48804 314
10963 28842 308
4348 27025 308
2539 28047 308
5761 23564 282
955 15001 276
10739 13263 276
16812 17022 204
33621 40170 324
10930 24919 282
3259 17912 279
8882 30030 308
29955 30078 272
5660 6031 218
3419 37976 324
37889 49986 314
13781 41720 324
14550 38784 324
42614 46092 314
36618 47203 314
2759 11101 268
14634 21059 279
2136 24844 282
20375 41211 324
7695 17268 276
17849 31901 308
14513 39558 324
27965 28487 259
18186 24266 282
8376 22378 279
8276 30662 308
957 9265 262
45965 47456 314
2355 29317 308
31167 42735 324
6803 18969 279
20565 35824 324
7948 42681 324
7180 8450 252
9186 41889 324
14710 41369 324
29846 34214 285
9329 40183 324
4581 43193 324
10605 18079 279
18041 33424 308
3729 34085 308
40452 45872 314
15202 41968 324
25857 40789 324
19842 49654 324
7451 39724 324
1305 4913 238
21492 41763 324
19471 40341 324
12296 39639 324
6696 9862 260
8388 20691 279
18623 20974 274
13434 48777 324
64 11875 268
2038 26419 282
41867 44376 288
26827 35241 311
30672 41999 324
17574 43577 324
11227 38432 324
18720 20088 274
16847 19533 279
14296 33514 308
19939 33022 308
8209 13967 276
17983 49218 324
26097 32498 308
11697 35566 311
39489 49755 314
5845 6730 262
12850 33908 308
34685 46449 324
21651 46672 324
7029 15912 276
19912 45302 324
9596 12987 268
42514 48434 314
3869 42988 324
12703 38879 324
10135 33924 308
13368 18796 279
5259 34264 311
14373 29021 308
21349 26750 308
11469 41827 324
15876 31049 308
10671 35999 324
9077 26300 282
1161 29622 308
37829 48454 314
22436 49416 324
33480 46932 324
2054 25264 282
18865 20582 274
39930 49808 314
25754 40443 324
16455 48528 324
18280 43815 324
5039 11933 268
29867 40290 324
4137 47864 324
39118 43582 306
20876 48988 324
6357 42020 324
16950 42465 324
3340 8665 262
24531 40033 324
30510 32611 285
21730 44501 324
25628 48487 324
2907 8944 262
24939 27392 308
16417 35480 311
29794 40912 324
3205 3543 181
14051 37021 324
894 27085 308
16489 32408 308
10173 41466 324
2997 15635 276
14056 32661 308
19436 31408 308
26564 42247 324
19699 33431 308
31181 49936 324
38786 46157 314
8186 37201 324
3111 23092 279
34109 44232 324
26412 48618 324
16648 48817 324
6656 38108 324
568 47172 324
4303 46380 324
12104 41969 324
283 17600 276
16664 23857 282
16665 20194 279
31979 38110 324
11162 15206 276
19466 48441 324
15709 26683 308
4029 12737 268
8031 35789 324
17708 41901 324
44693 44816 270
12035 44375 324
23736 31508 308
4111 10528 262
19731 41478 324
31967 34573 311
11473 24338 282
20009 46811 324
21910 32552 308
847 8343 262
12819 19038 279
24168 47385 324
8414 33499 308
31555 45534 324
23056 39515 324
11840 33495 308
12181 37655 324
9520 20231 279
22095 42479 324
16517 39700 324
29838 34885 311
18662 24051 282
15748 39366 324
38203 42215 306
29703 35508 311
5475 16921 276
13701 20110 279
17971 28222 308
5645 35544 311
21903 28126 308
11830 19433 279
15362 33735 308
252 48374 324
17772 33931 308
25354 47823 324
1487 35586 311
5846 18658 279
23761 26702 308
17205 45685 324
4967 33985 308
1133 25410 282
4215 30894 308
10820 33814 308
13073 14676 276
34773 40287 324
35543 39288 324
21608 32297 308
12790 48716 324
1452 17616 276
23440 46305 324
9181 20451 279
7274 25088 282
12542 29665 308
21306 21913 256
31807 31876 254
28736 46955 324
14479 48477 324
23385 27654 308
11081 45499 324
24603 24967 264
13693 14302 258
11337 22695 279
43167 48024 314
32570 46033 324
35936 39115 306
12969 49989 324
1684 24246 282
9841 14767 276
5579 18460 279
35994 39017 306
17119 27487 308
28105 47979 324
9887 26663 308
7208 10457 260
12218 48159 324
13668 48465 324
6341 17164 276
19993 40507 324
16760 26878 308
20520 46887 324
16130 40982 324
961 3185 217
2676 27103 308
29596 35227 311
4276 15430 276
3403 37779 324
8332 44648 324
22956 30921 308
9479 15787 276
40846 47905 314
9998 14945 276
14548 49375 324
5209 28802 308
8154 43684 324
9713 21152 279
24139 49533 324
41672 47178 314
46508 47793 314
29739 45543 324
30488 38386 324
851 3775 238
6889 42777 324
3550 24752 282
10090 47240 324
27380 49539 324
3343 41730 324
35311 45424 324
743 31041 308
1779 47368 324
4902 7063 262
18657 32462 308
4795 8380 262
4054 16072 276
3064 19689 279
22099 37035 324
20558 29001 308
34827 47941 324
20944 48847 324
14766 44151 324
3909 29588 308
23568 42396 324
793 35339 311
26705 39014 324
31664 33923 285
10918 24663 282
26014 26843 308
3112 36733 324
9158 14595 276
12463 21576 279
12051 43429 324
43709 44220 270
1571 49054 324
39730 47238 314
14816 24045 282
587 4291 238
29882 30246 272
14261 43445 324
17361 36469 324
19146 25334 282
7521 29918 308
21883 37929 324
47092 49543 314
33491 46674 324
6443 49706 324
11783 20714 279
17381 24231 282
21620 25546 282
7029 35816 324
25023 42601 324
16502 31864 308
14481 45150 324
12219 17703 279
24573 30963 308
4571 42742 324
8182 45305 324
12611 15278 276
18745 25839 282
924 2623 209
7096 17516 276
974 24736 282
8557 48486 324
801 9556 262
7995 28270 308
23375 23624 282
9090 22280 279
7371 19611 279
43023 45075 283
30679 47317 324
2689 8158 262
8364 32582 308
7731 45261 324
6161 30907 308
28359 37188 324
8920 28814 308
6009 8547 262
36294 43109 306
15722 48670 324
11341 46914 324
41908 42251 288
7097 29218 308
27450 44048 324
4943 45996 324
7634 24556 282
756 27327 308
11577 33503 308
22058 47306 324
26170 30318 308
28174 39553 324
38018 43363 306
42449 47801 314
4605 41522 324
20290 36769 324
3571 16052 276
1129 8099 262
23259 40555 324
24294 31725 308
8352 49773 324
12314 25617 282
12489 17185 276
472 38417 324
20003 20089 212
21277 34772 311
1371 45996 324
18883 34737 311
16055 28506 308
19867 22119 274
11320 23064 279
6082 32330 308
33632 45058 324
31968 41286 324
2960 8233 262
1022 44350 324
4785 17660 279
13895 43248 324
11980 34627 311
39605 41377 306
15376 33299 308
18534 44639 324
11082 31601 308
34411 42893 324
20014 38566 324
34853 43600 324
25720 26337 246
1154 45664 324
5820 43165 324
1327 29414 308
15727 34829 311
18956 47650 324
12394 27463 308
19385 46456 324
15916 17064 266
35135 48594 324
108 305 128
11877 39249 324
13906 30559 308
17733 22260 274
39068 45897 314
10098 32356 308
19854 35171 311
817 24685 282
9040 15014 276
37182 47925 314
39290 44310 306
13996 35453 311
5879 19302 279
3397 11845 268
35220 46601 324
40672 43015 288
4913 7702 262
12212 32269 308
29494 34646 311
6799 38376 324
23300 47011 324
23912 33020 308
17666 26773 308
8506 21957 279
20662 35826 324
12138 32174 308
32084 34929 311
27174 48568 324
41855 45407 314
17695 43783 324
6183 46516 324
44319 45346 314
14506 30883 308
8854 31388 308
18855 48958 324
12275 26834 308
5917 46246 324
1730 2346 183
14143 49483 324
33540 41873 324
3657 15823 276
16308 44986 324
36425 42656 306
27960 44361 324
12950 28275 308
13427 35761 324
17653 35678 324
4032 46921 324
21749 42977 324
2534 16099 276
9153 28819 308
20157 31237 308
40090 48975 314
4960 10934 262
23616 28053 308
21259 37937 324
1939 42406 324
10623 38352 324
3872 36882 324
24168 25806 264
13776 16630 271
15335 27792 308
31982 35078 311
16973 26485 282
16394 22955 279
11421 20860 279
10504 20050 279
6237 22723 279