==16278== Memcheck, a memory error detector
==16278== Copyright (C) 2002-2011, and GNU GPL'd, by Julian Seward et al.
==16278== Using Valgrind-3.7.0 and LibVEX; rerun with -h for copyright info
==16278== Command: RunCollatz
==16278== 
945 922 174
524 927 179
145 753 171
149 693 145
51 270 128
211 550 144
509 826 171
554 279 144
622 506 137
74 374 144
938 910 174
866 149 171
295 109 128
979 723 179
774 973 179
999 260 179
827 644 171
732 6 171
388 160 144
366 719 171
464 476 129
189 627 144
485 59 144
454 115 144
803 364 171
138 826 171
386 265 144
873 456 179
217 596 144
671 519 145
815 594 171
839 544 171
552 799 171
782 261 171
726 118 171
538 52 144
23 386 144
286 913 179
545 778 171
759 159 171
619 968 179
846 552 171
828 513 171
611 596 132
322 959 179
661 533 145
900 241 179
835 399 171
772 781 153
492 699 145
311 692 145
296 759 171
297 563 144
29 819 171
254 138 128
867 949 179
780 315 171
255 522 144
166 517 144
404 522 142
262 703 171
926 178 179
578 930 179
462 853 171
156 848 171
138 166 117
429 129 144
992 820 179
453 396 134
846 541 171
684 564 145
234 919 179
22 763 171
530 733 171
837 210 171
888 177 179
96 990 179
63 559 144
973 355 179
269 206 128
944 647 179
724 306 171
304 70 128
696 476 145
566 309 144
297 8 128
724 150 171
489 368 142
727 169 171
10 431 144
627 968 179
114 409 144
597 560 119
335 10 144
20 110 119
580 886 179
768 380 171
600 804 171
675 130 145
542 960 179
1732 8046 262
3682 3805 238
6294 6491 200
5480 9357 262
4921 5883 236
5122 4688 210
2327 3274 217
8323 7330 252
3289 5475 238
9853 7539 260
9225 6302 257
7735 7641 177
6678 8632 257
8289 8088 190
1028 4518 238
7514 5454 262
6147 3200 238
9552 6363 260
9842 2493 262
8762 9052 247
1970 4709 238
3791 8361 262
8937 6840 257
2130 1899 175
4829 7418 262
4779 8862 262
2318 6346 262
3540 7617 262
1195 4079 238
6350 7211 257
6563 9152 257
1703 5243 238
1668 3315 217
2654 8763 262
4938 5408 192
6928 8749 257
7777 6314 257
2313 6502 262
5489 4888 210
9656 8177 260
4973 3541 238
7051 1248 262
7045 9127 252
9542 9726 198
5815 4405 236
9114 8830 247
9023 8010 247
9877 4962 262
7411 4139 262
8463 2093 262
3157 7673 262
5206 2030 238
7104 6940 257
4435 8662 262
2840 8293 262
7369 8095 252
5813 6043 218
5197 3706 238
5693 8730 262
5020 2524 238
6893 9309 260
3914 1409 238
8638 7504 252
4984 9642 262
2971 2280 217
7265 5550 262
5965 7900 262
8676 3908 262
7529 9766 260
3100 8975 262
1559 6921 262
2544 7966 262
8878 8575 216
5336 4892 210
1022 7929 262
9308 5398 262
3200 2360 217
4167 6661 262
8041 8864 234
3980 4800 215
4301 5545 215
2042 6734 262
2812 1817 209
4372 3181 238
6394 8999 257
2810 5976 238
7792 1207 262
6875 8398 257
9292 7497 260
7277 3422 262
9757 9557 198
6610 3427 262
6633 3036 262
9917 6445 260
1549 3860 238
9452 3049 262
6795 8437 257
6843 7453 257
9841 8274 260
1583 5335 238
9189 4747 262
6757 8857 257
8543 6942 257
4223 6121 236
9107 5570 262
2230 4656 238
8955 2306 262
8645 2908 262
6316 5041 262
7710 3063 262
3839 2634 238
4343 2431 238
1315 9310 262
7500 9982 260
3586 7974 262
1398 3488 217
9785 7358 260
2187 4537 238
7694 7989 252
8796 3011 262
7570 3322 262
3573 5454 238
5282 9994 262
8464 3310 262
3466 8143 262
9390 7286 260
6729 3570 262
9736 4934 262
3616 1240 217
9614 6273 260
8812 2155 262
8211 7737 252
5989 5696 218
5838 7655 262
9285 7479 260
7429 1176 262
6312 3357 262
9706 1629 262
2824 6578 262
8682 2319 262
2509 9723 262
1228 5511 238
1134 8840 262
8045 4134 262
4660 3259 238
7193 3563 262
8162 5447 262
3185 4634 238
6830 2480 262
6891 3879 262
1765 4202 238
4894 7755 262
2823 8550 262
2868 6819 262
4989 4206 215
8858 3015 262
4845 5742 236
6339 1265 262
1324 3874 238
6254 6588 213
2907 1497 209
1031 2901 209
7788 7123 239
3113 7694 262
2051 4421 238
3478 1247 217
5900 8295 262
3152 9797 262
7559 9290 260
5630 7805 262
1557 9704 262
2899 2891 142
6464 4296 262
9708 7138 260
4037 9765 262
3225 3580 194
1413 8367 262
2575 8806 262
4517 2063 238
1087 2820 209
1211 8690 262
5717 4180 236
6825 1054 262
2060 2221 170
4337 7576 262
3800 1579 238
7340 4317 262
9177 1846 262
2004 1984 144
8319 6026 262
7876 4541 262
9337 2292 262
8901 1693 262
8525 2438 262
3094 1314 217
6573 9124 257
9301 6700 260
2335 6636 262
4214 8834 262
1920 9131 262
19182 27970 308
19973 10188 279
13707 15271 271
18444 17410 279
43272 33047 324
18657 42003 324
39835 10975 324
16242 24518 282
18043 27518 308
40182 22262 324
45585 22875 324
11787 23929 282
16575 45077 324
45651 18979 324
23994 39138 324
47558 16775 324
22963 14901 279
34940 29082 311
17215 23537 282
21447 37181 324
28447 20473 308
30763 49642 324
45709 41670 314
48346 10274 324
15551 26279 282
27747 46596 324
28277 39097 324
19291 11126 279
16654 46642 324
22336 33179 308
24388 43405 324
16519 13822 271
12966 29378 308
42372 46479 314
32358 15258 308
44679 12671 324
12058 41085 324
15461 48645 324
39872 24262 324
33117 41735 324
21155 44612 324
14145 27411 308
41817 33784 324
25246 31338 308
20598 31792 308
22389 41024 324
10292 36906 324
48214 33159 324
48582 16432 324
25325 12310 282
46527 32735 324
15268 43917 324
23976 10246 282
23734 21962 282
38271 11957 324
32174 37364 324
27705 17157 308
45872 42530 314
34191 13466 308
25138 30166 308
47563 46036 314
30332 33494 285
39498 21031 324
30274 38637 324
49857 30757 324
49822 29852 324
34384 49874 324
28667 35290 311
33767 42980 324
39547 28743 324
30289 29081 272
27400 35652 311
31904 10821 308
16147 10012 276
21536 17020 279
11825 33998 308
32157 38953 324
34719 48786 324
36243 37215 262
29706 10918 308
14793 22521 279
27241 41667 324
46276 33368 324
17925 35548 311
30342 27336 272
24845 38533 324
18841 22207 274
34360 49877 324
36423 32714 324
17449 39238 324
24858 38611 324
33680 30268 285
33775 14737 308
40588 41061 288
37548 18221 324
29297 33983 285
34977 38395 324
31660 11751 308
41636 22004 324
28222 46562 324
42533 39018 306
42080 12634 324
22869 46340 324
28162 47271 324
20896 29690 308
26112 47411 324
26706 36562 324
10021 20494 279
14438 33721 308
35818 44458 306
39026 34811 324
33127 35719 324
47948 16449 324
33539 19459 308
41177 25244 324
19466 31543 308
24225 38993 324
23443 16752 279
38440 37642 262
48106 10022 324
46810 10028 324
46403 31927 324
42443 45663 314
41917 17660 324
39136 18321 324
38119 21558 324
26653 28868 259
48160 27716 324
37287 14819 324
18577 30059 308
20951 44804 324
33482 37191 324
14713 38626 324
25511 16007 282
37886 45306 314
20041 29206 308
30010 34616 311
12933 15385 276
31606 10312 308
38811 20117 324
14838 31156 308
49523 29425 324
43560 18388 324
41383 33978 324
31379 18334 308
11416 36193 324
26265 15215 282
11963 38185 324
26854 16997 308
15792 20222 279
42736 33379 324
24927 28305 308
33217 49878 324
31289 10870 308
15024 14249 271
16479 15302 266
35110 10119 311
23147 18033 274
45375 40880 314
43063 41179 288
14972 39770 324
24733 40508 324
11323 19039 279
39501 32880 324
45267 19956 324
23681 30676 308
40343 24004 324
32636 25654 308
17610 17783 279
28838 31230 272
29325 31340 272
11634 28195 308
27408 14600 308
12953 39409 324
13701 41040 324
28583 42417 324
26456 30913 308
14014 44745 324
15385 46558 324
11447 41405 324
19416 44334 324
46952 14332 324
18698 11550 279
30811 42799 324
27638 14283 308
37862 29111 324
36617 13246 324
39424 20967 324
29706 26739 272
25362 37015 324
15479 19506 279
45389 22329 324
13702 36909 324
23278 49018 324
24980 29387 308
37599 19988 324
23377 25082 282
22931 43118 324
35869 16497 324
11738 46089 324
15391 40411 324
32200 29540 285
15279 16805 266
49078 34167 324
17276 30421 308
14535 13257 258
41536 11471 324
11448 49340 324
39501 45459 314
18000 43610 324
15018 36716 324
32333 28611 285
20304 32760 308
38013 46395 314
11504 13065 263
14656 10471 276
42066 42413 288
38847 19938 324
19097 11411 279
23880 18046 282
41996 42209 226
13254 34342 311
37561 19694 324
29762 12461 308
17794 14965 279
27168 14181 308
11747 47970 324
35147 41880 324
11197 34909 311
16862 12280 276
35288 39764 324
24339 41826 324
37739 13318 324
29377 12847 308
46188 29386 324
38443 11960 324
30546 44955 324
33628 27826 285
24330 44099 324
24637 49507 324
17168 35744 324
27874 39474 324
42195 28252 324
48175 25427 324
34680 38578 324
38461 14763 324
32503 10873 308
23535 44748 324
28350 45344 324
46353 37108 314
27463 15808 308
17876 12165 279
18961 16961 279
35390 41320 324
37663 46557 314
24740 15507 282
28107 13628 308
49234 32529 324
49137 14324 324
18626 10595 279
38868 23991 324
35547 32358 311
41650 48408 314
22354 20914 269
33478 20555 308
23122 35632 311
48111 12972 324
23478 47552 324
29326 46282 324
14533 30189 308
46401 42991 314
44023 49655 314
40282 33690 324
41027 25141 324
24060 45242 324
39035 18442 324
29304 40774 324
17778 31939 308
36324 37268 262
19640 26523 282
28939 21426 308
21383 27080 308
10463 20568 279
35967 33721 324
17458 34949 311
46621 14220 324
13967 48550 324
12278 28772 308
26496 16784 282
29977 13235 308
17463 31987 308
13027 43317 324
44212 27946 324
22341 29815 308
13982 14648 209
26093 36499 324
24875 34285 311
13877 10225 276
39571 11754 324
18217 47839 324
67816 88456 351
73881 70405 325
65306 72586 325
70505 52166 340
65634 86039 351
62443 76279 330
88234 99665 333
53052 68143 335
95135 57985 351
99096 76978 351
91736 71647 351
94438 84289 333
84307 75295 351
88369 54159 351
60493 58140 317
85703 92307 333
52546 80331 351
70826 70807 219
76709 94370 351
55524 62113 335
54674 57728 322
66225 57403 335
64254 96759 351
53872 99729 351
92151 53742 351
53134 76240 335
88327 55720 351
51223 57758 340
68321 81084 351
98091 64771 351
76953 52830 335
86478 50334 351
71781 91780 351
86807 58587 351
58824 98804 351
70543 75746 325
80221 96920 333
95452 56057 351
88385 98787 333
62808 73485 330
77887 77980 245
53579 54279 260
58572 97856 351
88626 80302 333
89095 92678 333
83441 94855 333
75742 50900 340
98163 54076 351
93202 83790 333
57450 88386 351
59198 60932 317
61891 80977 351
92354 88890 333
59729 78759 351
86953 96788 333
57170 58765 273
98578 58132 351
62767 83685 351
87137 78392 338
85724 64484 351
92794 92304 302
66185 79726 351
90243 99167 333
80710 91329 333
66345 75791 325
51548 90664 351
72654 99929 351
56178 96561 351
72335 81906 351
80156 69248 351
75844 89576 351
51730 62810 340
91340 87095 333
53849 77879 351
69085 77441 351
84417 51376 351
91828 68296 351
92424 56698 351
64284 86904 351
87568 75538 351
87401 97534 333
64076 71159 312
84495 51878 351
72071 61350 330
98194 76313 351
73831 65008 325
62949 57588 335
56933 63602 335
57938 59433 273
63174 90565 351
52948 80866 351
73832 55391 335
76758 65743 325
57252 61141 335
86136 72407 351
87705 99543 333
89143 72266 351
90354 90357 116
50990 67452 340
93930 72345 351
90511 50989 351
88073 55199 351
88140 99853 333
51669 96419 351
86888 66932 351
74829 71292 325
67325 70703 312
91782 50713 351
51291 85172 351
57286 87966 351
53010 76070 335
98080 81338 333
66110 60103 335
78151 96140 338
54843 81050 351
65787 66564 268
60640 66520 335
73314 86874 351
59595 62153 335
81525 95604 333
95831 63513 351
84421 72863 351
62070 56404 335
95694 50462 351
67157 74511 325
80850 54361 351
94774 94437 315
95449 72509 351
53098 91562 351
69576 70945 312
82457 75155 351
57657 99706 351
68762 67859 312
74172 53961 335
63435 72356 325
78105 81582 338
74679 87419 351
65948 84507 351
85218 63395 351
91726 68432 351
86380 89724 333
73976 70366 325
58038 59779 273
96059 90004 333
99807 59276 351
86545 50564 351
62158 78157 351
96897 65487 351
93676 67086 351
94831 93040 315
62811 91137 351
64144 81407 351
52793 82978 351
96057 82714 333
72461 70857 325
76473 85610 351
85219 61366 351
80897 83515 320
72199 70748 325
85860 52424 351
71928 70897 325
84984 89447 333
99931 82038 333
88467 60017 351
52902 96708 351
50960 80646 351
66791 92666 351
88558 90338 315
93170 53820 351
94728 95954 328
66624 60907 335
72424 51988 340
73648 59321 335
97160 71814 351
89998 56841 351
84549 88968 333
79796 94320 333
89893 60481 351
50979 71793 340
50959 53442 340
63634 86050 351
94165 84449 333
93367 83331 333
76265 74162 325
91206 99966 333
56176 51208 340
62638 94144 351
61299 56307 335
59400 91207 351
54956 50873 340
85038 87818 333
73171 59404 335
95097 60916 351
87651 59261 351
91400 76896 351
97489 66212 351
52822 86382 351
94188 73693 351
88101 65856 351
86414 86799 271
54204 56418 322
77231 93623 338
72842 71903 263
62918 52563 335
98575 85350 333
73806 64782 325
97081 67407 351
53444 77719 351
97169 55144 351
84015 61270 351
51738 93432 351
97522 83225 333
64378 54034 335
98282 51649 351
90730 80624 333
58883 66617 335
75588 60877 335
52643 52561 216
57078 73547 335
95093 67830 351
71956 72156 250
76452 59768 335
94345 98023 328
74570 91280 351
59188 65186 335
52432 50720 309
70349 74945 325
94934 70903 351
93505 95917 328
96125 72488 351
64600 60195 335
83414 86370 320
73719 92641 351
74633 96358 351
63573 94366 351
79430 95026 333
63015 94305 351
78755 96639 338
91786 64850 351
62331 75633 330
51296 95323 351
92808 85397 333
55894 97282 351
97643 97772 222
50051 59799 340
61734 54016 335
50899 75516 340
63234 93113 351
71047 50463 340
83835 67230 351
74899 80976 351
78681 61588 351
84426 62012 351
86975 60316 351
70327 64788 312
62773 72360 330
64110 80869 351
65709 95585 351
77529 63384 351
59148 71109 335
51641 72324 340
81545 76160 351
94342 88132 333
51181 99285 351
51973 83879 351
58591 58489 273
82679 52567 351
51829 63443 340
95589 58703 351
74157 54430 335
66536 51412 340
77239 70592 351
60922 74090 335
52305 57135 340
67113 61826 330
88214 78946 333
67426 56831 335
80671 90143 333
62044 61351 317
97593 93775 328
76288 99115 351
71294 75422 325
80574 59503 351
92448 93793 315
92248 53157 351
86742 93426 333
52740 64671 335
67931 96506 351
92068 71173 351
56200 58365 304
54684 97106 351
94457 80006 333
56960 96500 351
78731 59867 351
54565 52454 340
54476 62678 335
83747 81068 320
92448 85001 333
82731 56000 351
64112 79976 351
92945 77077 338
60279 55383 322
99596 69586 351
72792 56071 335
63275 52803 335
97532 84645 333
69119 76839 325
52018 82026 351
65594 72691 325
88600 52444 351
58239 74139 335
51539 75707 340
80117 93704 333
92839 86687 333
87535 91581 333
87149 53899 351
85325 51962 351
51328 79029 351
65919 63514 299
85220 84588 289
63898 81083 351
76170 51228 340
86381 90106 333
98805 58293 351
61688 77357 351
73419 57196 335
51661 50881 309
98057 93924 328
62476 71000 330
60477 75001 335
93178 71240 351
79963 60398 351
89112 72095 351
75978 64490 325
83714 52582 351
91177 94537 333
79063 84688 320
58797 80425 351
58280 62999 335
87708 94747 333
99387 70410 351
90961 87223 333
93579 73475 351
83368 98672 333
75435 53193 335
50600 51767 309
93542 84611 333
79078 69813 351
92829 59755 351
54754 52991 322
71957 89748 351
61181 51637 340
54309 50533 340
86746 99274 333
53132 85393 351
99613 57681 351
90098 93219 333
62902 90992 351
76084 74858 307
76535 72793 325
93819 53703 351
87605 71184 351
79702 62737 351
99599 96502 328
63485 81863 351
71881 88720 351
62801 69417 330
91148 70465 351
93052 55757 351
89043 78977 333
93817 98543 328
65390 69239 312
59371 76026 335
98699 59765 351
75677 64182 325
81509 54162 351
70833 73147 325
70553 51505 340
50016 93749 351
75331 79300 351
67429 61789 330
69607 91451 351
53465 96916 351
76948 87648 351
76127 97074 351
66152 85666 351
90800 51582 351
52457 63102 340
66691 60353 335
61953 59792 335
79203 53314 351
96614 58151 351
53775 55344 260
78173 90474 338
84972 91854 333
90169 58296 351
60287 80616 351
69081 74592 325
90645 87524 333
96163 79750 333
==16278== 
==16278== HEAP SUMMARY:
==16278==     in use at exit: 0 bytes in 0 blocks
==16278==   total heap usage: 0 allocs, 0 frees, 0 bytes allocated
==16278== 
==16278== All heap blocks were freed -- no leaks are possible
==16278== 
==16278== For counts of detected and suppressed errors, rerun with: -v
==16278== ERROR SUMMARY: 0 errors from 0 contexts (suppressed: 2 from 2)
