1 1000000 525
972338 972338 176
296414 296414 97
731762 731762 93
517693 517693 77
29878 29878 73
339630 339630 105
614304 614304 173
385123 385123 162
73360 73360 157
312222 312222 66
790133 790133 119
949507 949507 202
350798 350798 167
346912 346912 136
593021 593021 98
35421 35421 99
308310 308310 53
878095 878095 96
991658 991658 60
61320 61320 61
147265 147265 65
540954 540954 64
301624 301624 141
29498 29498 47
325554 325554 40
203828 203828 112
938347 938347 308
834080 834080 57
895884 895884 140
625488 625488 54
307370 307370 172
384573 384573 74
921902 921902 171
39132 39132 182
902265 902265 233
468131 468131 131
378761 378761 131
32921 32921 55
853253 853253 101
452120 452120 64
861494 861494 158
159738 159738 171
917978 917978 109
212292 212292 81
506649 506649 227
27350 27350 184
247712 247712 151
814958 814958 145
905444 905444 109
756965 756966 88
393453 393454 100
569925 569926 129
813680 813681 114
695133 695134 137
599642 599643 204
140001 140002 176
899791 899792 140
53382 53383 172
489209 489210 201
311272 311273 110
678955 678956 155
796983 796984 194
696113 696114 124
117118 117119 62
836880 836881 176
113996 113997 106
585758 585759 204
731217 731218 212
147875 147876 158
954889 954890 140
699488 699489 168
524413 524414 302
115618 115619 49
618396 618397 186
738090 738091 119
137959 137960 176
645834 645835 111
501461 501462 183
469249 469250 157
67018 67019 162
258426 258427 164
862701 862702 96
636942 636943 173
586311 586312 204
72039 72040 188
750788 750789 163
726311 726312 225
971829 971830 96
804170 804171 238
729724 729725 318
797306 797307 194
483125 483126 121
526707 526708 196
493419 493420 170
600242 600243 160
363587 363588 87
121619 121620 88
186000 186001 179
609008 609009 67
269494 269493 208
140890 140889 83
308497 308496 110
793907 793906 145
770711 770710 194
441097 441096 188
46202 46201 138
908670 908669 202
86931 86930 46
547663 547662 196
377919 377918 131
668153 668152 142
320293 320292 185
754824 754823 163
305095 305094 110
420808 420807 131
826862 826861 163
570088 570087 134
661323 661322 323
312896 312895 128
374258 374257 87
391048 391047 224
110202 110201 173
857382 857381 101
917754 917753 202
117826 117825 75
971828 971827 96
795546 795545 194
239444 239443 213
672032 672031 155
404554 404553 162
23142 23141 83
327126 327125 154
227255 227254 107
817047 817046 88
97836 97835 160
668350 668349 186
377452 377451 180
520709 520708 183
755280 755279 132
439318 439317 126
898626 898625 96
423432 423431 126
273815 273814 84
167654 167653 153
242730 242729 138
694621 694620 111
994514 994513 228
812816 812815 207
355944 355943 136
821614 821613 101
701277 701276 243
746990 746989 88
931814 931813 78
72863 72862 113
664743 664742 124
49639 49638 97
44690 44689 164
974492 974491 215
803286 803285 163
716721 716720 80
379046 379045 224
826426 826425 176
43846 43845 45
606299 606298 204
157677 157676 78
655884 655883 111
274648 274647 120
535127 535126 121
176593 176592 166
544131 544130 90
488649 488648 201
589422 589421 222
481766 481765 51
762462 762461 150
757075 757074 194
238700 238699 120
457082 457081 144
265793 265792 102
51515 51514 172
327229 327228 185
87406 87405 59
752791 752790 62
74218 74217 64
19220 19219 75
825652 825651 207
253165 253164 81
583061 583060 72
384546 384545 74
741860 741859 93
900550 900549 114
615470 615469 173
635109 635108 173
726975 726974 274
659314 659313 93
755611 755610 212
398855 398854 193
315197 315196 128
544463 544462 178
448186 448185 139
491788 491787 183
88593 88592 134
936833 936832 140
81210 81209 152
84563 84562 227
699294 699293 168
352488 352487 74
323261 323260 141
670579 670578 93
618279 618278 204
888978 888977 264
997807 997806 215
705684 705683 199
155973 155972 127
586228 586227 103
239107 239106 76
981624 981623 91
353596 353595 105
336371 336370 185
880373 880372 189
95456 95455 222
236921 236920 213
495842 495841 121
244768 244767 182
478099 478098 77
669359 669358 199
379 378 108
876953 876952 83
984554 984553 184
544840 544839 209
325138 325137 185
990546 990545 184
147636 147635 233
776174 776173 150
585959 585958 147
232197 232196 63
989671 989670 171
452650 452649 113
555456 555455 178
660249 660248 186
70928 70927 144
444434 444433 118
172260 172259 122
290815 290814 296
600405 600404 160
272692 272691 84
44125 44124 164
96233 96232 160
140491 140490 145
380495 380494 61
525942 525892 240
769357 769307 225
226042 225992 262
66079 66029 268
27208 27158 202
180810 180760 241
745432 745382 243
56201 56151 198
554620 554570 284
229001 228951 218
643620 643570 248
386023 385973 237
708662 708612 243
224511 224461 262
189930 189880 303
779375 779325 300
510607 510557 289
187734 187684 254
240844 240794 213
563998 563948 271
334649 334599 291
381742 381692 374
516118 516068 227
989849 989799 215
139133 139083 207
625582 625532 310
319576 319526 247
218879 218829 262
229403 229353 200
486036 485986 245
113479 113429 230
755295 755245 212
664344 664294 261
748422 748372 225
230325 230275 200
691501 691451 274
338184 338134 273
384709 384659 211
747651 747601 318
892753 892703 233
22661 22611 207
800222 800172 207
278776 278726 283
731272 731222 243
433685 433635 250
877607 877557 295
510646 510596 183
944241 944191 246
474293 474243 201
751439 751389 256
917190 917140 383
808891 808841 238
542132 542082 284
433308 433258 219
798739 798689 300
90216 90166 209
467841 467791 201
527267 527217 302
717997 717947 243
697193 697143 199
422254 422204 250
240427 240377 213
861439 861389 189
86597 86547 227
988799 988749 259
500716 500666 258
778048 777998 194
735934 735884 318
885374 885324 176
934650 934600 246
628686 628636 235
907984 907934 233
143874 143824 220
316413 316363 247
639255 639205 279
577508 577458 235
602972 602922 173
558852 558802 209
930700 930650 264
77264 77214 232
719242 719192 274
847889 847839 326
886104 886054 233
670325 670275 292
690148 690098 199
93844 93794 253
760491 760441 380
566940 566890 315
621060 621010 235
887439 887389 282
264133 264083 283
43313 43263 226
127865 127815 194
534523 534473 240
129860 129810 225
116663 116613 243
35238 35188 249
316859 316809 247
852546 852496 282
920561 920511 308
251508 251458 164
890184 890134 339
237546 237496 244
804283 804233 238
615548 615498 266
285752 285702 221
381790 381740 224
218519 218469 249
844553 844503 313
312489 312439 278
295732 295682 234
972746 972696 246
569330 569280 240
590787 590737 328
643071 643021 248
668429 668379 292
684581 684531 243
812513 812463 251
235369 235319 200
305640 305590 234
699951 699901 274
908403 908353 295
757855 757805 287
827765 827715 207
851877 851827 326
296666 296616 265
353380 353330 273
887065 887015 220
613474 613424 204
614877 614827 266
216627 216577 231
273933 273883 358
505060 505010 289
454123 454073 338
78216 78166 170
120608 120558 243
739824 739774 287
868907 868857 251
339076 339026 260
993329 993279 215
181396 181346 210
43760 43710 239
966074 966024 246
159677 159627 246
634496 634446 261
18146 18096 186
237057 237007 319
319076 319026 216
239610 239560 182
472375 472325 245
33668 33618 236
939510 939460 507
789729 789679 300
791472 791422 194
176277 176227 303
641606 641556 204
497089 497039 183
938558 938508 246
937622 937572 339
110562 110512 261
553434 553384 315
154248 154198 202
793396 793346 269
467446 467396 245
17322 17272 173
871561 871511 264
996955 996905 321
757096 757046 225
740468 740418 194
744982 744932 225
159426 159376 246
330815 330765 185
788691 788641 238
534451 534401 178
899393 899343 233
423187 423137 312
552547 552497 315
136449 136399 207
151214 151164 251
201108 201058 236
17776 17726 186
184831 184781 210
549570 549520 209
807454 807404 238
385254 385204 224
725796 725746 243
858011 857961 251
882292 882242 220
664353 664303 261
795632 795582 225
401805 401755 144
626738 626688 310
358832 358782 242
195201 195151 205
94183 94133 253
376103 376053 180
475713 475663 152
500089 500039 258
542150 542100 209
216180 216130 249
245071 245021 244
701525 701475 199
955896 955846 202
33761 33711 205
644928 644878 230
855288 855238 220
865849 865799 388
606426 606376 235
991687 991637 290
17063 17013 217
807483 807433 300
418414 418364 281
610795 610745 266
357052 357002 304
634819 634769 217
995999 995949 365
491799 491749 258
492830 492780 245
287292 287242 221
565103 565053 253
697413 697363 318
98049 97999 191
191841 191791 223
56244 56194 198
293199 293149 358
694925 694875 212
432297 432247 219
768861 768811 256
195014 194964 342
383398 383348 193
393993 393943 361
440034 439984 219
84923 84873 227
349888 349838 273
882696 882646 251
138802 138752 176
614128 614078 204
748545 748495 225
745177 745127 212
14816 14766 209
174559 174509 179
552659 552609 284
433179 433129 268
785303 785253 238
318663 318613 172
67997 67947 206
190303 190253 223
810411 810361 406
969728 969678 321
886497 886447 295
385028 700591 509
6538 966782 525
53735 144720 375
206497 828726 509
90403 951659 525
256754 585585 470
252965 898342 525
25750 985938 525
46474 997130 525
119351 777370 509
8862 59794 340
85491 727633 509
725986 747617 424
69389 982547 525
163776 371493 443
340721 899603 525
39557 459287 449
369096 859181 525
562757 763327 509
200546 666895 509
9334 922595 525
92503 855080 525
736831 877518 525
698539 770254 504
51993 835375 509
672390 936567 525
173735 725350 509
220032 991558 525
47603 401929 443
201754 970189 525
362582 899106 525
316380 918055 525
487333 850128 525
103978 570948 470
730266 967044 525
335805 993700 525
94974 339825 443
27949 252979 443
119812 779401 509
1642 994875 525
451235 994067 525
590755 900744 525
711094 874823 525
60656 761054 509
407450 690002 509
63077 659527 509
279228 591730 470
172917 948248 525
380923 703512 509
46273 833991 509
19559 227883 386
254631 996742 525
238030 620468 470
222999 578064 470
128323 424914 449
176003 693706 509
641934 763994 504
185858 636080 509
141582 567142 470
9252 845801 525
793586 929392 525
273105 832998 509
40992 704821 509
86007 758669 509
250300 860529 525
364806 943296 525
7370 913365 525
148562 452994 449
294548 614995 470
29019 875832 525
599364 639863 509
4764 977577 525
46961 755523 509
262663 743715 509
451714 541723 470
452347 843638 525
133515 916820 525
569787 792967 509
516708 835820 509
15758 482014 449
116556 472780 449
613496 877742 525
140195 538248 470
126309 193313 383
330852 591731 470
67266 919157 525
3755 798442 509
13551 993840 525
31034 311478 443
343079 529506 470
668389 963684 525
244697 873670 525
150398 195652 383
629691 671777 442
146443 894439 525
163411 973470 525
210892 796685 509
76868 959659 525
225707 901394 525
302557 553960 470
64701 961019 525
143038 897334 525
15736 460086 449
199604 426562 449
707149 903076 525
615511 743463 509
242878 750334 509
245407 331581 407
836404 961835 525
230123 663552 509
610657 763611 509
915581 925933 445
153424 987570 525
190940 946238 525
17779 893422 525
525114 971514 525
100015 726362 509
330181 825851 509
117437 569071 470
107605 935802 525
355768 524486 470
186727 841862 525
133156 362583 443
55771 317359 443
147187 533108 470
632142 893131 525
8176 946682 525
676750 987077 525
479176 676365 509
627000 909485 525
451845 556876 470
113024 990522 525
28441 990727 525
54903 406036 443
697469 825970 504
49748 627581 509
199802 367985 443
191517 713966 509
925601 932582 476
9703 794875 509
510948 990003 525
34454 998935 525
56894 407101 443
280227 986792 525
273455 646594 509
152377 805310 509
164944 915584 525
475215 717468 509
48228 984531 525
694569 821415 504
149392 954812 525
87994 999073 525
18997 989348 525
59115 946681 525
212464 946382 525
32208 918794 525
57934 293187 443
278639 941877 525
353860 996088 525
329892 979101 525
354130 745687 509
309998 836240 509
4358 869635 525
85258 456733 449
126174 520760 470
89306 988395 525
517305 753009 509
16136 706098 509
126868 886917 525
233523 933262 525
142518 909138 525
516230 739522 509
497442 967539 525
366061 986098 525
94219 866904 525
193070 837115 509
109132 713224 509
362674 701818 509
323032 778166 509
56997 844299 525
199831 957828 525
157459 723538 509
446937 492552 444
534160 766621 509
527805 877727 525
139486 955469 525
375078 926308 525
47230 714701 509
8830 967339 525
215959 865963 525
94669 684128 509
490292 934785 525
88118 585158 470
807891 987164 525
644608 655216 385
43659 878258 525
49855 251877 443
629434 908093 525
584097 757169 509
146993 716647 509
453983 930007 525
275546 947787 525
6834 980803 525
344812 909745 525
129239 789164 509
143967 840344 525
778191 803530 468
3860 963149 525
82494 523353 470
1283 992190 525
178175 832369 509
310525 563302 470
144772 887309 525
336582 956788 525
365022 923930 525
11051 966006 525
111790 719993 509
292448 870987 525
18 999631 525
50996 81999 351
55929 930692 525
30880 456155 449
361861 746464 509
44060 982894 525
226551 782382 509
670821 980456 525
47709 835661 509
292943 875536 525
244048 854249 525
15650 494452 449
526491 919152 525
409751 646497 509
242521 336179 407
507220 606608 470
3014 994477 525
135959 888768 525
208313 582438 470
273681 556361 470
16179 611532 470
211080 827975 509
248907 949219 525
88825 966386 525
216576 221871 355
253804 821613 509
169792 832747 509
46281 863590 525
1947 998668 525
582028 671212 509
71999 974045 525
196808 896810 525
847340 12024 525
933537 173802 525
922768 259168 525
481681 480807 369
828868 15882 509
959502 33012 525
864693 804041 525
943518 392899 525
905551 124992 525
397592 199797 443
845745 164353 525
740864 209030 509
626539 41027 509
928887 127691 525
988941 146647 525
967552 70133 525
997001 10287 525
770727 367323 509
820879 88605 509
855293 429673 525
910864 372464 525
936910 845647 476
772584 100069 509
815040 117337 509
607627 330963 470
879017 466077 525
975787 32481 525
276552 124030 443
545591 430743 470
897250 848169 445
972750 1481 525
798519 131062 509
363771 243764 441
955780 314779 525
995071 3579 525
944301 514055 525
532789 81352 470
904129 258833 525
204952 8856 383
700461 90731 509
781345 26496 509
724162 293345 509
155488 155340 308
725872 466193 509
482592 429183 444
433491 328649 449
638384 383123 509
697970 166253 509
798248 438734 509
830609 86707 509
712971 440926 509
439310 42059 449
990694 262332 525
952299 72161 525
493700 75449 449
967759 54188 525
773041 744151 468
938071 34111 525
987455 27024 525
274625 97887 443
642733 170333 509
714912 127337 509
152445 65861 375
738555 119273 509
871246 579235 525
746042 432585 509
772000 685611 504
945062 141172 525
715739 413428 509
996631 224717 525
924598 234350 525
980533 54166 525
741157 678580 504
374753 110225 443
998440 4473 525
653776 584224 509
865907 110356 525
395592 168860 443
620344 327572 470
998610 677672 525
590460 348556 470
951294 769750 525
982568 604761 525
984655 325258 525
230122 44307 386
703819 270434 509
638965 5817 509
459156 347602 449
970431 264000 525
855083 103646 525
979780 129727 525
369560 170091 443
994882 413 525
724180 243737 509
632816 327895 509
968682 63954 525
954689 2561 525
451968 60498 449
737535 149476 509
670267 111157 509
998776 246 525
942324 259683 525
960889 92290 525
432972 72865 449
926785 240155 525
872427 80646 525
591523 142637 470
700350 41711 509
591855 141699 470
939178 175878 525
933597 476781 525
960433 142179 525
826342 72041 509
732505 444569 509
865239 88295 525
952418 803480 525
866129 26588 525
942983 503126 525
676782 18303 509
885088 85566 525
884176 456315 525
568140 169996 470
808742 193484 509
806853 454047 509
600488 371919 470
983850 130654 525
878691 94556 525
685121 41735 509
510194 112667 449
951325 37825 525
954727 176359 525
998346 15695 525
969419 42698 525
926213 51108 525
977128 238303 525
991345 28332 525
455483 156848 449
230718 154580 443
987062 536418 525
969434 957423 414
952096 407045 525
914022 367 525
209502 156492 373
937394 37068 525
999487 994772 440
807545 149832 509
979581 70613 525
985003 34955 525
716348 620771 509
842269 388675 525
602344 102563 470
743714 709921 424
755160 461043 509
782480 553819 509
942673 887444 507
628281 171601 509
651464 29232 509
728565 282746 509
944823 17446 525
180965 22482 383
935894 259570 525
917093 169213 525
555304 66039 470
974761 37427 525
561860 38778 470
778347 326398 509
731046 407157 509
934530 80547 525
590327 478301 470
561896 199128 470
664909 308889 509
817053 533165 509
894636 188500 525
983210 297012 525
750391 158187 509
853337 255028 525
954571 777340 525
702333 332160 509
693338 132868 509
894485 643146 525
849733 634945 525
576547 437428 470
774077 68695 509
466522 309838 449
639137 14335 509
603983 586615 403
601584 229979 470
919897 444470 525
830761 283446 509
529009 301403 470
591604 68945 470
703315 262563 509
892178 203721 525
942331 575944 525
733564 98779 509
984607 135776 525
952087 598369 525
610163 221912 470
986412 456304 525
633451 207886 509
740343 126900 509
779325 643593 504
953472 176578 525
933736 354595 525
880804 75315 525
866323 369889 525
241812 92797 443
588582 560543 434
844987 580523 525
909126 306375 525
353967 309111 441
878571 129749 525
795730 323494 509
649741 159363 509
568209 337145 470
974043 300437 525
412235 20653 449
966557 620649 525
811797 358595 509
403916 394878 387
526217 278068 470
705691 118852 509
649361 173998 509
949068 198080 525
342276 300268 384
921177 282101 525
959774 121749 525
724468 206326 509
733950 176274 509
751859 406550 509
995485 38316 525
871952 722352 525
436640 92034 449
494770 461191 444
970795 550236 525
840514 784015 525
820301 239507 509
723183 140958 509
995432 220863 525
982482 186498 525
871791 152134 525
737091 317297 509
453280 113969 449
735340 318340 509
462895 86 449
837264 118833 509
892933 111708 525
780976 495895 509
849990 486449 525
678538 238547 509
