901701 979102 476
297525 721488 470
636357 510786 470
785876 452455 470
575974 669118 447
179602 114577 383
469287 517489 470
226584 103846 386
694922 95634 470
332536 247029 407
60022 977715 476
600404 420135 470
610021 427113 470
242505 714961 470
656512 248280 470
222883 72419 386
227382 34612 386
308111 863738 470
59603 93987 351
830397 635576 468
277310 9999 443
264358 746596 470
41692 5146 324
364646 736613 470
100779 697181 470
983641 675005 476
189101 98251 383
95140 313326 443
525363 337645 470
28287 696079 470
585924 765374 447
768497 327511 470
314190 76608 443
191249 373792 443
684799 21647 470
523573 962108 476
545849 302135 470
222909 587541 470
307280 587554 470
838358 922262 476
798939 336205 470
597267 502244 470
434455 206612 449
815570 474022 470
58461 358061 443
170101 644384 470
637639 452803 470
486099 951829 476
43615 677348 470
839825 242618 470
213199 877602 470
718930 273252 470
693941 456043 470
374997 1221 443
557801 213356 470
437688 356740 449
549560 34955 470
373189 498219 449
755770 188759 470
972240 814230 476
546819 656545 447
972819 698663 476
623552 458918 470
650492 181372 470
650470 4522 470
423989 863668 470
396329 657124 470
651125 90270 470
113167 26122 354
91491 670968 470
753681 529178 452
541912 817445 468
78337 915100 476
315664 834107 470
618063 802108 468
162542 679087 470
972858 135361 476
377750 596410 470
594279 542446 452
291986 244749 407
546967 230180 470
622622 457500 470
887303 273747 470
547770 470 470
299868 153465 443
185642 53550 383
682642 241759 470
870994 275183 470
156859 700863 470
623494 289127 470
17176 786036 470
968213 990033 458
921396 345963 476
100649 29880 351
888408 392634 470
274629 949579 476
622813 411455 470
407080 510116 449
685201 469054 470
24791 499273 449
622518 724636 442
67027 819364 470
966394 452226 476
94547 637458 470
153089 232246 443
926584 170264 476
18282 409002 443
160298 453882 449
269169 260946 407
483762 671781 470
167784 272595 443
135565 790597 470
684049 542644 452
814917 883454 450
525902 353912 470
382727 148420 443
592753 449754 470
967783 559147 476
901979 576535 468
710809 569272 447
808780 151598 470
253740 341266 407
560599 928241 476
795147 343972 470
189187 793113 470
15753 871175 470
579912 151318 470
661772 263961 470
208166 990893 476
147415 734068 470
859010 44347 470
882487 451763 470
8305 364476 443
10910 910283 476
941010 235924 476
993759 263995 476
387521 247499 441
605260 462325 470
175741 914611 476
806296 879131 450
707725 336254 470
750306 287637 470
487571 926282 476
65803 209941 383
431381 727421 470
458213 290391 449
771767 340701 470
742153 780071 468
219381 267267 443
204559 160391 370
503190 198318 449
424385 404916 449
960021 29645 476
867240 135762 470
944255 187741 476
529097 166185 470
523994 793608 468
968026 525769 476
234095 33829 443
249915 665475 470
761249 708127 424
955865 47222 476
563032 212223 470
827292 782412 468
479490 546056 470
942802 496884 476
258578 881391 470
416004 218599 449
425240 283244 449
868564 883700 432
985189 397662 476
564089 23388 470
705474 532115 452
549157 939568 476
80148 799071 470
605044 841397 468
507198 75114 449
402823 584435 470
287337 230115 443
366847 281031 441
290375 823854 470
292119 548953 470
705245 708123 349
767551 644690 442
505571 150321 449
42595 490760 449
62187 606683 470
28353 767660 470
138799 577509 470
707228 218946 470
890784 826476 432
574547 912186 476
901590 977369 476
496621 703131 470
721689 863468 468
498366 12064 449
201527 790484 470
75221 420976 449
12812 842772 470
65666 518383 470
507297 108260 449
523347 569483 452
229148 551699 470
337143 882150 470
643412 558575 447
615300 534196 452
385052 189848 443
960587 800846 476
681421 457208 470
503977 917314 476
834880 2343 470
443583 36407 449
307031 518803 470
457383 319843 449
875779 37253 470
838225 383076 470
659717 875776 468
952558 888864 476
427476 803905 470
771014 70888 470
362481 386314 423
119289 747532 470
90366 79876 333
548378 285992 470
51288 566559 470
203306 400373 443
568901 646888 447
436779 875931 470
165692 408366 443
195774 41471 383
959823 548203 476
938751 619540 476
423980 891309 470
508404 365660 449
695215 793622 468
950751 571900 476
694140 70040 470
319432 298711 384
664119 382014 470
584702 229612 470
948572 302212 476
629984 31678 470
949100 580967 476
421813 628996 470
989333 131792 476
184671 949156 476
679994 123422 470
82901 618178 470
528936 105509 470
983837 224151 476
899130 934589 476
310255 107475 443
518833 143891 470
406185 697157 470
525904 990886 476
440973 988680 476
293099 70957 443
534562 756403 452
651923 956374 476
899603 155461 470
88166 84274 333
618821 282365 470
721900 215926 470
900542 250836 470
321434 398585 441
989190 220564 476
847378 299445 470
842243 880415 432
443335 248428 449
577572 483443 470
753519 18545 470
472123 560822 470
603705 520889 452
317225 769833 470
477263 731032 470
439498 79634 449
815305 58320 470
361998 537205 470
274245 776744 470
302245 109884 443
175329 291435 443
330447 22707 443
105084 686894 470
417327 548418 470
935322 509103 476
546065 203046 470
41853 532392 470
763867 645557 442
53281 595296 470
415390 530544 470
326328 854888 470
124382 655837 470
427412 486379 444
707247 215861 470
263123 9492 443
325744 952656 476
815131 170396 470
489567 920214 476
857289 906893 432
982837 306816 476
415997 43107 449
509861 457849 444
575499 787932 468
103406 628779 470
897432 33001 470
673527 737964 442
402093 797908 470
393802 343709 441
284287 101049 443
73774 61615 330
624744 399518 470
14271 954079 476
84118 503837 449
874294 455611 470
924935 371336 476
276632 340932 389
414442 300697 449
312985 989940 476
88630 930594 476
132925 500266 449
477799 806451 470
238231 879891 470
118565 632032 470
737804 917055 476
247285 811578 470
978669 386233 476
725300 507144 470
340313 323622 384
525186 728811 452
779232 964325 476
100147 55864 351
305257 28793 443
356561 132446 443
532938 959394 476
63040 665862 470
459660 540839 470
986517 697890 476
934934 619286 476
844126 672739 468
536342 91411 470
484317 29216 449
991848 723821 476
50565 332161 443
47443 575750 470
60972 826674 470
54280 675322 470
396743 359536 436
704114 267508 470
491981 751256 470
226902 69225 386
931322 686561 476
610063 917840 476
898656 544998 468
51331 742782 470
217737 587672 470
348398 216258 443
616888 340246 470
940078 667452 476
672406 501725 470
757406 247582 470
842603 811685 450
922903 239346 476
685425 141222 470
506853 691610 470
892478 733754 468
760834 823800 468
934520 885102 476
255845 833176 470
944304 307176 476
90163 676245 470
409052 438560 449
892502 25940 470
293010 346785 441
207596 479620 449
362714 479206 449
727201 205317 470
805095 164309 470
444663 4725 449
305531 465720 449
210539 712213 470
199475 485578 449
536013 648199 452
370680 306063 441
995579 314984 476
127443 85742 354
991228 536494 476
38507 397935 443
562434 331516 470
258924 284234 407
325341 621637 470
277645 52542 443
341158 596944 470
731055 785820 468
601669 36586 470
251541 812207 470
263003 965219 476
297785 313220 384
127623 182669 383
619282 123202 470
497652 746724 470
723147 3085 470
283219 761653 470
915223 359857 476
607374 688351 447
158295 932714 476
309988 950143 476
499460 165351 449
547088 744719 447
951170 662961 476
295509 716915 470
475168 558511 470
196339 287158 443
871731 323961 470
469826 5218 449
961366 481683 476
751942 684514 442
998971 549365 476
960371 914195 445
423426 567745 470
116751 581720 470
14664 940943 476
531864 28329 470
106294 593156 470
773047 57464 470
256117 68557 443
288584 245489 407
627067 484922 470
46851 13003 324
323088 516677 470
18221 798658 470
512564 284367 470
483172 25740 449
833731 957748 476
454139 257157 449
39698 570890 470
353081 54362 443
511833 399149 449
596894 618126 447
506509 369941 449
189794 762625 470
952701 478377 476
8115 93974 351
477504 54965 449
106976 314796 443
85846 125196 354
113454 112614 292
409562 110831 443
138354 757497 470
68579 106697 354
528858 108276 470
677586 881939 468
676841 703623 442
795292 787939 437
321749 301802 384
157881 511543 449
578631 624786 447
504124 100950 449
718759 495832 470
670119 825735 468
810627 755964 468
465135 438286 444
382783 388902 348
63321 35341 340
660603 131899 470
142037 189462 383
754378 333828 470
585605 945424 476
37451 380897 443
733363 359200 470
196903 405448 443
384947 775534 470
30235 889070 470
876483 748993 468
899107 546602 468
88933 709734 470
816771 68273 470
662224 713758 442
971378 725544 476
749098 631981 442
371647 405339 436
335647 126026 443
739166 921251 476
585654 776617 468
816353 319017 470
650021 527460 452
724465 549172 447
302994 268904 389
952446 693682 476
532101 851553 468
754488 135239 470
75493 571259 470
717715 737716 424
799221 689093 468
977465 548319 476
835278 349112 470
467863 170926 449
989341 207029 476
606381 574995 434
497850 422734 444
408217 662075 470
950194 646886 476
211247 767392 470
915789 163694 476
461074 962094 476
529451 729767 452
97333 604943 470
301026 815047 470
856864 100248 470
18345 834329 470
162771 367828 443
183441 630633 470
538753 686987 452
351867 659338 470
261982 849716 470
596277 184403 470
25997 60676 340
831288 237243 470
828067 261282 470
915140 803346 476
223377 444592 449
533113 834913 468
49535 348343 443
164166 906398 470
962794 182510 476
254932 125566 443
550337 438373 470
270403 603294 470
639564 622269 416
776837 415750 470
986190 373114 476
600153 12187 470
433789 431441 387
763633 261856 470
206928 678774 470
579406 430304 470
123366 112519 349
779421 687104 468
975066 943586 458
107708 937860 476
126097 362639 443
577630 190638 470
315216 848033 470
308137 954779 476
984506 84974 476
370530 970696 476
458087 970682 476
497087 891875 470
916327 260721 476
667935 123255 470
453699 247342 449
67763 91269 351
874064 847184 432
778372 849130 468
790770 886079 468
301196 431071 449
248719 878825 470
135914 563934 470
241063 444050 449
32919 225570 386
529023 403448 470
710470 501314 470
888334 721762 468
393189 318866 441
496687 575328 470
956325 950385 414
336874 24088 443
41654 210939 383
385476 820025 470
574273 690451 447
220310 875468 470
121522 983232 476
268499 257435 407
61371 509561 449
215689 94289 383
249335 744711 470
11941 474010 449
760229 900274 468
195772 153418 383
733345 692458 411
242951 689670 470
642843 579824 447
227962 198701 386
790762 613438 468
532930 879240 468
818093 753239 468
268913 453819 449
736471 537411 452
225459 797842 470
561177 441147 470
406335 810511 470
700063 418276 470
284521 460292 449
832754 994496 476
127915 80304 354
686954 370865 470
769973 844001 468
950688 997935 458
42702 255656 443
125578 575632 470
649100 943670 476
328871 918012 476
911693 579547 476
455424 137152 449
891593 530805 468
578299 297928 470
341316 278362 389
230408 140042 386
738653 577367 447
134538 380772 443
657670 335697 470
751636 427644 470
179698 216530 386
939783 222400 476
472185 579565 470
798031 121285 470
37440 641106 470
553501 949132 476
220653 523129 470
86285 626450 470
53934 664583 470
924378 909454 476
457149 668990 470
49496 710006 470
246357 698237 470
90779 418232 449
33934 842414 470
360080 727836 470
573148 814067 468
950235 559537 476
393632 262471 441
195026 431071 449
903576 748527 468
380203 638434 470
271656 466487 449
264884 325590 389
645274 703466 442
235044 102423 443
372457 798743 470
812429 133018 470
11185 417412 449
65454 559323 470
774030 425533 470
287159 347179 441
239600 751598 470
906715 147436 470
14069 615946 470
578506 431849 470
364473 472914 449
584487 150333 470
453605 363576 449
475922 98880 449
67042 225170 386
715506 953702 476
538117 42140 470
600925 63507 470
459551 180583 449
622829 747786 442
606116 424192 470
94965 359920 443
175790 515884 470
507356 704062 470
131830 600066 470
650115 10507 470
72980 748807 470
160840 40790 383
112383 150966 375
139669 693628 470
890340 369379 470
161536 428457 449
411519 276665 449
6168 385274 443
457247 628996 470
133060 63363 354
567392 742228 447
937487 257386 476
772317 959047 476
475652 904146 470
559113 125768 470
428858 146298 449
388779 589697 470
187087 501161 449
740662 840959 468
708993 631002 442
210338 870528 470
573664 136061 470
661397 579831 447
35540 118645 354
723032 682803 442
696211 290424 470
939236 633698 476
62015 711553 470
106950 537666 470
129904 666063 470
177638 558761 470
812360 566416 468
148458 513651 470
581781 403325 470
354610 290775 441
548531 79152 470
675507 636399 429
215213 336905 443
216231 764956 470
969753 453467 476
447759 665964 470
258095 386995 441
813867 320109 470
98548 920816 476
857775 742656 468
586879 35413 470
301417 913443 476
116034 449875 449
941298 697814 476
367404 295908 441
502793 915934 476
375060 178301 443
552334 104477 470
29410 282769 443
869432 999162 476
250440 831395 470
665126 508534 470
732595 993197 476
828643 345347 470
914014 200623 476
88003 15098 351
236035 389420 441
442746 352068 449
353499 384044 423
564087 720902 447
679952 66880 470
151041 569216 470
245180 217579 443
187897 788793 470
14552 571533 470
787955 264991 470
402928 967286 476
773525 135523 470
960483 602168 476
995074 388702 476
316995 83077 443
403800 553029 470
472496 846545 470
419302 340199 449
230589 497593 449
575305 424745 470
564472 726346 447
508165 323857 449
458129 696061 470
112650 472681 449
267594 414810 449
737671 184727 470
896300 511196 470
834453 856783 419
627568 829527 468
245486 944562 476
426809 163490 449
11797 413509 449
10035 945302 476
753708 754827 318
442895 329013 449
693777 7367 470
569563 201942 470
331223 27693 443
412208 958077 476
500373 194006 449
887091 238044 470
378732 783391 470
749240 727390 424
154379 376808 443
71122 914068 476
835575 497930 470
77558 847371 470
911439 601796 476
792673 665147 468
356624 235568 441
508364 50401 449
757138 77928 470
766546 602566 447
105620 178754 383
560643 605992 434
372760 961938 476
358240 265696 441
745329 107480 470
993085 899707 476
998492 578412 476
813776 348272 470
76342 891333 470
195643 501985 449
493130 502520 426
681336 363958 470
252292 189701 443
928562 9430 476
781832 695108 468
126200 887451 470
873862 201047 470
7648 760826 470
162985 365887 443
26522 908313 470
987571 533812 476
808021 500268 470
112224 136002 349
848539 702769 468
541539 44182 470
204755 548873 470
60906 400295 443
912830 313197 476
589995 841392 468
836830 886031 432
536501 963030 476
287687 924567 476
678281 295334 470
685393 841266 468
175426 711914 470
749579 162997 470
245726 71805 443
663264 872153 468
722010 26008 470
574923 263550 470
70189 293882 443
812422 645298 468
694176 239458 470
472699 798376 470
80850 309529 443
198612 131555 383
786763 486299 470
570326 465045 470
295837 255719 407
820515 471262 470
967633 570094 476
148463 727563 470
156104 325931 443
113922 878113 470
351938 203049 443
655867 936330 476
11135 982494 476
581628 219515 470
221952 54327 386
532095 817005 468
878060 730707 468
462765 179028 449
217006 33091 386
644072 512842 452
288810 464587 449
984104 770647 476
548886 646771 447
12415 219194 386
972702 640540 476
611511 838844 468
843588 267379 470
775175 854722 468
764077 871007 468
74238 986028 476
439539 606332 470
317238 317599 309
337039 780002 470
496626 68249 449
813093 654903 468
581091 616107 447
633694 79400 470
900958 182580 470
240375 913372 476
915977 727281 476
68118 527489 470
566126 911705 476
309072 341301 384
280633 73149 443
726512 354870 470
573381 166051 470
475406 890618 470
997853 326650 476
184826 8685 383
394898 512123 470
663587 490193 470
128230 297281 443
83797 543392 470
994065 838376 476
456764 910042 470
565657 524881 452
437531 131783 449
950791 260807 476
987287 231424 476
333955 713800 470
100498 907335 470
394055 575903 470
312159 391909 441
902552 496984 470
400593 811655 470
9107 578384 470
816052 137336 470
875664 414054 470
680727 383934 470
252430 651695 470
293977 818086 470
690781 245712 470
464074 155777 449
506519 451361 444
387200 354678 423
679365 487697 470
262014 587625 470
577804 574172 390
979533 994561 427
71156 894330 470
320421 594466 470
472714 136473 449
246006 862582 470
64731 440937 449
760721 831364 468
606836 54698 470
649451 297617 470
814613 627729 468
967597 835336 476
79090 869001 470
190015 272660 443
870902 966232 476
860284 448707 470
540404 354022 470
957472 125764 476
762556 277893 470
720229 749474 424
928569 966234 445
612056 507505 470
921375 372777 476
338869 528211 470
941678 988319 458
825828 270497 470
130253 307630 443
105833 209343 383
176632 295847 443
996206 47534 476
262079 856490 470
10445 316687 443
724716 967916 476
442450 487272 444
760013 676883 442
236746 688583 470
157322 363006 443
196088 78697 383
249988 534956 470
606908 705870 447
37481 946940 476
976366 167733 476
768774 82200 470
891279 945405 476
378046 401690 436
507144 154330 449
258180 517588 470
471016 497100 426
999709 427671 476
984371 759722 476
618758 735321 442
962509 290285 476
612532 158597 470
368981 862519 470
207758 490093 449
82594 759442 470
951237 58961 476
441379 720012 470
655364 332659 470
179622 547614 470
734348 686765 442
701943 506733 470
718558 172960 470
518037 718267 452
114835 502409 449
477989 733592 470
751934 440499 470
23877 364466 443
113300 907062 470
741189 835261 468
397155 337988 441
594703 862597 468
911152 36083 476
582609 566516 390
882945 276435 470
114130 131498 349
963200 816073 476
638230 681758 429
503237 156268 449
914229 618071 476
172881 392218 443
865867 439019 470
346921 889744 470
317690 974425 476
796806 573083 468
809686 708165 468
911070 918594 401
570762 822222 468
954676 667575 476
902942 351826 470
944010 17073 476
483323 421415 444
347350 635758 470
617377 364791 470
306230 531606 470
497066 993314 476
438028 362933 449
432333 299154 449
252677 264227 407
273579 563687 470
837310 83265 470
271853 262585 407
