1 1 1
10 1 20
999999 997824 396
984624 997821 427
983040 984622 383
1 159486 383
159488 212648 373
184542 194449 360
370186 373515 348
93026 126688 354
88829 107217 354
61688 69669 330
322345 350960 441
335785 337817 366
324320 348401 441
75114 21295 340
50675 95128 351
51425 1024 324
937519 926518 476
184680 180219 365
237804 236127 350
346526 320809 441
71202 71218 211
336481 343889 366
695089 690043 442
1179 57878 340
154940 83762 375
250197 260066 363
869406 872318 432
52399 60777 340
32216 59664 340
125304 184 354
42561 89449 351
608298 620843 447
137588 133191 344
39099 81372 351
919294 919414 308
188934 174114 365
27775 155661 375
942084 943674 339
213941 213822 373
397154 380518 436
97365 54106 351
365117 362475 317
147554 43381 375
140472 32314 354
109447 23588 354
466296 464604 369
22336 152563 375
86169 146203 375
24209 116505 354
172602 210398 373
360804 362473 366
138245 97952 354
597777 603334 403
65307 159191 383
25162 89635 351
46489 69707 340
604720 602166 372
26347 48163 324
17477 34598 311
315530 301151 384
985405 990942 396
47460 43289 314
101196 80560 341
592638 602201 403
623942 616975 372
125688 41283 354
54055 93008 351
121030 51458 354
315031 295411 384
357202 319872 441
16417 109728 354
162127 182612 365
161186 171897 352
461340 462054 307
48913 89077 351
48098 50022 296
299653 314040 384
890132 888985 370
901025 897163 401
106218 131970 354
306610 307606 309
110433 88981 354
33433 42588 324
128434 20641 354
238260 238866 275
540598 541029 289
343435 323458 384
139383 53719 354
138568 139594 313
142870 130981 375
5364 27324 308
709982 717224 411
246916 249299 350
12839 118635 354
517797 509938 470
340114 330320 366
279640 277078 389
433603 449008 400
311600 312906 384
56423 95378 351
705354 708010 349
383096 400968 436
99395 64608 351
120133 51626 354
501751 493474 395
44646 134015 354
321965 346024 441
24907 91439 351
74184 140313 354
368218 364631 361
33733 107665 354
91394 19155 351
12622 127022 354
131263 105472 354
622032 611664 447
142706 104960 375
162645 179131 352
24262 116967 354
201821 185309 360
148756 51082 375
134500 36896 354
486 20889 279
105193 143373 375
108208 74194 354
263389 263606 270
8524 23892 282
967794 968737 321
97082 34165 351
65057 53560 335
515705 534482 439
17554 129838 354
400245 403653 387
30904 147411 375
947426 953729 414
158029 28041 383
137812 81241 354
57028 2711 340
950788 953408 414
96607 20174 351
79150 46618 351
460338 465024 444
28976 149220 375
38483 135074 354
16363 79542 351
707630 716074 411
320345 329419 384
187627 187227 329
447553 437962 400
45930 143487 375
67022 133337 354
126519 18743 354
26910 94755 351
443531 459199 387
685193 683513 380
793412 804338 468
188414 210448 373
898953 896846 370
556741 552770 421
622654 618856 372
23311 17186 279
82598 127669 354
51865 73159 340
336969 340033 366
263048 250844 363
211647 177422 373
104341 35274 351
16373 58552 340
43743 102140 351
990172 986927 396
31884 117176 354
137179 39853 354
92526 119898 354
7698 95326 351
964123 973617 458
142758 150124 370
296385 311786 371
365143 376733 423
615403 609203 447
22160 39270 324
182044 174094 365
799868 797758 375
141936 32595 354
119551 41297 354
670560 680814 385
611986 624867 447
113391 96980 354
116948 111338 349
564095 564266 315
64876 5137 340
593049 602700 403
68543 158702 383
44529 126390 354
58914 47784 340
80496 95658 333
2718 97461 351
190145 180833 360
42212 31081 324
81739 17765 351
41784 83047 351
6285 133232 354
56848 92192 351
131010 7027 354
493487 499172 395
21905 135588 354
19537 125226 354
247 53904 340
72786 128752 354
155056 63073 375
98624 49777 351
208326 181648 373
126469 124798 318
345406 340803 353
299506 310965 371
5972 350 238
141921 36107 354
210104 169240 373
111754 85879 354
11141 85597 351
3699 124016 354
299722 300442 371
83340 58622 351
105365 83918 341
387531 396292 436
10003 48988 324
196586 208498 373
624199 618397 372
513762 522008 439
79633 940 351
12893 108210 354
152466 60603 375
22918 75277 340
556146 559739 346
136990 86837 354
25976 81876 351
141034 43493 354
965458 970954 458
17419 28571 308
149866 92834 375
41200 141782 354
231818 219797 443
189922 160427 365
131053 20460 354
550657 543885 452
72000 118698 354
247247 243799 337
721725 725933 411
58141 113558 354
575479 575840 297
504865 532750 470
382617 382636 180
147052 61400 375
114010 109152 323
79916 139319 354
186265 170050 365
70883 23756 340
147094 131645 375
116105 79923 354
107574 117289 349
143616 33241 375
108488 155963 375
161494 208206 373
125594 91858 354
282017 278061 358
43784 61983 340
155324 27078 375
24364 153549 375
334913 348269 441
717540 713997 380
64667 67703 312
175834 210005 373
622770 618160 372
111859 54464 354
155629 156223 383
4390 64657 340
74546 89532 351
95677 42376 351
22084 67540 340
70386 150353 375
116259 72345 354
972099 963778 458
311829 308227 371
55138 22761 340
17935 106037 351
48256 141242 354
670253 680053 385
96496 84151 333
59946 91716 351
715376 714940 274
37696 58402 340
81151 149153 375
41908 28928 324
9582 1994 262
339317 355077 441
334939 342527 366
206931 203533 373
68436 16020 340
150919 45639 375
660 145256 375
20205 8802 279
175436 185809 365
208202 211188 355
600547 599418 372
171431 182138 365
129888 97995 354
49539 112148 354
329870 331391 322
117801 79918 354
19521 105119 351
77168 74500 351
488006 494952 426
45111 67242 340
333075 345747 366
324904 356320 441
505028 509317 382
74103 21034 340
346752 339914 441
43550 11431 324
20644 60136 340
123500 61738 354
544870 547654 452
65016 53554 335
694752 689819 442
84664 119485 354
125504 53300 354
11303 19545 279
335337 319930 384
810970 814388 375
596700 593453 372
354678 350679 379
97159 154556 375
801812 801249 406
15587 91211 351
520851 535991 408
34948 72206 340
408354 406268 343
32917 14927 308
449786 440585 369
153251 64659 375
94435 154093 375
152073 122305 375
77786 143972 375
79983 80883 320
406174 417065 449
3282 132153 354
63423 27299 340
137089 154679 375
45206 106493 354
670021 680701 385
801417 805098 406
83178 101562 341
113046 23339 354
171863 195276 365
142954 103485 375
90257 124947 354
83917 137438 354
152049 12868 375
621172 612390 447
98710 3170 351
71456 78740 351
43334 149388 375
402615 390887 405
27687 130407 354
119790 73371 354
128 86612 351
103097 87671 341
449037 433208 400
133300 36625 354
17960 150515 375
177815 175744 334
400350 388639 436
147306 37581 375
350446 352753 379
599932 592073 372
134886 158852 383
32722 55331 340
112379 152866 375
453601 458470 356
25119 105261 351
133566 98460 354
93403 124919 354
27801 38085 324
39219 2356 324
161134 173291 352
60858 55903 322
90180 79633 333
7098 142544 354
351874 351993 304
45107 152356 375
612681 615728 447
97375 40358 351
40287 130345 354
53094 66804 335
34763 43181 324
101622 17797 351
534961 517189 439
278822 273007 389
495499 488375 426
466927 465424 369
799520 787507 468
145016 31095 375
93483 153214 375
450384 456863 387
760628 758761 380
182658 201561 360
156302 53875 383
145181 34562 375
126795 84141 354
47317 8013 324
211333 174111 373
178047 198963 365
136826 16466 354
55724 156602 383
45015 20953 324
261283 239254 368
46435 114594 354
81621 72002 351
174112 203778 365
121999 71099 354
317532 302329 384
456641 437189 400
37260 139623 354
15834 147248 375
148680 100354 375
329878 357772 441
398283 392601 405
19242 76737 340
80730 81245 320
159558 210778 373
132914 138663 344
597895 598953 341
467554 470170 413
586327 592055 403
147991 88544 375
11529 62831 340
118895 100852 354
175735 208194 373
335946 326843 353
100096 152462 375
109168 156931 383
541868 542849 346
32394 69192 340
176276 163048 352
144308 68212 375
551928 544288 452
67431 61783 330
36701 94761 351
117279 1150 354
91774 51681 351
99718 21291 351
590795 599390 403
997565 985091 427
60171 36506 340
131849 38295 354
146898 150316 370
343697 327705 366
147960 58566 375
532620 505141 470
253689 269018 407
349563 354387 379
89001 139427 354
59400 75484 335
20626 152688 375
82703 122198 354
9782 51690 324
507012 530344 470
23321 104038 351
50694 149652 375
25373 124165 354
379086 393749 436
125615 88477 354
790485 803678 468
704903 710623 380
100849 152473 375
124731 91328 354
135057 150728 375
345762 334124 366
42426 71566 340
541500 556916 452
124866 15129 354
87222 111194 354
141471 51411 354
204001 208392 373
470360 471028 307
108682 72013 354
24628 127029 354
314474 314120 234
86792 91711 333
218931 229120 368
551645 544987 452
984686 984814 259
37104 79023 351
181122 170754 365
139431 5445 354
416102 415530 281
785913 784465 375
68662 53454 335
477956 475547 382
15669 41483 324
459191 457867 307
60562 59782 317
519074 528915 408
346677 336409 441
276011 273105 358
316569 297429 384
264170 259606 407
596886 590002 403
44815 91635 351
65351 109727 354
92079 158415 383
49568 130636 354
408237 411089 449
10004 69146 340
447091 450080 369
68127 76938 325
55226 96482 351
144271 54486 375
86478 149340 375
143222 60518 375
211576 191956 373
66457 125382 354
898741 894329 370
243612 261407 363
145169 152364 370
373070 367625 392
154367 57991 375
108430 79901 354
448006 458820 387
95654 127565 354
183145 195197 360
321740 337670 384
166288 203398 365
386567 383017 348
761522 763642 375
36905 79852 351
89151 93063 333
70425 101625 351
401746 395051 387
404806 402064 343
333402 333841 335
105141 28825 351
724981 727691 349
67902 101446 351
129429 77745 354
466266 478299 413
64546 25099 340
52403 134516 354
479690 479718 276
353878 356065 379
249267 261621 363
698046 698002 243
149350 84892 375
240732 261293 363
108037 57916 354
466261 460130 444
542774 542945 271
81791 83540 320
33162 35932 324
7280 101018 351
138547 134463 344
356939 340518 441
570477 570794 328
100340 97829 341
626672 627489 310
511174 526745 470
415019 408059 449
371054 367984 392
52575 136179 354
130397 86426 354
69029 149681 375
13322 22762 279
49151 92728 351
13438 140075 354
12195 8768 268
351463 328934 441
58570 138008 354
27894 126958 354
705405 716221 411
157663 9721 383
173774 195953 365
412364 412924 343
109960 127110 349
105849 88210 341
47369 31516 324
745726 743130 349
528085 514968 439
147877 101168 375
58429 61368 335
176457 201794 365
108406 57289 354
295966 318397 384
17932 81266 351
210111 171941 373
532677 528230 377
344693 342435 353
108525 111328 310
155097 74761 375
73679 33739 340
11527 51515 324
261633 242404 363
116427 17057 354
154877 113933 375
246372 250641 350
436 109490 354
123370 4381 354
294485 315247 384
800757 799337 375
328880 355550 441
93998 71026 351
354756 358141 379
142878 37268 375
135415 52630 354
993783 992243 352
127893 14136 354
124443 104769 354
15275 51858 324
172402 187291 365
129492 50139 354
129274 84296 354
967258 972990 458
55573 83706 351
131045 109342 349
668145 668425 292
148125 35077 375
31932 71499 340
108020 110038 310
992835 996710 365
933138 936889 414
276690 278905 389
19261 86372 351
78493 147686 375
802436 804002 300
59028 114941 354
126032 50404 354
134000 150289 375
415506 408955 449
44758 56449 340
86381 82061 320
236225 233106 381
126070 123893 318
163619 172827 352
128682 59854 354
505630 525683 470
7533 35562 311
26982 128524 354
135992 104036 354
980918 977448 427
37687 12357 324
716076 706215 411
270192 267470 345
160732 198044 365
188732 172792 365
81825 4175 351
4158 152806 375
300304 297119 371
670205 673138 367
125813 16243 354
39507 78187 351
68004 114097 354
76681 125966 354
75244 73384 325
33131 52226 324
112033 140621 349
938026 939481 445
5926 137399 354
459597 447894 387
282484 272017 389
384371 404699 436
178207 199250 365
71821 60287 335
54859 54387 260
132446 94934 354
216106 216338 324
382393 396267 436
206905 207344 311
163107 198541 365
139841 137391 313
92598 57685 351
137542 105781 354
306888 304073 309
91145 9870 351
152398 126315 375
597008 597969 372
83173 33428 351
516523 508953 470
132546 118299 344
703809 698910 411
106661 46936 354
254407 258882 363
101798 67137 351
138636 1774 354
122068 155334 375
140551 4977 354
437562 436566 387
110194 115277 323
70156 152081 375
439718 450389 369
46927 139146 354
176054 170470 347
74390 112783 354
987808 986010 396
60420 13888 340
746898 738423 424
76738 18943 340
134464 64158 354
10022 122922 354
380700 401461 436
517931 524097 439
695198 702582 411
93082 4803 351
47604 47150 314
101963 2941 351
596214 601528 403
107617 33525 354
27661 88427 351
447422 452345 387
84205 26082 351
184573 190036 360
8008 115335 354
176359 186117 365
278517 280556 345
177392 169669 347
394180 405172 405
184610 160374 370
631327 637315 416
112469 11471 354
558721 556020 346
99085 5752 351
83700 92043 333
71654 122991 354
109255 110548 310
6417 32338 308
53599 88974 351
515927 531697 439
73866 17346 340
353358 320140 441
468675 460643 444
805588 791923 468
65209 54201 335
328658 349026 441
73492 100697 351
495037 487934 426
317549 301535 384
144682 123920 375
86432 154099 375
187219 181794 347
12472 28775 308
129969 23149 354
109421 95758 354
473765 477743 382
49860 102130 351
93889 134119 354
23 135259 354
605535 584289 403
110403 79497 354
151935 96802 375
14994 34548 311
605860 583335 434
74003 147916 375
504226 504136 258
107360 63296 354
39500 60083 340
323086 352704 441
231233 236769 381
90972 118985 354
99565 95598 328
51282 4275 324
55756 100321 351
713493 711484 411
185686 204442 360
90362 51371 351
752575 748728 393
20584 19904 243
71247 95132 351
231281 220620 443
374786 376395 361
80146 71799 351
392999 382166 436
449982 444547 369
13992 70056 340
440584 446466 356
37415 64495 340
113874 28628 354
100822 146739 375
308637 297849 371
159804 182612 370
978498 981734 427
79000 51302 351
36295 40296 306
41052 86999 351
132495 97984 354
551099 547053 377
595312 589283 403
186748 183202 329
197226 183039 360
67173 66397 268
84844 146856 375
31200 103951 351
10865 123724 354
531274 511224 470
256460 241189 363
115828 84501 354
934236 933781 370
34924 13223 311
335182 330553 353
461681 463107 369
144189 13698 375
17800 39211 324
769595 767848 468
45956 46923 283
210797 170324 373
264692 263355 332
258159 251770 363
141638 125904 344
199202 167210 365
130762 86799 354
989205 989293 215
170145 182572 365
10665 90441 351
28072 107839 354
111847 55907 354
588168 598722 403
6100 8580 262
176611 180976 365
97206 129360 354
137244 42138 354
25161 15214 282
38998 135458 354
33426 92566 351
145879 91167 375
765813 767997 468
433073 443775 400
877084 886187 401
149135 100054 375
160011 189771 370
117701 94350 354
117591 104018 354
30484 23180 308
671395 678812 385
800520 784057 468
17870 141352 354
149988 119467 375
335606 349755 441
27770 145816 375
102220 11566 351
66913 49908 340
129731 103774 354
552232 557063 421
43419 60468 340
59610 58304 273
360548 374095 392
118827 42506 354
305454 298356 371
29526 37961 324
36583 97876 351
304176 314276 384
74372 96644 351
168894 197531 365
698164 690474 442
144504 48767 375
52097 111452 354
88103 45267 351
335795 322564 384
804429 782564 468
126717 69360 354
62449 111672 354
1936 23690 282
13615 772 276
154650 148436 370
65483 123419 354
122437 41105 354
527248 520962 408
187483 166594 365
925928 927864 476
113364 127762 349
592325 598248 372
30608 95848 351
79208 33012 351
5815 54260 340
790539 799066 468
151823 69780 375
292393 314695 384
13589 89322 351
933431 927863 383
25506 145019 375
114908 154493 375
794895 788025 437
97978 123882 354
98459 1280 351
190809 160046 370
231534 224820 443
419091 414945 387
87716 73768 351
145917 70238 375
146165 66586 375
80913 127518 354
116320 71422 354
122475 70178 354
506770 509609 382
658953 660747 354
135306 145826 375
97459 126187 354
184941 206128 360
3563 10663 262
20884 66145 340
195930 184045 360
132859 83415 354
7550 87421 351
155399 103812 375
309113 317874 384
355100 336261 441
886527 883570 370
229542 229194 262
41856 93382 351
76682 78530 351
169552 187692 365
17714 94528 351
99599 66159 351
133414 105668 354
55554 51377 340
208147 175011 373
65146 124194 354
63002 104939 351
613107 623243 447
157075 146561 383
875436 883612 432
260844 254991 345
153027 84719 375
38199 72300 340
44594 141485 354
80703 156591 383
797982 795739 468
173341 192473 365
140426 140844 326
130698 154404 375
477257 467363 413
534540 523915 408
231278 234160 368
22842 97641 351
37615 15018 324
116896 17549 354
30738 137622 354
51423 101622 351
439815 440205 232
49020 84889 351
151364 131624 375
67308 100208 351
127951 134992 344
332173 354648 441
499833 493541 395
19531 130966 354
206951 191970 373
236399 233240 381
553404 546715 377
521819 505143 470
124949 150075 375
402834 385273 436
133832 24300 354
11642 52346 324
384744 393847 436
25057 139220 354
34604 113253 354
980941 978214 427
90495 154770 375
139817 46219 354
142410 64610 354
117035 31256 354
26540 97175 351
198723 178553 365
41592 117063 354
5469 46446 324
258325 241794 363
699810 704443 411
367171 373637 392
292258 303337 371
83233 19550 351
102752 59052 351
704002 693608 411
261407 266344 407
526390 523554 408
61241 1507 340
182117 186535 334
226083 233527 443
69617 46906 340
434253 440187 400
34016 80607 351
157896 74049 383
84466 136685 354
111166 158989 383
94583 70184 351
115746 69314 354
117732 63379 354
5116 106126 351
65766 80732 351
373904 366636 392
220758 213940 386
35545 63340 340
41667 101004 351
113203 18863 354
