1 10 20
100 200 125
201 210 89
900 1000 174
57531 88198 351
25786 89434 351
111448 80015 354
29418 66943 340
19209 47970 324
11361 8937 268
19362 3216 279
71429 13434 340
73301 102542 351
1331 27761 308
83864 42769 351
25349 50419 324
64356 6217 340
32365 100264 351
5548 99463 351
17515 15570 266
74280 109173 354
57495 24838 340
75806 86913 351
44272 95014 351
87374 55632 351
56442 106735 354
11339 80363 351
72661 84639 351
22015 73991 340
64892 105878 351
69252 90240 351
42916 20226 324
48948 27772 324
7108 6987 195
13853 24622 282
22557 88132 351
86287 32543 351
65461 48711 340
71947 109732 354
96217 111813 354
4474 39277 324
105166 15813 351
72131 16937 340
52943 94146 351
43420 70326 340
86642 112671 354
47184 82049 351
85388 96132 333
109820 92495 354
103118 10292 351
69608 78166 351
50915 42513 314
63201 2995 340
43716 21766 324
65218 92424 351
20197 69692 340
84192 77855 338
37996 42942 306
47283 43430 314
23706 43194 324
375 62839 340
108356 50 354
31507 80362 351
48673 27945 324
11967 104283 351
104109 81575 341
69067 41643 340
76579 84759 351
110510 72786 354
59017 14838 340
51828 31705 324
37021 22639 324
62051 75016 330
18072 109334 354
70938 41777 340
105019 71312 351
57107 99994 351
71361 88613 351
66974 6653 340
69050 78941 351
63427 12269 340
113007 84985 354
6403 28696 308
56363 3531 340
101482 1998 351
84242 105801 341
33702 7881 308
15058 48245 324
82897 99002 333
44197 106326 354
93270 35834 351
64256 36996 340
88319 88108 302
12227 41912 324
47252 33768 324
73344 110678 354
46037 25461 324
82282 52439 351
54156 25263 340
8462 42256 324
93133 92703 315
100549 79326 341
100583 2225 351
14189 22590 279
101227 10877 351
15534 81115 351
112584 32281 354
70602 87521 351
7008 35321 311
81924 6751 351
69088 107759 354
4048 67616 340
19838 38821 324
72547 73994 294
16575 81008 351
68741 109707 354
12821 55908 340
28143 65895 340
10625 108205 354
88485 64343 351
71573 56510 335
97949 23267 351
41283 55170 340
110788 782 354
90490 31822 351
7532 112069 354
26200 77452 351
66304 111910 354
2891 25469 282
72522 19465 340
58968 93755 351
81663 71788 351
36281 62298 340
24301 112778 354
57121 65277 335
63739 81185 351
74279 799 340
104452 2180 351
55968 54350 260
68834 98949 351
86171 76365 351
97636 64862 351
40436 3050 324
63391 109199 354
28518 88404 351
15283 39977 324
68777 49437 340
111764 105058 354
111734 88557 354
56946 7965 340
106325 7304 354
89150 67222 351
8102 32712 308
21893 16561 279
87061 90726 333
2128 59850 340
6202 52255 324
77204 112510 354
55305 27213 340
108327 36314 354
2235 76101 340
28783 71012 340
12157 93038 351
15180 76382 340
68213 72125 325
36839 13649 324
31920 78480 351
33362 105894 351
111191 55255 354
9073 84870 351
98472 77073 338
97211 57165 351
81820 61033 351
56293 89616 351
40737 3731 324
78421 42972 351
79831 107203 354
66475 44479 340
86860 81654 320
7480 107564 354
106270 44318 354
7831 90682 351
9416 41193 324
83194 73098 351
48939 44759 314
44586 99902 351
74323 94288 351
43686 42761 257
41940 52470 314
18995 35168 311
56200 49908 340
78139 22650 351
43729 97105 351
67128 17207 340
17869 27099 308
11390 10758 268
23908 85093 351
101439 99196 341
78777 23743 351
58912 14334 340
68501 55989 335
66728 95316 351
36896 110413 354
24695 31327 308
1993 109563 354
66494 58193 335
46089 97125 351
33334 89817 351
80848 52953 351
59516 98717 351
80052 23397 351
61966 103959 351
60981 2515 340
89774 26377 351
26257 101177 351
40710 47250 314
43785 107437 354
29184 80680 351
56960 6370 340
64498 58953 335
2551 17610 276
69637 1131 340
67226 102970 351
43440 34693 324
42541 102955 351
85901 75084 351
78843 34485 351
18154 26442 282
36999 60419 340
52818 15747 340
48214 46020 314
62996 91998 351
105948 92179 341
11788 49527 324
98549 76285 351
60971 53591 322
46387 83099 351
54722 231 340
72687 98161 351
100796 67719 351
40226 73315 340
29422 5687 308
60291 67 340
98001 97289 297
60485 37438 340
113036 108698 323
35949 15142 324
39807 28515 324
107321 51594 354
30533 44980 324
80371 91503 333
98570 79249 333
61220 105783 351
31971 86398 351
90562 19386 351
40736 83279 351
45192 22649 324
88965 105483 341
22715 73585 340
41882 83199 351
63514 41536 340
31007 99462 351
56678 70813 335
14595 3109 276
74899 45128 340
48088 107761 354
89122 99149 333
73628 102834 351
91551 105598 341
28342 21223 308
77475 21569 351
104502 9286 351
44217 32577 324
67260 19423 340
58653 109141 354
55113 74658 335
103169 38612 351
60738 112338 354
109424 27825 354
67938 23433 340
25444 68517 340
17812 67057 340
54284 43931 340
9001 98326 351
102021 37343 351
72041 66114 325
58911 63161 335
27891 55620 340
48229 95150 351
27534 59374 340
43402 82647 351
20650 99062 351
7877 81388 351
98018 69792 351
61704 52574 335
93225 87147 333
7709 63528 340
106695 14484 354
59951 2315 340
112810 48590 354
39657 71469 340
67195 51059 340
87121 95086 333
106678 87841 354
29346 20831 308
33833 25239 308
55969 54483 260
10919 16337 276
88362 61428 351
86128 36684 351
66493 18463 340
76322 26693 340
34483 22127 311
41177 94433 351
24441 106478 354
95514 16589 351
17057 49327 324
20140 56669 340
96904 13436 351
31128 12869 308
100139 64961 351
103980 108599 354
71935 1518 340
11554 46915 324
15437 50174 324
36090 81930 351
68636 64903 312
108622 55610 354
87029 102290 341
36661 63962 340
95386 18793 351
33042 64934 340
20612 53181 340
8221 4134 262
19109 105222 351
17002 71739 340
9293 73474 340
66957 81227 351
74991 31002 340
80633 42919 351
81175 69214 351
11467 102303 351
86608 6708 351
44531 12747 324
61489 33684 340
76708 43494 340
4968 109750 354
60919 25579 340
2041 69140 340
29713 21149 308
60980 112587 354
92888 22764 351
72679 46463 340
103990 100161 341
77464 23733 351
29699 111131 354
92946 107038 354
100052 18664 351
66237 97074 351
31410 14345 308
17376 60610 340
57838 22344 340
9470 5375 262
414 11510 268
27006 95999 351
32659 40477 324
95205 12165 351
63240 6994 340
11119 6340 268
59647 41074 340
30072 41837 324
38823 75509 340
35493 91366 351
94172 101730 341
75059 12201 340
2693 44926 324
72810 13022 340
19761 82279 351
84269 20175 351
46280 111275 354
2792 78938 351
104243 50488 351
43594 54102 340
9974 7204 260
12933 69620 340
48278 43005 314
111456 39592 354
5132 33567 308
83450 51796 351
87788 111000 354
16488 90480 351
42544 89297 351
103501 62305 351
10686 26881 308
34971 56965 340
24774 103635 351
88395 81508 333
40742 18607 324
88101 50715 351
25811 101034 351
72826 26580 340
30657 23392 308
18663 101661 351
56958 102112 351
105948 31365 351
99730 9054 351
74336 94766 351
98350 16948 351
43689 61527 340
43828 78659 351
5111 21093 279
68912 93505 351
102600 62145 351
64603 77320 351
65351 42905 340
64972 90668 351
21976 48120 324
678 40639 324
102272 57636 351
95242 94839 328
41492 34083 324
103892 2446 351
15467 41353 324
85266 11647 351
102879 15712 351
42797 60481 340
36804 64200 340
106477 26023 354
78837 57699 351
55834 30806 340
100603 7424 351
8093 9198 247
8035 74643 340
2328 110306 354
18897 50061 324
91763 12880 351
84143 82274 320
81199 52101 351
10245 53083 340
63747 65615 299
68795 59035 335
12715 58090 340
9854 5810 262
84112 88690 333
63508 26564 340
71987 3222 340
99860 32571 351
78292 107894 354
107214 33111 354
104819 78602 341
83171 35692 351
43974 53933 340
4584 11791 268
58525 80701 351
17365 74764 340
32935 38651 324
20417 111522 354
96741 96143 297
3950 67471 340
23943 19950 282
46527 95930 351
89044 98878 333
80992 53954 351
93391 27316 351
87064 37320 351
105918 56853 351
73011 102383 351
63277 30087 340
792 8421 262
63279 84029 351
83184 48705 351
9299 56092 340
46845 106039 351
38854 3287 324
12620 62796 340
23236 11638 279
111217 112279 323
110516 31320 354
5343 43017 324
58635 44898 340
80336 3663 351
101750 105838 341
106045 4138 351
88416 59328 351
78431 38314 351
29976 725 308
87018 39274 351
56816 86355 351
31931 48161 324
89641 110423 354
63449 112876 354
8680 61284 340
64265 5814 340
45095 22099 324
48830 103730 351
66996 81657 351
59884 55364 322
26605 52548 340
11993 1640 268
111875 90423 354
105826 94342 341
91147 31954 351
20234 100455 351
4927 4656 210
35234 94567 351
1698 98682 351
46553 76250 340
112458 63309 354
82063 44171 351
85407 83384 320
100392 39021 351
4151 46895 324
46877 96628 351
51934 58869 340
98267 50427 351
101784 43203 351
97261 32041 351
75157 4113 340
19114 80083 351
74642 6840 340
13761 28831 308
105521 60313 351
105080 104597 341
76114 73761 325
101260 48139 351
109636 88270 354
87160 405 351
21783 86528 351
49524 26208 324
32015 34410 311
29127 86290 351
30104 13006 308
4950 105260 351
82991 89936 333
24454 44251 324
96775 38214 351
73081 41407 340
51018 64779 340
98495 13750 351
91031 86373 333
14381 87285 351
61262 54032 335
40181 35536 324
27178 89705 351
61744 11684 340
76606 90870 351
97974 59201 351
56367 55415 322
51080 25976 324
31969 28025 285
70227 81236 351
66238 95799 351
9261 69747 340
47197 107755 354
35989 90719 351
33239 50369 324
17115 94500 351
56892 9787 340
82527 84069 320
51983 96762 351
95752 81080 333
26742 80344 351
26900 83108 351
88250 77979 338
61576 6838 340
106003 18421 351
40565 11351 324
66711 49825 340
33589 66399 340
110071 69577 354
43737 29928 324
72437 60851 335
76919 15947 340
23129 111938 354
52507 75112 340
95318 34878 351
42810 74552 340
67713 69709 312
110151 42582 354
100179 58345 351
1911 92800 351
29257 42475 324
56642 95968 351
44791 90231 351
48985 107353 354
112299 45213 354
23900 23847 251
58555 53310 322
105666 81684 341
51866 44792 314
43414 99676 351
32161 38715 324
60846 99873 351
108424 10107 354
94946 95221 328
68452 96856 351
27132 50200 324
91822 83773 333
98659 89104 333
60622 34263 340
83076 12032 351
31967 59467 340
35878 90522 351
112776 28162 354
58824 51261 340
72953 54729 335
37555 105113 351
93443 50892 351
44097 40977 288
60998 25661 340
22817 81941 351
75009 2440 340
18760 5941 279
86212 69910 351
95045 99326 328
104172 17231 351
111357 88631 354
76697 99726 351
65771 28583 340
14506 77086 351
79843 39951 351
84306 69889 351
97555 64367 351
7399 94143 351
57836 20889 340
72296 33144 340
102829 33923 351
35583 74080 340
39863 8413 324
30609 87399 351
60230 87272 351
57121 10697 340
62521 20436 340
110422 80783 354
49019 77420 351
44487 81353 351
3989 15411 276
37861 54035 340
32270 111132 354
100670 42597 351
18639 59584 340
75740 73960 325
93506 111322 354
34658 85860 351
72226 17758 340
12370 19075 279
57522 69490 335
29771 6661 308
42418 26812 324
39936 43928 288
56723 36914 340
11899 13203 263
4817 2251 238
67237 37086 340
2 54525 340
32174 18640 308
727 107913 354
92599 46724 351
105853 79749 341
85076 17189 351
97506 97445 178
36263 41646 306
53553 18526 340
799 48462 324
111210 40734 354
92389 54551 351
30139 104288 351
67753 34955 340
59030 87481 351
24532 59031 340
94498 56705 351
77671 95224 338
51236 9380 324
94440 109580 354
89128 66134 351
13388 25745 282
50197 2142 324
19882 56241 340
20667 86553 351
104703 84368 341
79778 36202 351
1 113382 354
113384 134378 349
134380 138366 344
138368 151176 375
151178 159486 383
159488 161438 370
161440 161534 215
161536 170074 352
170076 184488 365
184490 191334 360
191336 201568 360
201570 204014 342
204016 207550 373
207552 212648 355
212650 213102 311
213104 226765 386
226768 239230 443
239232 242158 368
242160 242302 213
242304 245984 337
245986 255112 363
255114 258206 345
258208 268757 407
268760 270270 345
270272 276733 363
276736 280574 389
280576 284136 358
284138 287002 376
287004 288614 389
288616 290750 345
290752 302353 371
302356 306022 340
306024 311326 371
311328 318973 384
318976 319654 322
319656 322877 371
322880 323069 216
323072 340149 384
340152 358344 441
358346 358846 348
358848 360360 348
360362 363238 366
363240 363454 211
363456 368977 361
368980 376830 423
376832 378042 361
378044 378848 317
378850 382669 379
382672 387310 348
387312 388718 330
388720 392958 436
392960 403137 405
403140 405406 343
405408 408029 361
408032 415101 449
415104 419838 387
419840 420350 343
420352 420862 312
420864 425297 418
425300 426205 356
426208 430504 374
430506 430760 219
430762 431898 325
431900 432922 387
432924 436126 356
436128 437306 387
437308 453531 400
453536 459034 356
459036 459758 307
459760 466990 444
466992 477792 413
477794 478461 351
478464 479482 338
479484 480480 351
480482 483590 382
483592 484317 307
484320 484605 214
484608 485886 320
485888 487038 382
487040 488166 382
488168 491969 351
491972 498686 426
498688 502440 426
502442 504056 333
504058 510225 382
510228 516413 470
516416 516890 289
516892 517190 302
517192 523944 439
523946 524286 271
524288 525158 364
525160 531182 408
531184 537515 377
537519 538270 346
538272 539418 333
539420 540541 346
540544 542958 364
542960 544040 359
544042 544542 302
544544 544858 315
544860 545182 209
545184 552294 452
552296 553467 315
553472 559784 421
559786 561149 359
561152 565246 421
565248 566718 359
566720 567064 359
567066 568273 359
568276 574005 377
574008 574346 315
574348 575864 328
575866 577229 390
577232 579326 359
579328 580966 328
580968 581501 328
581504 581882 297
581884 583078 328
583080 588542 434
588544 589438 297
589440 604707 403
604711 604712 67
604714 606846 341
606848 608110 341
608112 612045 359
612048 612966 310
612968 620970 447
620972 622653 372
622656 623294 310
623296 626330 385
626332 629758 341
629760 630526 341
630528 631294 310
631296 637056 416
637058 637947 354
637951 639309 354
639312 640640 354
640642 645755 416
645760 646139 310
646143 647848 323
647850 649384 385
649386 650888 341
650890 654190 385
654192 654570 292
654572 654618 248
654620 655358 323
655360 655960 385
655962 656414 354
656416 665066 429
665068 665214 248
665216 666110 398
666112 667374 323
667376 669920 336
669922 680299 385
680304 687870 398
687872 688552 261
688554 689638 336
689640 695066 442
695068 698592 367
698594 699048 274
699050 700486 367
700488 704510 411
704512 704622 243
704624 713574 411
713576 716688 380
716692 717693 349
717696 719224 336
719226 720721 349
720724 723944 411
723946 725386 362
725388 726056 305
726058 726477 318
726480 726909 349
726912 728830 318
728832 730558 380
730560 732250 380
732252 736392 424
736394 736446 287
736448 737955 380
737959 737960 150
737962 747290 424
747292 748030 362
748032 748200 318
748202 750830 393
750832 753661 424
753664 755624 362
755626 756085 362
756088 757697 362
757700 763674 380
763676 765339 362
765343 769640 468
769642 774621 393
774624 775336 437
775338 775786 300
775788 777434 393
777436 777437 163
777440 780390 437
780392 780734 300
780736 781950 362
781952 782334 287
782336 785917 375
785920 786430 300
786432 787738 362
787740 788582 406
788584 796774 468
796776 803870 406
803872 806275 375
806279 806282 75
806284 807406 406
807408 809128 331
809130 810813 406
810816 814438 375
814440 815870 357
815872 816059 344
816063 816814 344
816816 817288 313
817290 817774 344
817776 822138 450
822140 823782 375
823784 824186 251
824188 827390 375
827392 827960 419
827962 828442 282
828444 829086 313
829088 830203 375
830208 833774 419
833776 837798 344
837800 839677 388
839680 840701 357
840704 841725 344
841728 844646 388
844648 847870 419
847872 849408 313
849410 850078 357
850080 850595 357
850599 851226 357
851228 852411 344
852415 854190 357
854192 856730 388
856732 859134 370
859136 859718 295
859720 861008 357
861012 861520 313
861524 863797 326
863800 865845 388
865848 868990 357
868992 870170 388
870172 871450 326
871452 872253 432
872256 872760 326
872762 872824 295
872826 874613 388
874616 874618 158
874620 882814 432
882816 884158 370
884160 886206 370
886208 886554 357
886556 886952 401
886954 889832 401
889834 901118 401
901120 906174 401
906176 907063 370
907065 907065 189
907067 907067 65
907072 907610 326
907612 910270 476
910272 912166 383
912168 917160 401
917162 918069 352
918072 919450 339
919452 919517 264
919520 920558 432
920560 924906 445
924908 927002 370
927004 927210 308
927212 930042 383
930044 931456 370
931458 931998 277
932000 932064 277
932066 933981 370
933984 934942 414
934944 937598 414
937600 939496 445
939498 940478 383
940480 944638 383
944640 945434 352
945436 945790 352
945792 946942 383
946944 951432 414
951434 955584 414
955588 955590 78
955592 956923 352
956927 957210 321
957212 957630 352
957632 958965 339
958968 960961 352
960964 963822 414
963824 967181 383
967184 968635 321
968640 969211 352
969215 971773 458
971776 974077 383
974080 975014 334
975016 976333 383
976336 978942 383
978944 980382 334
980384 981286 427
981288 981856 321
981858 981928 246
981930 983038 383
983040 983939 383
983943 983946 153
983948 984622 352
984624 991934 427
991936 997022 365
997024 997373 352
997376 997600 321
997602 997822 321
997824 999166 396
