==32311== Memcheck, a memory error detector
==32311== Copyright (C) 2002-2011, and GNU GPL'd, by Julian Seward et al.
==32311== Using Valgrind-3.7.0 and LibVEX; rerun with -h for copyright info
==32311== Command: RunCollatz
==32311== 
1 1316 182
7556 4587 262
5328 2190 238
471 6788 262
6793 9347 260
3835 5194 215
8309 346 262
535 5297 238
6711 77 262
3834 669 238
4175 6868 262
5890 9304 262
8461 5269 262
920 6539 262
4160 7012 262
9103 7622 252
2625 475 209
7361 3283 262
6326 7564 257
9910 3654 262
2471 9825 262
7226 7533 239
6515 727 262
6316 8847 257
2727 4364 238
7665 4777 262
2378 2749 209
3593 1665 217
4865 8976 262
9092 606 262
9046 5045 262
5163 3191 238
9866 4940 262
2662 908 209
9477 738 262
5007 3842 215
2771 9138 262
5297 4645 210
9409 501 262
7615 7702 177
8278 1254 262
159 6884 262
8682 6295 257
7362 7254 195
9994 8885 260
2332 3063 217
3510 5133 238
5911 8460 262
4121 8415 262
2693 4154 238
5373 4679 210
2872 1784 209
1538 5716 238
8024 331 262
5344 4985 192
9553 7483 260
5546 8907 262
6248 8420 257
1598 2128 180
7147 1305 262
910 2746 209
30 4143 238
269 7098 262
9379 2399 262
1809 3176 217
8870 6520 257
1504 6813 262
3858 3877 145
4997 1476 238
5872 8455 262
5901 9554 262
5561 1482 238
9833 4088 262
1419 5649 238
2522 4885 238
4640 9611 262
1261 1998 180
3193 6293 262
1267 6512 262
6216 8030 257
2479 4764 238
3893 2033 238
284 9016 262
4265 1421 238
9474 4103 262
1312 8856 262
922 1622 182
711 3654 217
2531 1351 209
7831 4553 262
3495 4523 238
8089 9316 260
6516 2153 262
6796 9089 257
2502 8608 262
4713 5060 210
6004 8175 262
7558 4623 262
9513 6327 260
4393 8247 262
6890 7022 257
9871 9544 211
8512 2893 262
5374 5144 192
1035 4140 238
5767 8765 262
4400 7297 262
8692 7156 252
8007 7065 252
7417 191 262
8860 5250 262
4633 652 238
7134 4889 262
6677 6820 182
1996 9166 262
8658 8900 216
5439 1392 238
4504 9893 262
2156 4460 238
3158 5147 238
8815 4397 262
4675 8066 262
3652 2115 217
9991 1536 262
6305 6163 262
6 9 20
7733 7273 239
3192 4177 238
6825 6805 182
2053 8364 262
7089 8287 252
946 818 179
7640 6296 257
2139 2136 77
811 3888 238
9521 9475 198
3899 2692 238
6922 2841 262
7768 7838 221
4225 2822 238
1940 114 182
1919 9832 262
2441 8197 262
1365 3982 238
6010 1769 238
8283 1578 262
9879 2572 262
2336 1017 183
2194 6347 262
6960 7947 239
6962 7529 239
6695 6334 244
565 5982 238
2270 3188 217
6998 1175 262
7625 5261 262
5539 5880 236
3297 7030 262
1431 1617 172
4853 8602 262
8132 5568 262
7390 3160 262
1354 5285 238
3108 5881 238
5181 4309 215
2589 3702 217
3930 4469 215
4759 3878 215
2793 783 209
3698 2539 217
6718 6762 182
5139 7286 262
7207 9447 260
4607 9401 262
3216 4604 238
5171 6613 262
4018 6056 236
9865 1504 262
6701 3438 262
5417 5228 192
8292 150 262
2742 6430 262
5461 9178 262
2666 9700 262
2468 8439 262
6940 4558 262
8171 221 262
1608 7069 262
7078 4366 262
5824 7517 262
9915 6957 260
2795 7538 262
1712 43 182
4957 800 238
1631 9033 262
7830 7467 221
4364 64 238
5848 5185 236
669 5440 238
3897 2159 238
3858 6269 262
6590 7093 257
5387 2803 238
8159 3719 262
6861 3102 262
94 1038 179
5210 7759 262
2207 553 182
707 1603 182
7237 2970 262
506 4778 238
4572 5200 210
4465 1503 238
2860 8337 262
6956 5778 262
6811 3312 262
575 9868 262
5424 17 238
8562 294 262
3776 4897 215
5762 7389 262
6793 5363 262
356 1225 182
9733 1883 262
3513 6141 238
6076 1260 238
5529 9540 262
3569 8381 262
9742 2590 262
2516 4243 238
8130 8979 247
2446 7606 262
6948 4519 262
2636 6655 262
1166 2096 180
1137 5470 238
61 1760 182
5994 4319 236
825 6874 262
3753 8362 262
1237 9733 262
297 804 171
4942 7694 262
9340 2502 262
3597 7691 262
5000 7492 262
6719 6817 182
7567 364 262
2306 2217 183
5626 6526 262
6166 3715 236
2248 2337 183
6530 1660 262
7441 1598 262
477 6620 262
1250 9491 262
4842 6210 262
9140 180 262
5935 7219 262
4966 537 238
4416 5192 210
7719 654 262
4428 9771 262
4677 3291 238
4459 7433 262
2054 1714 180
3725 9397 262
9648 2550 262
704 1239 182
5263 1601 238
5177 1052 238
8415 3686 262
4239 3272 238
7135 5768 262
8719 7582 252
8366 6998 252
3891 9352 262
6056 3621 238
5395 4551 210
4017 2405 238
831 4216 238
4724 2898 238
1050 2164 182
8020 5274 262
6688 8636 257
2438 7115 262
2637 3828 238
810 4598 238
2329 7953 262
4913 33 238
2661 6647 262
4252 1869 238
9634 1341 262
7958 9460 260
1712 6060 238
638 3475 217
2925 5097 238
8258 8343 203
7264 3295 262
8021 6318 257
454 415 134
1534 7670 262
618 5193 238
9291 2205 262
2046 890 182
6997 7064 195
4946 2618 238
7116 3784 262
2007 2326 183
4361 4695 215
8612 9772 260
4445 343 238
5238 317 238
7532 5916 262
8229 3296 262
2321 5365 238
4306 4036 202
9873 9669 211
8505 8675 203
3116 1484 217
9976 6395 260
4681 9319 262
6908 8154 257
5415 5728 236
1593 9452 262
8213 1554 262
411 3436 217
1101 966 169
5188 225 238
5615 8568 262
5169 6745 262
7372 6984 195
228 1920 182
6710 3459 262
663 1407 182
9211 2217 262
3801 5860 236
1673 264 182
6911 7623 257
7137 774 262
5898 9255 262
9297 4305 262
5060 8312 262
9192 6016 262
7238 5193 262
4908 1615 238
9761 5744 262
2733 5314 238
6985 6670 257
975 5487 238
6107 6680 262
4951 5716 236
5889 4413 236
1513 5023 238
7313 317 262
517 5221 238
3207 351 217
2452 1072 183
3830 5518 215
5972 6111 187
9352 7720 260
5131 4867 210
6501 6970 257
4075 4869 215
4798 7104 262
5342 2767 238
6055 2801 238
7034 5305 262
9382 2354 262
4135 5975 236
7830 9202 252
6815 8211 257
5274 2303 238
1437 8995 262
2514 6515 262
49 9359 262
2754 8587 262
2790 9524 262
5068 1230 238
4165 7025 262
4365 1078 238
7662 999 262
4413 3446 238
2971 7576 262
3385 3308 181
557 5732 238
4853 2025 238
1145 9743 262
8646 4918 262
3674 8049 262
1622 1596 167
578 1493 182
4681 3806 215
8837 4241 262
4123 6513 262
3083 602 217
8144 8976 247
9195 9012 198
7700 1708 262
5724 315 238
8032 5222 262
8616 2772 262
8695 5869 262
3892 8119 262
5257 9398 262
4200 5799 236
7491 8807 252
3381 1896 217
7431 7189 239
8791 729 262
7101 8790 252
3594 899 217
1611 4168 238
965 6747 262
5626 8130 262
8782 7693 252
6352 8965 257
8784 4865 262
1131 3775 238
3826 6876 262
1218 769 182
1433 4776 238
7086 2380 262
3910 9758 262
6288 6812 244
9087 3624 262
8592 7943 252
4289 736 238
4986 4839 210
4507 4997 210
7407 9328 260
3001 1462 217
1101 804 179
9724 4082 262
2384 9631 262
8334 1981 262
1295 1963 180
3391 5757 238
4403 5857 236
4329 3682 238
3823 6001 236
4295 1488 238
6702 9954 260
6980 4028 262
8492 8195 234
7934 3743 262
97 4798 238
6390 6465 169
6449 7990 257
3774 3577 238
3895 3343 238
6936 1449 262
2915 6668 262
8543 3147 262
1442 6022 238
56 9208 262
3820 5165 215
3445 2642 217
2910 8336 262
1244 6346 262
487 4581 238
3768 1559 238
7558 6660 257
116 7949 262
5609 2887 238
4156 3206 238
5146 7191 262
8420 2319 262
4650 3734 215
501 739 171
2025 5662 238
8315 4226 262
8395 2931 262
1812 3575 217
9341 5894 262
36369 36000 249
58366 62811 335
39492 34996 324
42813 43772 257
68607 72249 325
16137 12182 276
61552 64886 330
54410 55996 260
88474 83663 333
83326 80272 320
87258 87489 240
28698 30896 272
55189 58560 322
75950 77549 351
67089 68519 312
34710 35059 280
61453 59687 335
78882 78306 338
83028 80794 320
85900 82072 320
40361 43725 288
86817 85146 302
49726 50086 265
74540 78839 351
61347 58779 335
85023 85990 302
15713 13182 276
80373 77334 338
18851 22211 274
56205 57438 304
76289 78006 351
38282 41995 306
61725 57881 335
5003 6764 262
58445 57990 242
53820 49142 340
34868 38419 324
36521 38135 306
53997 49596 340
68281 66076 312
42623 39387 306
12803 16776 276
89357 90299 315
7805 9715 260
46413 47106 283
81138 80483 276
63531 60562 335
45947 43671 314
85506 82949 320
86028 85798 227
15802 20417 279
77859 75033 351
5595 8420 262
9283 13884 276
59517 60251 317
16653 12943 276
75094 75113 188
60751 60802 211
49749 45933 314
81761 83450 320
28595 27462 259
38277 41588 306
25655 21889 282
66907 68388 312
22103 25590 282
6917 2972 262
20978 19588 274
71272 73464 325
61642 62452 317
34850 31421 311
29828 26519 308
24014 25728 264
39405 43271 306
54246 52664 322
42166 44163 288
75915 78835 351
77172 74994 351
27496 24195 308
50351 46082 314
89894 92396 333
15388 12034 276
41134 43866 288
23153 22492 269
7811 12105 268
14013 11676 276
45974 48902 314
26890 24029 308
29009 27815 259
22690 26976 308
69946 71112 312
53948 52511 340
82168 79147 320
14699 17611 271
64345 59527 335
68578 64723 312
81073 82619 320
34401 33225 311
23279 21592 269
6511 10655 260
71766 70700 325
67049 70365 312
79614 75910 351
34191 38612 324
35786 34306 324
11855 12574 263
70994 74436 325
46930 50104 314
59633 58987 273
34947 33438 311
28931 33123 285
58224 60670 317
18391 21155 274
26416 27537 308
77642 75788 351
56718 52977 322
36761 33094 324
27258 23518 308
22239 24745 282
11030 10619 268
86877 84224 302
21789 23629 282
11912 15455 276
17968 14169 279
73776 78218 351
8869 4471 262
75527 71938 325
73100 70375 325
38933 39925 275
60693 56230 317
88842 91965 333
40154 35472 324
14184 18929 279
78706 80417 338
75922 73304 325
65941 66838 268
23916 21193 282
5133 4611 210
39830 44161 306
6909 7044 257
37003 40599 306
72480 73575 294
33203 34443 311
60580 62024 335
27025 22285 308
88900 85977 333
59598 60201 317
37039 33246 324
43174 39551 306
54794 55220 229
46106 49972 314
11935 10561 268
13568 11560 276
76543 80673 351
75375 80078 351
74130 77109 351
76384 75871 307
59579 61518 335
74340 74022 263
21459 20474 256
84107 83779 289
37168 37344 262
24359 28352 308
88798 85168 333
43971 45863 314
28716 27809 259
67895 63207 330
30834 27760 272
74122 71870 294
66010 65096 268
71732 73955 294
54051 55381 260
72882 67884 325
58363 56827 304
45108 45030 283
50018 48203 296
77925 74305 351
38927 37796 244
76948 72509 325
43835 46491 314
29862 34482 311
89924 92340 333
34732 37698 324
21915 22922 269
51141 48658 296
22137 22893 269
48670 51147 296
56682 61579 335
72869 73417 294
17467 13537 271
49522 46985 314
53589 51933 340
62691 58384 335
76795 80558 351
33226 29680 285
68247 69866 312
39237 40087 306
52214 52155 203
57233 61482 335
57184 54748 322
8371 9578 260
34197 29438 285
19568 20675 274
41027 41711 257
67082 65822 268
36080 34843 324
12361 13192 263
40544 36652 306
32647 34499 311
52939 56658 322
50209 54955 340
10120 9873 242
14361 19283 279
51709 53696 340
15815 15565 253
10044 9495 242
83029 82424 320
77974 82946 338
51691 47933 309
76939 73841 325
61470 63033 317
87723 87299 240
18544 14935 279
29083 33813 285
55827 59349 322
10345 14602 276
85700 85367 302
28990 28592 228
41620 45282 314
21883 20731 256
69533 72676 325
62183 64399 330
63087 61227 317
19321 21202 274
83281 79938 320
5324 2087 238
20143 17123 279
61804 63549 330
48986 47220 314
44693 42901 270
12959 16664 276
42836 39313 306
60425 64845 335
80001 81610 320
22332 19035 274
6366 3020 262
14272 12884 276
52697 57336 322
25867 21105 282
7553 11415 268
80341 84474 320
51530 48255 309
46399 49544 314
84613 85444 289
51658 51376 234
69034 67357 312
19659 19789 243
37336 40618 306
87199 82246 333
30618 30164 241
80690 84126 320
26280 28619 308
76363 75593 307
65221 64280 268
49736 49992 265
12780 11817 263
71482 69130 325
31168 28017 272
69314 70521 312
59855 58128 273
18110 14953 279
43692 44024 270
18806 23064 274
39770 35081 324
19219 19870 274
88763 85165 333
33354 31445 285
35118 31746 311
32383 31179 285
59518 60541 317
8203 6554 257
11648 12088 250
46746 44625 314
26481 25874 277
60983 59239 335
5141 9868 262
13574 11758 276
86220 84713 302
19059 23914 282
14897 10315 276
86682 89535 333
23733 19747 282
26638 26013 308
25656 23482 282
51685 55508 340
77391 79096 338
52397 54976 340
81671 85205 320
69575 66914 312
89856 87469 333
36879 34874 324
68370 73289 325
70137 69423 299
59542 59180 242
13709 10527 276
78387 78421 201
84134 88115 333
29749 31041 272
87910 88351 333
75608 71156 325
21118 25871 282
70044 73743 325
7748 7932 221
36912 41609 306
21417 18702 274
55741 59706 322
51706 47553 309
71044 73755 325
65215 60734 335
80104 75820 351
89547 87246 333
47481 49354 296
68618 73065 325
63626 67744 312
19554 22708 274
29040 28859 228
82424 84456 320
38941 35625 324
81713 78813 320
51611 50339 309
27368 30435 272
25046 26635 308
33527 33748 267
43495 44564 270
61705 56922 335
74633 73406 294
51053 55751 340
68435 71368 325
69490 69022 281
39574 37016 306
64694 61832 330
61201 60271 335
28493 26924 259
30624 32508 285
86116 88898 333
81697 76913 351
87812 83349 333
39847 36482 306
72664 67779 325
56171 60386 317
14343 14793 271
11208 11773 237
37588 37402 306
38229 37316 306
52525 56936 340
64418 65314 268
5947 3774 236
37928 40386 306
53084 53627 322
27830 24001 308
18738 17281 279
73707 71364 294
21292 20436 256
60094 60391 317
11192 10891 268
37211 33199 324
46927 43255 314
23381 22764 238
35016 39955 324
80834 79333 320
42328 45345 314
88485 86497 333
54015 54534 260
17176 17241 191
47486 49783 296
12020 9190 268
19699 18551 274
36843 34486 324
18998 22563 274
25861 29795 308
72249 76891 325
26313 24154 264
51735 53924 340
48800 48665 190
34909 38494 324
40038 35242 324
82835 87431 333
53334 58313 322
39045 39922 275
73541 72623 294
8689 9143 247
16058 16805 266
87385 89199 333
22613 23252 238
75609 73538 325
31015 35795 324
88720 89557 315
33294 33510 236
12003 15081 276
62941 63889 330
22353 19357 274
18934 16742 279
21784 24715 282
79106 81998 320
12713 9313 268
25997 28612 308
48951 47869 296
78780 77107 307
55720 58522 322
88873 93417 333
74939 77710 351
63347 66767 330
58380 61064 335
38716 39569 275
40705 43721 288
45610 47518 314
74159 74668 294
30057 30927 272
45318 49305 314
41486 39085 306
44443 39443 306
60936 56854 317
52796 54587 322
61749 64202 330
60460 65280 335
28774 31602 285
5440 1308 238
10031 14299 276
23246 26060 282
26561 24427 277
67745 65703 312
45221 49321 314
83461 87379 333
26306 28830 308
63133 62814 317
45284 42371 314
48044 52022 309
75982 80570 351
87715 91900 333
17640 15269 266
38702 41417 306
70503 73260 325
43631 42818 257
59088 60559 317
68071 71366 325
28131 30934 272
20335 16535 279
71956 76875 325
11566 10815 268
76496 77832 351
85310 84613 289
85408 88394 333
37060 34528 324
75441 70857 325
24431 20371 282
78222 73656 351
86147 89390 333
78867 78987 214
68760 73744 325
40484 37600 306
39315 35404 324
35775 31743 324
22334 21205 269
75005 78998 351
87097 90268 333
40432 43607 288
66623 66208 268
40284 41211 288
56286 57961 304
88933 91324 315
5357 6612 262
16065 20026 279
62616 60899 335
25131 24646 264
62864 60452 335
17409 19448 279
635091 635091 186
719011 719011 75
157102 157102 78
890773 890773 145
274765 274765 58
287305 287305 221
756911 756911 181
805180 805180 119
962297 962297 70
741309 741309 142
764083 764083 106
267724 267724 71
286129 286129 146
108623 108623 93
853917 853917 158
782608 782608 163
289021 289021 190
472521 472521 108
336429 336429 260
706162 706162 243
850900 850900 83
135964 135964 88
656970 656970 62
666872 666872 142
506690 506690 108
189701 189701 42
750207 750207 212
105946 105946 124
465819 465819 139
579920 579920 72
183088 183088 86
672937 672937 124
486699 486699 183
115307 115307 75
310736 310736 128
390320 390320 43
665189 665189 155
432075 432075 82
585805 585805 178
789913 789913 150
161862 161862 78
784332 784332 70
133937 133937 114
258042 258042 195
518158 518158 103
853299 853299 127
398105 398105 131
425322 425322 82
867243 867243 251
806173 806173 194
==32311== 
==32311== HEAP SUMMARY:
==32311==     in use at exit: 0 bytes in 0 blocks
==32311==   total heap usage: 0 allocs, 0 frees, 0 bytes allocated
==32311== 
==32311== All heap blocks were freed -- no leaks are possible
==32311== 
==32311== For counts of detected and suppressed errors, rerun with: -v
==32311== ERROR SUMMARY: 0 errors from 0 contexts (suppressed: 2 from 2)
