8191 74471 340
15468 46094 324
86888 54162 351
32921 35718 324
625 93544 351
65948 83293 351
10923 76378 340
21881 19362 274
20304 95298 351
78671 1296 351
43707 56051 340
43243 59510 340
74839 16538 340
82829 54406 351
41051 71150 340
89202 38678 351
69250 22553 340
23746 80553 351
70204 16818 340
2355 93643 351
78936 59193 351
85758 70206 351
3944 87661 351
55695 26832 340
17509 21610 279
22380 48930 324
18440 32254 308
53681 78171 351
43761 55980 340
91321 59588 351
31827 65540 340
48780 63207 340
21334 18695 274
53853 64255 335
29582 84249 351
85267 51043 351
70528 82255 351
62816 80139 351
24773 54083 340
35101 26904 311
38066 88414 351
6986 16683 276
79131 72726 351
52110 25708 324
94327 20596 351
78331 73299 351
53722 6849 340
62196 30415 340
85886 3156 351
7054 5902 262
57219 21904 340
61553 29324 340
21518 24372 282
16219 85618 351
12458 6354 268
70008 40186 340
81641 93686 333
5062 37233 324
88037 58793 351
36939 27598 324
1426 12547 268
86931 62480 351
99556 44015 351
45158 1058 324
68766 39105 340
97137 60676 351
68762 7081 340
54656 26204 340
75601 2341 340
5192 7984 262
53039 77859 351
80460 31869 351
47783 74819 340
76921 56968 335
54803 33981 340
98886 49367 351
97407 26005 351
79004 51819 351
33802 48883 324
18903 317 279
23960 10897 282
71592 32618 340
65330 34328 340
48248 74803 340
59563 86632 351
57158 89097 351
33777 83241 351
84508 58656 351
73733 15960 340
66339 48882 340
48241 64285 340
81904 20668 351
239 38049 324
38948 23142 324
56106 49564 340
28410 98696 351
60295 33250 340
20840 14541 279
65557 50131 340
6484 31609 308
12251 4698 268
2346 96644 351
60053 93093 351
94422 61989 351
1771 10424 262
10405 40002 324
77242 70550 351
35748 92021 351
94209 22316 351
53876 39534 340
20664 26673 308
62255 58954 335
88876 93228 333
81632 82803 320
79172 17550 351
82151 7097 351
63462 76009 325
91591 76346 351
47833 7582 324
64096 97617 351
54787 5980 340
41223 61581 340
99806 72913 351
89713 31362 351
76560 68679 325
2718 64865 340
83417 74062 351
36018 67815 340
73191 84909 351
79867 87418 333
99357 3774 351
62439 45014 340
29366 44274 324
16893 41039 324
45394 22003 324
89151 72709 351
89352 69397 351
63639 67509 299
7798 56652 340
8306 12542 268
84377 93238 333
13485 48606 324
51376 57059 340
31253 18899 308
68504 88127 351
30769 18928 308
79279 90800 333
65274 25827 340
42839 83217 351
86893 90442 333
85946 74386 351
56353 42993 340
59374 51018 340
81899 55006 351
87697 28864 351
64368 28696 340
88061 76858 351
70088 81585 351
87589 97904 333
18662 23001 274
76296 9299 340
71657 54806 335
13668 6253 276
42051 73365 340
53208 85890 351
82542 19458 351
87086 66804 351
41199 75249 340
26175 59866 340
76089 35497 340
69369 28768 340
86610 71344 351
30274 62653 340
36650 85392 351
7522 69784 340
59764 91639 351
33947 26426 308
1280 87081 351
80691 90208 333
6641 77514 351
84182 46185 351
2030 96954 351
4211 48997 324
35477 74074 340
96458 22599 351
55722 44709 340
19906 65965 340
79573 73906 351
32132 18055 308
68691 7699 340
70515 26303 340
81076 64289 351
90841 60970 351
44452 27246 324
3211 45556 324
30955 6497 308
60061 26052 340
73484 79481 351
44670 84300 351
24648 10108 282
88461 42453 351
53435 61402 335
1747 98228 351
50857 40694 314
83439 76369 351
28785 30030 272
60234 23057 340
70082 96602 351
46170 32603 324
70105 65451 312
94074 75027 351
22113 74215 340
88606 57265 351
15935 99970 351
73218 95452 351
54000 51922 340
7986 78284 351
16083 14778 271
2849 83896 351
87327 94376 333
61520 45187 340
43061 64922 340
71004 29213 340
68231 62787 330
65452 50130 340
60813 70939 335
33277 54003 340
53116 13302 340
76441 36604 340
18388 59964 340
81031 36176 351
84304 58333 351
75323 49020 340
69007 96956 351
4403 65197 340
6781 99724 351
49259 17667 324
97549 38662 351
58363 69260 335
79856 34998 351
56066 37010 340
58410 7218 340
85192 25114 351
31803 96634 351
49729 24330 324
83464 40928 351
67893 89921 351
5924 3689 238
16340 73696 340
65886 63434 299
26560 62506 340
59909 27329 340
38037 67224 340
13818 28468 308
56420 36744 340
4275 83412 351
39659 2893 324
49690 58184 340
36283 22091 324
74409 75614 325
62543 98716 351
75543 50647 340
42794 93998 351
71953 59159 335
44620 31096 324
32353 5523 308
26831 54994 340
70999 17215 340
80796 72985 351
96820 99405 328
93031 76003 351
47019 66421 340
4506 36226 324
13246 37994 324
72638 17141 340
406 42309 324
80748 67484 351
21986 73732 340
6031 58778 340
76978 97991 351
83516 48168 351
18256 27450 308
80347 22409 351
27847 54222 340
65003 97541 351
33757 32824 267
85093 35434 351
79904 49057 351
38338 34656 324
13187 12835 245
55505 64284 335
60308 27841 340
39842 52772 340
45975 33453 324
64381 29887 340
90120 67621 351
18988 86524 351
20095 10133 279
33431 38264 324
75623 60510 335
98237 55898 351
46204 70666 340
23223 65472 340
58994 24699 340
21101 2995 279
98691 49477 351
2831 23092 279
49681 94420 351
20589 59450 340
14480 92273 351
91704 63060 351
68535 34594 340
51594 58643 340
37040 45711 314
58524 88967 351
81962 52405 351
22026 36756 324
83160 59039 351
35126 64640 340
51345 25270 324
35259 80117 351
80667 10373 351
76675 5204 340
25909 64689 340
47621 79818 351
85431 11389 351
29932 26523 308
52612 20550 340
37061 46666 314
95582 46348 351
62736 52595 335
27917 47643 324
2584 46053 324
6791 76728 340
24005 65642 340
85145 90185 333
41300 91633 351
46546 93361 351
21431 75014 340
85354 66343 351
92981 21388 351
36356 56981 340
4547 69379 340
76669 70058 325
95606 71154 351
94239 75372 351
64407 59142 335
78285 55905 351
41358 77154 351
58663 45315 340
67302 39011 340
29498 49370 324
15677 64874 340
54159 64519 335
44437 17053 324
25315 86531 351
89441 82805 333
13791 29428 308
96246 71780 351
18987 76206 340
33544 70 308
63335 73174 330
15528 39184 324
68477 23756 340
61374 21908 340
8726 33836 308
1027 20826 279
2343 87015 351
87881 83178 333
84231 56716 351
90534 48487 351
83284 29382 351
66163 38422 340
41449 2929 324
78005 97277 338
45834 37929 314
59958 46628 340
55165 11637 340
69310 81558 351
71854 81093 351
20436 12950 279
66635 75854 325
25576 95865 351
74903 89985 351
42717 54472 340
28611 7073 308
44222 94427 351
63327 97983 351
4103 19873 279
26379 88521 351
1953 4944 238
62102 45829 340
63823 56691 335
67277 78419 351
90559 6653 351
24746 93593 351
79902 56665 351
93412 79623 333
22393 40162 324
24934 65679 340
62001 96331 351
41854 77844 351
2591 26115 282
71804 75842 325
83327 10084 351
42807 21574 324
42878 63949 340
14366 54466 340
16704 92955 351
12214 92433 351
32073 81706 351
17259 8616 276
9271 94738 351
44110 51301 314
97928 27512 351
31913 74292 340
16388 61746 340
16532 80201 351
48367 93554 351
5298 24541 282
53014 78020 351
67121 16167 340
25613 13449 282
21811 87916 351
29150 49785 324
5096 34631 311
36304 98879 351
76394 56067 335
73844 12276 340
38285 34913 324
12922 83521 351
73906 71292 325
71973 96055 351
62321 23595 340
16382 25334 282
33257 79895 351
12287 36386 324
60641 2762 340
11778 25929 282
81184 20272 351
81655 87917 333
58170 57763 229
37080 57713 340
66524 43642 340
3617 19602 279
56366 72184 335
88382 77704 338
13654 28515 308
92780 21437 351
603 11814 268
60006 93524 351
61297 84146 351
69002 63118 330
11180 59726 340
37814 56543 340
84824 43046 351
22092 68118 340
86935 62698 351
26578 31553 308
84238 51722 351
61618 24984 340
43448 42945 257
19281 62916 340
1920 35760 324
8457 71165 340
40702 12571 324
30590 37437 324
52353 74020 340
37338 95680 351
71974 9053 340
53762 31034 340
39829 5762 324
44937 35316 324
85354 73170 351
40850 90427 351
4792 4516 197
72718 68798 325
86855 37755 351
49637 27287 324
94733 22026 351
87141 38291 351
82408 38728 351
70252 42205 340
70595 98670 351
32544 23709 308
19316 83928 351
80402 98325 333
57140 87929 351
16062 81535 351
45266 51481 314
89460 59881 351
37692 88370 351
77407 26122 351
73153 10524 340
84224 39179 351
60405 16798 340
35993 85938 351
88226 14491 351
23719 857 282
91246 35906 351
70313 77153 351
20284 76430 340
81902 65277 351
29591 36911 324
83295 81981 320
49180 31486 324
97103 27173 351
48622 13967 324
14087 83770 351
82010 78123 338
5524 17658 279
86979 87526 333
93189 94532 284
13355 56387 340
26155 63923 340
9940 46565 324
83742 87519 333
56814 34093 340
84717 33292 351
77173 56761 351
69722 45878 340
35760 46729 314
8024 77324 351
96440 71974 351
81084 42001 351
38606 4966 324
33556 59000 340
34999 51115 324
85924 1624 351
26853 92620 351
98793 55988 351
69519 47838 340
86557 85048 302
29669 31348 272
69424 45364 340
76070 32465 340
46738 547 324
55638 33475 340
21223 674 279
49836 80550 351
12236 72570 340
44895 28879 324
95849 40934 351
24393 18342 282
24881 94179 351
26137 11082 282
77704 90682 338
40998 65337 340
90039 19252 351
87504 73604 351
42927 40811 288
47316 70560 340
22768 55120 340
14295 59591 340
18499 5434 279
70326 63812 312
9533 98909 351
42863 32339 324
33476 56695 340
92064 45181 351
48257 71355 340
61001 26573 340
63591 80815 351
2000 50349 324
22406 44940 324
66302 70499 312
14544 86474 351
34550 67257 340
78231 38294 351
8299 50184 324
18446 63409 340
16832 75940 340
35665 86562 351
29902 77819 351
51424 19575 324
78581 5965 351
3242 86035 351
81601 32459 351
43786 86729 351
8475 87393 351
95855 27068 351
4334 9585 262
70092 82085 351
3032 71601 340
75276 17127 340
45285 94935 351
64302 15278 340
33960 81960 351
96661 47202 351
63920 27539 340
63168 45663 340
11819 89365 351
47674 79222 351
78319 43462 351
79075 91907 333
12565 70547 340
31991 76836 340
92395 28659 351
344 47666 324
5726 18027 279
65046 45185 340
50393 57238 340
2102 51967 324
11457 93395 351
80652 6982 351
64464 71487 325
95768 61088 351
49485 66639 340
94291 19332 351
88337 25496 351
73683 74175 294
57123 85453 351
58159 87637 351
62919 72838 330
68672 66932 312
63087 25465 340
38629 44368 306
20996 6502 279
20421 85627 351
67578 17721 340
4929 87553 351
78673 68174 351
23125 71825 340
99994 96272 328
20239 74651 340
90209 78575 338
13643 57070 340
945 2021 182
44480 62555 340
55564 63559 335
62256 30675 340
14660 43091 324
48908 29315 324
51615 80127 351
21208 17105 279
11189 73369 340
76596 12902 340
14652 75741 340
78615 53856 351
71575 81483 351
53706 21276 340
24473 41722 324
80086 8381 351
73963 23986 340
31052 57701 340
15350 40584 324
16928 75736 340
94127 51458 351
34423 1491 311
46689 5832 324
45797 56609 340
17156 86998 351
28517 22866 308
72559 55820 335
3041 15941 276
99965 7165 351
21992 45103 324
43692 60638 340
57877 50856 340
22013 26272 282
81933 75471 351
83479 44342 351
22251 14769 279
80342 45405 351
29598 20513 308
90998 94495 333
70860 78946 351
37542 8595 324
94180 33379 351
97016 86472 333
88709 27286 351
38291 10924 324
10102 93409 351
11916 53867 340
61511 75292 330
96625 75564 351
18459 75003 340
89244 34128 351
31404 5837 308
45816 48345 314
99983 80173 333
42085 34417 324
25632 47465 324
14928 66724 340
94327 7663 351
55904 22723 340
81248 19223 351
40843 51601 314
88640 86518 333
36451 44114 306
4023 36317 324
49619 23059 324
97424 39333 351
90749 9423 351
72428 17249 340
91599 33949 351
8168 88274 351
11174 6819 268
64092 57990 335
91294 18924 351
16880 16947 204
75915 79728 351
25158 93036 351
62792 12222 340
60727 63118 335
61508 22380 340
5145 35805 324
89477 27423 351
15632 13821 271
124 9918 262
38047 42228 306
41739 22899 324
86106 72528 351
3824 3129 238
71947 19740 340
28922 53808 340
31370 15225 308
75865 90305 351
80258 15848 351
94720 97425 328
49281 80214 351
17906 56119 340
42883 19914 324
82439 29088 351
52274 49215 309
11980 78149 351
14493 26087 282
39287 97875 351
86287 4731 351
83363 83163 258
99276 70376 351
42868 33828 324
66387 33459 340
54832 11229 340
72438 84676 351
27913 40087 324
73994 27532 340
87592 1555 351
26440 19438 282
30467 77139 351
88186 62431 351
16250 83738 351
71263 31329 340
13792 40582 324
37674 1080 324
3433 49528 324
21896 55023 340
92205 85335 333
33180 98778 351
59011 41755 340
55383 14562 340
73262 59287 335
78832 15186 351
36980 18899 324
56636 7353 340
82765 13847 351
13276 94734 351
49801 46308 314
98019 28303 351
48393 50223 296
65553 57188 335
84148 44619 351
18804 61698 340
51899 84636 351
89783 12066 351
64565 97289 351
67879 85490 351
52260 6644 324
6467 73246 340
95092 28027 351
3102 26724 308
63717 44006 340
80530 62376 351
26795 92114 351
15310 4486 276
41009 22683 324
31077 11088 308
60348 71552 335
24570 62021 340
10818 82264 351
82172 22861 351
21654 69297 340
36076 49896 314
72524 89739 351
69366 78369 351
65397 26597 340
23700 43001 324
64329 76607 325
35941 83953 351
3062 68886 340
51577 26381 324
95048 53271 351
67149 8131 340
88218 79128 333
5867 2496 238
25555 80731 351
41444 29004 324
1544 85769 351
40149 90733 351
47907 34921 324
81726 94244 333
39777 91406 351
74927 1235 340
49542 34166 324
86451 81127 320
45743 37971 314
83869 31560 351
19272 42507 324
76785 45840 340
78849 73813 351
75486 4114 340
22378 96648 351
91436 67479 351
38791 88964 351
40322 28007 324
20619 16980 279
50099 60635 340
99806 78209 338
14906 8983 276
76013 91381 351
92030 45745 351
1538 76733 340
4568 29551 308
97811 32635 351
24382 56013 340
29793 26398 308
99986 96755 328
466 84941 351
45323 55141 340
35439 533 311
68043 47234 340
2477 5565 238
5376 78473 351
58636 91524 351
70133 92022 351
68556 46356 340
63360 14908 340
20457 39693 324
28193 83355 351
73816 65123 325
57498 84065 351
36142 66945 340
61817 89139 351
78307 538 351
62340 19874 340
13119 95101 351
72990 75200 325
11121 82200 351
39674 28143 324
83964 57704 351
89494 94258 333
36944 52444 314
11710 54121 340
57868 21440 340
85573 74243 351
66440 1449 340
36985 31065 324
56795 33668 340
18530 62695 340
22211 85729 351
80949 34247 351
21700 14311 279
51856 37409 314
14522 83305 351
11579 3986 268
1941 38643 324
74853 62261 330
75218 83762 351
69450 95483 351
56273 64018 335
2532 30711 308
76887 43356 340
12335 18667 279
48627 11633 324
54194 12155 340
2585 87928 351
74006 78466 351
24998 16351 282
76036 20422 340
50437 83623 351
59887 67061 335
2422 85294 351
85864 71237 351
24214 5309 282
51700 35699 314
3710 77230 351
85594 80263 320
5689 48386 324
70951 39880 340
32787 87488 351
77072 43291 351
41391 55496 340
10260 64681 340
41873 23978 324
84115 54919 351
19405 88392 351
24616 60209 340
69825 54151 335
97810 3516 351
42450 53728 340
1094 90366 351
91055 26994 351
12114 17336 276
19795 97919 351
3745 72881 340
21086 61654 340
31599 49553 324
885 91650 351
30653 91848 351
55544 85810 351
54489 32464 340
24577 40370 324
96289 89518 333
9641 50252 324
35878 48439 314
95832 73956 351
65748 48857 340
93663 34389 351
27963 52630 340
82665 47977 351
38427 73323 340
79345 53062 351
17819 69375 340
3899 33395 308
25122 38555 324
99927 88660 333
43678 64251 340
75052 93292 351
63364 19341 340
35404 85709 351
16133 34725 311
73865 15493 340
51656 33323 324
91495 92904 302
79375 10706 351
50832 53595 340
61718 40610 340
73475 89160 351
86539 9763 351
23145 85290 351
9348 78734 351
49506 55752 340
50498 23128 324
21409 96200 351
79204 49616 351
59959 22667 340
5340 3772 215
61628 48818 340
8798 42423 324
33580 18536 308
15311 46259 324
88480 83954 333
92585 62754 351
66934 57783 335
21343 94008 351
89312 27450 351
34066 49511 324
2741 53239 340
16813 94742 351
17441 15281 266
96947 9398 351
59336 26029 340
46924 68373 340
21461 97265 351
13737 75951 340
2669 77612 351
38900 13106 324
5351 13892 276
50906 21757 324
84877 62980 351
32190 91996 351
6605 84488 351
20759 68212 340
74240 20049 340
17654 23093 279
45514 24584 324
69425 69517 281
76317 42733 340
51353 59975 340
16191 52511 324
4558 71727 340
53469 23 340
25014 88358 351
31768 34406 311
78645 1032 351
35699 95858 351
59728 68803 335
95307 40745 351
60011 28314 340
26825 69220 340
59481 74839 335
12186 80081 351
2853 31070 308
57245 2178 340
29340 12940 308
50648 824 324
22398 26463 282
67040 87694 351
58421 67709 335
14308 69628 340
