6150 9984 262
1646 5447 238
85 6704 262
6932 7945 257
3531 8617 262
3803 1460 238
4669 3506 238
6831 3961 262
2893 9938 262
7539 7358 239
2897 4250 238
9621 3401 262
9560 6026 262
8550 1628 262
6048 1541 238
6847 2197 262
1525 4845 238
3995 7961 262
7900 7279 239
2258 1430 183
5895 2412 238
9241 6915 257
5917 6071 187
875 8809 262
2360 8413 262
6166 5256 236
9014 2139 262
5008 8574 262
8164 9909 260
6553 4211 262
1450 9752 262
2760 9326 262
4596 3106 238
3638 8847 262
384 2247 183
6628 2630 262
4659 5868 236
9544 575 262
1938 418 182
9384 4297 262
5182 5549 205
5905 4196 236
4039 7264 262
9121 2202 262
7173 5673 262
2765 4974 238
5424 1876 238
651 6371 262
4981 4288 215
5217 5365 192
6535 1844 262
4346 1193 238
7711 3890 262
8119 6000 262
659 7502 262
6649 5841 262
9403 2553 262
6388 3441 262
6168 5508 236
1995 9692 262
1180 1111 182
1017 6604 262
2986 1667 217
9326 4318 262
2307 4543 238
9682 5193 262
2738 4028 238
6385 6801 244
4269 855 238
9152 4927 262
8357 5800 262
767 7759 262
4704 3506 238
7551 872 262
9013 9545 260
6915 193 262
7007 7932 239
3148 9992 262
9598 8825 260
4310 1904 238
9719 343 262
7096 2457 262
722 9832 262
5609 4990 236
687 4760 238
6269 5395 262
560 7035 262
3153 1615 217
6893 7055 257
8838 5905 262
2952 5753 238
2449 9958 262
3684 1948 217
6302 9633 260
773 6963 262
1537 491 182
7305 4984 262
2947 4379 238
1168 4907 238
5720 8206 262
9667 1988 262
3600 6578 262
5375 3104 238
8192 2267 262
158 3382 217
8171 9461 260
9134 620 262
9419 2817 262
8919 2072 262
2449 9691 262
9034 337 262
182 2690 209
1673 9480 262
7068 2840 262
4387 2788 238
7397 405 262
4775 996 238
3334 6501 262
451 1525 182
8767 608 262
4906 6938 262
69 391 144
3909 5839 236
9559 9179 260
7910 2008 262
8870 6943 257
8696 5403 262
5984 6720 262
1234 3052 217
5911 1972 238
2191 3307 217
2376 3317 217
4302 5709 236
9818 4752 262
3586 8584 262
1712 4843 238
1873 8132 262
1586 2133 180
322 1144 179
1312 4583 238
9503 181 262
1525 8199 262
1935 7508 262
4918 3168 238
6911 7181 257
5140 9101 262
487 3867 238
2418 1141 183
5928 8587 262
5892 9513 262
7170 3955 262
707 5395 238
8438 2292 262
7527 8759 252
9788 8838 260
3341 9290 262
5370 1217 238
7488 7304 239
5077 8758 262
472 8339 262
2290 1963 183
7440 2776 262
5829 6209 262
3916 1756 238
1147 6160 238
7620 8316 252
6466 4679 262
3710 4904 238
3322 1237 217
14 3109 217
6426 3355 262
2399 1796 183
923 6238 262
9099 5999 262
1347 5922 238
690 3636 217
7884 4481 262
6412 3713 262
689 6679 262
1820 8187 262
2838 9440 262
6502 9304 260
470 6564 262
4207 3791 189
4152 572 238
6900 577 262
3926 9298 262
8724 1201 262
1887 4175 238
3551 3234 181
96 4240 238
3221 7980 262
8720 9632 260
8044 5760 262
2663 9863 262
3946 5500 215
5654 6800 262
1155 6123 238
3363 1713 217
6266 3866 262
2285 3165 217
794 6210 262
8814 9518 260
3762 7052 262
3692 7313 262
285 139 128
1552 3506 217
8118 272 262
9489 2513 262
6031 2151 238
8728 6329 257
4003 733 238
3128 5157 238
3208 2842 217
6870 9473 260
6707 9154 257
8989 7500 252
1715 4154 238
3369 5477 238
1205 7060 262
2789 7842 262
7199 4340 262
1347 1668 180
963 7187 262
533 3346 217
5690 9260 262
9674 9692 167
9992 9153 260
4848 3199 238
1994 8069 262
9023 8700 247
7222 8011 252
2551 5289 238
8516 5920 262
765 9721 262
2979 9905 262
7562 6529 257
596 5260 238
8197 1559 262
8798 8729 216
1256 4487 238
4340 929 238
4178 683 238
81 5378 238
234 8426 262
9798 9256 260
7125 3372 262
3619 9675 262
8660 2134 262
5594 5776 205
1854 4925 238
5680 5767 174
1453 6275 262
1026 6001 238
4185 9824 262
1081 5440 238
662 1772 182
2720 1192 209
2455 9152 262
2921 2688 217
7577 2718 262
1943 1053 182
6089 1913 238
7080 1100 262
399 2673 209
6875 2252 262
3949 8906 262
4371 1754 238
5181 5396 192
4106 9365 262
1571 5187 238
1157 2233 183
6958 3876 262
3424 5764 238
3028 6344 262
8451 6956 252
5413 6746 262
8009 7854 252
8658 5088 262
8953 9056 247
4112 2180 238
7660 8061 252
1085 2030 182
6166 6265 262
3777 271 238
1982 1700 180
1809 3138 217
3932 5119 215
7013 3707 262
882 6392 262
6402 9333 260
3348 8166 262
2430 1356 183
6019 1087 238
6443 1324 262
6495 6906 244
3503 506 217
4966 4587 210
8887 1131 262
7204 9015 252
7754 5537 262
714 9562 262
8674 997 262
4680 2038 238
1055 5562 238
4782 7456 262
1246 8129 262
1974 3675 217
5836 7992 262
1113 8630 262
9315 7607 260
5535 9169 262
4464 6853 262
3756 3350 238
4335 7311 262
2365 2088 183
2847 9430 262
1650 7872 262
427 6329 262
9909 1481 262
1890 1042 182
5289 9487 262
9170 3614 262
3161 1357 217
1605 4274 238
9986 7272 260
1880 1873 175
6440 2696 262
8725 195 262
6045 3059 238
3857 4761 215
5147 6703 262
543 3148 217
4574 969 238
9476 835 262
8801 7718 252
1876 441 182
7204 7398 208
4054 365 238
5106 2011 238
4638 1444 238
9282 2869 262
3316 5721 238
5564 8392 262
2268 7961 262
1450 6124 238
9073 2948 262
9179 9615 260
6095 104 238
6935 1923 262
7290 5736 262
9640 9166 260
2528 3195 217
2915 6582 262
3559 8020 262
8592 4548 262
9463 7873 260
3769 9130 262
9945 5684 262
7521 2212 262
3644 5323 238
4688 9069 262
4622 3866 215
5035 7069 262
321 1970 182
8991 7611 252
4057 8630 262
3128 6584 262
8176 2394 262
9517 1735 262
6765 4460 262
2634 2580 191
8684 6402 257
1709 8629 262
2086 5582 238
7192 2081 262
904 8231 262
1149 5525 238
8448 6184 257
2593 8769 262
4505 7935 262
6379 8561 257
2916 9506 262
1496 1092 182
8251 1013 262
9178 5015 262
1824 1811 162
7594 508 262
8213 9303 260
9136 298 262
4884 2679 238
2378 2139 183
910 9879 262
4015 9357 262
2414 2960 217
8125 3270 262
894 855 179
1830 3810 238
6712 9677 260
4901 4962 210
7041 4078 262
9977 8865 260
5888 7570 262
9372 452 262
3224 4859 238
7101 8107 252
7537 5831 262
6597 8446 257
5709 612 238
4155 4474 215
3571 8631 262
7743 4464 262
9486 5924 262
4625 6197 262
5600 9525 262
7511 2641 262
9954 7487 260
7857 2194 262
1408 7228 262
2645 4632 238
2086 9746 262
9090 5974 262
1928 5687 238
4420 7636 262
2650 4926 238
8461 6220 257
3556 6203 262
7035 3041 262
2126 1660 180
5590 4077 236
7536 3100 262
3069 7490 262
6938 925 262
9683 8345 260
4504 8679 262
2976 2941 173
4776 8418 262
8915 6703 257
4104 9686 262
690 3105 217
4611 9150 262
5676 8166 262
1704 2710 209
1207 181 182
721 3148 217
4258 8257 262
6247 3678 262
5746 3184 238
4603 1780 238
1528 5458 238
6810 856 262
8399 1586 262
9273 7313 260
4640 9728 262
6998 5330 262
2832 1608 209
831 4859 238
6125 2535 238
7568 7331 239
2715 8289 262
478 6972 262
2897 3076 217
7002 8642 252
6259 1604 262
6773 4139 262
7061 3582 262
1346 1811 180
1519 6970 262
9123 6159 262
3049 2472 217
7840 2232 262
431 8670 262
7090 6556 257
1204 4657 238
3886 3919 176
9297 716 262
7242 2193 262
143 4243 238
7186 6402 257
2198 3958 238
6892 5611 262
3892 4589 215
7421 1762 262
1558 2896 209
7920 4606 262
5367 5759 236
6837 5798 262
4429 3926 215
2353 1984 183
4934 2590 238
5902 4231 236
9657 9496 198
6423 9800 260
3738 3609 238
2553 2288 209
3918 9444 262
7898 4161 262
384 5318 238
5923 1941 238
4565 194 238
2898 9932 262
2305 9734 262
2081 3085 217
11 4433 238
5068 4944 179
3374 7322 262
5526 3031 238
6817 8301 257
2830 6906 262
8261 5382 262
9193 8530 247
4825 3442 238
2691 5208 238
8760 4965 262
3500 9676 262
5158 6397 262
9607 3814 262
2482 1687 209
6898 8844 257
2471 8318 262
139 5845 238
5639 2017 238
8875 8807 172
317 1704 182
5712 8577 262
7085 1257 262
7106 8261 252
4698 6148 236
9820 9809 167
1112 9671 262
9485 2622 262
2419 5443 238
6435 4900 262
3482 9685 262
95 5952 238
8002 6585 257
1796 3640 217
8601 7022 252
8798 8917 185
8725 861 262
7493 2161 262
2117 951 182
421 3167 217
7098 6592 257
9327 8210 260
6262 8811 257
7183 8680 252
606 3617 217
9931 4087 262
3301 25 217
38 7654 262
6610 8186 257
7645 1562 262
1559 6442 262
479 6636 262
7303 4323 262
8796 5771 262
5273 5569 236
5289 8723 262
2160 4616 238
3284 8422 262
9778 466 262
3453 383 217
434 3384 217
821 87 171
9760 7211 260
7740 2721 262
1748 5385 238
4283 3306 238
1826 4761 238
9941 5480 262
5435 5089 192
7603 7060 239
657 2891 209
5782 9168 262
3858 9065 262
3941 3636 238
5882 7394 262
370 6315 262
7129 1191 262
2753 6888 262
4753 493 238
9609 6500 260
5877 243 238
9805 4054 262
5003 6098 236
5886 6789 262
1186 3488 217
3848 8194 262
6378 9629 260
7361 236 262
5045 1302 238
223 926 179
8695 592 262
3593 2175 217
8134 6345 257
9062 2886 262
3189 5022 238
5737 9065 262
5264 5542 192
9471 6618 260
7991 5356 262
3407 9176 262
5195 7254 262
7369 1572 262
3235 4729 238
8159 8279 190
2382 4733 238
5557 7428 262
1677 5501 238
9602 6162 262
8197 8664 234
5400 1386 238
37 1136 179
6802 5301 262
6677 2624 262
8270 1019 262
7979 1676 262
194 9525 262
5282 3914 215
1097 8516 262
8643 5607 262
3146 7376 262
6692 5054 262
4804 8368 262
6906 4405 262
4529 5103 210
9420 9928 242
2840 9457 262
7416 5993 262
1109 444 179
8617 9378 260
1463 2947 217
7406 1656 262
2472 9039 262
5570 9920 262
3906 564 238
1878 7051 262
7939 8569 252
8457 2742 262
3288 5362 238
3499 7817 262
6816 2918 262
4096 9655 262
8726 1511 262
5648 9834 262
1955 4264 238
5564 3417 238
3562 9321 262
1424 6033 238
8359 3345 262
5952 2264 238
3908 7830 262
5666 8199 262
2750 4122 238
940 6038 238
5836 790 238
206 2651 209
3708 4301 238
2306 8785 262
2164 4305 238
4971 470 238
4920 534 238
238 8481 262
9854 1661 262
4514 8212 262
5006 6817 262
475 5265 238
998 2492 209
3463 3748 238
6614 4403 262
9785 8801 260
5192 9990 262
1451 5251 238
642 108 144
4036 9157 262
4412 9006 262
9626 5683 262
5891 9863 262
4164 5744 236
1524 5029 238
307 2881 209
8197 7133 252
8145 9195 247
9624 1608 262
2942 2589 217
2362 9078 262
1389 3905 238
5419 9192 262
5508 6060 236
9299 5895 262
5217 63 238
4900 1194 238
5745 7142 262
1057 6260 262
9237 8932 247
1288 9543 262
1812 9485 262
3027 6308 262
8679 9002 247
4267 7972 262
1591 6628 262
3401 9331 262
533 8819 262
8522 2392 262
1230 4173 238
8286 2798 262
4235 9537 262
3992 9979 262
6678 5048 262
6239 5914 262
331 3878 238
1808 8494 262
3362 1186 217
4801 8392 262
187 9068 262
2715 8129 262
2047 6115 238
7460 8931 252
1285 2333 183
1322 2515 209
6505 9607 260
1664 7091 262
9143 5655 262
3422 2172 217
7054 6012 262
8085 3736 262
9889 6244 260
2229 9603 262
7429 7030 239
4346 3968 202
2449 7061 262
2096 4495 238
9527 5907 262
3426 812 217
4592 4747 184
9678 7448 260
706 7693 262
4539 9848 262
3348 4312 238
2020 6753 262
323 6456 262
489 6563 262
9052 2717 262
2517 2832 191
6098 6863 262
6799 8546 257
275 5247 238
9393 6153 262
7505 2818 262
3316 2096 217
3916 2993 238
9544 4621 262
7038 434 262
4469 385 238
1097 2840 209
3489 1419 217
5647 329 238
4333 4698 215
9398 6850 260
7530 5495 262
3712 680 238
393 338 126
5926 9785 262
6490 3431 262
2602 9806 262
1878 6517 262
9150 7773 252
7490 6187 257
8206 1958 262
2923 9302 262
1149 2764 209
7072 6795 257
3092 1405 217
1493 2489 209
4606 5374 210
7984 4669 262
6053 4728 236
5006 8331 262
4512 7847 262
8113 7113 252
7652 9990 260
9981 3154 262
7763 7470 208
9340 2320 262
5779 8615 262
7974 6927 257
1378 1397 128
74 4469 238
9153 7918 252
3310 3758 238
3291 1293 217
8426 5695 262
6020 9783 262
377 6883 262
7630 8489 252
347 5281 238
4831 327 238
4786 2593 238
4149 4126 189
1264 6279 262
2740 9237 262
9558 469 262
6986 9631 260
4937 6138 236
3900 8246 262
9896 7190 260
5890 4673 236
9236 8261 247
4456 9613 262
5143 2085 238
4453 5489 210
3717 9283 262
2168 8503 262
8227 2668 262
8980 9491 260
5298 8071 262
5079 4855 210
8539 2064 262
837 9827 262
8202 4736 262
4425 4449 184
8277 6666 257
9121 7513 252
4927 9928 262
3477 6421 262
2012 7929 262
8262 2081 262
3564 6781 262
583 1790 182
9448 5914 262
1280 1097 182
3984 2711 238
5952 2522 238
4774 3140 238
8700 9327 260
7876 3124 262
127 2504 209
9790 5600 262
6368 1068 262
5527 9844 262
3840 3891 145
4125 2101 238
5971 7688 262
8881 2905 262
5829 4680 236
8818 7109 252
5777 9153 262
6171 8080 262
1674 944 182
1219 6725 262
6623 5446 262
9849 3101 262
7950 5990 262
8700 4317 262
7057 4227 262
513 896 179
4469 989 238
9349 439 262
5028 4581 210
9695 856 262
9261 4864 262
7964 1389 262
4016 486 238
5820 2041 238
1430 7038 262
8765 4404 262
8836 4965 262
7504 6785 257
954 2556 209
7453 4362 262
3134 4317 238
5258 7602 262
1657 958 182
8040 6684 257
5538 4086 215
7540 1150 262
8949 1855 262
2538 2964 217
2341 8357 262
5004 122 238
1747 3768 238
877 582 179
8733 8380 203
3718 6038 236
7287 7522 239
400 420 134
8191 2009 262
8021 9847 260
2966 2412 217
6531 4855 262
6497 4070 262
6005 5445 236
2276 4894 238
4760 4616 184
9603 9763 185
4737 1349 238
9883 5613 262
8282 4967 262
345 8351 262
7356 3983 262
5872 7755 262
4403 414 238
9763 8775 260
261 9080 262
1187 6791 262
3935 4035 189
7212 6291 257
5832 9487 262
1184 591 182
455 786 171
6706 1543 262
8486 2940 262
3508 3119 199
4258 204 238
1469 1613 172
4186 3693 238
9368 8588 260
4106 5482 215
7363 4366 262
914 4901 238
7508 1200 262
8935 1071 262
7490 1118 262
6910 8673 257
1709 7364 262
5811 8414 262
5258 4296 215
7705 8765 252
7415 1962 262
8968 5235 262
3574 3154 199
8927 9293 260
8093 9385 260
1127 1807 182
102 2040 182
6707 3962 262
9591 1994 262
5032 7080 262
3111 8293 262
2104 1171 180
5656 7914 262
5936 7266 262
8562 3640 262
6030 2328 238
5601 1350 238
7562 5527 262
4503 2841 238
4819 8947 262
2225 2297 152
754 2326 183
688 3812 238
6287 278 262
2157 7671 262
7357 5268 262
5963 9461 262
2790 7971 262
7374 8726 252
5236 2287 238
2365 7617 262
4614 4318 215
8966 2176 262
9844 3468 262
1368 1014 182
8767 3592 262
3311 9520 262
2269 3998 238
3331 4908 238
4276 5488 215
2578 1632 209
7107 4892 262
7444 6248 257
2862 1170 209
4973 8097 262
3456 3690 194
5714 8070 262
8007 4679 262
6597 4202 262
4499 7964 262
5215 3265 238
7907 8525 252
9136 175 262
8875 8818 172
1434 3150 217
4305 4011 202
1133 7763 262
8903 4929 262
4011 8116 262
6098 5335 236
6213 9553 260
9024 8278 247
7622 3382 262
9308 570 262
7583 158 262
8533 2798 262
9774 2791 262
7674 8909 252
9318 6548 260
7727 751 262
9697 8383 260
