480 360 134
16280 720 276
270 468 144
7776 1955 262
90 1960 182
360 2300 183
6840 1377 262
1890 936 182
720 406 171
1520 3000 217
357 1539 182
2736 360 209
5278 1656 238
756 624 171
4522 72 238
48 700 145
72 1980 182
11648 352 268
816 1568 182
270 312 118
760 4940 238
6380 468 262
7056 5616 262
7410 7830 239
6000 36 238
1344 1200 177
2304 171 183
400 1400 182
234 3360 217
782 4800 238
754 4256 238
216 1485 182
9690 261 262
2576 792 209
2793 2376 209
1584 1856 180
1254 1836 180
1100 4050 238
1092 672 179
1365 972 182
544 936 179
784 44 171
108 2850 209
816 3456 217
2550 540 209
2268 837 183
5040 875 238
2175 476 182
324 1875 182
260 4200 238
1700 372 182
6400 189 262
1044 1539 182
396 2880 209
4693 2232 238
2600 2856 191
4488 624 238
10140 2000 262
7820 648 262
1890 1134 182
1566 385 182
812 1015 179
832 1330 182
3675 1029 217
1071 112 179
288 102 128
1040 3402 217
116 5940 238
120 490 144
384 6336 262
1350 2700 209
310 1920 182
4095 1360 238
8400 114 262
21660 1152 279
128 378 144
7680 1650 262
460 64 144
2754 2646 173
1152 84 179
3300 324 217
4940 9000 262
391 1760 182
182 2640 209
1200 2448 183
1280 2668 209
7056 93 262
4370 576 238
1040 1368 182
3564 2448 217
4896 816 238
1040 840 179
3420 3335 181
1020 120 179
672 1792 182
2520 350 209
1008 780 179
648 44 144
2040 2772 209
1610 110 182
8100 90 262
21840 288 279
2240 4158 238
3648 2604 217
12 320 131
6936 5775 262
360 1320 182
4144 3500 238
448 1176 182
198 306 128
10982 145 268
1440 495 182
4560 9234 262
416 64 144
1870 54 182
6902 1500 262
3850 7770 262
6960 1914 262
2926 4212 238
13464 7840 276
2520 950 209
2520 2160 209
308 6 128
3159 216 217
7560 3045 262
660 2652 209
234 4092 238
270 468 144
14896 518 276
770 144 171
7220 576 262
1008 456 179
1989 882 182
4752 924 238
2992 259 217
918 4991 238
264 496 144
2880 504 209
5202 1008 238
1080 2912 209
60 180 125
2016 588 182
1458 2088 180
3375 1479 217
8550 780 262
1672 840 182
7735 992 262
6300 7644 257
672 3224 217
896 3000 217
400 217 144
169 2592 209
336 729 171
3360 140 217
2178 300 182
175 156 125
5440 504 238
4641 1566 238
1728 145 182
460 8190 262
108 520 144
4576 3192 238
560 1755 182
5280 3600 238
700 880 179
1512 2346 183
100 648 144
2880 1170 209
168 2720 209
175 4536 238
748 960 179
12312 1404 268
640 2520 209
1653 1232 177
546 4914 238
112 2511 209
96 810 171
4389 72 238
1260 6000 238
4046 384 238
7812 390 262
525 364 142
1716 1080 182
360 6480 262
420 54 144
858 1496 182
2520 3519 217
224 1200 182
6825 432 262
2448 1040 183
130 1372 182
390 55 144
216 160 125
228 125 125
2457 532 183
666 5800 238
4 2025 182
120 336 144
12000 6864 268
5184 4350 215
528 798 171
2900 1760 209
4862 78 238
323 792 171
770 1512 182
3400 468 217
8680 693 262
1540 340 182
1260 2166 180
216 2340 183
2261 540 183
5616 1080 238
1080 2600 209
6240 120 262
36 5075 238
1056 320 179
4992 540 238
114 525 144
836 2376 183
1287 7296 262
5880 3696 238
637 630 57
5120 1053 238
4620 560 238
180 3159 217
3360 140 217
1100 750 179
51 2888 209
5544 3360 238
12480 3840 268
4000 3332 238
4662 2660 238
128 460 144
2527 462 209
2496 4032 238
10640 306 262
952 1440 182
704 1426 182
1026 1820 182
136 338 144
2552 4992 238
2618 468 209
16 352 144
3432 210 217
360 2856 209
1440 240 182
5220 360 238
6409 3276 262
87 216 125
480 1215 182
1700 1102 182
924 1176 182
1815 2700 209
1320 1820 180
11776 2040 268
456 230 144
4760 144 238
1085 240 179
22200 1152 279
3420 2520 217
518 156 144
9576 1386 262
2800 1280 209
1760 540 182
2464 570 209
312 192 128
11270 48 268
323 280 131
4536 720 238
360 56 144
2240 1540 183
1800 850 182
432 7830 262
4004 1456 238
8381 468 262
2184 3430 217
1568 616 182
1344 1404 159
9384 2184 262
7128 945 262
3240 2880 217
6500 1008 262
1080 1400 182
84 92 93
6409 4480 262
6084 2652 238
810 1140 179
2520 1764 209
810 168 171
2016 480 182
84 462 144
1368 5022 238
780 112 171
720 3822 238
1560 7560 262
312 180 128
432 364 134
9000 3393 262
5280 3132 238
5225 715 238
125 748 171
5376 570 238
432 1482 182
1056 1512 182
760 555 171
1440 592 182
2312 3744 238
2448 1050 183
504 480 142
432 5070 238
84 48 116
1944 75 182
2145 405 182
476 3325 217
6240 1131 262
5850 1800 238
1596 5054 238
3360 567 217
3888 1330 238
7293 990 262
315 1800 182
190 3480 217
16492 145 276
1440 400 182
2048 1680 180
11100 108 268
1638 2268 183
1440 650 182
5040 220 238
192 560 144
1716 429 182
2430 5440 238
112 1620 182
13365 182 276
3978 150 238
1260 4680 238
510 1200 182
3740 104 238
8463 2990 262
1071 1960 182
90 312 128
5022 11020 268
5152 90 238
5760 4158 236
13398 676 276
2016 6438 262
280 2516 209
1632 147 182
1368 720 182
720 1539 182
2185 8700 262
3420 192 217
1620 594 182
66 3200 217
1088 2040 182
1054 448 179
1920 4070 238
750 1539 182
3627 6160 238
180 3168 217
4998 280 238
312 1736 182
2850 2160 209
1400 440 182
4440 6440 262
1530 330 182
703 55 171
4032 253 238
3654 3042 199
1932 1320 180
1360 5544 238
2700 735 209
8352 1216 262
1920 2040 175
704 104 171
3645 1680 217
7488 3724 262
2912 270 209
12880 208 268
3472 4500 238
3696 1496 217
3200 544 217
4420 3515 238
4959 288 238
1372 133 182
220 112 125
3360 112 217
12960 2175 268
280 1728 182
90 720 171
10044 2240 262
2772 1152 209
3600 1368 217
1280 5400 238
4212 5940 236
756 36 171
22 920 179
715 1260 182
432 2970 217
11718 126 268
1500 3300 217
696 36 145
1980 10200 262
6138 240 238
10010 600 262
17632 130 276
2790 4144 238
144 1782 182
4800 2640 238
348 700 145
4368 448 238
266 24 128
4698 135 238
7140 224 262
9657 1300 262
464 2688 209
1782 1960 175
672 100 145
9990 4830 262
1764 2760 209
4800 551 238
140 1260 182
2340 184 183
4200 2880 238
189 3200 217
5890 990 238
520 1575 182
3402 432 217
2511 320 209
1600 5610 238
5544 690 238
3059 640 217
4800 8512 262
720 3240 217
891 455 179
396 270 144
1568 240 182
2160 532 182
36 6498 262
4368 864 238
2240 1995 183
1170 204 182
1176 520 182
9842 2464 262
616 1960 182
348 4640 238
2040 1200 180
4400 1225 238
833 1596 182
396 342 126
5508 1102 238
20387 216 279
1512 340 182
10608 4680 262
9800 600 262
7605 1088 262
7752 60 262
2016 440 182
3432 1344 217
136 800 171
910 2622 209
1368 4554 238
1440 3978 238
1463 754 182
784 160 171
494 93 144
6000 360 238
11396 9000 268
868 840 148
7904 144 262
7200 2079 262
858 960 179
9600 450 262
3400 912 217
4788 108 238
4160 2300 238
15708 448 276
144 288 128
5280 1440 238
1600 96 182
1568 1344 172
1305 1560 177
1625 690 182
2784 1200 209
17100 3080 276
6900 112 262
2970 3360 199
1350 1326 146
156 396 144
5100 1080 238
204 2592 209
156 567 144
840 1656 182
1392 192 182
1440 350 182
600 1350 182
1134 936 174
1680 1620 180
3480 180 217
640 115 144
4560 300 238
1620 100 182
2688 1200 209
2565 2940 217
10200 672 262
1728 150 182
6318 2940 262
1500 3264 217
232 696 145
140 380 144
5520 576 238
880 1224 182
3705 990 217
4590 3240 238
1495 1860 180
476 1480 182
1980 1404 180
1848 1092 182
3360 2750 217
448 1512 182
3528 88 217
340 3570 217
400 2200 182
720 40 171
315 1856 182
864 450 171
425 1674 182
1785 1860 162
288 7448 262
306 1008 179
4200 320 238
2310 1008 183
1001 2088 182
3000 3330 199
3038 2405 217
2720 5850 238
14652 152 276
600 1122 179
14820 26 276
510 1760 182
3876 5481 215
1190 1560 177
728 1836 182
384 216 144
1694 3000 217
650 1134 179
756 7344 262
90 416 144
200 3626 217
2992 273 217
6864 260 262
348 2592 209
240 24 128
6138 324 238
3906 1734 238
2100 135 182
1160 2030 182
392 1344 182
3600 880 217
200 34 125
2128 864 182
2400 3458 217
4872 1615 238
760 350 171
990 3200 217
3024 2100 217
2142 1104 182
540 5928 238
4320 1026 238
385 2205 182
1360 4928 238
2160 5580 238
5850 2392 238
1584 528 182
19720 270 279
2145 1395 180
140 560 144
648 104 144
1248 925 182
704 4032 238
2052 2184 170
1998 1972 144
1872 9300 262
1152 612 179
665 1650 182
2520 1302 209
1575 210 182
280 378 144
9828 2592 262
1740 174 182
3402 2450 217
3971 195 238
400 1053 179
2184 288 182
4275 252 238
3584 672 217
6864 252 262
840 1485 182
21 324 131
11154 459 268
3640 4200 238
5940 112 238
12236 700 268
3575 810 217
1736 4368 238
11232 1560 268
480 273 144
4991 224 238
540 3168 217
980 3381 217
5408 624 238
912 5130 238
585 1150 179
936 100 179
4563 1260 238
480 1080 179
144 38 122
10800 550 262
6384 1400 262
6 96 116
1140 72 179
4928 1425 238
1104 696 179
3150 4250 238
720 816 153
4225 6125 236
7040 2673 262
3564 180 217
1400 372 182
1694 1584 180
15232 440 276
3740 2944 238
494 70 144
3960 324 238
420 1240 182
2352 2688 209
7803 250 262
2100 572 182
16 2184 182
612 248 144
1760 3978 238
990 93 179
884 2016 182
1568 1287 177
10368 1330 262
1176 207 182
459 525 142
444 630 142
224 630 144
900 2160 182
273 266 43
792 90 171
210 3519 217
56 1920 182
2640 1260 209
5280 1360 238
714 2100 182
1296 2240 183
5022 9450 262
1326 203 182
3360 4800 238
15840 900 276
1728 972 182
11040 2640 268
1258 3000 217
5632 240 238
252 1058 179
855 6720 262
600 798 171
230 1092 179
8568 4554 262
5130 972 238
928 720 179
754 1653 182
10752 324 262
5456 1305 238
1044 3080 217
1554 5616 238
592 90 144
234 90 128
660 4788 238
2000 945 182
3509 5850 238
3306 78 217
640 680 145
2730 1100 209
1960 2592 209
660 1232 182
2850 1404 209
1881 306 182
735 1512 182
2584 1560 209
3915 6000 236
294 1380 182
9282 352 262
1365 3536 217
12903 1750 268
320 2664 209
1188 288 182
9792 130 262
1782 5400 238
108 360 144
15392 1386 276
4320 460 238
3200 3200 31
4500 552 238
26 5180 238
2808 4600 238
4940 1000 238
1056 20 179
780 4692 238
2208 2700 209
1972 190 182
1330 360 182
594 5510 238
378 6293 262
2496 972 209
240 1664 182
60 720 171
5850 840 238
11832 144 268
966 750 179
1000 1392 182
6336 300 262
2860 138 209
4860 4800 166
858 870 148
392 560 142
828 3480 217
6384 480 262
5040 7128 262
4350 4500 215
6300 480 262
5852 782 238
1824 5800 238
4641 312 238
975 4680 238
2288 1584 183
4032 4000 189
7590 1200 262
3500 720 217
4914 156 238
1620 1914 180
4896 1080 238
6900 5016 262
216 1950 182
1360 714 182
665 690 145
7920 189 262
990 2772 209
54 6048 238
6960 2772 262
1080 1550 182
180 3300 217
3465 1440 217
66 1000 179
3069 351 217
1560 336 182
900 700 179
399 612 142
10336 1792 262
1716 351 182
5200 1344 238
10000 4160 262
18000 9360 279
385 1560 182
1300 1216 177
228 1380 182
546 5250 238
2128 1495 180
504 2268 183
418 2660 209
867 4536 238
8925 900 262
220 828 171
4350 1122 238
896 870 179
756 1100 179
1600 864 182
780 2990 217
7084 1496 262
168 352 144
1120 1820 182
1760 4590 238
7500 588 262
1632 320 182
7820 1064 262
1540 156 182
684 60 145
1155 896 174
18 378 144
702 1254 182
540 136 144
784 1890 182
1936 204 182
4284 1404 238
2178 21 182
1440 3762 238
432 3978 238
66 174 125
4480 1995 238
480 300 144
6048 2340 238
2660 1008 209
1701 840 182
6650 110 262
1560 3549 217
945 297 179
930 3040 217
5474 360 238
550 3510 217
63 484 144
280 1296 182
1152 20 179
8360 252 262
1440 40 182
13832 1920 276
105 5250 238
960 180 179
14040 884 276
288 1500 182
12312 280 268
280 675 145
144 792 171
380 308 144
4930 528 238
3800 150 238
5083 972 238
1650 231 182
12870 1125 268
560 40 144
1254 1944 180
5642 2030 238
816 900 179
2268 220 183
7728 1050 262
4576 2142 238
3740 252 238
8645 2754 262
2610 945 209
4320 504 238
3864 210 238
561 800 171
6370 216 262
12654 512 268
588 7533 262
1170 1900 180
1368 2046 180
935 2730 209
1920 648 182
117 1050 179
400 7560 262
380 2160 182
288 1026 179
300 4389 238
17360 364 276
1224 225 182
2112 480 182
160 7888 262
3432 350 217
1035 5616 238
30 360 144
14820 782 276
336 1840 182
2145 27 182
84 1900 182
14400 135 276
1560 1170 177
660 324 145
2030 2160 170
180 52 125
1440 351 182
3220 2184 217
319 5168 238
300 648 144
4940 900 238
867 1260 182
4680 5148 210
3588 486 217
4760 6120 236
112 5290 238
11484 279 268
1530 200 182
165 3600 217
975 2340 183
1500 7360 262
5712 3042 238
945 9280 262
10400 1190 262
2860 8 209
3872 396 238
1848 720 182
286 952 179
144 1925 182
504 3332 217
1260 2940 217
480 930 179
1248 72 182
1518 9620 262
9240 351 262
1200 576 182
722 1240 182
6480 6720 244
798 440 171
3672 80 217
2128 2760 209
17748 840 279
2880 476 209
3705 66 217
5940 1800 238
4992 189 238
6552 1040 262
972 1242 182
168 2697 209
14985 5320 276
1350 520 182
224 7168 262
10075 124 262
7425 336 262
432 684 145
10350 580 262
16240 324 276
3024 756 217
4408 160 238
8160 156 262
280 1800 182
1088 880 174
18241 162 279
253 1200 182
3040 798 217
56 528 144
828 4930 238
2688 400 209
1848 1326 180
486 493 142
32 2600 209
560 1344 182
864 780 148
240 70 128
1050 1972 182
5520 4576 210
4914 1872 238
840 260 171
9250 408 262
7650 540 262
1900 5760 238
1280 320 182
1008 2520 209
1620 2400 183
3168 2200 217
2028 9280 262
1872 4250 238
84 196 125
3990 540 238
184 5832 238
432 2992 217
476 6804 262
1848 1326 180
4896 132 238
3960 1456 238
720 968 179
5070 2210 238
855 1449 182
420 6960 262
16320 64 276
84 1152 179
9072 2600 262
1768 1890 175
4704 5750 236
1620 696 182
9048 396 262
280 42 128
1265 1680 180
5580 2000 238
2457 135 183
3432 2730 217
6048 504 238
3000 1218 217
2070 1800 175
1872 693 182
770 720 153
4320 1280 238
1080 2340 183
2310 8910 262
240 432 144
7695 1440 262
2464 2520 178
7308 672 262
90 2530 209
2016 630 182
1610 320 182
3402 224 217
2340 120 183
3 189 125
11520 4960 268
1824 2280 183
400 1848 182
4608 540 238
5832 960 238
4872 2040 238
