49 27 112
46 82 116
13 27 112
43 33 110
9 31 112
67 13 113
93 100 119
87 11 116
98 97 119
31 59 113
6581 2705 262
5143 4855 210
9059 2403 262
43 2176 182
9441 4922 262
5979 2690 238
8300 7925 252
6523 8113 257
2603 7366 262
7297 1211 262
11296 18015 279
17975 4989 279
4015 15661 276
12451 9112 268
13109 8981 268
12970 18989 279
15438 2665 276
14896 1948 276
16267 15438 253
18675 16459 279
13811 54 276
26048 22910 282
24778 23971 264
28574 9580 308
13088 10423 268
13742 22783 279
26737 9268 308
16023 17951 279
5281 15574 276
7914 19589 279
18806 6584 279
32230 4543 308
37148 15425 324
33591 23966 308
35014 365 311
424 34324 311
33718 34772 311
13185 25547 282
31294 4359 308
12178 20533 279
37681 15771 324
40615 26569 324
40439 3638 324
34472 2919 311
16363 35585 311
42259 38168 306
35520 9488 311
42911 27819 324
24212 36753 324
5684 21225 279
49969 6008 324
9100 9739 260
37431 785 324
37385 33276 324
53143 51915 340
6908 39875 324
14485 174 276
37595 22823 324
48063 20666 324
16393 8825 276
64903 15752 340
20145 66022 340
35391 37007 324
26641 17003 308
759 20876 279
49579 18027 324
35583 21979 311
44217 62665 340
10615 34402 311
40940 14109 324
21816 70647 340
16083 22852 279
7673 7429 208
37727 30035 324
49795 68919 340
3460 55149 340
8022 41404 324
12870 66613 340
12010 29862 308
46267 57020 340
27438 42597 324
26398 1772 282
69127 5015 340
35437 82341 351
26968 26528 308
4649 61935 340
53975 32883 340
18886 78199 351
13212 19812 279
41733 458 324
49683 8392 324
31106 14004 308
63247 53927 335
12268 7208 268
81189 28186 351
87527 50778 351
4883 41977 324
88649 4561 351
72991 49137 340
53202 10058 340
6765 27602 308
26892 73691 340
53485 39129 340
46689 89648 351
32341 99221 351
103905 60923 351
71665 10662 340
78778 54963 351
28788 65946 340
95323 78628 338
59683 61201 335
72205 107865 354
91077 66906 351
110926 40819 354
49894 85579 351
80876 30458 351
83480 102719 341
69900 21464 340
24748 28640 308
74911 52040 340
44914 15577 324
15528 25891 282
7188 70613 340
26143 3471 282
97514 85400 333
59287 88742 351
60857 11012 340
19642 11888 279
55960 23922 340
13507 58859 340
100137 74406 351
68499 70100 299
14366 11210 276
111839 73946 354
56200 53881 322
80361 91240 333
35546 74855 340
30910 111859 354
54706 45296 340
12652 96362 351
24260 92012 351
5574 79958 351
25963 46831 324
112810 64559 354
42293 109627 354
61468 112083 354
22372 108619 354
41358 33161 324
110871 48148 354
39167 98322 351
89134 77473 338
46778 25985 324
98466 57404 351
95810 20375 351
28553 110633 354
90789 109077 354
11051 28004 308
68760 79461 351
104064 66502 351
12750 68345 340
106483 83652 354
44776 101429 351
28655 56117 340
48172 51816 309
36617 86262 351
5126 93468 351
98665 1938 351
59565 103640 351
10303 108623 354
69150 11076 340
21107 92171 351
121438 124849 336
699 53431 340
36550 50336 314
79613 108029 354
28667 65704 340
1780 68295 340
72214 57783 335
106597 22551 354
6969 73121 340
26476 55613 340
86753 27179 351
25850 5146 282
60889 107297 354
68805 105014 351
47298 71454 340
61229 35418 340
9827 404 262
100993 5005 351
35330 41690 324
3051 60248 340
51054 50079 278
22618 86732 351
79285 91202 333
180203 181309 365
74728 56731 335
85913 113038 354
23070 59677 340
5129 26120 282
28865 44684 324
29718 70749 340
36443 5454 324
54177 102107 351
157491 155957 383
102548 96770 341
98402 7178 351
165287 165140 290
29733 14685 308
53017 32491 340
59670 28279 340
92416 42420 351
95547 24712 351
5014 100568 351
100907 70913 351
126174 126720 318
98826 104408 341
62512 3740 340
8253 98663 351
109703 106711 323
36556 100151 351
99588 69345 351
109093 1281 354
112297 41148 354
123952 124732 318
8343 100268 351
43981 37285 306
60362 58085 317
37271 3431 324
100902 33007 351
99405 58964 351
103587 61034 351
36681 67915 340
66425 88476 351
22944 102315 351
115666 128149 336
6227 13420 276
1966 109814 354
8367 6039 262
108881 24016 354
32757 75763 340
62682 26386 340
81323 42808 351
83373 85061 320
1164 101232 351
23800 106349 354
48231 46298 314
87523 102862 341
111915 111322 323
48063 38312 314
82388 87880 333
34962 43049 324
106922 49856 354
9307 9856 211
87576 55907 351
14501 35657 324
107320 105541 354
112189 110842 323
23496 106395 354
106951 52212 354
37104 4411 324
93345 49690 351
41124 60754 340
44233 25405 324
64967 77744 351
79190 112993 354
23459 5292 279
39269 44281 306
96485 18286 351
97274 51571 351
50890 34723 324
60725 1450 340
11773 18937 279
94044 110674 354
233861 238415 381
34889 38249 324
65429 29309 340
21793 12687 279
87462 12908 351
107176 63899 354
9019 48028 324
88088 46671 351
68316 87622 351
10856 69742 340
97218 95333 297
12109 31546 308
109069 41370 354
84037 5947 351
100974 58146 351
86993 3917 351
12968 13400 276
61259 42223 340
27458 54986 340
122603 130300 344
246975 249139 350
89521 98612 333
99115 75002 351
128118 117434 336
34612 104605 351
85821 48030 351
36612 12608 324
103283 18098 351
67296 17861 340
68446 78073 351
46436 67295 340
169351 168494 334
93890 105337 341
23139 79182 351
4679 111080 354
58695 72893 335
94529 18129 351
100689 52914 351
69922 90610 351
183071 183423 254
31503 76717 340
76058 12539 340
94875 11060 351
284736 285192 376
89737 100992 341
83905 43509 351
191939 192296 329
80103 109052 354
51669 14691 324
40634 87388 351
86434 105836 341
73959 70535 325
46287 13846 324
122366 127512 331
108838 52126 354
111141 48217 354
7116 109765 354
18314 102800 351
45261 106676 354
67310 78163 351
201221 194863 360
25730 103571 351
31275 23065 308
49496 416 324
106472 13615 354
16192 76796 340
264535 268678 345
160411 160882 370
13986 66981 340
60193 39238 340
46836 4385 324
63327 47141 340
39093 4601 324
12916 70528 340
88963 23254 351
33951 102260 351
99996 95471 328
37091 94398 351
222045 217781 355
32786 15712 308
35203 55370 340
86979 95286 333
107761 34092 354
89479 55986 351
82266 90795 333
23897 85334 351
69859 74838 325
93460 76362 351
265382 265450 164
110405 34797 354
346856 345321 441
108151 66601 354
84998 61343 351
56197 15473 340
9193 38148 324
88844 111260 354
3453 83711 351
16541 99442 351
75881 61104 330
40395 28716 324
107272 40412 354
59682 60621 317
5103 100076 351
89336 26015 351
73363 67842 325
26633 26020 308
317846 315917 353
37421 96202 351
112266 43378 354
42819 59467 340
111875 34578 354
217201 219746 337
250854 248147 350
157866 157537 339
182243 172596 365
62238 11120 340
67236 930 340
103442 1748 351
266672 266462 239
23054 68356 340
80077 22969 351
97750 24877 351
108899 57992 354
8914 71997 340
97091 12 351
349176 354396 379
129992 130767 331
11378 45167 324
142175 147987 375
14314 87464 351
214478 215794 280
48605 100274 351
164214 161666 339
276745 279498 389
51563 19183 324
67801 15202 340
68210 48723 340
102008 92656 341
46285 19900 324
50015 42148 314
283799 282522 358
74658 95261 351
36763 44584 306
27917 26104 308
349210 351742 379
111497 1464 354
342067 343646 353
184308 171376 365
72181 61210 330
93618 54430 351
61560 82386 351
36023 79112 351
101027 15905 351
2614 102616 351
50052 100550 351
69958 86218 351
109195 46353 354
300726 301050 309
70676 4516 340
6517 78332 351
82923 18331 351
171049 181885 365
80220 58159 351
43307 87759 351
8462 71888 340
88523 48666 351
340391 347479 441
161890 170071 352
100608 39342 351
97551 35037 351
15134 77193 351
51319 18399 324
19086 72421 340
105688 42095 351
21084 23408 269
90740 98701 333
345849 343917 304
90614 57884 351
349116 358298 379
13485 17078 271
48678 43436 314
253 31904 308
309465 307736 371
271201 276294 358
20470 20096 243
90743 611 351
41463 79510 351
105714 17404 351
81258 32227 351
359762 360209 348
110858 71257 354
60697 101618 351
85535 81686 320
112258 29369 354
77447 3469 351
77404 85760 338
66112 1155 340
48796 62360 340
32174 41097 324
79853 68720 351
19426 9583 279
323123 338930 384
84710 103437 341
351524 344493 441
3962 89161 351
177855 184294 365
9762 88202 351
170892 175286 347
42970 7627 324
243411 242490 319
76972 31464 340
21857 62296 340
305082 304492 309
16484 103901 351
79357 91266 333
380954 379741 379
88558 10983 351
440180 441242 325
42351 96594 351
124874 114077 349
27421 48629 324
31150 99029 351
316974 312470 353
412659 414149 374
51328 68755 340
15884 78422 351
101501 95354 341
55663 64236 335
47768 112064 354
32955 28568 285
96080 17097 351
449782 443084 369
4922 59610 340
26350 101001 351
443868 447790 338
113474 123288 349
63944 15948 340
3406 73980 340
1897 83553 351
102382 2184 351
26863 83750 351
421104 422000 325
44853 48507 314
16183 68512 340
99330 70054 351
103653 94656 341
448665 451065 387
100631 111707 354
416999 417037 188
9451 29748 308
31195 91838 351
23868 100735 351
104553 92797 341
77720 28888 351
47987 109466 354
5105 52415 324
35766 73056 340
77706 85448 338
253514 251210 319
461209 461061 276
409150 408792 312
64472 58197 335
21110 59077 340
65119 34414 340
50416 53146 340
8473 22168 279
23661 58888 340
198225 197467 329
19075 85585 351
75605 95041 351
7103 20453 279
48807 32176 324
101634 87361 341
567 33256 308
89450 5612 351
16999 84500 351
6409 39766 324
10248 47326 324
6642 70247 340
48739 92735 351
87226 6373 351
112637 55649 354
43780 78265 351
14955 28141 308
650 87007 351
29492 48276 324
20093 98411 351
30719 93193 351
49987 11873 324
17840 71600 340
52009 71897 340
37065 617 324
53149 57455 322
26381 19700 282
254006 252997 332
185050 190700 360
31160 77348 351
109453 50924 354
490913 489062 351
142924 146272 326
6895 101398 351
395217 398309 343
111283 42741 354
10902 2434 262
75214 101839 351
10686 46604 324
9848 34110 308
64760 101119 351
45096 45922 314
130402 115882 344
74244 39070 340
3417 105494 351
71358 107709 354
39905 65114 340
45409 11938 324
53195 102257 351
108657 1767 354
45731 65271 340
34589 4416 311
41839 5907 324
38273 46067 314
15184 74862 340
21213 84653 351
250294 248322 350
109657 104630 354
90922 80116 333
58560 86931 351
99197 1720 351
104163 43864 351
55123 62014 335
106173 74854 351
77829 94940 338
109905 93142 354
264852 261391 407
4375 77947 351
17800 101937 351
62245 101089 351
26953 3372 308
236704 236868 244
48436 73185 340
151919 153713 308
63110 12019 340
51775 3512 324
89067 85583 333
228831 236117 443
547231 545851 452
109750 47681 354
268728 264722 345
83294 634 351
60262 51940 340
87725 99857 333
10928 7978 260
232155 232707 337
67516 108711 354
87957 64954 351
87599 86289 333
83972 36954 351
311761 313174 384
18758 61749 340
117371 131746 344
27624 100844 351
24780 53098 340
124001 124297 225
111594 2159 354
3490 48830 324
605468 605487 235
74587 103523 351
67503 8937 340
139191 139473 282
112184 42038 354
130273 126710 344
6182 87758 351
70992 86553 351
3325 71207 340
15698 21644 279
365091 364020 317
80935 95546 333
102146 34911 351
110182 33041 354
292945 301150 371
98905 56428 351
27270 14046 308
27219 69722 340
150485 144653 370
141339 145192 375
12721 49514 324
288 31008 308
84761 101496 341
4182 63113 340
27039 19309 308
108970 93032 354
182943 183463 254
97151 88113 333
3156 76452 340
3639 99657 351
50379 29961 324
127588 122896 331
408850 409657 312
83271 12209 351
114526 120849 349
95738 54643 351
294674 298140 358
28551 12532 308
69121 60685 335
395104 402814 387
21016 20920 181
24099 109808 354
20139 102077 351
101455 23153 351
11453 37386 324
85189 100121 333
111937 95471 354
13646 1671 276
435086 435032 219
156265 155702 383
67475 15314 340
178517 174867 347
49570 88714 351
85844 9655 351
47154 59609 340
4367 82734 351
440979 452290 387
83475 27374 351
62461 49814 340
30150 3506 308
333827 336437 366
533814 536310 346
599166 598747 297
66443 26132 340
4492 50247 324
115967 129821 336
101291 9394 351
66998 38138 340
87117 80122 333
44984 96510 351
95452 95830 284
384513 385105 330
95306 103267 341
20159 25946 282
108104 33319 354
49534 85043 351
353386 352305 335
54321 46885 340
228081 233166 443
2845 6226 262
265602 267776 345
155224 156100 308
451903 440401 387
143601 147788 357
113107 61655 354
22648 61994 340
100417 32765 351
34210 6335 308
353943 346686 379
25365 50388 324
79118 24331 351
113049 66246 354
261877 267313 407
63995 47563 340
40348 65902 340
15602 103269 351
37634 63958 340
324849 331601 353
481923 481270 351
351125 357897 379
134351 124922 344
67332 6419 340
34331 104581 351
577644 578383 346
124033 122798 331
88968 35306 351
76635 104696 351
50723 27871 324
360753 362983 366
451354 443237 387
95227 11642 351
82747 71206 351
399255 398744 330
82727 14422 351
349179 340177 441
200802 195799 342
103133 2711 351
34672 3279 311
45519 36481 314
51399 37622 314
343594 358281 441
25583 9383 282
33146 59140 340
450424 448302 369
11823 78142 351
65740 84989 351
91671 93955 315
76358 73611 325
56769 82051 351
82479 91492 333
74510 81119 351
4649 6312 262
635770 636149 310
9350 68608 340
146948 145044 357
461433 464139 369
32658 46078 324
14082 75603 340
518167 521516 439
26673 54014 340
6691 6919 226
50314 49502 296
19799 38283 324
23826 91838 351
55929 64961 335
326150 333648 353
45792 42883 314
49787 17195 324
744644 738845 424
26645 99557 351
183365 177287 365
52622 38924 340
277756 278354 345
531542 536471 377
18226 66924 340
302802 305799 340
39942 100523 351
196792 191797 360
36655 76920 340
19685 79059 351
86454 52619 351
47690 1590 324
28635 54609 340
32037 15284 308
23601 57247 340
76024 89526 351
107457 61238 354
107760 52742 354
60299 94831 351
83192 53686 351
268383 268742 270
741047 745868 349
107954 3869 354
218354 216402 342
597535 590652 403
53071 64261 335
512713 511743 470
83094 103350 341
183755 176811 365
102040 15192 351
53317 27302 340
29319 36251 324
23293 58478 340
73049 94502 351
49350 49586 296
107380 37549 354
13468 34147 308
90513 6266 351
999 6959 262
104325 107908 354
84398 2623 351
77450 14625 351
101412 43037 351
757203 756243 362
94147 86882 333
89872 35774 351
49851 70863 340
24752 109772 354
87014 77732 338
12381 87347 351
19058 56802 340
102172 49629 351
643469 644691 279
16766 76887 340
65081 33365 340
288581 288029 389
1754 57263 340
71665 12973 340
541299 540994 253
673206 673225 323
273459 272281 314
55814 72560 335
19214 47394 324
85982 98323 333
751667 752196 287
592719 600510 372
298021 300197 371
166066 161759 352
3849 101424 351
119774 125366 336
6726 68555 340
7631 49521 324
10234 74477 340
100301 3785 351
9259 56458 340
57386 77258 351
10663 7708 260
674772 678388 385
68536 110055 354
191444 199799 360
340849 350313 441
63005 91127 351
268588 265384 345
396484 401831 387
29893 54569 340
7223 9455 260
215191 224675 386
5548 51534 324
30553 40565 324
443579 451642 387
6660 66618 340
271765 272508 270
504519 509065 382
122138 124156 331
53535 67086 335
147299 141444 375
85396 2652 351
429552 427656 374
112264 17719 354
18992 69496 340
63576 47801 340
79759 92315 333
17341 109619 354
30492 17618 308
108301 71375 354
36418 8805 324
74852 97679 351
706962 706738 274
604523 604008 372
357770 346478 379
40524 3808 324
97148 27832 351
83106 50438 351
63069 75437 330
221529 224379 337
4624 71075 340
710179 711417 380
535453 533498 346
87811 54180 351
50530 113156 354
416262 417522 387
12401 77506 351
55213 112928 354
79469 31104 351
38059 60384 340
71430 12347 340
73947 31259 340
99801 20134 351
117857 125148 336
333562 336150 335
43869 3786 324
711473 711956 274
3402 64579 340
85674 22935 351
85288 34960 351
96075 107653 354
138492 147367 375
226483 223627 368
10330 81705 351
55545 86984 351
37598 60455 340
331006 326519 353
32087 99499 351
738880 739046 287
361438 360371 366
9682 37664 324
211649 210117 355
771784 773510 393
16306 27549 308
36277 51300 314
68104 87149 351
117149 133444 344
92509 68620 351
35549 22028 311
106369 100159 354
72917 62507 330
846778 845762 313
30049 83502 351
9115 88835 351
8377 79745 351
111564 35160 354
110275 18032 354
551389 550312 346
17550 22308 279
36858 65358 340
59360 85839 351
266009 265377 332
169529 169665 259
448816 449852 369
62307 17931 340
59146 10474 340
77220 70387 351
85258 65481 351
97015 85200 333
150595 149354 370
34114 71623 340
348462 346777 335
167706 166816 321
250956 254224 332
18353 4845 279
48202 25506 324
33835 10600 308
342691 349323 441
22772 49703 324
877512 875538 432
7842 30761 308
11449 4478 268
78876 35667 351
172573 178139 347
108212 80491 354
65145 97388 351
30607 13909 308
49207 14689 324
66629 32119 340
1517 14548 276
13499 18868 279
133387 122622 344
80630 31414 351
4617 49774 324
3956 58743 340
5926 57355 340
82858 95804 333
