1 10 20
100 200 125
201 210 89
900 1000 174
195654 193037 360
75823 28353 340
105746 98144 341
42099 33063 324
447100 442565 356
22854 24577 282
94220 10150 351
79847 2331 351
141631 140597 313
456796 453583 338
12325 83257 351
97875 61251 351
922787 921034 445
52438 23645 324
67888 102903 351
99718 3960 351
3840 24866 282
13373 60371 340
106604 107231 323
721260 722048 367
94213 104963 341
110324 89631 354
51809 91367 351
85365 20739 351
58099 27463 340
76650 41327 340
10938 33514 308
30779 86328 351
109999 92475 354
54875 22709 340
97074 106863 354
52447 31777 324
21136 102340 351
853952 853382 269
157891 159145 321
27987 75322 340
46914 26633 324
103284 12773 351
34008 35784 324
14127 28780 308
333633 335850 335
23430 103203 351
698269 698140 292
65087 45668 340
63087 15529 340
197888 199116 329
21960 43454 324
101064 101701 310
110843 105897 354
45139 80973 351
59336 59472 242
64380 90732 351
85996 27212 351
55898 27140 340
60380 60187 286
35417 47968 324
938206 937937 445
21886 17726 274
24066 106860 354
231495 234266 381
96516 77679 338
52023 92075 351
261469 260035 332
91208 15332 351
6543 18012 279
17307 4259 276
59113 38510 340
335749 334199 322
969690 971573 458
31828 49795 324
79561 45278 351
19069 108885 354
802787 798920 406
496976 492026 426
11150 83332 351
102387 106539 354
33378 16959 308
12217 49226 324
18926 93764 351
8605 28814 308
168156 163116 352
24981 61868 340
96750 105695 341
8380 105114 351
11067 34185 308
740140 744215 393
80232 71248 351
90871 3262 351
56384 58488 304
42848 38463 306
7070 70812 340
409957 415001 449
36215 102526 351
94314 37350 351
37577 105844 351
198488 195784 329
50302 26762 324
225060 215083 386
705 25805 282
312403 316215 353
70431 3946 340
35037 111800 354
2933 3732 238
64404 64575 224
675015 673804 367
102362 103092 310
427747 428384 374
2929 29225 308
369112 372062 392
7967 87010 351
74053 44299 340
37358 34492 324
577964 577981 209
82049 59589 351
66667 37066 340
789771 793882 437
99962 112754 354
745515 741944 349
14623 56750 340
6896 66377 340
623631 625737 385
73943 1581 340
32407 67460 340
5467 51095 324
57853 57991 229
597458 603564 403
227828 229753 355
796278 792793 468
43628 46877 314
33304 26526 308
891018 895303 370
125668 117954 336
2241 57474 340
109113 11128 354
102174 60888 351
115045 123961 349
107694 10204 354
121898 115434 349
55163 65804 335
64776 31402 340
83918 36944 351
100697 18655 351
44345 44120 239
34237 36669 324
40134 54810 340
69600 42446 340
810982 811442 287
118797 115746 336
21111 74414 340
79422 110597 354
384140 383362 299
17054 32858 308
250272 248222 350
49866 52230 309
31608 100882 351
85129 64723 351
573190 568889 377
17473 36764 324
76047 16113 340
684886 682612 380
17401 16951 235
37663 8888 324
18133 49995 324
531293 535066 377
519967 518756 439
18871 25507 282
98527 8958 351
78523 83641 338
90414 44446 351
7955 45875 324
99851 12154 351
146931 149653 326
671209 679610 385
113111 15817 354
5260 104777 351
684288 685529 354
24381 22597 282
17120 26803 308
274930 271676 358
91843 95340 328
354512 352751 348
79521 50085 351
108459 85656 354
103817 15908 351
6707 19869 279
259573 268616 407
103821 61115 351
526318 528770 377
128630 122776 331
52740 97074 351
64135 111635 354
76236 73578 325
20728 65435 340
40863 81091 351
710610 709668 380
26231 89012 351
54960 50938 340
72942 48862 340
56949 2313 340
129070 132137 344
33570 72493 340
273768 275702 358
22574 43140 324
396358 397100 330
42579 113279 354
60655 36007 340
106653 38599 354
8618 84978 351
110057 29867 354
56045 65137 335
12747 106271 354
37045 48295 314
802196 796907 406
77989 50905 351
38683 96210 351
56681 85110 351
169192 164965 352
50558 18508 324
43833 52257 314
24157 56899 340
186227 190050 360
896839 900630 383
104560 41762 351
18974 99664 351
198308 200691 342
352681 351660 348
515059 513334 364
50781 2568 324
35742 102812 351
15210 2978 276
129826 133955 344
116125 121408 336
59277 79914 351
96486 10501 351
460678 462355 444
12915 103799 351
7285 2807 262
32967 66979 340
99142 26723 351
43179 1592 324
87089 79548 333
4965 32487 308
49877 58023 340
109382 24790 354
152591 152863 264
402434 399188 387
100834 110039 354
74670 108634 354
121115 122373 336
742751 744595 318
443646 446929 338
173822 173596 321
172893 179168 347
31051 107484 354
676527 672202 385
59529 81689 351
122165 114692 349
45334 33769 324
245421 244577 275
66408 45015 340
97136 12435 351
1839 4044 238
111734 91658 354
518163 517628 302
78155 54031 351
20777 30693 308
78311 49096 351
30634 47753 324
84675 12405 351
653759 653662 385
895165 897120 370
106229 90113 341
4629 82098 351
27464 112763 354
38252 74877 340
73810 73296 294
467738 476399 413
355756 347089 379
189435 190272 360
332979 330147 353
64276 14319 340
894287 900324 370
178649 179688 303
124039 116237 336
12873 110021 354
107283 105641 354
124366 133457 344
108532 100083 354
122107 124386 331
14181 102435 351
97344 106162 341
100180 20941 351
464851 465299 263
43799 71987 340
325134 330468 353
82351 47062 351
521933 521057 364
571242 573042 372
661675 661971 292
516351 511940 395
19147 69183 340
528973 528481 377
96474 24184 351
355896 341921 441
774455 769802 393
112125 72668 354
266432 263600 332
451887 444827 387
790484 791754 375
50335 63409 340
17527 105816 351
218416 215988 386
438058 439150 400
107719 108856 279
603831 590483 403
13284 97877 351
99621 99776 328
668334 668654 292
65806 26581 340
495006 494951 214
35216 57024 340
414277 413737 312
18837 104020 351
104915 57902 351
96666 7373 351
45022 25955 324
2293 72117 340
77181 60288 351
314663 311831 384
83054 79310 320
77983 9007 351
60546 42418 340
66999 8776 340
65941 39415 340
105256 107279 354
415052 414529 374
4180 90796 351
29493 17413 308
38707 106434 354
22569 80084 351
676456 670487 385
81372 102835 341
90988 50510 351
273762 276111 358
66251 36309 340
780121 778584 362
227679 234237 443
343706 352719 441
106918 46577 354
43783 88503 351
57929 97217 351
47430 95239 351
38788 79154 351
41280 59916 340
349683 345856 441
591546 602840 403
66067 78466 351
1271 88117 351
595867 593712 328
709672 705712 349
69239 50244 340
66745 38218 340
14281 60817 340
862370 862375 158
139522 148126 375
22459 25591 282
71968 44735 340
61884 43935 340
82605 79891 320
103179 108216 354
40550 2562 324
74917 47016 340
118829 115839 336
33975 89738 351
11318 91379 351
82833 98011 333
601686 600306 403
39719 89912 351
162216 166328 352
20724 68114 340
7006 63974 340
110639 86292 354
898946 892039 370
262609 266504 407
19554 20071 274
39717 37988 275
120400 129511 336
93648 91060 333
707136 711267 380
341004 351500 441
167929 166058 334
349235 355011 379
43517 98466 351
35478 74244 340
233947 239055 381
41967 78207 351
25703 64182 340
61128 98902 351
81898 44343 351
74182 111925 354
18114 48079 324
49897 46009 314
54421 6801 340
335557 327240 353
43973 23149 324
54849 13045 340
21333 47879 324
569128 569499 253
4495 22547 279
439364 438903 325
374923 375802 361
876661 876668 158
63582 70937 312
509264 507457 377
46839 39141 314
105085 45571 351
31932 32496 267
10549 93946 351
789046 795248 437
64913 55041 335
87077 11794 351
12540 61991 340
59317 18772 340
27429 35566 311
407301 407854 268
517733 522061 439
23509 80896 351
103083 19178 351
66290 17767 340
31035 49715 324
103962 55678 351
72961 89646 351
707743 712521 380
792196 791313 331
462685 466186 369
90807 92379 333
63984 10315 340
46315 108020 354
15157 59273 340
7354 79762 351
120506 119557 318
20962 4481 279
68522 21388 340
510791 511306 333
664225 664024 367
101336 70632 351
41920 45939 314
18199 11846 279
393142 402822 405
93673 63262 351
98017 83847 333
27039 75939 340
26410 49300 324
43416 81879 351
56372 28337 340
51740 89888 351
149425 142352 375
188711 190687 360
19931 88884 351
685904 687603 398
61775 65712 330
21867 71603 340
14788 4125 276
99264 106547 354
24334 29394 308
642322 641283 416
87110 11885 351
10435 16868 276
161650 169573 352
53612 48105 340
19857 62867 340
101357 1873 351
44625 12455 324
96186 55306 351
18591 101466 351
36112 31749 324
193639 197977 360
43816 103692 351
68876 47188 340
90194 68350 351
2980 78371 351
53362 105725 351
47276 76106 340
831749 830585 419
45978 42863 314
110973 9671 354
747006 741486 349
102490 83615 341
112577 43202 354
300668 299575 371
109118 19249 354
92552 27837 351
102085 22919 351
25456 49700 324
233029 230921 350
55403 71087 335
69788 80676 351
16787 4023 276
53083 72071 335
3550 80981 351
78923 97956 333
13790 99650 351
13166 15350 276
143299 142594 326
29547 84403 351
65866 88884 351
47098 98544 351
762769 758468 380
249907 249412 332
893507 892055 326
45629 37082 314
45231 95719 351
68630 25196 340
62029 50499 340
13879 71199 340
50531 82133 351
291570 296609 358
743079 744332 318
95703 65637 351
23845 3201 282
132139 130533 331
643766 644347 261
515129 512319 364
133657 132857 331
298250 291667 358
117814 124466 336
116195 116001 199
29465 68158 340
68271 14223 340
535810 534120 346
312094 314179 384
25781 69145 340
812316 813425 375
107341 66675 354
618137 619173 310
64115 36698 340
176144 170117 347
38290 41431 306
45306 2677 324
115090 130512 349
86929 84248 302
65667 51597 340
100667 90231 341
83649 4474 351
44980 64387 340
20518 85895 351
68358 14708 340
68905 3831 340
20541 65148 340
19933 23327 269
61279 86863 351
41829 27061 324
17572 95698 351
73070 31237 340
76755 1674 340
10283 68011 340
267216 264984 345
69289 86509 351
83254 101447 341
63915 68540 312
33604 76470 340
86247 86268 196
561512 563280 359
21172 76558 340
43482 46813 314
67108 35675 340
30258 81236 351
93044 63942 351
19982 58152 340
67880 81480 351
101339 78231 341
350024 352635 379
84732 19710 351
89948 46577 351
6867 28741 308
26619 60096 340
35664 86075 351
26656 29171 259
90068 773 351
115415 127796 349
8736 111119 354
1881 81880 351
96369 163 351
109400 47496 354
95933 62521 351
266695 260131 407
10255 629 262
343215 345825 335
28564 32767 285
6253 16069 276
354413 348310 379
106486 55466 354
30758 88893 351
104178 30450 351
102228 4814 351
8262 7394 252
296842 297482 327
910335 911637 339
92660 38157 351
72928 19930 340
73367 27635 340
10392 90931 351
7886 49755 324
56551 112796 354
65702 39719 340
84606 64257 351
791931 795286 437
13312 74239 340
549497 549508 253
24909 36661 324
629093 627852 279
82995 50211 351
820198 818545 450
51173 90446 351
111106 102003 354
11227 104328 351
10929 83683 351
594612 597334 372
71218 10086 340
29232 69101 340
590846 597827 403
35585 93415 351
406813 406879 268
32825 109979 354
106067 73059 351
61789 108815 354
3153 109971 354
106315 89854 354
442547 451207 387
28394 44857 324
81094 79469 320
115077 125272 349
7840 56546 340
113310 48375 354
17861 10882 279
356512 349394 379
739832 741296 393
10584 22876 279
76845 36510 340
12486 36757 324
62871 90268 351
125332 134109 344
22880 55312 340
22940 60449 340
32498 13320 308
265838 267007 332
39759 32489 324
66816 96379 351
55096 101523 351
112250 89303 354
770752 773557 393
65604 86528 351
113046 29411 354
100063 94620 328
35785 73535 340
709896 710466 380
60776 82356 351
706524 705289 336
4553 102218 351
6016 26206 282
262167 263186 407
823247 823670 326
47484 77728 351
24212 51678 324
79874 21029 351
54383 18638 340
4042 73210 340
238376 234896 350
147575 146621 295
21024 86473 351
25555 33748 308
16696 84754 351
6031 70624 340
66321 59607 335
525471 529123 408
30854 1331 308
95714 104310 341
71028 23312 340
9031 45180 324
330572 339413 366
51041 11120 324
84525 57638 351
94076 51774 351
3858 48966 324
707 88797 351
83844 17544 351
91285 81217 333
446944 450415 369
111078 59820 354
24281 89964 351
35541 64966 340
48905 78377 351
13531 52749 340
704848 709863 380
493576 493475 395
110904 96935 354
1730 52503 324
876109 876353 251
20834 6972 279
94117 42784 351
6086 71453 340
105496 83004 341
283159 281535 327
157462 154584 383
331792 338035 366
93027 26073 351
408139 414716 449
130319 128089 344
743988 740334 362
49776 72083 340
69131 93549 351
80232 37555 351
101831 25676 351
89138 2475 351
51722 2365 324
29219 35245 311
104364 14170 351
29428 43094 324
246307 252866 350
95152 71699 351
38194 108594 354
6776 39392 324
63027 3064 340
100905 64200 351
182999 176463 365
597967 602078 403
101468 104295 310
65684 38655 340
75694 10417 340
9914 48551 324
6048 22782 279
71333 59430 335
52035 26046 324
337807 326150 366
544 88224 351
44325 44532 239
224221 223095 324
68002 44046 340
741970 743590 349
78657 52770 351
10870 91081 351
69223 89831 351
339164 336570 366
177771 183769 365
92899 85327 333
518037 521456 439
35005 82948 351
66624 46286 340
758444 759995 362
27771 111823 354
139012 144615 375
28204 11873 308
738837 742479 424
18634 7759 279
92766 24492 351
37271 5372 324
80630 81071 276
53326 81809 351
55015 67788 335
62592 54430 335
331820 329075 353
20609 649 279
47564 52094 309
66062 42710 340
706642 708476 349
88896 65017 351
620801 620256 372
83984 21003 351
440545 447003 356
342262 342081 335
19254 54152 340
16995 94188 351
37876 52931 340
4245 68701 340
217157 215054 386
13935 70051 340
110616 75558 354
326397 338434 366
78080 47352 351
79929 12280 351
76644 49159 340
65858 68293 312
132311 116999 344
41311 14067 324
232557 236225 381
595712 591734 403
96197 26807 351
15332 3733 276
154438 159473 383
36889 50035 314
731986 730716 336
43984 10717 324
108006 12085 354
20925 22767 269
16626 27937 308
10030 57794 340
157592 153432 383
105185 47710 351
141403 145883 375
10364 110110 354
46658 68717 340
69875 84805 351
37990 21795 324
75971 70580 325
81423 11820 351
72111 58863 335
110718 75910 354
21224 66722 340
84654 18081 351
78116 32187 351
93141 20687 351
345797 344414 304
104646 17747 351
96700 34362 351
56758 14329 340
742 106512 354
81579 71226 351
10121 15788 276
55773 89171 351
678481 678487 261
49487 64984 340
107494 79943 354
36760 42500 306
517347 517676 333
25677 64497 340
743454 744166 318
97486 24083 351
69934 16613 340
408117 414247 449
594874 600063 372
193620 195082 342
62236 652 340
81995 68347 351
2473 47925 324
101319 100250 297
99757 98192 328
195040 194494 342
45258 33429 324
16249 77640 351
551109 546738 377
78216 40266 351
58001 53338 322
61197 15011 340
112111 52755 354
93099 103988 341
880695 881406 295
306630 308963 371
908829 908634 339
87122 28371 351
19727 37011 324
445397 453418 387
606411 605619 328
548302 552270 377
95452 18489 351
671 96743 351
491243 490498 320
81487 32039 351
760 93704 351
633470 631836 385
676732 677907 336
874816 875987 432
106427 96305 354
127689 131059 344
589920 603725 403
17482 112744 354
90029 78344 338
772935 771078 393
91937 60131 351
597908 600077 372
61945 82182 351
49348 99853 351
40545 102942 351
308648 307582 371
61553 24697 340
87741 73392 351
451773 452180 294
470733 470797 307
57499 35851 340
21790 90012 351
52766 42264 340
86973 82031 320
64167 74667 325
67132 44834 340
809695 810259 344
14179 67773 340
9761 32534 308
20259 63982 340
206484 205201 355
408843 410540 449
14902 85238 351
51816 71728 340
467059 468129 413
29883 78860 351
438123 438445 294
70101 105440 351
65348 17079 340
108403 79355 354
11767 85066 351
73178 4970 340
15456 29073 308
476433 477330 307
74679 1931 340
580784 579506 328
73365 46227 340
336757 328962 366
97933 75358 351
54736 6667 340
71974 55534 335
66732 41268 340
124040 119603 336
255812 255273 288
45572 82868 351
8078 17373 276
14346 64449 340
2064 92894 351
370752 376452 361
69697 9936 340
15823 43750 324
24827 9232 282
295551 294762 358
64219 89491 351
117140 116021 305
911024 912036 383
3092 47736 324
106573 66123 354
109442 16321 354
36574 111064 354
94187 41653 351
106614 66328 354
95672 48584 351
47447 32003 324
995479 994541 290
263243 261436 407
144937 150163 370
34812 20593 311
54734 6596 340
38357 10529 324
77606 91125 338
57550 79451 351
57253 84112 351
65823 50160 340
66550 35352 340
48783 56731 340
52992 67057 335
12401 41775 324
70704 30419 340
39709 70186 340
363752 366266 361
24954 19884 282
188522 186553 347
73746 2762 340
43240 106005 351
684441 680309 380
48888 87668 351
125854 117393 336
30358 88386 351
38113 20146 324
679123 678144 380
107207 60500 354
902730 901515 401
89742 65275 351
100290 95604 341
504564 509336 382
39606 34704 324
45004 10974 324
472964 471451 338
97224 14024 351
745122 744378 300
71289 43453 340
54191 74342 335
24729 59943 340
19151 63506 340
704918 709997 380
174439 177797 334
78214 16441 351
525661 525611 240
41762 86131 351
104698 43023 351
108167 70819 354
39080 108884 354
116486 125327 336
743272 739237 393
25286 33663 308
28515 31370 272
376056 373633 361
79802 74505 351
45469 106983 354
51013 27656 324
93542 3767 351
96510 98081 297
143520 147089 357
89651 61623 351
33331 88392 351
35995 64010 340
59719 59929 304
19117 17251 279
60725 24249 340
194076 199062 360
613857 620163 447
35790 62820 340
112526 8722 354
13917 2758 276
22385 87831 351
110058 88415 354
92454 8831 351
5664 15441 276
1122 18633 279
35405 76460 340
861302 861497 220
66505 29971 340
317556 316188 353
8785 95872 351
84158 24093 351
58640 16456 340
234086 238009 381
99204 35379 351
440213 445549 356
99740 80496 333
40652 46130 314
26820 9176 308
25892 51407 324
69835 78406 351
356291 349098 379
88344 35104 351
711256 706385 380
65190 59313 335
33323 42907 324
458233 456481 356
34275 102520 351
13689 112162 354
58621 82315 351
73394 48698 340
4472 46783 324
338234 328416 366
109996 16048 354
73473 83879 351
250883 253159 319
73168 92309 351
293088 295342 358
149733 139017 375
102739 54943 351
835896 834890 344
90766 83876 333
53068 85951 351
224617 219214 355
108185 63066 354
8084 89084 351
21595 5450 279
3424 74850 340
100866 46636 351
82501 64142 351
10473 102594 351
44157 113087 354
783170 785659 331
876328 876762 326
511362 513266 470
130549 119106 344
765813 765617 287
439300 452057 387
506852 506530 258
84421 51975 351
64822 103918 351
26094 84069 351
348892 356297 379
12421 54072 340
62226 85132 351
676393 677265 305
348752 349020 242
8817 112045 354
70590 28067 340
109534 46526 354
63407 95785 351
5224 31322 308
103214 64757 351
125134 131038 344
42007 49273 314
75071 6860 340
82119 26536 351
63085 110100 354
9208 62677 340
892351 895341 370
41247 17270 324
76413 38300 340
33667 106980 354
40786 95632 351
34635 4950 311
41309 55906 340
101865 101074 310
678441 675379 385
412219 408131 449
47798 99231 351
139113 148662 375
333025 335064 335
83448 110725 354
245733 245197 319
76800 69512 325
102661 31822 351
102579 110107 354
8174 106672 354
37945 68064 340
46069 82477 351
86531 107075 354
897899 896634 339
84194 72682 351
662691 657815 398
63399 5290 340
100595 23572 351
102933 53236 351
12095 28048 308
62995 80737 351
617836 619715 341
23959 50969 324
9493 67310 340
75428 98178 351
106616 23609 354
120813 122045 336
65170 38785 340
376669 373717 423
118475 131054 344
13147 82721 351
26851 97570 351
35857 5782 324
109627 97026 354
85447 24030 351
57793 23851 340
450891 445835 387
58123 94450 351
233574 233704 244
22343 74125 340
474061 473964 276
3646 56210 340
157455 152275 383
344231 355003 441
8410 31853 308
16921 10575 276
70326 70000 281
67552 104845 351
92615 47951 351
89831 103376 341
452841 443773 387
105581 62919 351
83867 74993 351
36384 92181 351
50646 108787 354
257378 256104 345
69603 109583 354
56041 104955 351
558704 557379 315
89255 24250 351
12180 59241 340
730681 730570 318
461810 460734 444
16510 86621 351
29495 16864 308
62216 35239 340
275086 276682 345
437191 436825 294
91828 62050 351
176113 179245 347
54427 12841 340
52627 81884 351
24010 72006 340
792980 789650 437
83978 105318 341
47813 10788 324
685442 686911 336
9575 51477 324
5518 104875 351
45540 91947 351
95617 49703 351
450111 450975 387
57369 5773 340
326305 329224 353
344026 342282 353
179262 182835 365
461769 459899 444
55685 44270 340
85250 27140 351
593635 593305 328
231368 234170 368
2946 50161 324
45846 40501 314
91557 13879 351
897446 894981 370
84078 37240 351
46841 3160 324
960931 959933 352
79012 67296 351
366687 367504 348
590814 599934 403
96550 110886 354
114346 127886 349
28090 10356 308
30285 61688 340
11758 84940 351
184107 180049 365
56217 104278 351
111046 45732 354
201170 200853 267
144425 149118 357
153779 157420 383
781 45116 324
71280 59505 335
43036 95470 351
19068 2716 279
12790 89310 351
35184 103960 351
17184 17832 279
233458 235605 381
3285 41706 324
80996 4460 351
93211 75427 351
91252 30361 351
32121 89465 351
17907 25327 282
529475 529627 302
62604 90283 351
113306 55759 354
38569 113022 354
15316 80982 351
994685 993732 365
72420 49579 340
39237 26445 324
35328 86832 351
87915 72442 351
41408 71421 340
41312 65798 340
325783 327215 322
98743 78524 338
254498 246465 350
5560 61003 340
72441 24275 340
55405 75141 335
8877 12906 268
53726 28416 340
57510 46996 340
40677 98641 351
301524 294628 371
107018 6531 354
683120 686014 380
112785 17097 354
60688 102792 351
679675 674671 385
72206 4219 340
143114 146592 326
230187 237933 443
56306 78710 351
5295 105784 351
54746 31459 340
123315 124320 331
15254 86213 351
793192 790168 437
44470 112130 354
105249 57739 351
556169 558799 346
91844 71849 351
332678 329118 353
29733 68745 340
177571 174273 334
221803 219761 355
69200 35599 340
265882 266646 332
41786 80985 351
395388 397982 330
493185 494013 395
33387 74284 340
279046 276749 389
834346 835778 344
394795 398826 374
682024 686320 380
469264 476901 382
2724 102281 351
149187 141117 375
56746 69735 335
196948 193244 360
297606 295337 327
22270 107877 354
975356 975087 228
800 24978 282
472802 468066 382
200428 194641 360
130788 118322 344
57016 22421 340
99659 56142 351
114028 122180 349
520318 519967 302
423466 421681 356
55502 21834 340
350539 357533 379
541807 540707 364
106807 76812 354
95679 62599 351
82010 10108 351
100175 62802 351
395001 398341 343
14298 81143 351
57831 600 340
27852 41040 324
641800 642486 416
74307 91784 351
329986 326586 353
948558 949173 277
112727 24764 354
68035 85482 351
26635 61801 340
16818 89165 351
17018 77861 351
107458 80063 354
29569 46125 324
88176 48838 351
95608 69800 351
93025 96294 328
194264 194124 298
362765 362259 361
515795 511336 470
66247 87589 351
104358 105202 341
73331 54630 335
36865 29501 324
74877 73225 325
274109 274237 221
21697 54779 340
38693 87873 351
568791 570492 377
33195 20003 308
742410 746129 349
80218 62367 351
515533 513973 395
86931 44629 351
59707 43877 340
98283 57046 351
323522 325959 384
61951 67966 330
46423 86758 351
78428 106778 354
789955 794934 437
43842 109228 354
17424 107718 354
19391 82915 351
48317 48088 252
37700 72862 340
510216 504483 382
833875 835109 344
24827 20511 282
354478 341478 441
59561 105943 351
29766 33302 285
24784 103332 351
758411 758246 362
17719 20749 274
223068 215873 386
43162 112638 354
28022 3292 308
63794 76522 325
71912 23416 340
64266 59360 335
91327 28818 351
102575 37920 351
31796 42575 324
15877 7829 276
504651 509207 382
92604 31978 351
58255 92999 351
24979 47367 324
83052 49004 351
385704 386340 330
598303 589660 403
120521 123723 336
94564 52075 351
134267 118518 344
35945 61258 340
112302 97508 354
79037 77177 338
91789 3152 351
165714 161740 339
94235 91777 315
9296 20185 279
109498 38129 354
50140 91490 351
109820 13210 354
48515 50446 296
103933 35815 351
111659 90846 354
79454 41121 351
345096 349432 441
82760 62658 351
66114 29547 340
759727 760454 287
32356 14664 308
47355 94483 351
75912 80936 351
87985 12257 351
1537 90877 351
54647 100621 351
34390 47239 324
106557 66313 354
470051 474212 382
98407 56240 351
203757 201644 342
321131 322084 291
79043 64063 351
41388 105518 351
93383 100224 341
43823 74789 340
16042 8720 276
54242 68738 335
200743 194024 360
921614 924375 445
48158 71314 340
90529 55068 351
109385 48536 354
41237 86390 351
7805 14955 276
96873 31395 351
126709 127763 331
115786 122946 336
18450 16081 279
94817 17049 351
641508 643470 416
46789 84493 351
24665 6884 282
738468 740082 424
73762 13879 340
118700 132873 344
41966 61018 340
89104 26978 351
21510 70545 340
53786 49866 340
39096 45868 314
348090 355010 379
279113 279105 177
40837 34378 324
26562 92445 351
61090 19295 340
38707 5502 324
5119 5102 179
188278 189090 316
146901 141591 375
810886 812779 362
24477 4273 282
105156 64805 351
38460 81009 351
217165 213304 386
55655 50619 340
455706 455339 338
46276 86273 351
86953 83215 320
145249 139141 375
15754 104037 351
106138 55843 351
26674 21565 308
127849 124670 331
74628 88547 351
13683 86996 351
54443 94438 351
121607 117565 336
673542 679273 385
74429 58079 335
791983 793453 437
87937 76005 351
57590 107221 354
85962 101750 341
111047 46407 354
45540 26125 324
58765 29660 340
110184 96176 354
895186 890221 370
795903 792330 437
32942 103140 351
542798 542583 271
178821 171378 347
16125 4169 276
599563 596553 372
61447 21250 340
475 93146 351
127753 131444 344
113133 32852 354
739723 745950 393
72723 21586 340
695109 696586 336
58947 81589 351
31106 98325 351
76487 75824 307
48319 42048 314
80797 48676 351
93898 37089 351
85135 48108 351
36861 6436 324
9134 84601 351
987795 989784 352
7023 45863 324
111934 99350 354
68300 100130 351
91436 43365 351
33399 92609 351
3827 104847 351
227131 227940 293
114662 118982 349
84809 48028 351
16634 51689 324
34186 51629 324
9635 23246 279
125828 117094 336
49782 22487 324
30114 75834 340
25166 8746 282
12168 10442 268
106203 82029 341
4539 109715 354
445785 442093 356
44632 5539 324
439918 443509 356
11141 39791 324
473388 476037 382
48148 23261 324
492147 492225 258
96765 85175 333
70087 28243 340
76816 50725 340
918 94602 351
113350 112792 292
73916 47171 340
40740 25904 324
598325 594552 372
59567 72330 335
57686 62882 335
22836 39655 324
83871 88033 333
22033 57406 340
965374 965413 246
199926 191541 360
20836 102336 351
87635 20977 351
44289 58432 340
329095 326582 335
34131 53513 340
50402 79064 351
69259 12945 340
60382 90847 351
96476 2965 351
705297 712273 380
601426 593306 403
66119 55672 335
34159 7576 308
312670 316018 340
541260 541339 227
461509 460317 444
54159 76583 335
87247 95887 333
271740 276018 358
348495 350696 366
92107 40918 351
75782 69322 325
104799 40417 351
333785 326790 353
110088 31858 354
101082 41932 351
366939 364681 361
98262 48078 351
112811 18893 354
93243 82228 333
497477 492561 426
20176 75555 340
96060 13449 351
34608 24677 311
42171 75000 340
264260 260984 407
207340 206214 373
336348 337830 366
43277 108594 354
63019 106855 354
357383 341655 441
78765 51633 351
414689 412293 374
521625 521779 333
347538 347696 242
40191 97648 351
89794 86144 333
532805 536610 377
33772 31943 267
112601 68827 354
393489 399685 405
315849 313555 340
701894 700828 411
62379 47488 340
12264 35471 311
7756 99741 351
111870 42551 354
264623 262908 407
463390 465593 369
79256 2541 351
396719 402212 387
75685 36779 340
219826 218529 337
27300 2411 308
234074 229649 443
315759 312034 384
6910 76207 340
147406 150371 370
76569 77422 351
77312 71559 351
44059 15170 324
674906 673091 367
24011 58819 340
3327 64003 340
98452 47271 351
734424 733796 349
30406 6987 308
81611 72011 351
79454 28060 351
53284 15528 340
185605 187493 347
511818 513862 470
68304 46391 340
49630 46533 314
454265 458775 356
14618 65547 340
111031 27641 354
23767 55519 340
55892 10396 340
96518 11179 351
766436 768693 468
114620 132690 349
20901 110959 354
57571 105587 351
6936 109970 354
109858 57062 354
615283 619216 372
703085 702003 380
636462 632657 416
95128 59121 351
234057 233768 275
382360 379021 379
53375 100900 351
115744 127924 336
18471 87971 351
23649 2053 282
31232 96387 351
238042 235988 350
6428 63855 340
59528 34718 340
61 38802 324
25560 47772 324
15373 57548 340
120069 126058 336
220127 225547 368
17708 12569 279
332999 336309 366
180073 175554 347
70606 23605 340
89287 51093 351
677497 678698 380
93471 39492 351
18513 39057 324
856317 855384 388
40102 96533 351
99762 21481 351
6038 71915 340
103934 11598 351
61112 8865 340
20931 36052 324
44045 18060 324
346991 354380 379
29718 40213 324
38237 35144 324
76829 45776 340
102268 110678 354
47106 69326 340
12307 88239 351
31698 33807 267
110238 112514 323
97785 25336 351
661582 664857 367
24794 112020 354
750402 750621 362
64723 18794 340
67619 54892 335
315697 311980 384
65535 56655 335
20956 22525 269
26904 91391 351
24769 61647 340
96541 3854 351
6170 52119 324
297841 300944 371
15015 93521 351
38563 75712 340
88671 33136 351
30329 18057 308
463327 462825 325
27287 62242 340
57406 82690 351
481432 481825 351
90555 65126 351
47119 79015 351
67273 86176 351
98541 70587 351
142526 142672 375
44431 96011 351
220642 223614 355
98897 24396 351
7368 110678 354
40023 94046 351
9898 54091 340
991698 989541 352
87455 51581 351
24149 2866 282
41085 36451 306
91463 41409 351
98204 67592 351
516063 512283 395
807884 808352 331
81646 6388 351
59251 62456 335
57244 95237 351
59925 2601 340
86791 44492 351
266879 260752 407
106080 85412 341
33573 76779 340
10445 16418 276
75527 84939 351
314929 318246 353
989271 989036 321
693106 691386 442
42743 75247 340
97566 44858 351
72132 23459 340
13250 110389 354
50541 30756 324
80121 46299 351
29805 85132 351
65334 70683 312
46142 73540 340
6632 110164 354
96566 68622 351
94989 88505 333
43081 93775 351
78077 112501 354
56275 38716 340
26627 316 308
68383 83654 351
63768 101734 351
41638 102343 351
7478 70917 340
173907 171886 347
58267 50469 340
77097 4951 351
439727 448899 369
909054 908814 233
18926 43913 324
60189 12435 340
57741 18290 340
95556 92558 328
39367 81314 351
238253 238320 244
51220 91923 351
17992 112272 354
71162 17704 340
87445 71315 351
5703 47056 324
60301 51980 340
51361 56106 340
741758 743463 349
414648 410815 374
179981 181541 365
578363 578659 253
34878 66487 340
352683 341067 441
112115 67560 354
1749 89984 351
2750 106509 354
90840 48746 351
477564 471082 382
259752 261816 345
671930 676478 385
101459 108975 354
761404 760184 380
289295 290478 327
50497 64724 340
56335 73747 335
64628 18931 340
195155 193242 342
28959 50324 324
14118 101013 351
92650 8285 351
72882 97689 351
482538 480539 382
550 9908 262
105375 78390 341
152493 156779 383
19986 106331 354
87364 75040 351
34722 80254 351
460773 466937 444
92167 108847 354
78903 22890 351
46934 100455 351
369485 370500 392
19913 69505 340
73004 511 340
71591 106297 354
675025 677169 385
322573 321813 260
98604 97160 297
182602 184325 334
74786 78267 351
13851 35379 311
109329 65714 354
51711 46793 314
25599 107877 354
94055 97468 328
110310 111324 292
103386 85301 341
43836 27169 324
67262 16862 340
11278 103025 351
521281 522497 333
26000 66823 340
406760 405937 361
112150 57580 354
26124 17235 282
552175 549338 377
37100 109133 354
593066 589534 403
108327 39818 354
87629 3299 351
29507 2645 308
474357 468753 382
86349 92535 333
367856 364153 361
592808 603015 403
43280 8361 324
238194 231332 381
62448 73466 330
90367 63255 351
102802 61840 351
8169 52894 340
82722 100253 341
6024 26433 282
76463 102212 351
188414 186403 347
29119 107148 354
954633 953986 308
43462 75596 340
16845 59301 340
381158 382096 374
596883 600843 372
22755 103802 351
30204 26826 272
86904 110371 354
2914 99066 351
27429 107163 354
932241 933757 370
16429 90967 351
8701 28242 308
72693 63644 325
109343 100482 354
56156 38015 340
99355 87668 333
68793 108357 354
30156 13896 308
56140 39671 340
68213 60033 335
73303 41964 340
885109 885762 370
16599 71057 340
86967 57271 351
58799 47625 340
48815 85843 351
428852 430434 312
68607 21359 340
99838 28885 351
443798 439973 356
99354 86210 333
9712 19891 279
103407 86660 341
46512 3707 324
668507 669011 323
41889 36758 306
64481 39869 340
34610 89487 351
410097 414075 374
70246 26640 340
332283 326838 353
2451 74761 340
410862 409901 449
411249 409987 449
365017 367265 361
839344 838886 282
452838 451417 294
975137 975656 339
55697 24347 340
60358 63148 335
32815 94525 351
301 18428 279
55410 20791 340
890165 898956 370
60182 90567 351
461495 462587 369
350872 352251 379
298476 299515 371
199825 195588 329
90656 99256 333
22670 10414 279
10934 20304 279
3852 53878 340
45219 97331 351
112259 39079 354
44980 15823 324
77189 10271 351
65124 77821 351
67444 95253 351
38122 104177 351
20375 27735 308
104761 59964 351
198294 201296 342
467584 474642 413
109629 47782 354
899862 890785 370
99800 105833 341
111302 43761 354
169292 168657 334
62533 77102 351
547645 550542 377
10063 53276 340
683691 682322 336
104681 52116 351
587 27651 308
34743 46169 324
449565 449961 250
237759 237023 350
36193 42538 306
653238 652224 354
91022 11862 351
96721 86887 333
315850 316538 322
264462 265452 332
476962 469269 382
59651 2173 340
27573 65445 340
92128 15706 351
144372 142130 375
170140 181157 365
40523 68359 340
94122 8081 351
514357 513189 351
274896 275296 345
52286 84532 351
477118 467631 413
101983 72841 351
17199 77543 351
64876 49920 340
50069 20976 324
101541 53065 351
467450 471117 413
125501 126208 287
877595 876390 401
15358 68439 340
74006 87131 351
104157 43276 351
339703 327151 366
80287 110981 354
9678 103024 351
440858 450054 369
337075 331346 366
35193 102436 351
88323 69855 351
33169 59899 340
406 38810 324
380668 382570 374
302331 298180 371
93132 38367 351
1768 28869 308
32312 47961 324
429907 427426 374
182766 179358 365
74542 20935 340
143202 142477 375
89671 12405 351
455686 455361 338
50968 9477 324
87938 16924 351
142873 148186 357
76008 104007 351
69737 105318 351
35403 112429 354
79999 50202 351
502175 499641 426
100559 71869 351
447897 439871 356
74100 47380 340
49431 108232 354
34670 37482 324
84823 23863 351
98059 58329 351
13874 31520 308
89655 89480 271
89626 33345 351
85832 48893 351
