1 1 1
1 2 2
9 9 20
999999 999999 259
163890 22528 383
178470 53507 383
21645 126490 354
76370 57614 335
45497 120960 354
173800 130562 383
181623 94659 383
32725 16816 308
11951 38276 324
133569 142543 344
109466 129197 349
26742 113116 354
146825 173343 383
169579 163110 352
1566 32222 308
171101 3703 383
57209 165455 383
8296 149571 375
7184 195205 383
116165 1018 354
131579 169032 383
180043 6316 383
23131 29554 308
184181 12767 383
71661 151433 375
80629 34101 351
147216 181127 383
154469 107370 375
186831 94040 383
42614 40399 288
44101 188396 383
70202 130066 354
79636 17662 351
12866 78498 351
195867 3172 383
172203 45382 383
51697 43797 314
73350 152245 375
81363 191179 383
142611 173882 383
7982 153024 375
50502 23239 324
46960 155197 375
165589 121322 383
161721 150142 383
138537 8202 354
54619 5821 340
23482 8739 279
3588 134255 354
53778 152700 375
198081 199454 329
43250 142332 354
10929 49778 324
157308 32952 383
6833 8643 257
78018 99919 338
39509 14815 324
86363 128519 354
166193 2821 383
69314 51951 340
176504 127913 383
50085 7851 324
132941 31123 354
81729 189919 383
142618 52880 375
168685 51858 383
194189 140698 383
106827 128286 349
161237 5117 383
13760 64135 340
80405 84422 320
15588 91777 351
136648 36265 354
155437 101950 375
153901 102840 375
147104 24751 375
148953 46756 375
194230 197188 360
103458 198245 383
51124 75958 340
127815 46075 354
103125 19808 351
148093 38356 375
159824 126303 383
106789 109330 323
110103 173583 383
181712 187193 347
139810 125690 344
27639 34711 311
137550 95246 354
36348 97891 351
144647 1005 375
114544 185300 383
183544 55228 383
131186 18002 354
180428 34667 383
170826 175352 347
130059 83552 354
126207 118919 336
144600 89883 375
179817 32995 383
136540 54702 354
180391 161528 352
112590 76349 354
87946 8029 351
22272 50139 324
167495 124294 383
25945 83270 351
138497 82039 354
100040 125841 354
76859 69682 325
161386 80467 383
80371 47685 351
166603 91444 383
181326 6577 383
155923 27554 375
82255 77495 338
39022 92462 351
168810 178997 347
103377 151612 375
118102 56756 354
97401 125648 354
8917 85597 351
167635 39697 383
165537 147414 383
133447 184026 383
180844 42396 383
6432 11184 268
102628 61214 351
184142 89386 383
116939 305 354
77799 140065 354
32526 115545 354
94541 33173 351
101136 117688 354
90795 197917 383
123565 135589 344
21185 188195 383
27891 48833 324
196246 105171 383
5548 109780 354
152175 46045 375
57228 186392 383
47605 74958 340
164343 76207 383
192864 148099 383
88163 81281 333
196825 187014 360
136538 37040 354
154727 7717 375
5633 37673 324
173262 45521 383
150067 45549 375
94382 110798 354
132321 94310 354
4089 6979 262
53023 137868 354
124259 72615 354
147572 26603 375
102809 88216 341
36314 111914 354
109546 95672 354
199038 40828 383
77867 22722 351
30438 135575 354
173248 148946 383
110818 152422 375
114323 62861 354
90010 60885 351
71546 125056 354
132034 22330 354
76550 191986 383
64600 101409 351
44363 808 324
5375 128523 354
156788 147171 383
159195 41688 383
198867 182685 360
5406 158232 383
10158 193086 383
142031 152195 375
104616 183405 383
162617 169200 352
146436 18938 375
143993 52627 375
74956 17981 340
9966 192379 383
10139 67857 340
68665 190917 383
119439 54501 354
118023 74039 354
32079 192578 383
175262 193569 365
68152 147297 375
140382 180667 383
132861 78310 354
178066 198764 365
167964 153829 383
89118 57035 351
109661 114399 323
132380 149463 375
58193 100968 351
168825 58697 383
49614 68331 340
39183 153841 375
144231 169052 383
161630 73557 383
67126 176309 383
123606 136891 344
33910 51629 324
129938 180339 383
179103 83122 383
36950 24356 324
81390 63418 351
177816 126068 383
75530 107402 354
8369 26547 282
85244 133722 354
118404 93545 354
47385 134857 354
20260 73938 340
147494 191616 383
84276 98241 333
35132 130971 354
182600 124233 383
104572 185393 383
68514 28889 340
169596 83674 383
63443 105464 351
147883 50985 375
158386 41258 383
67805 139764 354
189837 83107 383
176651 69400 383
4256 24592 282
98529 24036 351
15651 140867 354
39108 162374 383
93345 99926 328
24159 190591 383
175983 192296 365
21184 45082 324
45107 44496 283
66311 190780 383
158116 108549 383
149806 130545 375
186660 116502 383
199608 133962 383
3361 176496 383
1087 92610 351
116645 123968 336
64835 15967 340
178341 48647 383
64925 103942 351
94532 71685 351
63980 5435 340
50516 186866 383
31361 1515 308
108646 95622 354
4170 14024 276
60920 66762 335
99615 70327 351
120641 47580 354
24075 15574 282
108183 40353 354
164321 141514 383
157480 141180 383
189826 145507 383
165800 52172 383
123856 54750 354
60184 60331 286
163548 104187 383
22054 110699 354
122672 194908 383
125283 130699 344
113812 126841 349
113520 186203 383
33782 129778 354
145351 34160 375
74512 174208 383
32073 169886 383
111065 155184 375
100690 189553 383
41724 100890 351
155640 66489 375
43171 81932 351
102470 132175 354
42874 6718 324
117978 124523 336
171574 81897 383
8738 159612 383
145814 1737 375
131515 38609 354
189120 95947 383
186507 193217 360
163102 63631 383
135167 18579 354
124483 74166 354
91408 152208 375
135049 82559 354
80842 163399 383
95573 94571 328
101289 183311 383
24186 54798 340
136695 135618 313
11581 112111 354
113847 61784 354
100392 157395 383
169693 45361 383
38578 89511 351
69493 156199 383
91130 118031 354
192197 121011 383
73219 15612 340
98170 199956 383
163354 8267 383
102837 179011 383
78674 58926 351
113724 120477 349
172446 102859 383
14969 166770 383
28553 184027 383
57773 45167 340
6880 45296 324
134806 27465 354
100016 45457 351
79839 120650 354
41661 191145 383
123108 188387 383
188342 114879 383
39497 137630 354
32992 151695 375
10621 142333 354
179162 111665 383
130875 40696 354
7465 151607 375
135633 62195 354
107362 152369 375
197664 193405 360
137222 114241 349
76049 48821 340
169470 37237 383
144733 155887 370
144274 127482 375
158712 184192 370
121821 132615 344
662 198208 383
56893 154813 375
182829 11282 383
168329 36054 383
187660 113704 383
92250 175793 383
44513 123293 354
33049 199611 383
30203 42176 324
90996 170270 383
123858 106251 349
178490 176817 347
20651 68590 340
52782 39115 340
88081 179362 383
93922 90954 333
162118 88742 383
16375 150814 375
103219 144947 375
175002 184703 365
76847 90878 351
130522 67251 354
183214 121359 383
79886 79923 214
50192 13416 324
36019 170881 383
64050 174050 383
158991 14508 383
53622 84700 351
64061 128124 354
19078 141702 354
146796 74334 375
25147 181195 383
42493 163170 383
64225 44717 340
135595 17494 354
1097 57423 340
178782 182468 365
62390 184310 383
114077 58667 354
145900 28934 375
119335 150095 375
80954 9949 351
11000 78325 351
6449 50927 324
108981 75060 354
65746 141878 354
123072 55776 354
135297 7244 354
51961 165565 383
99410 199521 383
56944 187555 383
86374 16858 351
1167 152077 375
127095 65116 354
94049 31596 351
181690 72994 383
199294 13383 383
8059 178996 383
29922 10293 308
1705 130859 354
72736 138902 354
194677 67450 383
191045 112160 383
77724 46326 351
45846 43005 314
146911 93485 375
110343 19141 354
171217 33285 383
14752 27861 308
59456 14664 340
87657 25152 351
154886 157498 383
52845 3303 340
129947 162944 383
93803 82766 333
138020 48003 354
31804 166538 383
78697 132696 354
95373 22849 351
65853 72772 325
82609 141219 354
160359 12764 383
162400 109303 383
137163 47928 354
62591 177151 383
2302 112971 354
186820 66599 383
186253 73539 383
36482 39664 306
122429 116200 336
164202 46636 383
129526 60448 354
109496 112358 323
135206 124574 344
197346 4868 383
62438 1058 340
130173 196306 383
105608 139149 354
187076 92572 383
186074 159122 370
72092 49666 340
32616 188375 383
178265 175263 347
14926 18869 279
135068 14747 354
177734 53707 383
114154 15621 354
127978 107259 349
31833 140001 354
61221 63183 317
180593 145530 383
141835 123658 344
179158 110765 383
119689 163794 383
122915 166233 383
132250 105762 354
10489 111359 354
86621 164866 383
100086 188753 383
119851 17899 354
71605 35153 340
167125 97585 383
4843 102110 351
42111 95103 351
74637 153027 375
98556 19683 351
59692 171581 383
198698 156742 370
36887 38850 306
121434 118386 318
24147 76154 340
187512 53684 383
134901 34635 354
139740 190484 383
8382 34986 311
186490 59590 383
157174 79986 383
98448 153614 375
165068 78369 383
31395 140558 354
76592 156057 375
127637 129951 331
3044 136283 354
91484 126334 354
44719 39931 306
116084 12918 354
66601 185218 383
136204 19947 354
10430 1501 262
152838 75943 375
51885 135164 354
131501 139327 344
92940 9058 351
87426 29948 351
86857 174360 383
130416 35173 354
165123 79800 383
16083 58052 340
100738 84518 341
124448 23918 354
36835 61808 340
47025 40531 314
176829 103435 383
21287 99581 351
91875 103611 341
38774 90476 351
29802 143759 375
152817 86626 375
32926 39094 324
13453 156594 383
191766 36134 383
115934 143868 375
118271 73240 354
157758 48368 383
72285 19008 340
80816 198557 383
155440 109120 375
128906 44192 354
143772 132268 375
35878 66545 340
157020 35647 383
179405 191003 365
193981 186822 360
142267 48573 354
121519 26906 354
63039 155719 375
15938 29636 308
102876 95324 341
143691 50560 375
69568 176985 383
175541 15976 383
41447 66735 340
27278 130980 354
63248 170352 383
36896 87402 351
123048 15477 354
6480 110268 354
97089 18804 351
183729 116812 383
143717 155707 370
111425 21599 354
51234 123107 354
18431 43714 324
94273 154109 375
47445 78473 351
10800 80192 351
63278 22986 340
153965 52246 375
138950 90556 354
177957 133564 383
149041 92197 375
2464 17356 276
152511 71872 375
188683 15904 383
171610 136239 383
74189 132399 354
171857 199386 365
159451 125423 383
195883 106639 383
101464 53724 351
133915 43328 354
66313 112263 354
80861 197193 383
4100 136629 354
70193 136162 354
28358 182056 383
199411 19233 383
91104 147174 375
79429 151921 375
4512 196138 383
44888 167391 383
83128 78700 338
120474 16744 354
39735 42579 306
96302 116357 354
159684 141198 383
53460 146568 375
60112 25996 340
78976 50672 351
186833 64211 383
162618 149168 383
168400 131543 383
195068 78380 383
146653 175855 383
171992 74496 383
158238 151164 383
146215 16879 375
149975 41366 375
83944 66689 351
99397 189709 383
47258 96597 351
43164 59080 340
1427 100717 351
67741 19628 340
83838 80402 320
145922 170925 383
102467 162808 383
41187 30673 324
6528 13886 276
4734 187839 383
55354 94871 351
28102 162971 383
4336 1569 238
184609 94428 383
84136 4631 351
101227 357 351
175788 131393 383
148461 144391 357
80370 177214 383
173967 132553 383
103478 164207 383
127014 119888 336
150561 122296 375
136182 84553 354
72391 73440 294
84662 140915 354
20237 127745 354
45665 29115 324
123542 24573 354
29203 146625 375
146981 124029 375
171773 46782 383
107524 122768 349
16333 36586 324
169138 187893 365
152099 106651 375
26539 188967 383
27615 195465 383
80017 93451 333
83242 80148 320
137414 68759 354
196503 167903 365
113370 157650 383
98574 158519 383
105143 36911 351
77292 44129 351
90910 52123 351
91242 49064 351
85649 198433 383
186325 107574 383
130577 171139 383
76457 54775 335
166591 73467 383
166917 104071 383
184218 162959 365
31718 166510 383
50764 121631 354
195633 144572 383
103091 164133 383
117396 94206 354
138334 8233 354
176708 194687 365
43750 29243 324
144027 184301 383
91875 45751 351
133241 130351 331
185126 138803 383
12269 9697 268
30120 68068 340
31027 179185 383
62046 14337 340
52320 179096 383
123667 112809 349
76942 47952 340
142157 26757 354
34990 110689 354
105375 196843 383
26085 128049 354
112349 65476 354
27578 170112 383
16814 120575 354
59377 160818 383
86867 118291 354
186359 71645 383
167181 116986 383
47674 133737 354
112832 29226 354
58387 16345 340
64296 36498 340
63255 135328 354
162368 122805 383
119647 14596 354
58996 67742 335
133217 62083 354
148546 171344 383
8271 160795 383
37964 81712 351
2 67647 340
55644 124830 354
158167 102712 383
36448 22824 324
168402 5841 383
138537 149279 375
102129 26788 351
78467 2833 351
41989 165383 383
96330 40834 351
108575 161635 383
140069 155325 375
43020 158143 383
35289 88615 351
86678 51290 351
35289 73253 340
114434 86679 354
189391 90932 383
30107 72601 340
194793 142190 383
91469 198508 383
141647 133329 344
52513 193597 383
75331 20113 340
60946 94501 351
172487 88012 383
159688 85872 383
160367 112556 383
117522 2707 354
170349 195655 365
185259 4199 383
7229 121989 354
129272 99693 354
88645 196619 383
55161 159378 383
74238 199789 383
49469 146629 375
56577 15884 340
152349 101982 375
112834 48259 354
136270 129646 344
15518 85321 351
114228 95957 354
15015 175884 383
87890 31749 351
152299 101715 375
23703 73149 340
172841 159527 370
72498 152974 375
28704 61485 340
177625 127658 383
190638 102941 383
35176 27093 311
129074 163566 383
11824 187524 383
117170 41908 354
43580 148093 375
160401 49039 383
141274 157807 383
105907 175415 383
77130 29163 351
102311 174557 383
50435 17184 324
86510 191503 383
169339 39284 383
166941 115213 383
134505 146963 375
174056 73930 383
37495 169680 383
73556 19481 340
177740 49318 383
113762 107077 323
72467 21319 340
95477 74162 351
49577 13740 324
159254 117735 383
92291 43058 351
176593 177917 334
169419 142726 383
182009 63102 383
178314 55110 383
2072 65302 340
55583 29170 340
115202 92479 354
111960 93078 354
58747 188757 383
12185 89699 351
27370 172509 383
46670 84651 351
14742 122846 354
40581 12598 324
172007 90347 383
68263 49223 340
108300 148600 375
11701 154034 375
9143 6661 257
188314 106367 383
135536 11214 354
20045 43896 324
53325 50737 340
155845 132004 375
138054 112072 349
932 168029 383
169031 165423 352
4621 163953 383
92903 100124 328
190471 45201 383
10775 64909 340
13508 58733 340
12766 119075 354
125735 141561 344
47927 138260 354
149474 114048 375
74295 99814 351
150551 85870 375
17873 127620 354
156043 22747 375
107128 72278 354
37701 73326 340
37278 76158 340
92634 42321 351
3873 130180 354
111441 83104 354
58188 130999 354
50073 41300 314
182860 187306 347
125565 92159 354
122558 147138 375
46952 191390 383
77259 196853 383
124472 113854 349
136600 11483 354
83761 196866 383
70191 43727 340
36237 121461 354
80133 107468 354
154000 128870 375
128325 357 354
131355 65440 354
23091 102864 351
90169 97780 333
189938 122303 383
69440 15734 340
123475 112496 349
109348 32743 354
62948 734 340
128568 150171 375
147036 199548 383
159626 12328 383
50140 133578 354
157397 112214 383
41083 46624 314
46980 111396 354
93187 85759 333
188623 94687 383
192466 116278 383
38580 78791 351
10876 98755 351
127602 24371 354
173466 50703 383
51436 36949 314
103471 36413 351
152312 180003 383
108683 166858 383
16787 111938 354
24151 158822 383
5446 174184 383
1931 181586 383
67344 168777 383
63463 95118 351
127747 172318 383
167461 172280 334
71035 82678 351
23400 94688 351
145390 198636 383
151937 196865 383
33278 196825 383
93180 171759 383
54969 101941 351
13878 118214 354
77035 71755 351
45938 154381 375
52318 198832 383
167609 47869 383
59338 36013 340
8331 31071 308
119703 187084 383
186113 175791 365
70478 190737 383
105724 9512 351
122729 132220 344
45396 174012 383
145771 72358 375
174298 138575 383
173140 739 383
72493 188176 383
58908 50175 340
49006 118431 354
82651 111225 354
147237 132966 375
80389 141988 354
45423 71919 340
47709 91 324
190827 31535 383
157398 34539 383
166758 12902 383
186914 80126 383
152483 12153 375
67080 132684 354
49774 43133 314
147660 40219 375
6745 122266 354
157048 6567 383
34143 172103 383
105068 39698 351
181685 181379 272
53298 185456 383
185546 27107 383
174993 17358 383
168248 92724 383
21978 132391 354
128868 51357 354
179862 8891 383
57926 197703 383
40835 163293 383
119863 107699 349
146316 188494 383
111412 126608 349
15062 103364 351
143061 145554 326
43284 36481 306
21937 41098 324
184556 12933 383
146643 123834 375
132910 159549 383
91939 114890 354
82599 154887 375
80129 137158 354
134860 178812 383
142104 138054 344
45752 92046 351
80539 178318 383
21277 192067 383
11782 108302 354
53855 36338 340
72819 71195 325
112292 13491 354
26423 11107 282
51292 96847 351
172747 173065 272
4307 184201 383
55439 181037 383
118195 86905 354
65716 135567 354
73620 53054 335
61452 124171 354
102488 35723 351
144142 58342 375
166644 123765 383
76454 72275 325
143469 136850 375
150340 149272 370
76730 172112 383
185311 176763 365
149827 128022 375
112222 158057 383
139094 154133 375
157389 84013 383
19579 57288 340
26693 23104 308
63626 9551 340
161625 88144 383
146486 166114 383
6230 22118 279
94393 29481 351
166330 82683 383
148307 37861 375
126325 116670 336
9784 25036 282
69409 111635 354
69691 75962 325
146447 97983 375
181995 125136 383
182423 103835 383
43291 117925 354
43827 125468 354
13611 106916 354
189381 5452 383
143921 76448 375
105928 195610 383
194645 38313 383
192526 188610 360
21631 59303 340
690 118850 354
30484 31414 254
107375 70099 354
168081 100174 383
25310 53821 340
74008 150075 375
184351 124084 383
49551 117298 354
140565 28178 354
149981 179514 383
172313 129946 383
41907 93901 351
132214 194593 383
