1 1 1
2 2 2
3 3 8
4 4 3
1 100 119
9999 9999 92
10000 10000 30
26612 9786 282
5048 62592 340
72647 82233 351
74210 40001 340
67040 98092 351
49223 35908 314
99312 13673 351
7875 29503 308
77602 73778 351
88132 9945 351
74578 71853 294
32687 61432 340
58827 76476 335
38607 27710 324
94729 24006 351
11153 6851 268
27862 16381 308
75934 89623 351
55979 38994 340
57190 46414 340
97356 57244 351
63450 81366 351
42434 79503 351
73875 8968 340
92898 41861 351
17985 72929 340
50669 69164 340
31479 99445 351
95219 87560 333
63217 51001 340
95401 38694 351
24835 57655 340
69063 12419 340
97256 83331 333
13644 13155 276
41253 96417 351
46639 379 324
75711 10545 340
92687 14965 351
27108 27703 259
62711 72709 330
66549 82383 351
71216 61010 330
82565 15071 351
94312 27290 351
79803 70013 351
6290 66845 340
28987 18301 308
23640 95896 351
44792 97289 351
69464 96818 351
55410 15415 340
54761 43090 340
28797 11551 308
7027 88337 351
92168 13498 351
94107 33422 351
79463 91222 333
13560 94501 351
25051 97770 351
80396 38993 351
13966 95230 351
98443 57116 351
11155 33032 308
32858 41456 324
54914 50060 340
61289 36502 340
49277 70238 340
36872 59878 340
27917 86299 351
79392 43429 351
15680 42502 324
33467 59416 340
97408 57940 351
29736 75512 340
74386 616 340
48980 65838 340
19496 51653 324
63008 58918 335
14877 18763 279
74471 53959 335
30363 35235 311
92405 91722 284
99927 56928 351
18240 41252 324
73999 97387 351
32247 23884 308
43469 14499 324
21735 59769 340
41025 17805 324
62040 45096 340
47680 77251 351
19720 62202 340
2803 28470 308
85457 60626 351
87386 63927 351
5483 5693 236
67822 41919 340
456 92659 351
89231 88388 315
5767 68068 340
26441 67920 340
86393 17716 351
1877 30158 308
23335 32504 308
38028 3115 324
73917 64671 325
10254 25325 282
45856 53880 340
63732 93050 351
97099 26161 351
68687 82773 351
98951 40852 351
73597 61357 330
93427 57080 351
99200 58824 351
88503 76326 351
18490 74333 340
58714 55552 322
71433 28847 340
48265 82687 351
6222 30134 308
30985 37520 324
72941 47462 340
64853 62756 330
80730 68453 351
50409 62202 340
14952 7537 276
51716 17533 324
40608 40654 244
88930 49851 351
97731 56659 351
50259 41172 314
49981 2135 324
1237 42568 324
25925 63316 340
5613 50083 324
21710 57919 340
10437 8760 260
48338 52152 309
74495 33470 340
58896 32933 340
96090 782 351
72008 40005 340
36318 356 324
66089 64033 299
23247 81432 351
47052 36499 314
64754 75389 325
46241 21028 324
82374 60166 351
55432 38959 340
33997 11231 308
91682 39542 351
76708 85897 351
92690 79902 333
41881 30562 324
2313 84639 351
8587 93972 351
35705 3595 324
67971 3017 340
91599 36507 351
99782 40080 351
82176 46993 351
29933 53022 340
77929 89947 338
12942 16096 276
5369 32992 308
90127 95290 333
79336 7051 351
32165 30013 285
50567 30328 324
86646 81137 320
81759 57811 351
34412 48521 324
60500 85215 351
47911 24928 324
41671 49761 314
11219 29841 308
99560 85819 333
25857 50694 324
44621 66470 340
99690 73110 351
83851 68286 351
50202 71335 340
74347 89224 351
16163 67624 340
54518 65546 335
56896 77534 351
58716 90982 351
61488 70903 330
18349 96375 351
13678 83918 351
86710 69692 351
6837 58164 340
99524 22106 351
81335 7627 351
74754 33379 340
21984 70024 340
18184 1286 279
15613 38930 324
86173 28055 351
94446 86572 333
10220 81077 351
451 99279 351
17067 17800 279
67182 15941 340
16917 12419 276
22232 65614 340
1260 36715 324
85841 88219 333
49913 87591 351
46252 6548 324
48635 41486 314
68225 3049 340
39806 79499 351
56419 96632 351
49869 26977 324
60864 67467 335
68049 61126 330
10563 15439 276
57698 95932 351
92324 95116 328
49133 36026 314
71480 42322 340
13936 93736 351
62317 10659 340
30635 47982 324
34418 28310 311
32425 47313 324
43040 27655 324
71784 28753 340
97908 28157 351
2206 97775 351
35009 77822 351
20642 87659 351
33195 85054 351
26188 79170 351
51401 48829 309
21330 32978 308
22233 50836 324
87729 84001 333
70792 87511 351
32295 34553 311
93292 59566 351
44111 17547 324
84402 40698 351
95886 94122 328
80843 16296 351
1114 9484 262
26148 16442 282
86147 77594 338
48228 77936 351
22146 93115 351
31170 12105 308
73016 73138 294
79346 85204 320
91001 25420 351
10559 32435 308
94941 8800 351
48307 13581 324
52666 24852 340
71665 3380 340
23734 68764 340
17532 60302 340
44033 69811 340
42748 65161 340
65342 10282 340
91232 62923 351
30911 50145 324
57030 92308 351
11386 90979 351
13500 37225 324
7138 19928 279
83531 91403 333
95931 49915 351
82987 26774 351
2364 38521 324
55982 66373 335
3239 10677 262
1512 16698 276
90414 41741 351
52332 64393 340
12462 6423 268
41124 99341 351
48671 26839 324
9804 80664 351
82344 67202 351
98064 75933 351
12173 82409 351
29691 36718 324
46622 74693 340
7901 86585 351
84749 44867 351
6654 23287 279
13938 55561 340
20993 46792 324
62967 46466 340
3221 21460 279
48590 36039 314
9143 81135 351
88692 55217 351
997 63163 340
54700 47711 340
34634 52817 340
22873 87202 351
93716 60037 351
94321 33096 351
85029 30365 351
53167 1253 340
10749 51101 324
11270 17669 279
42214 55041 340
94456 73819 351
79872 59916 351
31860 51165 324
31556 84081 351
48872 38372 314
58530 55859 322
32438 93008 351
57324 36805 340
58782 79364 351
17439 78259 351
18377 20653 274
76024 76247 307
98470 76985 351
84568 79852 320
35800 38273 306
70741 49670 340
45541 85639 351
26793 14739 308
31713 18010 308
98953 62283 351
97265 44020 351
81265 4965 351
51783 92277 351
35042 10103 311
5615 7394 262
94435 81932 333
71293 6734 340
16795 49224 324
93125 78261 338
30057 34089 285
93677 27502 351
2375 16797 276
57075 35848 340
83767 69079 351
3589 74406 340
15230 9561 276
36802 75619 340
2838 56787 340
92859 75530 351
52298 72048 340
60708 24363 340
26440 22418 282
79014 80467 320
7548 51807 324
3117 37978 324
5484 2159 238
99941 21669 351
95075 88192 333
85532 70345 351
61206 42230 340
48553 94802 351
3588 24499 282
80258 2047 351
533 63286 340
56462 82297 351
58421 29208 340
57367 85567 351
18190 57144 340
92798 40979 351
67998 19286 340
4400 74808 340
12181 59695 340
20687 56258 340
38997 93653 351
61676 96324 351
81859 45299 351
57972 13232 340
42736 45278 314
85795 97052 333
67860 84323 351
68687 42983 340
43433 45784 314
46280 513 324
34431 11945 311
65672 49218 340
96736 11458 351
77136 12918 351
9515 73980 340
90721 49176 351
57104 83007 351
74338 32576 340
53731 73531 335
59218 87555 351
46264 47154 283
22290 65179 340
56578 46276 340
94684 28515 351
43609 87842 351
32233 42040 324
75585 42358 340
18331 75891 340
69243 86109 351
1057 10808 262
39818 2921 324
13190 67394 340
13807 77208 351
71092 39603 340
36372 68329 340
13436 72665 340
94522 22727 351
67527 17444 340
72590 46451 340
7543 89300 351
57971 49032 340
44125 63541 340
69977 21316 340
12122 13089 263
64579 1400 340
64149 8139 340
42073 8470 324
22474 63333 340
1338 96524 351
30687 79951 351
52541 24456 340
86759 88210 333
7483 98763 351
4821 59051 340
78517 51553 351
75366 80211 351
40289 93067 351
74783 92225 351
36207 78482 351
22325 50076 324
10592 44971 324
4014 22364 279
76908 56116 335
63747 62919 330
14769 2831 276
79154 70751 351
70797 11379 340
12865 42958 324
7455 77023 340
46317 69480 340
95757 86043 333
75605 20275 340
9112 75103 340
84332 9353 351
13280 8427 276
59430 59380 242
32125 54704 340
51417 39601 314
67842 8170 340
45828 48169 314
4236 93117 351
26580 71736 340
75865 26592 340
2154 9936 262
53404 70355 335
15594 61781 340
48654 32253 324
97362 51887 351
76565 67362 325
439 62947 340
48873 22746 324
17330 97851 351
27390 68292 340
27873 19306 308
73307 18974 340
67247 52425 340
45947 71613 340
75906 35968 340
80524 78246 338
29322 46197 324
99774 51225 351
10888 58320 340
70498 20483 340
94814 66302 351
49752 29648 324
6159 13809 276
93152 57133 351
90004 97179 333
32123 25177 308
88959 10248 351
35071 66182 340
78772 91731 338
88202 71847 351
52512 70910 340
19504 1357 279
50236 38277 314
91804 80918 333
11305 87043 351
29156 69918 340
29238 49884 324
83682 70342 351
39412 49166 314
40010 6743 324
58575 78817 351
95105 23895 351
50500 71494 340
32044 18074 308
66324 97676 351
87997 38447 351
82321 28005 351
85270 18083 351
92285 72409 351
53893 32006 340
32800 26175 308
88540 44730 351
33395 4737 308
23830 33197 308
3952 82183 351
65242 94375 351
91137 20818 351
39722 11889 324
76837 93450 351
59172 79497 351
95865 87423 333
70997 99515 351
99303 96376 328
9789 94034 351
35024 14687 311
40840 24347 324
64001 92074 351
51040 44273 314
12684 68618 340
77066 65058 351
76171 53706 335
74246 57676 335
11643 64335 340
1874 92157 351
97482 32604 351
55402 16713 340
43159 8986 324
92113 1196 351
90361 46227 351
14565 41847 324
62644 65770 330
21503 48675 324
55300 68098 335
9542 41070 324
6117 82191 351
89808 60324 351
21938 79030 351
87570 76442 351
89263 53821 351
49004 32717 324
25247 8444 282
92895 45763 351
93926 18630 351
73566 95990 351
19756 10203 279
90464 61000 351
16792 17475 235
6301 92354 351
26682 35277 311
41383 20267 324
65946 29471 340
19410 5502 279
40804 47394 314
70133 27986 340
13871 31348 308
41587 7793 324
49570 52627 340
59919 32715 340
65057 49619 340
58780 44689 340
72191 92617 351
84823 8188 351
60174 57279 317
49605 14523 324
79002 40768 351
13437 19453 279
29507 55223 340
87332 11272 351
59054 25341 340
17783 29305 308
67479 71421 325
84960 96618 333
39628 31486 324
14178 31605 308
17088 15100 266
99168 12737 351
60843 54079 322
69069 20928 340
69468 17447 340
87625 36163 351
98936 90412 333
3924 47865 324
27779 65986 340
46676 70290 340
21997 56955 340
82623 48339 351
20250 90831 351
99502 39104 351
66968 6626 340
28253 70203 340
1565 61297 340
31743 98663 351
48536 30696 324
59202 40976 340
66436 3745 340
34768 61175 340
72772 5438 340
73008 98605 351
16043 34152 308
10221 42612 324
11310 31606 308
55795 18775 340
36492 44602 306
41725 59288 340
84144 18971 351
61293 38403 340
70623 74888 325
70577 59327 335
23007 82387 351
12457 64675 340
82385 57966 351
43546 81968 351
11294 19049 279
48823 65285 340
90649 12023 351
82418 61370 351
59085 20578 340
52111 45648 314
89913 7134 351
76399 81962 351
65597 14016 340
60077 91687 351
96920 59339 351
45213 22908 324
51992 34782 324
94281 84174 333
13951 21063 279
24715 8094 282
68139 13225 340
63042 38547 340
45342 75590 340
76449 19536 340
47645 37105 314
93154 13889 351
90991 50015 351
40391 23821 324
83930 16943 351
14950 20347 279
82957 15922 351
10855 77684 351
10274 57711 340
61407 12668 340
70341 57072 335
74135 83422 351
17433 60942 340
87856 94521 333
82199 37093 351
70265 5000 340
33611 82858 351
89661 18660 351
72716 71794 263
93700 38354 351
57318 49152 340
31431 99153 351
11961 29235 308
26549 20122 282
80982 33569 351
51891 43006 314
65383 61784 330
32267 60921 340
86891 54164 351
18622 23729 282
43225 12125 324
16182 7793 276
31664 47870 324
70865 80661 351
48152 19416 324
29437 16409 308
32354 51749 324
90680 32795 351
84047 45446 351
84449 40826 351
97199 16446 351
94807 73376 351
7714 94937 351
26503 27173 308
10091 49644 324
26677 89030 351
32186 77457 351
8290 27671 308
30528 55280 340
46756 32912 324
88541 47276 351
54553 89608 351
72313 7074 340
48669 2347 324
37217 28519 324
99898 98288 328
70075 70500 312
91072 41654 351
90172 40649 351
91398 93236 333
76520 98121 351
61955 31650 340
62117 99604 351
20313 13670 279
75522 11415 340
38765 4786 324
34479 59933 340
23635 36853 324
86654 10927 351
78697 42663 351
61764 4206 340
85847 39236 351
38220 22874 324
78121 61354 351
14579 85483 351
51917 45791 314
5559 5150 205
18822 83475 351
90445 88587 315
97149 71772 351
83212 83012 227
96976 41681 351
87491 51025 351
74205 73802 263
18768 89853 351
54558 48656 340
69390 82814 351
49109 48974 190
96467 42859 351
19388 20198 274
77169 37215 351
82068 60240 351
71139 39136 340
57514 84995 351
49142 72686 340
79309 15892 351
52366 78665 351
13871 77715 351
28455 85360 351
72843 8112 340
46406 89697 351
5791 17082 276
99128 68150 351
25912 96918 351
2562 82527 351
11699 36281 324
43367 53126 340
84680 91961 333
37869 6312 324
79222 60989 351
37699 65965 340
13133 62606 340
75206 15105 340
95801 40940 351
81548 70642 351
45175 99940 351
60585 46859 340
66677 58049 335
23251 80388 351
51609 37615 314
27527 2162 308
33663 23620 308
99759 97569 328
39059 60254 340
47656 21253 324
37491 5908 324
26529 41878 324
17840 72421 340
48209 57239 340
73848 82200 351
72113 11070 340
34882 84155 351
23854 31408 308
95428 38869 351
65536 46281 340
71237 7088 340
19771 87817 351
40950 59588 340
24912 56963 340
20999 54602 340
76918 64090 325
68263 91946 351
31045 21319 308
55203 99909 351
58151 78357 351
95231 8484 351
21138 55002 340
96223 49424 351
22172 42678 324
68609 44864 340
52507 11346 324
36985 78284 351
41914 85038 351
8061 35746 324
70010 25802 340
14517 59601 340
68806 17530 340
28534 5271 308
59510 47031 340
28689 49264 324
72407 18036 340
85392 48097 351
7347 60742 340
80965 22150 351
30926 65560 340
34105 50239 324
49462 62736 340
10925 82908 351
93322 26230 351
61680 73517 330
89915 94270 333
14255 42598 324
40672 78301 351
87373 54024 351
65166 2297 340
22129 57664 340
98805 97388 297
96027 45071 351
52359 53556 340
71291 13144 340
57161 38718 340
10519 69810 340
52948 65225 335
84103 79431 320
2288 63459 340
30598 16115 308
36233 61493 340
87690 58827 351
45553 56667 340
37256 57630 340
26045 99281 351
45230 87365 351
55533 26040 340
17517 76898 340
71422 72359 250
92025 26979 351
33424 84068 351
64997 19314 340
96495 33697 351
37632 19683 324
11958 96844 351
39353 71071 340
53505 63357 335
70181 79706 351
47975 37411 314
92436 17366 351
36451 99554 351
68471 86665 351
99029 92473 328
67745 28244 340
75132 73979 325
46968 80964 351
48302 98372 351
47150 90189 351
47825 47044 314
89786 72637 351
72271 69944 325
67383 62707 330
42427 50032 314
10000 11924 268
29987 7381 308
64276 8804 340
71858 12692 340
62846 4297 340
92881 38194 351
81802 3149 351
84259 83736 320
40101 54691 340
19029 91637 351
2033 75542 340
58990 80011 351
61159 48838 340
13613 18943 279
83780 83695 258
68569 51473 340
88328 23235 351
3377 87919 351
47307 35412 324
9769 82378 351
22310 47526 324
25449 29184 308
18161 75672 340
84439 32773 351
24219 38905 324
426 10810 262
45293 8804 324
22999 31618 308
57547 96423 351
57928 57351 273
54061 44965 340
38869 50804 314
30912 12082 308
40672 37856 306
43996 17224 324
6647 51942 324
84658 37335 351
99684 10809 351
78411 83951 338
82947 67720 351
12309 4803 268
45542 69249 340
41887 81703 351
65918 31186 340
92190 23892 351
90925 4021 351
5635 75351 340
94863 39244 351
16129 49099 324
19006 1625 279
45251 15809 324
82966 89789 333
1395 24107 282
35734 3641 324
99312 7886 351
38652 81027 351
89779 84455 333
54397 74859 335
54371 3904 340
86265 13902 351
10066 69866 340
86662 58994 351
88379 59601 351
6487 84524 351
39441 1910 324
72666 21767 340
11346 4729 268
3502 70917 340
43556 85510 351
16198 51465 324
46121 24732 324
35995 45366 314
84294 29617 351
51938 98905 351
26200 12389 282
56999 42038 340
99654 42302 351
72823 82926 351
40574 66708 340
98584 26702 351
51183 64862 340
74731 77299 351
31651 95409 351
61916 95477 351
93297 10329 351
4766 94963 351
23456 54313 340
11814 24811 282
72065 35608 340
95803 50190 351
82794 31410 351
49026 29914 324
58611 30673 340
83321 83656 289
89114 78845 333
92522 44837 351
97342 59175 351
27955 22444 308
72528 33215 340
99975 57752 351
84704 9333 351
90663 26657 351
23161 59669 340
20127 63886 340
89485 45120 351
22580 32875 308
8872 73778 340
68364 40394 340
73776 84663 351
52279 67181 340
10557 80951 351
30484 26697 272
36011 49247 314
16143 38844 324
4459 13435 276
29951 57982 340
55503 51185 340
98691 88666 333
78295 7239 351
46402 61973 340
35888 7530 324
42263 72537 340
49950 7521 324
25349 86678 351
26989 98211 351
64918 91973 351
2938 3308 199
73939 99290 351
34987 85209 351
31950 24186 308
58647 21111 340
33326 39610 324
73045 70101 325
