1 1 1
10000 10000 30
1 10 20
10 1 20
999999 999999 259
93103 118969 354
55770 90431 351
90283 90992 284
80725 106572 354
52217 74693 340
47120 73457 340
76505 97246 351
23198 41824 324
75369 110544 354
37882 85047 351
81004 125281 354
80748 90655 333
47411 78876 351
84797 133546 354
82801 119168 354
1640 35101 311
16065 57852 340
84589 132935 354
36004 74873 340
40173 61641 340
99429 125023 354
44247 63909 340
62720 96106 351
95816 129427 354
23280 69171 340
39751 74804 340
44319 65164 340
25853 40847 324
99108 120606 354
98905 132052 354
46724 79194 351
5941 33463 308
56445 67195 335
84683 114685 354
71527 91206 351
93604 137845 354
98925 139424 354
82886 83133 289
74679 95910 351
29303 60111 340
47566 61711 340
23900 48082 324
42361 71119 340
10752 17802 279
92992 97625 328
33542 51397 324
6371 56077 340
54049 68893 335
21122 64984 340
93628 140231 354
23742 55124 340
55668 96261 351
6421 10150 260
68330 90188 351
14630 64368 340
8073 49369 324
57780 99581 351
17444 29971 308
58309 96028 351
92701 131350 354
60404 89049 351
59838 70480 335
83758 107551 354
14710 41464 324
23927 34062 308
41083 72377 340
67671 94604 351
36082 61736 340
54498 72118 335
34345 76123 340
12711 61303 340
68344 82138 351
97736 137716 354
68976 78184 351
14476 37647 324
10763 23137 279
79178 106140 341
8027 27995 308
20778 23670 282
36016 38763 306
74424 120019 354
13962 23032 279
86572 109267 354
34549 81681 351
96569 125364 354
56147 57720 304
15170 31612 308
51119 99395 351
80551 118596 354
72549 96820 351
30591 31804 285
76364 113319 354
38774 71479 340
39026 42000 306
16744 46217 324
59715 66163 335
1532 15921 276
83738 97921 333
16477 60310 340
44398 85064 351
99612 114918 354
90995 110344 354
49163 54686 340
15418 64037 340
93658 140816 354
53760 69103 335
10720 12625 268
19561 49306 324
45299 82657 351
3373 16704 276
99484 104122 341
7236 30321 308
11067 24540 282
1501 46503 324
71084 80734 351
52244 63896 340
78914 103953 341
42648 45705 314
41129 60363 340
88526 124572 354
13427 54569 340
39523 68368 340
84994 105616 341
80530 119952 354
73147 114960 354
6588 40245 324
22342 33858 308
95366 139722 354
81363 124260 354
41178 63718 340
29328 68612 340
93413 98186 328
71909 74154 294
42349 81173 351
95720 142016 354
47673 84518 351
1563 24321 282
45447 62924 340
88017 105050 341
54209 83979 351
75900 97332 351
29950 57329 340
2275 35208 311
72557 101084 351
79166 105904 341
14379 25645 282
85372 130424 354
899 7003 262
78636 109146 354
1031 20247 279
92328 109187 354
39212 80657 351
36799 48593 314
14833 30518 308
55919 67554 335
53810 87564 351
22817 47363 324
45348 51035 314
927 24363 282
8859 35304 311
34175 35168 311
8999 21075 279
4393 44232 324
49152 78933 351
89220 97787 333
51251 75853 340
77872 107137 354
88261 119372 354
18229 54212 340
82200 98944 333
83072 106512 354
46569 55247 340
8343 19110 279
83723 105987 341
82949 112357 354
22819 23900 282
82744 116869 354
90631 122488 354
54622 92102 351
1669 10204 262
74440 101089 351
92079 120529 354
19879 59358 340
9049 56536 340
85107 124487 354
33454 50490 324
52163 80380 351
57026 103573 351
86030 89433 333
67142 73779 325
12529 16709 276
33318 51230 324
51855 55469 340
86262 121719 354
34157 75875 340
44696 86432 351
2647 6348 262
6986 15229 276
12082 14648 276
57226 74516 335
4272 40617 324
79552 117446 354
8297 28877 308
44134 76647 340
75962 92688 351
39221 61301 340
21029 56941 340
76680 109403 354
88406 125377 354
20220 66067 340
61574 75060 330
15692 47745 324
82488 113333 354
75636 108420 354
40509 56332 340
28096 52769 340
96767 119974 354
19560 44357 324
36881 41263 306
38938 86386 351
8975 34152 308
83005 129187 354
41061 61355 340
3404 27795 308
62866 78238 351
58026 75102 335
99899 120603 354
23006 71191 340
55872 78724 351
62480 83505 351
95293 102248 341
49522 53089 340
94646 105021 341
80252 119167 354
28120 40290 324
29474 52262 324
20279 20875 256
40596 59656 340
79571 117614 354
16459 65303 340
88723 135351 354
16560 37581 324
59296 93923 351
78172 117346 354
1980 20957 279
43020 79276 351
8671 32303 308
33338 39130 324
8687 23334 279
41435 46955 314
39228 56822 340
52016 94821 351
70478 84090 351
59743 72021 335
96412 100695 341
34812 84746 351
63997 79139 351
72251 78103 351
69015 111827 354
1874 28542 308
70367 106273 354
83247 96228 333
9731 44531 324
84088 93292 333
31356 50069 324
36243 83391 351
80883 101793 341
46276 64823 340
12195 19826 279
70333 93230 351
10281 59606 340
77173 90510 338
86237 103956 341
24061 46367 324
66083 104238 351
77174 89907 338
8487 22043 279
78703 102054 341
1169 19173 279
14504 41194 324
78087 84428 338
76679 111409 354
60848 89699 351
5634 32094 308
43440 45838 314
80722 128308 354
89122 110739 354
4635 52410 324
81591 117805 354
82716 102144 341
30475 44546 324
78471 93180 338
42256 47299 314
69380 72890 325
53423 67049 335
4508 34704 311
46312 58558 340
32544 79461 351
15032 37378 324
84963 108667 354
77979 121305 354
8909 23304 279
71989 112729 354
37493 74757 340
18997 19048 199
5236 50121 324
84810 96422 333
5103 39464 324
74904 81718 351
37574 53512 340
21355 33217 308
33386 46526 324
96884 108727 354
86858 116477 354
39613 41670 306
67868 87076 351
52924 100338 351
91949 92291 284
44557 85254 351
50407 64459 340
8611 34777 311
84776 91655 333
95717 117006 354
26064 64128 340
84530 115593 354
31464 61900 340
37041 38190 306
36857 56229 340
97928 114269 354
13325 43340 324
615 42440 324
94423 131824 354
3549 7667 262
74425 83702 351
43374 77576 351
9112 20056 279
27488 58645 340
20120 57384 340
36059 61969 340
9300 46415 324
27302 43740 324
49685 82887 351
63622 78826 351
63849 70459 312
93950 96930 328
82524 120852 354
44306 63875 340
73383 113607 354
38363 57462 340
31185 58370 340
10803 39491 324
66568 77684 351
20802 55237 340
97907 119950 354
88000 116165 354
66705 88623 351
57836 77884 351
66978 69107 312
90219 97903 333
81109 98130 333
29504 40528 324
59990 64165 335
95251 104184 341
36238 45509 314
94243 132565 354
41747 75075 340
94300 135128 354
52305 89495 351
21389 42754 324
2031 17991 279
23647 71147 340
99462 126240 354
93059 125892 354
85439 113343 354
64169 86044 351
13960 50547 324
97662 121893 354
71182 96278 351
99084 139752 354
70910 99180 351
58481 83296 351
70969 94784 351
19601 51803 324
34387 62320 340
86295 114919 354
4746 40898 324
87405 126304 354
48091 82208 351
60856 73933 335
83697 96568 333
96632 114721 354
94832 104361 341
68947 97920 351
81704 103854 341
37155 86859 351
15805 28727 308
91185 129481 354
91310 98584 333
95402 130718 354
26607 47501 324
74279 97416 351
81037 115346 354
84924 94820 333
73291 117827 354
21459 71166 340
21578 33164 308
68206 81214 351
41238 69324 340
77153 87155 338
47361 75100 340
50530 50865 278
30685 51705 324
79931 83964 320
40022 77822 351
64711 70647 312
55522 66216 335
47594 50773 296
34724 44476 324
18633 45675 324
85351 126581 354
66468 69485 312
56491 104640 351
27608 35993 324
53600 103223 351
87002 130316 354
12722 21432 279
78169 98024 338
6865 38121 324
37272 72664 340
61499 89347 351
38231 79744 351
11892 31377 308
41764 55678 340
50372 97403 351
56952 60755 317
26491 55708 340
20025 22962 269
16174 52689 340
6597 46397 324
72275 94528 351
15586 39589 324
6735 53712 340
38335 57285 340
30574 72309 340
71166 114492 354
97217 116914 354
66350 114426 354
79122 84474 320
28623 56371 340
4108 13610 276
27963 39648 324
83923 125694 354
88211 108479 354
1257 44631 324
64681 100295 351
46915 76403 340
15535 25529 282
21911 62114 340
16549 21645 279
18231 47938 324
7520 17218 276
98998 114184 354
95772 133394 354
73060 115836 354
70650 86946 351
87935 88312 333
25275 48515 324
10010 36060 324
95708 114385 354
77037 104347 341
19320 42697 324
70692 114533 354
58918 77905 351
68018 99244 351
94985 103069 341
72604 93957 351
19219 55503 340
56471 82873 351
17685 28467 308
77824 115364 354
45389 89753 351
98405 108450 354
10381 14055 276
31847 59931 340
88532 138110 354
81348 103671 341
30499 41284 324
63547 103068 351
82075 129642 354
52830 70486 335
88255 132245 354
90204 129304 354
90118 121637 354
73014 86521 351
34164 80594 351
35204 70730 340
57366 65185 335
80630 99287 333
98231 147265 375
64495 74817 325
30847 80830 351
44344 71854 340
81635 117527 354
29435 56524 340
84038 95288 333
26454 48385 324
60551 81186 351
71831 81796 351
64312 85598 351
79112 98856 333
94317 143147 375
27733 75409 340
56006 56706 322
5594 24725 282
39716 53433 340
48268 82260 351
13585 24672 282
26199 26803 308
63912 73100 325
53581 86337 351
25163 57923 340
35181 44521 324
33624 80546 351
8168 10982 268
81776 110999 354
15688 22521 279
7538 49730 324
87471 109530 354
58224 85268 351
34312 63097 340
47792 93442 351
81722 113900 354
1722 45839 324
50589 69307 340
89297 113501 354
72072 102495 351
47088 95712 351
30554 79340 351
18554 58539 340
35316 57495 340
54644 69856 335
90983 109405 354
12893 36544 324
13192 25374 282
45403 56706 340
76775 114638 354
66203 96338 351
11192 51184 324
77962 81139 338
92313 229324 386
42874 46713 314
7890 38928 324
34299 64980 340
11931 29943 308
99148 103484 341
75845 120828 354
16852 49684 324
38609 77505 351
48990 79647 351
1752 45306 324
38246 59574 340
35420 63169 340
45510 55982 340
8303 10708 260
25647 71107 340
49057 66635 340
14519 50954 324
49231 49827 296
10261 48508 324
48392 69805 340
15959 53784 340
26388 26967 308
83877 93294 333
61860 72323 330
61479 65580 330
35370 85212 351
37080 40224 306
62006 73662 330
43416 50423 314
11173 27693 308
31244 50300 324
58114 59820 273
74709 105084 351
90756 120118 354
65056 105550 351
95616 175290 383
81018 111733 354
60210 110012 354
25672 56032 340
28878 61684 340
84275 103514 341
31552 46596 324
46830 48364 314
69702 78690 351
59749 83516 351
79090 81980 320
60151 100975 351
60056 70869 335
3286 21607 279
13700 24469 282
48810 67455 340
93608 141479 354
76483 120720 354
11395 43831 324
96924 130793 354
61807 73454 330
12591 23156 279
62141 77946 351
6439 21159 279
57611 98702 351
42617 48168 314
82093 107274 354
91367 112318 354
93409 104101 341
58440 105811 351
57651 67936 335
11362 16993 276
61527 65512 330
16363 24179 282
72813 87386 351
8744 44434 324
5943 38115 324
51347 90853 351
90458 132334 354
58616 86236 351
28962 76636 340
72123 117952 354
36272 52802 340
39998 59919 340
16118 43913 324
74958 109936 354
73604 79324 351
34490 77515 351
30995 77603 351
76574 93530 351
84002 99391 333
19331 45731 324
26699 31960 285
49075 89461 351
6080 15550 276
84218 93823 333
14746 36899 324
54291 94490 351
7204 41754 324
60290 105986 351
11678 39254 324
25195 28640 308
23888 72986 340
5679 40743 324
53418 59980 322
458 40909 324
8701 45758 324
50490 60944 340
43527 87201 351
38320 41546 306
87125 89891 333
80153 98955 333
82867 84094 289
81814 131696 354
92099 114329 354
43301 90731 351
20833 38275 324
80316 91819 333
46519 75794 340
99134 115180 354
44407 58914 340
95858 123390 354
3780 33947 308
24055 74031 340
54429 54796 260
86337 131452 354
394 33552 308
16706 57767 340
83081 123822 354
81591 130177 354
42147 68021 340
21289 39920 324
13661 55139 340
5035 11956 268
77037 105210 341
74550 113239 354
61651 105923 351
50050 82155 351
73119 120915 354
8921 55829 340
91907 113269 354
79981 125661 354
27641 34292 311
8991 51444 324
35002 55645 340
34022 82834 351
68465 74280 325
1064 11846 268
14812 43297 324
55557 88732 351
69437 77694 351
78487 121401 354
1783 31423 308
7537 11046 268
35011 82779 351
36489 46420 314
72754 120953 354
58176 76186 335
58173 91853 351
8220 20416 279
81643 98199 333
7688 44409 324
10364 11917 268
16996 34389 311
62482 64297 330
92046 96775 328
63693 71264 312
7476 15325 276
53831 87150 351
25132 70513 340
18641 61765 340
51971 98130 351
25689 57072 340
40519 49657 314
85943 87234 333
23096 44443 324
97549 136585 354
10186 21225 279
96673 134722 354
87971 93003 333
95753 123728 354
33235 47216 324
81265 81419 258
5017 47769 324
44666 79352 351
36500 66872 340
47062 73048 340
37878 81168 351
34968 75771 340
2807 32855 308
43649 84034 351
15458 64667 340
24470 45535 324
8664 24378 282
34051 83989 351
76193 117461 354
5893 13624 276
16661 54498 340
15811 33625 308
67096 95201 351
66503 68825 312
73152 100446 351
41282 44572 288
20704 39387 324
71207 93194 351
91738 122082 354
71966 101264 351
46911 61559 340
41140 78165 351
43277 77821 351
14754 43968 324
1975 12795 268
95351 97703 297
12595 42036 324
58150 94029 351
70619 115077 354
90161 103383 341
23351 48437 324
93424 112537 354
76122 88270 351
2167 26032 282
84307 102023 341
11942 59214 340
68462 93232 351
4353 26778 308
35182 65826 340
49636 72945 340
20122 62840 340
47140 79267 351
24483 27069 308
40795 43126 288
58917 107146 354
85919 132630 354
26360 46962 324
93421 129298 354
75261 103500 351
70088 105999 351
91042 126776 354
45586 62252 340
19052 52940 340
11934 14665 276
88788 100336 341
55411 81489 351
61552 110661 354
3370 9627 262
96687 107322 354
58243 84443 351
42243 50708 314
27115 74455 340
68468 111580 354
50838 78232 351
15407 63746 340
30905 59637 340
72474 104927 351
62491 85886 351
40054 78826 351
28986 45163 324
70210 107423 354
74736 106258 354
64665 79869 351
52959 74651 335
33215 64070 340
65752 75892 325
59723 87574 351
90223 114434 354
96119 141955 354
44661 45394 314
73418 88106 351
8522 37807 324
55985 89256 351
8748 31851 308
74240 78352 351
18474 54973 340
21629 37689 324
54067 74228 335
4780 50752 324
32787 82630 351
63877 101175 351
88055 114942 354
93250 138328 354
76104 101267 351
50673 74221 340
17195 65222 340
56528 71489 335
53913 64406 335
5624 55107 340
12578 55453 340
2755 51886 324
91098 103056 341
74294 96957 351
42260 47287 314
86538 113998 354
69136 71266 312
12689 47757 324
11438 43078 324
84079 115680 354
79092 91900 333
16486 60118 340
53898 86401 351
25159 26042 264
50250 60119 340
85932 135487 354
29082 30243 272
20449 21895 256
27013 46625 324
47304 86563 351
58820 83028 351
55722 71132 335
73299 120897 354
49234 76800 340
95363 139925 354
48464 78564 351
90867 92024 333
80575 88798 333
84165 102211 341
21640 50503 324
54192 65847 335
64097 100520 351
26750 73153 340
85141 96853 333
62864 77098 351
87515 99815 333
80667 91960 333
29973 54226 340
79839 95100 333
67282 94687 351
59968 87035 351
46452 56872 340
55919 87026 351
85331 115771 354
92837 104981 341
9675 43307 324
67978 87315 351
2094 50252 324
80912 123494 354
58942 69648 335
52820 95691 351
87047 135593 354
71178 107326 354
29674 77600 351
81414 84818 320
56891 84748 351
40291 46710 314
7720 34037 308
68012 78075 351
95795 111478 354
621 38802 324
78107 98244 338
58886 90908 351
4012 46189 324
9738 52277 324
29318 69127 340
40028 53610 340
7950 10422 260
96217 108273 354
98152 104457 341
10607 26675 308
84504 112470 354
22591 43394 324
33528 79497 351
90733 104478 341
18027 50913 324
16396 60289 340
83562 92587 333
81227 109016 354
92679 117078 354
41874 54793 340
8555 13135 268
8327 11278 268
84396 108042 354
63584 101533 351
26907 39347 324
25673 29625 308
89788 120072 354
51787 64414 340
72633 79106 351
65390 87936 351
9342 40737 324
99201 132735 354
68384 98626 351
21522 65640 340
2585 24630 282
81317 111949 354
5659 9860 262
12958 36137 324
86095 133611 354
66638 72870 325
56312 104406 351
77686 89105 338
83669 84441 320
80897 112378 354
39859 64384 340
23027 69352 340
87223 133640 354
47712 86268 351
26360 71717 340
80956 104850 341
52862 72956 335
77717 97781 338
79733 123224 354
20028 54297 340
49867 63664 340
34811 55328 340
70335 81666 351
15953 49764 324
98365 108952 354
4665 16486 276
87114 131291 354
19260 47201 324
32054 63603 340
80250 98948 333
76569 124792 354
76225 119482 354
58325 85653 351
87594 94799 333
33393 75371 340
68900 73264 325
91580 108142 354
29202 44501 324
87653 118825 354
4277 48596 324
93934 123924 354
17098 24829 282
70269 98399 351
23926 49685 324
2419 29769 308
92640 112010 354
15266 53803 340
98595 136518 354
13964 38633 324
46669 77086 351
21827 26923 308
98234 107370 354
88199 113095 354
81284 101297 341
97612 98485 297
81415 85300 320
61324 86854 351
69555 78712 351
80345 89168 333
43199 90671 351
37949 52514 314
32414 58135 340
992 20674 279
89640 121007 354
72513 76998 325
74169 74830 325
5234 30047 308
74412 103563 351
61366 90699 351