73427 43052 340
46438 52123 314
141600 23766 354
77206 24516 351
37161 21292 324
21253 134531 354
51855 84373 351
47626 114224 354
132221 141057 344
115045 140197 349
120371 31147 354
88173 40546 351
27016 142085 354
83554 35227 351
136683 103121 354
62525 101449 351
69924 60111 335
229 108963 354
133479 127876 344
149169 77435 375
128319 86993 354
21366 86774 351
117350 96526 354
87583 135344 354
125541 99572 354
47071 52629 340
93175 95913 328
87998 135245 354
86824 120192 354
73313 87905 351
39354 73508 340
49971 52190 309
11154 109278 354
87155 116552 354
110340 60985 354
64330 2676 340
89450 88659 315
35185 85696 351
137393 56800 354
72724 122768 354
25397 29286 308
125199 119796 336
21393 34925 311
5117 129550 354
133807 108217 349
31725 144782 375
46972 89513 351
48791 148048 375
114601 124478 349
101816 52298 351
54974 74941 335
13600 16146 271
18195 60776 340
117577 48785 354
87905 71940 351
101226 106653 354
76449 113303 354
148228 142778 357
38680 97842 351
56060 69697 335
130831 22487 354
112000 4137 354
68538 94155 351
68634 77143 351
45794 33139 324
108080 86802 354
19300 100768 351
77897 38032 351
3169 37495 324
109435 111826 323
68479 91074 351
120729 127014 336
119792 144929 375
9123 35309 311
21358 8472 279
97311 131535 354
52025 2189 324
96345 59311 351
52806 120563 354
3702 81331 351
18133 98600 351
115721 28134 354
132518 103785 354
141281 43618 354
5444 135687 354
143113 17068 375
144082 140275 375
51556 113843 354
149152 30226 375
38698 60680 340
108567 20511 354
89052 136009 354
111672 10592 354
131155 35397 354
116728 14479 354
29431 51209 324
79343 51213 351
4999 145152 375
105122 128213 354
113900 62632 354
146052 110566 375
17194 107014 354
137209 56487 354
86713 68750 351
45782 52713 340
73224 125412 354
27773 4350 308
14942 78629 351
114026 55798 354
136629 62450 354
113659 147107 375
114672 16060 354
77565 109355 354
87568 119671 354
98655 32687 351
59606 117821 354
141187 94708 354
1195 76800 340
145550 128396 375
31109 87908 351
129672 107685 349
112035 20686 354
99315 73798 351
129596 126977 331
105779 129693 354
126800 32577 354
48637 69439 340
28794 91473 351
127496 126202 331
75242 32714 340
535 76152 340
20860 134848 354
128000 141722 344
120118 88407 354
92667 39902 351
147587 67580 375
88266 72340 351
62490 109622 354
2952 103933 351
83626 108438 354
141015 108731 349
28170 60427 340
68252 39652 340
82207 123316 354
6031 45748 324
121900 7449 354
58649 6566 340
64641 59112 335
63871 36649 340
76551 34759 340
102339 6539 351
145231 74139 375
100113 106957 354
60890 57721 317
16159 103065 351
128149 144517 375
121296 73526 354
113178 72671 354
45988 39548 314
1648 111737 354
35538 118371 354
124937 123549 318
99013 94187 328
47188 39578 314
140690 12885 354
19424 123740 354
47879 9381 324
32691 81007 351
138728 64344 354
17410 93581 351
4450 71239 340
144765 145559 264
68230 42098 340
81646 24295 351
136033 30570 354
148941 83295 375
123196 87923 354
98463 40231 351
146161 138561 375
67798 145651 375
119391 53203 354
62585 3574 340
84581 83622 320
147967 11628 375
21561 73309 340
60900 81729 351
143640 92364 375
134462 55665 354
79961 128222 354
8793 66109 340
65756 132346 354
136621 74086 354
114317 105304 354
93865 85084 333
80736 110479 354
13682 11664 276
15238 50127 324
50102 142619 375
70599 99820 351
89481 48069 351
129798 92161 354
34525 382 311
56047 123438 354
101660 18987 351
1448 52360 324
101058 26805 351
100892 133556 354
88860 87680 333
22764 131561 354
92040 32726 351
110742 19852 354
136332 22075 354
81046 125980 354
142152 36434 354
84503 1646 351
10159 81634 351
148368 130653 375
20443 111036 354
46375 120767 354
23128 38455 324
65261 47824 340
31380 40538 324
44570 82505 351
64066 36593 340
69319 133687 354
3539 72459 340
94534 96413 328
138745 139871 313
26305 91932 351
9930 130898 354
128884 27160 354
7813 20089 279
47477 127252 354
98019 94608 328
133064 93853 354
141677 37499 354
144390 114677 375
47182 89409 351
126002 38960 354
22647 27600 308
100059 111673 354
58086 92539 351
148762 110945 375
52878 113184 354
94082 25068 351
118580 129160 336
149250 139318 375
116570 42746 354
137354 113079 349
56932 130941 354
84793 120418 354
1447 48609 324
54371 79183 351
34495 114981 354
142582 96725 354
58399 123495 354
66034 92641 351
119939 32837 354
146021 64796 375
6216 22817 279
68329 6455 340
145773 124797 375
17543 133931 354
97011 28695 351
9637 71249 340
41668 3943 324
52553 10782 340
6317 109467 354
74449 23276 340
120001 107164 349
80659 67031 351
76024 28400 340
127590 63045 354
44194 45963 314
135132 39963 354
46419 116762 354
91559 53462 351
37393 42192 306
70888 25454 340
96704 134404 354
138348 146877 375
74011 54724 335
14191 107253 354
46881 80328 351
37492 4992 324
72023 16882 340
111635 34504 354
97549 148048 375
110363 5577 354
45540 58095 340
24858 95496 351
65310 91959 351
50504 32769 324
124576 102703 354
3460 121392 354
34621 137632 354
108708 58160 354
81765 108632 354
105312 39251 351
44244 128646 354
61880 142804 375
93660 116267 354
30667 23515 308
29092 41210 324
15657 141031 354
2879 140985 354
82944 40515 351
73285 68189 325
87244 133448 354
21192 47861 324
35493 90704 351
65216 122165 354
80797 60553 351
99804 146981 375
125627 102461 354
95266 144048 375
110316 103860 354
127375 105278 354
146488 57335 375
114718 72820 354
130157 12146 354
119013 117597 336
102138 63101 351
112902 42298 354
6511 39383 324
46439 50446 314
22612 108356 354
18909 111656 354
108637 19761 354
122223 118714 336
112762 617 354
104477 133841 354
89119 139430 354
113118 148204 375
137376 1960 354
80458 77836 338
111786 117533 349
96987 49471 351
8122 130276 354
86011 126241 354
26687 14633 308
39342 132451 354
10459 115651 354
135413 124603 344
9669 119096 354
36065 107636 354
7829 38784 324
94566 56894 351
55099 96948 351
98908 57684 351
51873 108827 354
142713 29366 375
145190 80011 375
126639 89700 354
65941 3312 340
84297 62651 351
45102 8980 324
124632 39991 354
14595 121913 354
91009 110045 354
134033 90616 354
129400 43427 354
100321 141862 354
5162 73967 340
48003 71772 340
96952 20423 351
49789 99876 351
96239 89665 333
95717 111331 354
114643 72879 354
135530 78010 354
86990 48941 351
5284 96984 351
68897 61622 330
88019 19879 351
110496 76258 354
36037 72052 340
130266 6248 354
80215 136359 354
124483 51781 354
72204 128219 354
144447 137787 375
77452 121993 354
149677 90687 375
79918 23169 351
101179 114320 354
79613 131800 354
78784 104522 341
16144 84898 351
21129 64033 340
56643 20516 340
8920 131625 354
137874 92681 354
145392 139187 375
40968 134441 354
29012 36227 324
24015 29524 308
67869 23460 340
30499 101467 351
40989 67546 340
31867 26769 285
8569 58520 340
13042 27832 308
112730 87353 354
67738 95539 351
116055 133860 344
31837 124381 354
133414 41327 354
96866 86063 333
136857 128806 344
81386 54186 351
83710 15869 351
105681 105401 310
123220 1580 354
69126 136180 354
79301 14209 351
139082 17345 354
45178 87870 351
91575 68476 351
14015 7908 276
58120 9313 340
50047 46422 314
87750 89958 333
92373 33461 351
78620 34616 351
5155 79230 351
95100 10006 351
115407 88865 354
90445 117133 354
19666 4979 279
19189 9572 279
26917 98967 351
36838 74623 340
143099 72095 375
146356 128413 375
54079 73467 335
36241 54476 340
60786 104126 351
53939 40343 340
141312 69512 354
148742 132559 375
58917 146467 375
85332 10194 351
127328 24324 354
29304 92130 351
101702 146994 375
95961 114845 354
105820 44971 351
33419 49151 324
27565 15271 308
88738 96127 333
603 81644 351
35770 41332 306
81675 127742 354
47254 89709 351
138621 72987 354
135806 112348 349
122543 47538 354
138215 71139 354
13269 16223 271
13217 83871 351
115068 31323 354
142646 25530 375
74682 70888 325
86159 26065 351
122192 18599 354
100243 91250 341
132582 39148 354
83242 52365 351
58426 64257 335
53597 46848 340
9196 47047 324
10938 39403 324
26894 131739 354
64314 65505 268
149376 40163 375
137838 77531 354
19414 30796 308
101684 130485 354
72902 94096 351
112695 104195 354
45445 111447 354
595 129290 354
31655 94379 351
74989 189 340
47037 6433 324
119833 128586 336
17989 56233 340
104325 130771 354
46276 44884 314
1399 18639 279
12523 112004 354
142800 139238 375
36075 31937 324
42385 10836 324
115031 108977 323
70424 71432 325
117074 76829 354
87560 137371 354
137560 148729 375
71514 12549 340
141135 34597 354
7183 41347 324
22118 75477 340
36713 111508 354
46499 134746 354
96750 104464 341
10054 59022 340
7311 5902 262
16738 46129 324
5107 49696 324
37480 131770 354
124951 141883 344
129255 4554 354
69635 62511 330
75061 116815 354
67765 141150 354
32497 132548 354
124377 74948 354
102808 120968 354
22066 11090 279
31907 149307 375
124682 35169 354
41071 41961 257
88091 131993 354
98042 57810 351
105932 9550 351
1433 135522 354
56429 80883 351
59746 130688 354
13856 126064 354
117214 51159 354
33708 147973 375
139273 66064 354
103384 8085 351
85528 92081 333
7740 41802 324
76971 33787 340
75748 48774 340
30768 34395 311
92205 80191 333
89741 45162 351
30684 114489 354
111724 7527 354
54567 87113 351
129530 21470 354
138982 68423 354
132748 13096 354
145512 22690 375
97127 122021 354
130454 98896 354
57051 99007 351
132794 138195 344
103321 134022 354
84769 124895 354
55086 134089 354
29251 93326 351
57815 144828 375
68707 126288 354
129753 19539 354
107362 123274 349
108050 109283 292
38732 96344 351
35386 90798 351
62820 34244 340
49493 48865 296
64225 109626 354
14173 106544 354
6918 47019 324
21914 117495 354
17936 91688 351
35014 77001 340
138181 113540 349
89828 9182 351
95073 123240 354
96514 135933 354
11569 52435 324
65131 54564 335
61715 50301 340
84545 16869 351
65735 40887 340
513 134038 354
90582 129960 354
93331 14687 351
132182 13853 354
21893 31598 308
24951 66470 340
30010 56907 340
66089 79484 351
52724 119838 354
22124 11163 279
129950 149238 375
120155 33693 354
83994 111434 354
128303 98222 354
139109 18539 354
2578 110390 354
6702 139622 354
70661 9512 340
89717 100034 333
47984 119195 354
35666 111610 354
18518 72935 340
2419 65676 340
101867 959 351
78474 55143 351
120733 123991 336
7684 124777 354
86211 7240 351
105462 91678 341
26569 130866 354
91257 94571 333
546 95499 351
105012 97959 341
114345 71207 354
106755 44729 354
6340 12329 268
85264 142421 354
124449 91210 354
8521 87683 351
59178 76316 335
116659 86996 354
128125 29912 354
37152 124343 354
132373 64336 354
45202 142615 375
3538 8943 262
104442 52811 351
771 4084 238
141644 125806 344
86888 115116 354
127446 98399 354
7172 9580 260
100790 62710 351
66746 131621 354
57938 25663 340
29011 42276 324
72188 24597 340
65293 7136 340
137824 25693 354
84660 114018 354
39313 33027 324
85838 88198 333
8635 60108 340
35914 2961 324
118078 279 354
15030 39154 324
48734 11876 324
140938 22202 354
3823 65876 340
91540 57684 351
99961 128113 354
69063 120551 354
44040 88501 351
30546 50708 324
14726 31864 308
131243 31558 354
36109 54040 340
114148 133434 349
136395 44744 354
111375 66414 354
21921 20825 256
32701 42757 324
64959 70655 312
52884 23640 340
147676 135134 375
113248 144424 375
31327 13989 308
18843 98663 351
149371 75367 375
107232 115741 349
147300 14097 375
134489 88475 354
71909 33409 340
144505 14989 375
147756 124657 375
145482 22232 375
64989 19677 340
6684 28184 308
118176 46300 354
31434 59568 340
53992 32204 340
46194 61034 340
9697 1672 262
77039 131389 354
97130 9068 351
89518 100623 341
105451 94430 341
44191 140359 354
5349 93712 351
68369 105048 351
127280 69457 354
89134 63852 351
8388 42269 324
4921 95818 351
5387 126564 354
8768 36356 324
97390 125731 354
43755 121314 354
102703 23440 351
98860 37147 351
137770 49834 354
60616 104730 351
95090 93221 328
36934 104808 351
59856 16791 340
86248 21655 351
85507 103489 341
62110 91734 351
103904 93895 341
136811 67032 354
103388 25643 351
67727 61932 330
99598 117130 354
140570 111482 349
148629 52302 375
18488 5783 279
110513 52752 354
62325 79104 351
100264 121955 354
55098 15611 340
37267 76473 340
29962 141346 354
149432 39126 375
133022 8424 354
75456 103337 351
128980 36185 354
14469 28844 308
62327 46707 340
74542 114068 354
82722 119249 354
125032 73171 354
42275 101210 351
96666 1898 351
123853 104601 354
36564 113283 354
39756 28952 324
86650 73831 351
112958 136070 349
144494 2435 375
105772 12332 351
114869 69951 354
15147 1104 276
114164 129339 349
93407 143826 375
113076 38706 354
28229 92481 351
43691 4460 324
6358 136857 354
91458 56709 351
19992 46564 324
75516 128022 354
118206 59748 354
112170 78518 354
80953 81164 320
9848 23017 279
92968 103077 341
104182 124717 354
104056 24467 351
18294 68346 340
23404 113815 354
122648 131370 344
135830 117985 344
104842 16339 351
73049 58541 335
105105 112652 354
90675 93041 333
69142 96973 351
25491 125233 354
56397 97664 351
120681 106445 349
59522 132597 354
107314 130001 349
4469 80056 351
64754 127723 354
7890 89115 351
136837 88158 354
122496 130539 344
63230 39019 340
97560 77338 338
39991 52631 340
62025 119017 354
65990 47018 340
88603 131167 354
145183 91482 375
114279 61352 354
43949 32217 324
12218 90153 351
20210 1263 279
45338 83039 351
22154 84964 351
89475 119581 354
100120 75343 351
114363 61971 354
55661 79702 351
132334 128275 344
13645 12004 276
125374 44359 354
91878 79635 333
87469 63977 351
125329 87061 354
119278 51748 354
141902 19278 354
86894 131497 354
130888 78464 354
13428 132232 354
101813 69395 351
144738 19255 375
147578 118285 375
47988 25453 324
70081 53240 335
65244 30322 340
74681 83726 351
13361 40619 324
104596 16559 351
19972 100831 351
68931 79926 351
15556 139251 354
37100 60833 340
55649 102450 351
84683 84340 302
3735 69078 340
4685 102848 351
137486 64826 354
6631 2264 262
55504 35474 340
132148 76712 354
76790 37100 340
77719 123181 354
56092 6504 340
23687 98668 351
94946 76064 351
131667 92618 354
69804 110502 354
62953 18767 340
19460 125453 354
110883 63988 354
83188 23195 351
88021 115569 354
117833 70674 354
22500 94653 351
87717 89689 333
126789 71000 354
44181 80860 351
87364 120861 354
135881 100273 354
92690 111051 354
120021 80827 354
41329 74357 340
9477 39825 324
81631 20634 351
84622 28937 351
118484 108866 349
74435 84163 351
4837 122858 354
133863 108620 349
48309 93690 351
14690 71580 340
2440 25099 282
62312 125224 354
141849 6156 354
117207 48193 354
129020 84539 354
75249 3581 340
109758 86701 354
107336 1078 354
30015 41389 324
256 108310 354
42473 64851 340
37709 141043 354
99664 113663 354
123705 21572 354
9505 147973 375
89424 54747 351
29971 78297 351
84454 68088 351
116281 88173 354
89064 118013 354
121594 11653 354
98355 14313 351
15391 81353 351
39094 122043 354
146705 111758 375
92962 105702 341
96746 39179 351
69194 130671 354
2244 112762 354
27087 42899 324
13998 78101 351
6398 32864 308
100952 110322 354
48495 7204 324
125218 133586 344
145239 137559 375
68225 13164 340
94517 9946 351
131989 149968 375
28079 49964 324
5666 128695 354
84226 121041 354
101712 18764 351
131526 69772 354
29023 20308 308
14761 8614 276
107830 43021 354
3343 21160 279
28364 58782 340
42368 118190 354
105750 69934 351
83099 37608 351
47554 90327 351
90295 93968 333
143932 95896 375
140943 118374 344
5767 65951 340
84715 75169 351
144941 107480 375
44140 132594 354
57560 23964 340
133337 58902 354
146414 15390 375
74172 136681 354
104871 24778 351
11065 32893 308
136853 126973 344
67300 94164 351
38132 100759 351
46655 73948 340
108674 32065 354
14368 37598 324
29119 114442 354
138274 99083 354
148029 24060 375
114376 32414 354
7668 55589 340
70979 97714 351
747 4082 238
95213 61504 351
94397 105618 341
148944 106278 375
116794 81250 354
32009 66244 340
140192 4926 354
103343 145017 375
32615 98867 351
129661 117711 336
133147 61735 354
2147 117935 354
66701 131176 354
36766 32876 324
130590 74370 354
144804 24097 375
85601 47689 351
3307 90017 351
112647 96350 354
27600 2251 308
134848 79441 354
84368 125962 354
120979 41392 354
56611 104063 351
71775 69946 325
48033 36272 314
4207 121274 354
102450 50181 351
149409 70909 375
61631 55568 335
146018 46351 375
94040 56435 351
146453 81619 375
27970 13699 308
82303 25452 351
104894 121922 354
97884 67151 351
24895 105614 351
59677 135215 354
55162 81507 351
117779 47804 354
85430 103195 341
69728 38339 340
25600 37881 324
9801 69137 340
31840 87231 351
60018 5819 340
3791 125880 354
55932 122823 354
148276 98113 375
136387 138235 331
121738 19522 354
41488 84272 351
135839 146633 375
1 1 1
123 321 131
599 598 119
1001 1000 143
999 1000 112
1000 999 112
555 444 142
321 123 131
81 80 23
6666 7777 257
